Log file open, 12/20/18 14:59:46
LogWindows: Failed to load 'aqProf.dll' (GetLastError=126)
LogWindows: File 'aqProf.dll' does not exist
LogWindows: Failed to load 'VtuneApi.dll' (GetLastError=126)
LogWindows: File 'VtuneApi.dll' does not exist
LogWindows: Failed to load 'VtuneApi32e.dll' (GetLastError=126)
LogWindows: File 'VtuneApi32e.dll' does not exist
LogConsoleResponse: Display: Failed to find resolution value strings in scalability ini. Falling back to default.
LogInit: Display: Running engine for game: CoopGame
LogPakFile: Registered encryption key '00000000000000000000000000000000': 0 pak files mounted, 0 remain pending
LogPlatformFile: Not using cached read wrapper
LogTaskGraph: Started task graph with 5 named threads and 35 total threads with 3 sets of task threads.
LogStats: Stats thread started at 0.507993
LogD3D11RHI: Loaded GFSDK_Aftermath_Lib.x64.dll
LogICUInternationalization: ICU TimeZone Detection - Raw Offset: +1:00, Platform Override: ''
LogPluginManager: Mounting plugin Paper2D
LogPluginManager: Mounting plugin AISupport
LogPluginManager: Mounting plugin LightPropagationVolume
LogPluginManager: Mounting plugin ActorLayerUtilities
LogPluginManager: Mounting plugin CLionSourceCodeAccess
LogPluginManager: Mounting plugin CodeLiteSourceCodeAccess
LogPluginManager: Mounting plugin GitSourceControl
LogPluginManager: Mounting plugin KDevelopSourceCodeAccess
LogPluginManager: Mounting plugin NullSourceCodeAccess
LogPluginManager: Mounting plugin PerforceSourceControl
LogPluginManager: Mounting plugin SubversionSourceControl
LogPluginManager: Mounting plugin UObjectPlugin
LogPluginManager: Mounting plugin VisualStudioCodeSourceCodeAccess
LogPluginManager: Mounting plugin VisualStudioSourceCodeAccess
LogPluginManager: Mounting plugin XCodeSourceCodeAccess
LogPluginManager: Mounting plugin AssetManagerEditor
LogPluginManager: Mounting plugin CryptoKeys
LogPluginManager: Mounting plugin DataValidation
LogPluginManager: Mounting plugin FacialAnimation
LogPluginManager: Mounting plugin GameplayTagsEditor
LogPluginManager: Mounting plugin MacGraphicsSwitching
LogPluginManager: Mounting plugin MeshEditor
LogPluginManager: Mounting plugin MobileLauncherProfileWizard
LogPluginManager: Mounting plugin PluginBrowser
LogPluginManager: Mounting plugin SpeedTreeImporter
LogPluginManager: Mounting plugin DatasmithContent
LogPluginManager: Mounting plugin VariantManagerContent
LogPluginManager: Mounting plugin AlembicImporter
LogPluginManager: Mounting plugin AppleImageUtils
LogPluginManager: Mounting plugin AppleVision
LogPluginManager: Mounting plugin BackChannel
LogPluginManager: Mounting plugin CharacterAI
LogPluginManager: Mounting plugin GeometryCache
LogPluginManager: Mounting plugin HTML5Networking
LogPluginManager: Mounting plugin ProxyLODPlugin
LogPluginManager: Mounting plugin MagicLeap
LogPluginManager: Mounting plugin MagicLeapMedia
LogPluginManager: Mounting plugin AndroidMedia
LogPluginManager: Mounting plugin AvfMedia
LogPluginManager: Mounting plugin ImgMedia
LogPluginManager: Mounting plugin LinearTimecode
LogPluginManager: Mounting plugin MediaCompositing
LogPluginManager: Mounting plugin MediaPlayerEditor
LogPluginManager: Mounting plugin WebMMedia
LogPluginManager: Mounting plugin WmfMedia
LogPluginManager: Mounting plugin TcpMessaging
LogPluginManager: Mounting plugin UdpMessaging
LogPluginManager: Mounting plugin ActorSequence
LogPluginManager: Mounting plugin LevelSequenceEditor
LogPluginManager: Mounting plugin MatineeToLevelSequence
LogPluginManager: Mounting plugin NetcodeUnitTest
LogPluginManager: Mounting plugin NUTUnrealEngine4
LogPluginManager: Mounting plugin OnlineSubsystemGooglePlay
LogPluginManager: Mounting plugin OnlineSubsystemIOS
LogPluginManager: Mounting plugin OnlineSubsystem
LogPluginManager: Mounting plugin OnlineSubsystemNull
LogPluginManager: Mounting plugin OnlineSubsystemUtils
LogPluginManager: Mounting plugin LauncherChunkInstaller
LogPluginManager: Mounting plugin AndroidDeviceProfileSelector
LogPluginManager: Mounting plugin AndroidMoviePlayer
LogPluginManager: Mounting plugin AndroidPermission
LogPluginManager: Mounting plugin AppleMoviePlayer
LogPluginManager: Mounting plugin ArchVisCharacter
LogPluginManager: Mounting plugin AudioCapture
LogPluginManager: Mounting plugin CableComponent
LogPluginManager: Mounting plugin CustomMeshComponent
LogPluginManager: Mounting plugin EditableMesh
LogPluginManager: Mounting plugin ExampleDeviceProfileSelector
LogPluginManager: Mounting plugin Firebase
LogPluginManager: Mounting plugin GoogleCloudMessaging
LogPluginManager: Mounting plugin IOSDeviceProfileSelector
LogPluginManager: Mounting plugin LinuxDeviceProfileSelector
LogPluginManager: Mounting plugin LocationServicesBPLibrary
LogPluginManager: Mounting plugin MobilePatchingUtils
LogPluginManager: Mounting plugin OculusVR
LogPluginManager: Mounting plugin PhysXVehicles
LogPluginManager: Mounting plugin ProceduralMeshComponent
LogPluginManager: Mounting plugin RuntimePhysXCooking
LogPluginManager: Mounting plugin SteamVR
LogPluginManager: Mounting plugin WebMMoviePlayer
LogPluginManager: Mounting plugin WindowsMoviePlayer
LogStreaming: Display: Took  0.095s to configure plugins.
LogInit: Using libcurl 7.55.1-DEV
LogInit:  - built for x86_64-pc-win32
LogInit:  - supports SSL with OpenSSL/1.0.2h
LogInit:  - supports HTTP deflate (compression) using libz 1.2.8
LogInit:  - other features:
LogInit:      CURL_VERSION_SSL
LogInit:      CURL_VERSION_LIBZ
LogInit:      CURL_VERSION_IPV6
LogInit:      CURL_VERSION_ASYNCHDNS
LogInit:      CURL_VERSION_LARGEFILE
LogInit:      CURL_VERSION_IDN
LogInit:  CurlRequestOptions (configurable via config and command line):
LogInit:  - bVerifyPeer = true  - Libcurl will verify peer certificate
LogInit:  - bUseHttpProxy = false  - Libcurl will NOT use HTTP proxy
LogInit:  - bDontReuseConnections = false  - Libcurl will reuse connections
LogInit:  - MaxHostConnections = 16  - Libcurl will limit the number of connections to a host
LogInit:  - LocalHostAddr = Default
LogInit:  - BufferSize = 65536
LogInit: WinSock: version 1.1 (2.2), MaxSocks=32767, MaxUdp=65467
LogInit: Build: ++UE4+Release-4.21-CL-4613538
LogInit: Engine Version: 4.21.1-4613538+++UE4+Release-4.21
LogInit: Compatible Engine Version: 4.21.0-4541578+++UE4+Release-4.21
LogInit: Net CL: 4541578
LogInit: OS: Windows 10 (), CPU: Intel(R) Core(TM) i7-8700 CPU @ 3.20GHz, GPU: NVIDIA GeForce GTX 1050 Ti
LogInit: Compiled (64-bit): Nov 30 2018 04:13:25
LogInit: Compiled with Visual C++: 19.13.26129.00
LogInit: Build Configuration: Development
LogInit: Branch Name: ++UE4+Release-4.21
LogInit: Command Line:  -skipcompile
LogInit: Base Directory: D:/UnrealEngine/Engine/UE_4.21/Engine/Binaries/Win64/
LogInit: Installed Engine Build: 1
LogDevObjectVersion: Number of dev versions registered: 22
LogDevObjectVersion:   Dev-Blueprints (B0D832E4-1F89-4F0D-ACCF-7EB736FD4AA2): 10
LogDevObjectVersion:   Dev-Build (E1C64328-A22C-4D53-A36C-8E866417BD8C): 0
LogDevObjectVersion:   Dev-Core (375EC13C-06E4-48FB-B500-84F0262A717E): 2
LogDevObjectVersion:   Dev-Editor (E4B068ED-F494-42E9-A231-DA0B2E46BB41): 26
LogDevObjectVersion:   Dev-Framework (CFFC743F-43B0-4480-9391-14DF171D2073): 34
LogDevObjectVersion:   Dev-Mobile (B02B49B5-BB20-44E9-A304-32B752E40360): 2
LogDevObjectVersion:   Dev-Networking (A4E4105C-59A1-49B5-A7C5-40C4547EDFEE): 0
LogDevObjectVersion:   Dev-Online (39C831C9-5AE6-47DC-9A44-9C173E1C8E7C): 0
LogDevObjectVersion:   Dev-Physics (78F01B33-EBEA-4F98-B9B4-84EACCB95AA2): 0
LogDevObjectVersion:   Dev-Platform (6631380F-2D4D-43E0-8009-CF276956A95A): 0
LogDevObjectVersion:   Dev-Rendering (12F88B9F-8875-4AFC-A67C-D90C383ABD29): 27
LogDevObjectVersion:   Dev-Sequencer (7B5AE74C-D270-4C10-A958-57980B212A5A): 9
LogDevObjectVersion:   Dev-VR (D7296918-1DD6-4BDD-9DE2-64A83CC13884): 2
LogDevObjectVersion:   Dev-LoadTimes (C2A15278-BFE7-4AFE-6C17-90FF531DF755): 1
LogDevObjectVersion:   Private-Geometry (6EACA3D4-40EC-4CC1-B786-8BED09428FC5): 3
LogDevObjectVersion:   Dev-AnimPhys (29E575DD-E0A3-4627-9D10-D276232CDCEA): 17
LogDevObjectVersion:   Dev-Anim (AF43A65D-7FD3-4947-9873-3E8ED9C1BB05): 2
LogDevObjectVersion:   Dev-ReflectionCapture (6B266CEC-1EC7-4B8F-A30B-E4D90942FC07): 1
LogDevObjectVersion:   Dev-Automation (0DF73D61-A23F-47EA-B727-89E90C41499A): 1
LogDevObjectVersion:   FortniteMain (601D1886-AC64-4F84-AA16-D3DE0DEAC7D6): 17
LogDevObjectVersion:   Dev-Enterprise (9DFFBCD6-494F-0158-E221-12823C92A888): 4
LogDevObjectVersion:   Dev-Niagara (F2AED0AC-9AFE-416F-8664-AA7FFA26D6FC): 1
LogStreaming: Display: Took  0.001s to delete old logs.
LogInit: Presizing for max 8388607 objects, including 0 objects not considered by GC, pre-allocating 0 bytes for permanent pool.
LogInit: Object subsystem initialized
LogConfig: Setting CVar [[con.DebugEarlyDefault:1]]
LogConfig: Setting CVar [[r.setres:1280x720]]
[2018.12.20-13.59.46:802][  0]LogConfig: Setting CVar [[r.VSync:0]]
[2018.12.20-13.59.46:802][  0]LogConfig: Setting CVar [[r.RHICmdBypass:0]]
[2018.12.20-13.59.46:802][  0]LogConfig: Applying CVar settings from Section [/Script/Engine.RendererSettings] File [D:/UnrealEngine/Games/MultiplayerGame/CoopGameMultiplayer/CoopGame/Saved/Config/Windows/Engine.ini]
[2018.12.20-13.59.46:802][  0]LogConfig: Setting CVar [[r.GPUCrashDebugging:0]]
[2018.12.20-13.59.46:802][  0]LogConfig: Applying CVar settings from Section [/Script/Engine.RendererOverrideSettings] File [D:/UnrealEngine/Games/MultiplayerGame/CoopGameMultiplayer/CoopGame/Saved/Config/Windows/Engine.ini]
[2018.12.20-13.59.46:802][  0]LogConfig: Applying CVar settings from Section [/Script/Engine.StreamingSettings] File [D:/UnrealEngine/Games/MultiplayerGame/CoopGameMultiplayer/CoopGame/Saved/Config/Windows/Engine.ini]
[2018.12.20-13.59.46:802][  0]LogConfig: Setting CVar [[s.MinBulkDataSizeForAsyncLoading:131072]]
[2018.12.20-13.59.46:802][  0]LogConfig: Setting CVar [[s.AsyncLoadingThreadEnabled:0]]
[2018.12.20-13.59.46:802][  0]LogConfig: Setting CVar [[s.EventDrivenLoaderEnabled:1]]
[2018.12.20-13.59.46:802][  0]LogConfig: Setting CVar [[s.WarnIfTimeLimitExceeded:0]]
[2018.12.20-13.59.46:802][  0]LogConfig: Setting CVar [[s.TimeLimitExceededMultiplier:1.5]]
[2018.12.20-13.59.46:802][  0]LogConfig: Setting CVar [[s.TimeLimitExceededMinTime:0.005]]
[2018.12.20-13.59.46:802][  0]LogConfig: Setting CVar [[s.UseBackgroundLevelStreaming:1]]
[2018.12.20-13.59.46:802][  0]LogConfig: Setting CVar [[s.PriorityAsyncLoadingExtraTime:15.0]]
[2018.12.20-13.59.46:803][  0]LogConfig: Setting CVar [[s.LevelStreamingActorsUpdateTimeLimit:5.0]]
[2018.12.20-13.59.46:803][  0]LogConfig: Setting CVar [[s.PriorityLevelStreamingActorsUpdateExtraTime:5.0]]
[2018.12.20-13.59.46:803][  0]LogConfig: Setting CVar [[s.LevelStreamingComponentsRegistrationGranularity:10]]
[2018.12.20-13.59.46:803][  0]LogConfig: Setting CVar [[s.UnregisterComponentsTimeLimit:1.0]]
[2018.12.20-13.59.46:803][  0]LogConfig: Setting CVar [[s.LevelStreamingComponentsUnregistrationGranularity:5]]
[2018.12.20-13.59.46:803][  0]LogConfig: Applying CVar settings from Section [/Script/Engine.GarbageCollectionSettings] File [D:/UnrealEngine/Games/MultiplayerGame/CoopGameMultiplayer/CoopGame/Saved/Config/Windows/Engine.ini]
[2018.12.20-13.59.46:803][  0]LogConfig: Setting CVar [[gc.MaxObjectsNotConsideredByGC:1]]
[2018.12.20-13.59.46:803][  0]LogConfig: Setting CVar [[gc.SizeOfPermanentObjectPool:0]]
[2018.12.20-13.59.46:803][  0]LogConfig: Setting CVar [[gc.FlushStreamingOnGC:0]]
[2018.12.20-13.59.46:803][  0]LogConfig: Setting CVar [[gc.NumRetriesBeforeForcingGC:10]]
[2018.12.20-13.59.46:803][  0]LogConfig: Setting CVar [[gc.AllowParallelGC:1]]
[2018.12.20-13.59.46:803][  0]LogConfig: Setting CVar [[gc.TimeBetweenPurgingPendingKillObjects:61.1]]
[2018.12.20-13.59.46:803][  0]LogConfig: Setting CVar [[gc.MaxObjectsInEditor:8388607]]
[2018.12.20-13.59.46:803][  0]LogConfig: Setting CVar [[gc.IncrementalBeginDestroyEnabled:1]]
[2018.12.20-13.59.46:803][  0]LogConfig: Setting CVar [[gc.CreateGCClusters:1]]
[2018.12.20-13.59.46:804][  0]LogConfig: Setting CVar [[gc.MergeGCClusters:0]]
[2018.12.20-13.59.46:804][  0]LogConfig: Setting CVar [[gc.MinGCClusterSize:5]]
[2018.12.20-13.59.46:804][  0]LogConfig: Setting CVar [[gc.ActorClusteringEnabled:0]]
[2018.12.20-13.59.46:804][  0]LogConfig: Setting CVar [[gc.BlueprintClusteringEnabled:0]]
[2018.12.20-13.59.46:804][  0]LogConfig: Setting CVar [[gc.UseDisregardForGCOnDedicatedServers:0]]
[2018.12.20-13.59.46:804][  0]LogConfig: Applying CVar settings from Section [/Script/Engine.NetworkSettings] File [D:/UnrealEngine/Games/MultiplayerGame/CoopGameMultiplayer/CoopGame/Saved/Config/Windows/Engine.ini]
[2018.12.20-13.59.46:804][  0]LogConfig: Applying CVar settings from Section [/Script/UnrealEd.CookerSettings] File [D:/UnrealEngine/Games/MultiplayerGame/CoopGameMultiplayer/CoopGame/Saved/Config/Windows/Engine.ini]
[2018.12.20-13.59.46:822][  0]LogConfig: Applying CVar settings from Section [ViewDistanceQuality@3] File [D:/UnrealEngine/Games/MultiplayerGame/CoopGameMultiplayer/CoopGame/Saved/Config/Windows/Scalability.ini]
[2018.12.20-13.59.46:822][  0]LogConfig: Setting CVar [[r.SkeletalMeshLODBias:0]]
[2018.12.20-13.59.46:822][  0]LogConfig: Setting CVar [[r.ViewDistanceScale:1.0]]
[2018.12.20-13.59.46:822][  0]LogConfig: Applying CVar settings from Section [AntiAliasingQuality@3] File [D:/UnrealEngine/Games/MultiplayerGame/CoopGameMultiplayer/CoopGame/Saved/Config/Windows/Scalability.ini]
[2018.12.20-13.59.46:823][  0]LogConfig: Setting CVar [[r.PostProcessAAQuality:4]]
[2018.12.20-13.59.46:823][  0]LogConfig: Applying CVar settings from Section [ShadowQuality@3] File [D:/UnrealEngine/Games/MultiplayerGame/CoopGameMultiplayer/CoopGame/Saved/Config/Windows/Scalability.ini]
[2018.12.20-13.59.46:823][  0]LogConfig: Setting CVar [[r.LightFunctionQuality:1]]
[2018.12.20-13.59.46:823][  0]LogConfig: Setting CVar [[r.ShadowQuality:5]]
[2018.12.20-13.59.46:823][  0]LogConfig: Setting CVar [[r.Shadow.CSM.MaxCascades:10]]
[2018.12.20-13.59.46:823][  0]LogConfig: Setting CVar [[r.Shadow.MaxResolution:2048]]
[2018.12.20-13.59.46:823][  0]LogConfig: Setting CVar [[r.Shadow.MaxCSMResolution:2048]]
[2018.12.20-13.59.46:823][  0]LogConfig: Setting CVar [[r.Shadow.RadiusThreshold:0.01]]
[2018.12.20-13.59.46:823][  0]LogConfig: Setting CVar [[r.Shadow.DistanceScale:1.0]]
[2018.12.20-13.59.46:823][  0]LogConfig: Setting CVar [[r.Shadow.CSM.TransitionScale:1.0]]
[2018.12.20-13.59.46:823][  0]LogConfig: Setting CVar [[r.Shadow.PreShadowResolutionFactor:1.0]]
[2018.12.20-13.59.46:823][  0]LogConfig: Setting CVar [[r.DistanceFieldShadowing:1]]
[2018.12.20-13.59.46:823][  0]LogConfig: Setting CVar [[r.DistanceFieldAO:1]]
[2018.12.20-13.59.46:824][  0]LogConfig: Setting CVar [[r.AOQuality:2]]
[2018.12.20-13.59.46:824][  0]LogConfig: Setting CVar [[r.VolumetricFog:1]]
[2018.12.20-13.59.46:824][  0]LogConfig: Setting CVar [[r.VolumetricFog.GridPixelSize:8]]
[2018.12.20-13.59.46:824][  0]LogConfig: Setting CVar [[r.VolumetricFog.GridSizeZ:128]]
[2018.12.20-13.59.46:824][  0]LogConfig: Setting CVar [[r.VolumetricFog.HistoryMissSupersampleCount:4]]
[2018.12.20-13.59.46:824][  0]LogConfig: Setting CVar [[r.LightMaxDrawDistanceScale:1]]
[2018.12.20-13.59.46:824][  0]LogConfig: Setting CVar [[r.CapsuleShadows:1]]
[2018.12.20-13.59.46:824][  0]LogConfig: Applying CVar settings from Section [PostProcessQuality@3] File [D:/UnrealEngine/Games/MultiplayerGame/CoopGameMultiplayer/CoopGame/Saved/Config/Windows/Scalability.ini]
[2018.12.20-13.59.46:824][  0]LogConfig: Setting CVar [[r.MotionBlurQuality:4]]
[2018.12.20-13.59.46:824][  0]LogConfig: Setting CVar [[r.AmbientOcclusionMipLevelFactor:0.4]]
[2018.12.20-13.59.46:824][  0]LogConfig: Setting CVar [[r.AmbientOcclusionMaxQuality:100]]
[2018.12.20-13.59.46:824][  0]LogConfig: Setting CVar [[r.AmbientOcclusionLevels:-1]]
[2018.12.20-13.59.46:824][  0]LogConfig: Setting CVar [[r.AmbientOcclusionRadiusScale:1.0]]
[2018.12.20-13.59.46:825][  0]LogConfig: Setting CVar [[r.DepthOfFieldQuality:2]]
[2018.12.20-13.59.46:825][  0]LogConfig: Setting CVar [[r.RenderTargetPoolMin:400]]
[2018.12.20-13.59.46:825][  0]LogConfig: Setting CVar [[r.LensFlareQuality:2]]
[2018.12.20-13.59.46:825][  0]LogConfig: Setting CVar [[r.SceneColorFringeQuality:1]]
[2018.12.20-13.59.46:825][  0]LogConfig: Setting CVar [[r.EyeAdaptationQuality:2]]
[2018.12.20-13.59.46:825][  0]LogConfig: Setting CVar [[r.BloomQuality:5]]
[2018.12.20-13.59.46:825][  0]LogConfig: Setting CVar [[r.FastBlurThreshold:100]]
[2018.12.20-13.59.46:825][  0]LogConfig: Setting CVar [[r.Upscale.Quality:3]]
[2018.12.20-13.59.46:825][  0]LogConfig: Setting CVar [[r.Tonemapper.GrainQuantization:1]]
[2018.12.20-13.59.46:825][  0]LogConfig: Setting CVar [[r.LightShaftQuality:1]]
[2018.12.20-13.59.46:825][  0]LogConfig: Setting CVar [[r.Filter.SizeScale:1]]
[2018.12.20-13.59.46:825][  0]LogConfig: Setting CVar [[r.Tonemapper.Quality:5]]
[2018.12.20-13.59.46:825][  0]LogConfig: Setting CVar [[r.DOF.Gather.AccumulatorQuality:1        ; higher gathering accumulator quality]]
[2018.12.20-13.59.46:826][  0]LogConfig: Setting CVar [[r.DOF.Gather.PostfilterMethod:1          ; Median3x3 postfilering method]]
[2018.12.20-13.59.46:826][  0]LogConfig: Setting CVar [[r.DOF.Gather.EnableBokehSettings:0       ; no bokeh simulation when gathering]]
[2018.12.20-13.59.46:826][  0]LogConfig: Setting CVar [[r.DOF.Gather.RingCount:4                 ; medium number of samples when gathering]]
[2018.12.20-13.59.46:826][  0]LogConfig: Setting CVar [[r.DOF.Scatter.ForegroundCompositing:1    ; additive foreground scattering]]
[2018.12.20-13.59.46:826][  0]LogConfig: Setting CVar [[r.DOF.Scatter.BackgroundCompositing:2    ; additive background scattering]]
[2018.12.20-13.59.46:826][  0]LogConfig: Setting CVar [[r.DOF.Scatter.EnableBokehSettings:1      ; bokeh simulation when scattering]]
[2018.12.20-13.59.46:826][  0]LogConfig: Setting CVar [[r.DOF.Scatter.MaxSpriteRatio:0.1         ; only a maximum of 10% of scattered bokeh]]
[2018.12.20-13.59.46:826][  0]LogConfig: Setting CVar [[r.DOF.Recombine.Quality:1                ; cheap slight out of focus]]
[2018.12.20-13.59.46:826][  0]LogConfig: Setting CVar [[r.DOF.Recombine.EnableBokehSettings:0    ; no bokeh simulation on slight out of focus]]
[2018.12.20-13.59.46:826][  0]LogConfig: Setting CVar [[r.DOF.TemporalAAQuality:1                ; more stable temporal accumulation]]
[2018.12.20-13.59.46:826][  0]LogConfig: Setting CVar [[r.DOF.Kernel.MaxForegroundRadius:0.025]]
[2018.12.20-13.59.46:826][  0]LogConfig: Setting CVar [[r.DOF.Kernel.MaxBackgroundRadius:0.025]]
[2018.12.20-13.59.46:826][  0]LogConfig: Applying CVar settings from Section [TextureQuality@3] File [D:/UnrealEngine/Games/MultiplayerGame/CoopGameMultiplayer/CoopGame/Saved/Config/Windows/Scalability.ini]
[2018.12.20-13.59.46:826][  0]LogConfig: Setting CVar [[r.Streaming.MipBias:0]]
[2018.12.20-13.59.46:826][  0]LogConfig: Setting CVar [[r.Streaming.AmortizeCPUToGPUCopy:0]]
[2018.12.20-13.59.46:827][  0]LogConfig: Setting CVar [[r.Streaming.MaxNumTexturesToStreamPerFrame:0]]
[2018.12.20-13.59.46:827][  0]LogConfig: Setting CVar [[r.Streaming.Boost:1]]
[2018.12.20-13.59.46:827][  0]LogConfig: Setting CVar [[r.MaxAnisotropy:8]]
[2018.12.20-13.59.46:827][  0]LogConfig: Setting CVar [[r.Streaming.LimitPoolSizeToVRAM:0]]
[2018.12.20-13.59.46:827][  0]LogConfig: Setting CVar [[r.Streaming.PoolSize:1000]]
[2018.12.20-13.59.46:827][  0]LogConfig: Setting CVar [[r.Streaming.MaxEffectiveScreenSize:0]]
[2018.12.20-13.59.46:827][  0]LogConfig: Applying CVar settings from Section [EffectsQuality@3] File [D:/UnrealEngine/Games/MultiplayerGame/CoopGameMultiplayer/CoopGame/Saved/Config/Windows/Scalability.ini]
[2018.12.20-13.59.46:827][  0]LogConfig: Setting CVar [[r.TranslucencyLightingVolumeDim:64]]
[2018.12.20-13.59.46:827][  0]LogConfig: Setting CVar [[r.RefractionQuality:2]]
[2018.12.20-13.59.46:827][  0]LogConfig: Setting CVar [[r.SSR.Quality:3]]
[2018.12.20-13.59.46:827][  0]LogConfig: Setting CVar [[r.SceneColorFormat:4]]
[2018.12.20-13.59.46:827][  0]LogConfig: Setting CVar [[r.DetailMode:2]]
[2018.12.20-13.59.46:827][  0]LogConfig: Setting CVar [[r.TranslucencyVolumeBlur:1]]
[2018.12.20-13.59.46:827][  0]LogConfig: Setting CVar [[r.MaterialQualityLevel:1 ; High quality]]
[2018.12.20-13.59.46:827][  0]LogConfig: Setting CVar [[r.SSS.Scale:1]]
[2018.12.20-13.59.46:828][  0]LogConfig: Setting CVar [[r.SSS.SampleSet:2]]
[2018.12.20-13.59.46:828][  0]LogConfig: Setting CVar [[r.SSS.Quality:1]]
[2018.12.20-13.59.46:828][  0]LogConfig: Setting CVar [[r.SSS.HalfRes:1]]
[2018.12.20-13.59.46:828][  0]LogConfig: Setting CVar [[r.EmitterSpawnRateScale:1.0]]
[2018.12.20-13.59.46:828][  0]LogConfig: Setting CVar [[r.ParticleLightQuality:2]]
[2018.12.20-13.59.46:828][  0]LogConfig: Applying CVar settings from Section [FoliageQuality@3] File [D:/UnrealEngine/Games/MultiplayerGame/CoopGameMultiplayer/CoopGame/Saved/Config/Windows/Scalability.ini]
[2018.12.20-13.59.46:828][  0]LogConfig: Setting CVar [[foliage.DensityScale:1.0]]
[2018.12.20-13.59.46:828][  0]LogConfig: Setting CVar [[grass.DensityScale:1.0]]
[2018.12.20-13.59.46:828][  0]LogInit: Selected Device Profile: [Windows]
[2018.12.20-13.59.46:828][  0]LogInit: Applying CVar settings loaded from the selected device profile: [Windows]
[2018.12.20-13.59.46:836][  0]LogHAL: Display: Platform has ~ 16 GB [17112002560 / 17179869184 / 16], which maps to Larger [LargestMinGB=32, LargerMinGB=12, DefaultMinGB=8, SmallerMinGB=6, SmallestMinGB=0)
[2018.12.20-13.59.46:836][  0]LogConfig: Setting CVar [[r.Vulkan.UseRealUBs:1]]
[2018.12.20-13.59.46:836][  0]LogInit: Going up to parent DeviceProfile []
[2018.12.20-13.59.46:836][  0]LogConfig: Applying CVar settings from Section [ViewDistanceQuality@3] File [D:/UnrealEngine/Games/MultiplayerGame/CoopGameMultiplayer/CoopGame/Saved/Config/Windows/Scalability.ini]
[2018.12.20-13.59.46:836][  0]LogConfig: Setting CVar [[r.SkeletalMeshLODBias:0]]
[2018.12.20-13.59.46:836][  0]LogConfig: Setting CVar [[r.ViewDistanceScale:1.0]]
[2018.12.20-13.59.46:836][  0]LogConfig: Applying CVar settings from Section [AntiAliasingQuality@3] File [D:/UnrealEngine/Games/MultiplayerGame/CoopGameMultiplayer/CoopGame/Saved/Config/Windows/Scalability.ini]
[2018.12.20-13.59.46:836][  0]LogConfig: Setting CVar [[r.PostProcessAAQuality:4]]
[2018.12.20-13.59.46:836][  0]LogConfig: Applying CVar settings from Section [ShadowQuality@3] File [D:/UnrealEngine/Games/MultiplayerGame/CoopGameMultiplayer/CoopGame/Saved/Config/Windows/Scalability.ini]
[2018.12.20-13.59.46:836][  0]LogConfig: Setting CVar [[r.LightFunctionQuality:1]]
[2018.12.20-13.59.46:836][  0]LogConfig: Setting CVar [[r.ShadowQuality:5]]
[2018.12.20-13.59.46:836][  0]LogConfig: Setting CVar [[r.Shadow.CSM.MaxCascades:10]]
[2018.12.20-13.59.46:837][  0]LogConfig: Setting CVar [[r.Shadow.MaxResolution:2048]]
[2018.12.20-13.59.46:837][  0]LogConfig: Setting CVar [[r.Shadow.MaxCSMResolution:2048]]
[2018.12.20-13.59.46:837][  0]LogConfig: Setting CVar [[r.Shadow.RadiusThreshold:0.01]]
[2018.12.20-13.59.46:837][  0]LogConfig: Setting CVar [[r.Shadow.DistanceScale:1.0]]
[2018.12.20-13.59.46:837][  0]LogConfig: Setting CVar [[r.Shadow.CSM.TransitionScale:1.0]]
[2018.12.20-13.59.46:837][  0]LogConfig: Setting CVar [[r.Shadow.PreShadowResolutionFactor:1.0]]
[2018.12.20-13.59.46:837][  0]LogConfig: Setting CVar [[r.DistanceFieldShadowing:1]]
[2018.12.20-13.59.46:837][  0]LogConfig: Setting CVar [[r.DistanceFieldAO:1]]
[2018.12.20-13.59.46:837][  0]LogConfig: Setting CVar [[r.AOQuality:2]]
[2018.12.20-13.59.46:837][  0]LogConfig: Setting CVar [[r.VolumetricFog:1]]
[2018.12.20-13.59.46:837][  0]LogConfig: Setting CVar [[r.VolumetricFog.GridPixelSize:8]]
[2018.12.20-13.59.46:837][  0]LogConfig: Setting CVar [[r.VolumetricFog.GridSizeZ:128]]
[2018.12.20-13.59.46:838][  0]LogConfig: Setting CVar [[r.VolumetricFog.HistoryMissSupersampleCount:4]]
[2018.12.20-13.59.46:838][  0]LogConfig: Setting CVar [[r.LightMaxDrawDistanceScale:1]]
[2018.12.20-13.59.46:838][  0]LogConfig: Setting CVar [[r.CapsuleShadows:1]]
[2018.12.20-13.59.46:838][  0]LogConfig: Applying CVar settings from Section [PostProcessQuality@3] File [D:/UnrealEngine/Games/MultiplayerGame/CoopGameMultiplayer/CoopGame/Saved/Config/Windows/Scalability.ini]
[2018.12.20-13.59.46:838][  0]LogConfig: Setting CVar [[r.MotionBlurQuality:4]]
[2018.12.20-13.59.46:838][  0]LogConfig: Setting CVar [[r.AmbientOcclusionMipLevelFactor:0.4]]
[2018.12.20-13.59.46:838][  0]LogConfig: Setting CVar [[r.AmbientOcclusionMaxQuality:100]]
[2018.12.20-13.59.46:838][  0]LogConfig: Setting CVar [[r.AmbientOcclusionLevels:-1]]
[2018.12.20-13.59.46:838][  0]LogConfig: Setting CVar [[r.AmbientOcclusionRadiusScale:1.0]]
[2018.12.20-13.59.46:838][  0]LogConfig: Setting CVar [[r.DepthOfFieldQuality:2]]
[2018.12.20-13.59.46:838][  0]LogConfig: Setting CVar [[r.RenderTargetPoolMin:400]]
[2018.12.20-13.59.46:838][  0]LogConfig: Setting CVar [[r.LensFlareQuality:2]]
[2018.12.20-13.59.46:838][  0]LogConfig: Setting CVar [[r.SceneColorFringeQuality:1]]
[2018.12.20-13.59.46:839][  0]LogConfig: Setting CVar [[r.EyeAdaptationQuality:2]]
[2018.12.20-13.59.46:839][  0]LogConfig: Setting CVar [[r.BloomQuality:5]]
[2018.12.20-13.59.46:839][  0]LogConfig: Setting CVar [[r.FastBlurThreshold:100]]
[2018.12.20-13.59.46:839][  0]LogConfig: Setting CVar [[r.Upscale.Quality:3]]
[2018.12.20-13.59.46:839][  0]LogConfig: Setting CVar [[r.Tonemapper.GrainQuantization:1]]
[2018.12.20-13.59.46:839][  0]LogConfig: Setting CVar [[r.LightShaftQuality:1]]
[2018.12.20-13.59.46:839][  0]LogConfig: Setting CVar [[r.Filter.SizeScale:1]]
[2018.12.20-13.59.46:839][  0]LogConfig: Setting CVar [[r.Tonemapper.Quality:5]]
[2018.12.20-13.59.46:839][  0]LogConfig: Setting CVar [[r.DOF.Gather.AccumulatorQuality:1        ; higher gathering accumulator quality]]
[2018.12.20-13.59.46:839][  0]LogConfig: Setting CVar [[r.DOF.Gather.PostfilterMethod:1          ; Median3x3 postfilering method]]
[2018.12.20-13.59.46:839][  0]LogConfig: Setting CVar [[r.DOF.Gather.EnableBokehSettings:0       ; no bokeh simulation when gathering]]
[2018.12.20-13.59.46:839][  0]LogConfig: Setting CVar [[r.DOF.Gather.RingCount:4                 ; medium number of samples when gathering]]
[2018.12.20-13.59.46:839][  0]LogConfig: Setting CVar [[r.DOF.Scatter.ForegroundCompositing:1    ; additive foreground scattering]]
[2018.12.20-13.59.46:840][  0]LogConfig: Setting CVar [[r.DOF.Scatter.BackgroundCompositing:2    ; additive background scattering]]
[2018.12.20-13.59.46:840][  0]LogConfig: Setting CVar [[r.DOF.Scatter.EnableBokehSettings:1      ; bokeh simulation when scattering]]
[2018.12.20-13.59.46:840][  0]LogConfig: Setting CVar [[r.DOF.Scatter.MaxSpriteRatio:0.1         ; only a maximum of 10% of scattered bokeh]]
[2018.12.20-13.59.46:840][  0]LogConfig: Setting CVar [[r.DOF.Recombine.Quality:1                ; cheap slight out of focus]]
[2018.12.20-13.59.46:840][  0]LogConfig: Setting CVar [[r.DOF.Recombine.EnableBokehSettings:0    ; no bokeh simulation on slight out of focus]]
[2018.12.20-13.59.46:840][  0]LogConfig: Setting CVar [[r.DOF.TemporalAAQuality:1                ; more stable temporal accumulation]]
[2018.12.20-13.59.46:840][  0]LogConfig: Setting CVar [[r.DOF.Kernel.MaxForegroundRadius:0.025]]
[2018.12.20-13.59.46:840][  0]LogConfig: Setting CVar [[r.DOF.Kernel.MaxBackgroundRadius:0.025]]
[2018.12.20-13.59.46:840][  0]LogConfig: Applying CVar settings from Section [TextureQuality@3] File [D:/UnrealEngine/Games/MultiplayerGame/CoopGameMultiplayer/CoopGame/Saved/Config/Windows/Scalability.ini]
[2018.12.20-13.59.46:840][  0]LogConfig: Setting CVar [[r.Streaming.MipBias:0]]
[2018.12.20-13.59.46:840][  0]LogConfig: Setting CVar [[r.Streaming.AmortizeCPUToGPUCopy:0]]
[2018.12.20-13.59.46:840][  0]LogConfig: Setting CVar [[r.Streaming.MaxNumTexturesToStreamPerFrame:0]]
[2018.12.20-13.59.46:841][  0]LogConfig: Setting CVar [[r.Streaming.Boost:1]]
[2018.12.20-13.59.46:841][  0]LogConfig: Setting CVar [[r.MaxAnisotropy:8]]
[2018.12.20-13.59.46:841][  0]LogConfig: Setting CVar [[r.Streaming.LimitPoolSizeToVRAM:0]]
[2018.12.20-13.59.46:841][  0]LogConfig: Setting CVar [[r.Streaming.PoolSize:1000]]
[2018.12.20-13.59.46:841][  0]LogConfig: Setting CVar [[r.Streaming.MaxEffectiveScreenSize:0]]
[2018.12.20-13.59.46:841][  0]LogConfig: Applying CVar settings from Section [EffectsQuality@3] File [D:/UnrealEngine/Games/MultiplayerGame/CoopGameMultiplayer/CoopGame/Saved/Config/Windows/Scalability.ini]
[2018.12.20-13.59.46:841][  0]LogConfig: Setting CVar [[r.TranslucencyLightingVolumeDim:64]]
[2018.12.20-13.59.46:841][  0]LogConfig: Setting CVar [[r.RefractionQuality:2]]
[2018.12.20-13.59.46:841][  0]LogConfig: Setting CVar [[r.SSR.Quality:3]]
[2018.12.20-13.59.46:841][  0]LogConfig: Setting CVar [[r.SceneColorFormat:4]]
[2018.12.20-13.59.46:841][  0]LogConfig: Setting CVar [[r.DetailMode:2]]
[2018.12.20-13.59.46:841][  0]LogConfig: Setting CVar [[r.TranslucencyVolumeBlur:1]]
[2018.12.20-13.59.46:841][  0]LogConfig: Setting CVar [[r.MaterialQualityLevel:1 ; High quality]]
[2018.12.20-13.59.46:841][  0]LogConfig: Setting CVar [[r.SSS.Scale:1]]
[2018.12.20-13.59.46:841][  0]LogConfig: Setting CVar [[r.SSS.SampleSet:2]]
[2018.12.20-13.59.46:842][  0]LogConfig: Setting CVar [[r.SSS.Quality:1]]
[2018.12.20-13.59.46:842][  0]LogConfig: Setting CVar [[r.SSS.HalfRes:1]]
[2018.12.20-13.59.46:842][  0]LogConfig: Setting CVar [[r.EmitterSpawnRateScale:1.0]]
[2018.12.20-13.59.46:842][  0]LogConfig: Setting CVar [[r.ParticleLightQuality:2]]
[2018.12.20-13.59.46:842][  0]LogConfig: Applying CVar settings from Section [FoliageQuality@3] File [D:/UnrealEngine/Games/MultiplayerGame/CoopGameMultiplayer/CoopGame/Saved/Config/Windows/Scalability.ini]
[2018.12.20-13.59.46:842][  0]LogConfig: Setting CVar [[foliage.DensityScale:1.0]]
[2018.12.20-13.59.46:842][  0]LogConfig: Setting CVar [[grass.DensityScale:1.0]]
[2018.12.20-13.59.46:842][  0]LogConfig: Applying CVar settings from Section [Startup] File [../../../Engine/Config/ConsoleVariables.ini]
[2018.12.20-13.59.46:842][  0]LogConfig: Setting CVar [[net.UseAdaptiveNetUpdateFrequency:0]]
[2018.12.20-13.59.46:842][  0]LogConfig: Applying CVar settings from Section [ConsoleVariables] File [D:/UnrealEngine/Games/MultiplayerGame/CoopGameMultiplayer/CoopGame/Saved/Config/Windows/Engine.ini]
[2018.12.20-13.59.46:843][  0]LogInit: Computer: GG00001
[2018.12.20-13.59.46:843][  0]LogInit: User: oibikunle
[2018.12.20-13.59.46:843][  0]LogInit: CPU Page size=4096, Cores=6
[2018.12.20-13.59.46:843][  0]LogInit: High frequency timer resolution =10.000000 MHz
[2018.12.20-13.59.46:843][  0]LogMemory: Memory total: Physical=15.9GB (16GB approx)
[2018.12.20-13.59.46:843][  0]LogMemory: Platform Memory Stats for Windows
[2018.12.20-13.59.46:843][  0]LogMemory: Process Physical Memory: 103.99 MB used, 103.99 MB peak
[2018.12.20-13.59.46:843][  0]LogMemory: Process Virtual Memory: 86.25 MB used, 86.25 MB peak
[2018.12.20-13.59.46:843][  0]LogMemory: Physical Memory: 10578.84 MB used,  5740.43 MB free, 16319.28 MB total
[2018.12.20-13.59.46:843][  0]LogMemory: Virtual Memory: 4660.11 MB used,  134213064.00 MB free, 134217728.00 MB total
[2018.12.20-13.59.46:977][  0]LogInit: Using OS detected language (en-GB).
[2018.12.20-13.59.46:977][  0]LogInit: Using OS detected locale (en-GB).
[2018.12.20-13.59.46:978][  0]LogTextLocalizationManager: No specific localization for 'en-GB' exists, so the 'en' localization will be used.
[2018.12.20-13.59.47:277][  0]LogStreaming: Display: Took  0.301s to InitEngineTextLocalization.
[2018.12.20-13.59.47:278][  0]LogInit: Setting process to per monitor DPI aware
[2018.12.20-13.59.47:337][  0]LogSlate: New Slate User Created.  User Index 0, Is Virtual User: 0
[2018.12.20-13.59.47:337][  0]LogSlate: Slate User Registered.  User Index 0, Is Virtual User: 0
[2018.12.20-13.59.47:728][  0]LogHMD: Failed to initialize OpenVR with code 110
[2018.12.20-13.59.47:728][  0]LogD3D11RHI: D3D11 adapters:
[2018.12.20-13.59.47:795][  0]LogD3D11RHI:    0. 'NVIDIA GeForce GTX 1050 Ti' (Feature Level 11_0)
[2018.12.20-13.59.47:795][  0]LogD3D11RHI:       4018/0/8159 MB DedicatedVideo/DedicatedSystem/SharedSystem, Outputs:3, VendorId:0x10de
[2018.12.20-13.59.47:800][  0]LogD3D11RHI:    1. 'Microsoft Basic Render Driver' (Feature Level 11_0)
[2018.12.20-13.59.47:800][  0]LogD3D11RHI:       0/0/8159 MB DedicatedVideo/DedicatedSystem/SharedSystem, Outputs:0, VendorId:0x1414
[2018.12.20-13.59.47:800][  0]LogD3D11RHI: Chosen D3D11 Adapter: 0
[2018.12.20-13.59.47:812][  0]LogD3D11RHI: Creating new Direct3DDevice
[2018.12.20-13.59.47:812][  0]LogD3D11RHI:     GPU DeviceId: 0x1c82 (for the marketing name, search the web for "GPU Device Id")
[2018.12.20-13.59.47:812][  0]LogWindows: EnumDisplayDevices:
[2018.12.20-13.59.47:813][  0]LogWindows:    0. 'NVIDIA GeForce GTX 1050 Ti' (P:0 D:1)
[2018.12.20-13.59.47:813][  0]LogWindows:    1. 'NVIDIA GeForce GTX 1050 Ti' (P:0 D:1)
[2018.12.20-13.59.47:813][  0]LogWindows:    2. 'NVIDIA GeForce GTX 1050 Ti' (P:1 D:1)
[2018.12.20-13.59.47:814][  0]LogWindows:    3. 'NVIDIA GeForce GTX 1050 Ti' (P:0 D:0)
[2018.12.20-13.59.47:814][  0]LogWindows: DebugString: FoundDriverCount:4 
[2018.12.20-13.59.47:814][  0]LogD3D11RHI:     Adapter Name: NVIDIA GeForce GTX 1050 Ti
[2018.12.20-13.59.47:814][  0]LogD3D11RHI:   Driver Version: 417.22 (internal:25.21.14.1722, unified:417.22)
[2018.12.20-13.59.47:814][  0]LogD3D11RHI:      Driver Date: 11-29-2018
[2018.12.20-13.59.47:815][  0]LogRHI: Texture pool is 2812 MB (70% of 4018 MB)
[2018.12.20-13.59.47:855][  0]LogD3D11RHI: Async texture creation enabled
[2018.12.20-13.59.47:872][  0]LogD3D11RHI: GPU Timing Frequency: 1000.000000 (Debug: 2 2)
[2018.12.20-13.59.48:146][  0]LogTemp: Display: Loaded TP AllDesktopTargetPlatform
[2018.12.20-13.59.48:157][  0]LogTemp: Display: Loaded TP MacClientTargetPlatform
[2018.12.20-13.59.48:170][  0]LogTemp: Display: Loaded TP MacNoEditorTargetPlatform
[2018.12.20-13.59.48:182][  0]LogTemp: Display: Loaded TP MacServerTargetPlatform
[2018.12.20-13.59.48:194][  0]LogTemp: Display: Loaded TP MacTargetPlatform
[2018.12.20-13.59.48:208][  0]LogTemp: Display: Loaded TP WindowsClientTargetPlatform
[2018.12.20-13.59.48:223][  0]LogTemp: Display: Loaded TP WindowsNoEditorTargetPlatform
[2018.12.20-13.59.48:239][  0]LogTemp: Display: Loaded TP WindowsServerTargetPlatform
[2018.12.20-13.59.48:246][  0]LogTemp: Display: Loaded TP WindowsTargetPlatform
[2018.12.20-13.59.48:300][  0]LogTemp: Display: Loaded TP AndroidTargetPlatform
[2018.12.20-13.59.48:300][  0]LogTemp: Display: Loaded TP AndroidTargetPlatform
[2018.12.20-13.59.48:301][  0]LogTemp: Display: Loaded TP AndroidTargetPlatform
[2018.12.20-13.59.48:301][  0]LogTemp: Display: Loaded TP AndroidTargetPlatform
[2018.12.20-13.59.48:301][  0]LogTemp: Display: Loaded TP AndroidTargetPlatform
[2018.12.20-13.59.48:301][  0]LogTemp: Display: Loaded TP AndroidTargetPlatform
[2018.12.20-13.59.48:301][  0]LogTemp: Display: Loaded TP AndroidTargetPlatform
[2018.12.20-13.59.48:301][  0]LogTemp: Display: Loaded TP AndroidTargetPlatform
[2018.12.20-13.59.48:301][  0]LogTemp: Display: Loaded TP AndroidTargetPlatform
[2018.12.20-13.59.48:301][  0]LogTemp: Display: Loaded TP AndroidTargetPlatform
[2018.12.20-13.59.48:301][  0]LogTemp: Display: Loaded TP AndroidTargetPlatform
[2018.12.20-13.59.48:301][  0]LogTemp: Display: Loaded TP AndroidTargetPlatform
[2018.12.20-13.59.48:301][  0]LogTemp: Display: Loaded TP AndroidTargetPlatform
[2018.12.20-13.59.48:301][  0]LogTemp: Display: Loaded TP AndroidTargetPlatform
[2018.12.20-13.59.48:301][  0]LogTemp: Display: Loaded TP AndroidTargetPlatform
[2018.12.20-13.59.48:301][  0]LogTemp: Display: Loaded TP AndroidTargetPlatform
[2018.12.20-13.59.48:302][  0]LogTemp: Display: Loaded TP AndroidTargetPlatform
[2018.12.20-13.59.48:302][  0]LogTemp: Display: Loaded TP AndroidTargetPlatform
[2018.12.20-13.59.48:305][  0]LogTemp: Display: Loaded TP HTML5TargetPlatform
[2018.12.20-13.59.48:369][  0]LogTemp: Display: Loaded TP IOSTargetPlatform
[2018.12.20-13.59.48:369][  0]LogTemp: Display: Loaded TP IOSTargetPlatform
[2018.12.20-13.59.48:389][  0]LogTemp: Display: Loaded TP TVOSTargetPlatform
[2018.12.20-13.59.48:389][  0]LogTemp: Display: Loaded TP TVOSTargetPlatform
[2018.12.20-13.59.48:402][  0]LogTemp: Display: Loaded TP LinuxClientTargetPlatform
[2018.12.20-13.59.48:415][  0]LogTemp: Display: Loaded TP LinuxNoEditorTargetPlatform
[2018.12.20-13.59.48:428][  0]LogTemp: Display: Loaded TP LinuxServerTargetPlatform
[2018.12.20-13.59.48:440][  0]LogTemp: Display: Loaded TP LinuxTargetPlatform
[2018.12.20-13.59.48:476][  0]LogTemp: Display: Loaded TP LuminTargetPlatform
[2018.12.20-13.59.48:476][  0]LogTemp: Display: Loaded TP LuminTargetPlatform
[2018.12.20-13.59.48:476][  0]LogTargetPlatformManager: Display: Building Assets For Windows
[2018.12.20-13.59.48:578][  0]LogShaderCompilers: Guid format shader working directory is -16 characters bigger than the processId version (../../../../../Games/MultiplayerGame/CoopGameMultiplayer/CoopGame/Intermediate/Shaders/WorkingDirectory/91928/).
[2018.12.20-13.59.48:580][  0]LogShaderCompilers: Cleaned the shader compiler working directory 'C:/Users/oibikunle/AppData/Local/Temp/UnrealShaderWorkingDir/2EBBDF164FB62E1D7164018127AD672B/'.
[2018.12.20-13.59.48:581][  0]LogXGEController: Cleaning working directory: C:/Users/oibikunle/AppData/Local/Temp/UnrealXGEWorkingDir/
[2018.12.20-13.59.48:581][  0]LogXGEController: Cannot use XGE Controller as Incredibuild is not installed on this machine.
[2018.12.20-13.59.48:581][  0]LogShaderCompilers: Cannot use XGE Shader Compiler as Incredibuild is not installed on this machine.
[2018.12.20-13.59.48:581][  0]LogShaderCompilers: Display: Using Local Shader Compiler.
[2018.12.20-13.59.49:050][  0]LogDerivedDataCache: Display: Max Cache Size: 512 MB
[2018.12.20-13.59.49:090][  0]LogDerivedDataCache: Loaded boot cache 0.04s 71MB C:/Users/oibikunle/AppData/Local/UnrealEngine/4.21/DerivedDataCache/Boot.ddc.
[2018.12.20-13.59.49:090][  0]LogDerivedDataCache: Display: Loaded Boot cache: C:/Users/oibikunle/AppData/Local/UnrealEngine/4.21/DerivedDataCache/Boot.ddc
[2018.12.20-13.59.49:090][  0]LogDerivedDataCache: FDerivedDataBackendGraph:  Pak pak cache file ../../../../../Games/MultiplayerGame/CoopGameMultiplayer/CoopGame/DerivedDataCache/DDC.ddp not found, will not use a pak cache.
[2018.12.20-13.59.49:090][  0]LogDerivedDataCache: Unable to find inner node Pak for hierarchical cache Hierarchy.
[2018.12.20-13.59.49:091][  0]LogDerivedDataCache: FDerivedDataBackendGraph:  CompressedPak pak cache file ../../../../../Games/MultiplayerGame/CoopGameMultiplayer/CoopGame/DerivedDataCache/Compressed.ddp not found, will not use a pak cache.
[2018.12.20-13.59.49:091][  0]LogDerivedDataCache: Unable to find inner node CompressedPak for hierarchical cache Hierarchy.
[2018.12.20-13.59.49:102][  0]LogDerivedDataCache: Display: Pak cache opened for reading ../../../Engine/DerivedDataCache/Compressed.ddp.
[2018.12.20-13.59.49:103][  0]LogDerivedDataCache: FDerivedDataBackendGraph:  EnterprisePak pak cache file ../../../Enterprise/DerivedDataCache/Compressed.ddp not found, will not use a pak cache.
[2018.12.20-13.59.49:103][  0]LogDerivedDataCache: Unable to find inner node EnterprisePak for hierarchical cache Hierarchy.
[2018.12.20-13.59.49:115][  0]LogDerivedDataCache: Using Local data cache path C:/Users/oibikunle/AppData/Local/UnrealEngine/Common/DerivedDataCache: Writable
[2018.12.20-13.59.49:115][  0]LogDerivedDataCache: Shared data cache path not found in *engine.ini, will not use an Shared cache.
[2018.12.20-13.59.49:115][  0]LogDerivedDataCache: Unable to find inner node Shared for hierarchical cache Hierarchy.
[2018.12.20-13.59.49:134][  0]LogMaterial: Verifying Global Shaders for PCD3D_SM5
[2018.12.20-13.59.49:134][  0]LogSlate: Using FreeType 2.6.0
[2018.12.20-13.59.49:136][  0]LogSlate: SlateFontServices - WITH_FREETYPE: 1, WITH_HARFBUZZ: 1
[2018.12.20-13.59.49:234][  0]LogAssetRegistry: FAssetRegistry took 0.0328 seconds to start up
[2018.12.20-13.59.49:484][  0]LogInit: Selected Device Profile: [Windows]
[2018.12.20-13.59.49:625][  0]LogSimplygon: Simplygon DLL not present - disabling.
[2018.12.20-13.59.49:633][  0]LogMeshReduction: Using SimplygonSwarm for distributed automatic mesh merging
[2018.12.20-13.59.49:633][  0]LogMeshReduction: Using ProxyLODMeshReduction for automatic mesh merging
[2018.12.20-13.59.49:633][  0]LogMeshReduction: Using QuadricMeshReduction for automatic static mesh reduction
[2018.12.20-13.59.49:634][  0]LogMeshReduction: No automatic skeletal mesh reduction module available
[2018.12.20-13.59.49:645][  0]LogNetVersion: CoopGame 1.0.0, NetCL: 4541578, EngineNetVer: 5, GameNetVer: 0 (Checksum: 2565775016)
[2018.12.20-13.59.50:110][  0]LogPackageLocalizationCache: Processed 11 localized package path(s) for 2 prioritized culture(s) in 0.073938 seconds
[2018.12.20-13.59.50:115][  0]LogUObjectArray: 39775 objects as part of root set at end of initial load.
[2018.12.20-13.59.50:115][  0]LogUObjectAllocator: 6914664 out of 0 bytes used by permanent object pool.
[2018.12.20-13.59.50:116][  0]LogUObjectArray: CloseDisregardForGC: 0/0 objects in disregard for GC pool
[2018.12.20-13.59.51:166][  0]LogTcpMessaging: Initializing TcpMessaging bridge
[2018.12.20-13.59.51:183][  0]LogUdpMessaging: Initializing bridge on interface 0.0.0.0:0 to multicast group 230.0.0.1:6666.
[2018.12.20-13.59.52:100][  0]SourceControl: Source control is disabled
[2018.12.20-13.59.52:100][  0]SourceControl: Source control is disabled
[2018.12.20-13.59.52:104][  0]SourceControl: Source control is disabled
[2018.12.20-13.59.52:108][  0]SourceControl: Source control is disabled
[2018.12.20-13.59.52:372][  0]LogAndroidPermission: UAndroidPermissionCallbackProxy::GetInstance
[2018.12.20-13.59.52:494][  0]LogOcInput: OculusInput pre-init called
[2018.12.20-13.59.52:641][  0]LogEngine: Initializing Engine...
[2018.12.20-13.59.52:642][  0]LogHMD: Failed to initialize OpenVR with code 110
[2018.12.20-13.59.52:643][  0]LogStats: UGameplayTagsManager::ConstructGameplayTagTree: ImportINI prefixes -  0.000 s
[2018.12.20-13.59.52:643][  0]LogStats: UGameplayTagsManager::ConstructGameplayTagTree: Construct from data asset -  0.000 s
[2018.12.20-13.59.52:644][  0]LogStats: UGameplayTagsManager::ConstructGameplayTagTree: ImportINI -  0.000 s
[2018.12.20-13.59.52:644][  0]LogStats: UGameplayTagsManager::ConstructGameplayTagTree: GameplayTagTreeChangedEvent.Broadcast -  0.000 s
[2018.12.20-13.59.52:843][  0]LogInit: Initializing FReadOnlyCVARCache
[2018.12.20-13.59.52:853][  0]LogAIModule: Creating AISystem for world Untitled
[2018.12.20-13.59.52:904][  0]LogInit: XAudio2 using 'Headphones (High Definition Audio Device)' : 2 channels at 48 kHz using 16 bits per sample (channel mask 0x3)
[2018.12.20-13.59.52:932][  0]LogInit: FAudioDevice initialized.
[2018.12.20-13.59.52:932][  0]LogNetVersion: Set ProjectVersion to 1.0.0.0. Version Checksum will be recalculated on next use.
[2018.12.20-13.59.52:970][  0]LogDerivedDataCache: Saved boot cache 0.04s 71MB C:/Users/oibikunle/AppData/Local/UnrealEngine/4.21/DerivedDataCache/Boot.ddc.
[2018.12.20-13.59.52:974][  0]LogInit: Texture streaming: Enabled
[2018.12.20-13.59.52:997][  0]LogEngineSessionManager: EngineSessionManager initialized
[2018.12.20-13.59.52:997][  0]LogEngineSessionManager: EngineSessionManager sent abnormal shutdown report. Type=Debugger, SessionId={3CC9EA51-4CA1-61A5-98DA-949577BD8B63}
[2018.12.20-13.59.53:004][  0]LogInit: Transaction tracking system initialized
[2018.12.20-13.59.53:032][  0]BlueprintLog: New page: Editor Load
[2018.12.20-13.59.53:138][  0]LocalizationService: Localization service is disabled
[2018.12.20-13.59.53:596][  0]LogFileCache: Scanning file cache for directory 'D:/UnrealEngine/Games/MultiplayerGame/CoopGameMultiplayer/CoopGame/Content/' took 0.01s
[2018.12.20-13.59.53:596][  0]LogCook: Display: Max memory allowance for cook 16384mb min free memory 0mb
[2018.12.20-13.59.53:596][  0]LogCook: Display: Mobile HDR setting 1
[2018.12.20-13.59.53:596][  0]LogGameplayTags: Display: UGameplayTagsManager::DoneAddingNativeTags. DelegateIsBound: 0
[2018.12.20-13.59.53:597][  0]LogStats: UGameplayTagsManager::ConstructGameplayTagTree: ImportINI prefixes -  0.000 s
[2018.12.20-13.59.53:597][  0]LogStats: UGameplayTagsManager::ConstructGameplayTagTree: Construct from data asset -  0.000 s
[2018.12.20-13.59.53:597][  0]LogStats: UGameplayTagsManager::ConstructGameplayTagTree: ImportINI -  0.000 s
[2018.12.20-13.59.53:597][  0]LogStats: UGameplayTagsManager::ConstructGameplayTagTree: GameplayTagTreeChangedEvent.Broadcast -  0.000 s
[2018.12.20-13.59.53:786][  0]SourceControl: Source control is disabled
[2018.12.20-13.59.53:786][  0]Cmd: MAP LOAD FILE="../../../Engine/Content/Maps/Templates/Template_Default.umap" TEMPLATE=1 SHOWPROGRESS=1 FEATURELEVEL=3
[2018.12.20-13.59.53:787][  0]LightingResults: New page: Lighting Build
[2018.12.20-13.59.53:788][  0]MapCheck: New page: Map Check
[2018.12.20-13.59.53:789][  0]LightingResults: New page: Lighting Build
[2018.12.20-13.59.53:926][  0]LogAIModule: Creating AISystem for world Untitled_1
[2018.12.20-13.59.53:935][  0]LogEditorServer: Finished looking for orphan Actors (0.000 secs)
[2018.12.20-13.59.53:955][  0]Cmd: MAP CHECKDEP NOCLEARLOG
[2018.12.20-13.59.53:956][  0]MapCheck: Map check complete: 0 Error(s), 0 Warning(s), took 0.123ms to complete.
[2018.12.20-13.59.53:956][  0]LogFileHelpers: Loading map 'Template_Default' took 0.170
[2018.12.20-13.59.54:069][  0]LogSlate: Updating window title bar state: overlay mode, drag disabled, window buttons hidden, title bar hidden
[2018.12.20-13.59.54:074][  0]LogSlate: Updating window title bar state: overlay mode, drag disabled, window buttons hidden, title bar hidden
[2018.12.20-13.59.54:080][  0]LogSlate: Updating window title bar state: overlay mode, drag disabled, window buttons hidden, title bar hidden
[2018.12.20-13.59.54:086][  0]LogSlate: Updating window title bar state: overlay mode, drag disabled, window buttons hidden, title bar hidden
[2018.12.20-13.59.54:093][  0]LogCollectionManager: Loaded 0 collections in 0.000798 seconds
[2018.12.20-13.59.54:138][  0]LogFileCache: Scanning file cache for directory 'D:/UnrealEngine/Games/MultiplayerGame/CoopGameMultiplayer/CoopGame/Saved/Collections/' took 0.01s
[2018.12.20-13.59.54:138][  0]LogFileCache: Scanning file cache for directory 'D:/UnrealEngine/Games/MultiplayerGame/CoopGameMultiplayer/CoopGame/Content/Developers/oibikunle/Collections/' took 0.01s
[2018.12.20-13.59.54:138][  0]LogFileCache: Scanning file cache for directory 'D:/UnrealEngine/Games/MultiplayerGame/CoopGameMultiplayer/CoopGame/Content/Collections/' took 0.01s
[2018.12.20-13.59.54:139][  0]LogCollectionManager: Rebuilt the GUID cache for 0 collections in 0.000000 seconds
[2018.12.20-13.59.54:146][  0]LogContentBrowser: Native class hierarchy populated in 0.0074 seconds. Added 2654 classes and 623 folders.
[2018.12.20-13.59.54:151][  0]LogContentBrowser: Native class hierarchy updated for 'WidgetCarousel' in 0.0003 seconds. Added 0 classes and 0 folders.
[2018.12.20-13.59.54:153][  0]LogPakFile: Registered encryption key '00000000000000000000000000000000': 0 pak files mounted, 0 remain pending
[2018.12.20-13.59.54:154][  0]LogPakFile: Registered encryption key '00000000000000000000000000000000': 0 pak files mounted, 0 remain pending
[2018.12.20-13.59.54:155][  0]LogPakFile: Registered encryption key '00000000000000000000000000000000': 0 pak files mounted, 0 remain pending
[2018.12.20-13.59.54:156][  0]LogPakFile: Registered encryption key '00000000000000000000000000000000': 0 pak files mounted, 0 remain pending
[2018.12.20-13.59.54:157][  0]LogPakFile: Registered encryption key '00000000000000000000000000000000': 0 pak files mounted, 0 remain pending
[2018.12.20-13.59.54:158][  0]LogPakFile: Registered encryption key '00000000000000000000000000000000': 0 pak files mounted, 0 remain pending
[2018.12.20-13.59.54:158][  0]LogPakFile: Registered encryption key '00000000000000000000000000000000': 0 pak files mounted, 0 remain pending
[2018.12.20-13.59.54:159][  0]LogPakFile: Registered encryption key '00000000000000000000000000000000': 0 pak files mounted, 0 remain pending
[2018.12.20-13.59.54:160][  0]LogPakFile: Registered encryption key '00000000000000000000000000000000': 0 pak files mounted, 0 remain pending
[2018.12.20-13.59.54:161][  0]LogPakFile: Registered encryption key '00000000000000000000000000000000': 0 pak files mounted, 0 remain pending
[2018.12.20-13.59.54:161][  0]LogPakFile: Registered encryption key '00000000000000000000000000000000': 0 pak files mounted, 0 remain pending
[2018.12.20-13.59.54:162][  0]LogPakFile: Registered encryption key '00000000000000000000000000000000': 0 pak files mounted, 0 remain pending
[2018.12.20-13.59.54:163][  0]LogPakFile: Registered encryption key '00000000000000000000000000000000': 0 pak files mounted, 0 remain pending
[2018.12.20-13.59.54:164][  0]LogPakFile: Registered encryption key '00000000000000000000000000000000': 0 pak files mounted, 0 remain pending
[2018.12.20-13.59.54:165][  0]LogPakFile: Registered encryption key '00000000000000000000000000000000': 0 pak files mounted, 0 remain pending
[2018.12.20-13.59.54:165][  0]LogPakFile: Registered encryption key '00000000000000000000000000000000': 0 pak files mounted, 0 remain pending
[2018.12.20-13.59.54:166][  0]LogPakFile: Registered encryption key '00000000000000000000000000000000': 0 pak files mounted, 0 remain pending
[2018.12.20-13.59.54:167][  0]LogPakFile: Registered encryption key '00000000000000000000000000000000': 0 pak files mounted, 0 remain pending
[2018.12.20-13.59.54:168][  0]LogPakFile: Registered encryption key '00000000000000000000000000000000': 0 pak files mounted, 0 remain pending
[2018.12.20-13.59.54:168][  0]LogPakFile: Registered encryption key '00000000000000000000000000000000': 0 pak files mounted, 0 remain pending
[2018.12.20-13.59.54:169][  0]LogPakFile: Registered encryption key '00000000000000000000000000000000': 0 pak files mounted, 0 remain pending
[2018.12.20-13.59.54:170][  0]LogPakFile: Registered encryption key '00000000000000000000000000000000': 0 pak files mounted, 0 remain pending
[2018.12.20-13.59.54:171][  0]LogPakFile: Registered encryption key '00000000000000000000000000000000': 0 pak files mounted, 0 remain pending
[2018.12.20-13.59.54:171][  0]LogPakFile: Registered encryption key '00000000000000000000000000000000': 0 pak files mounted, 0 remain pending
[2018.12.20-13.59.54:172][  0]LogPakFile: Registered encryption key '00000000000000000000000000000000': 0 pak files mounted, 0 remain pending
[2018.12.20-13.59.54:173][  0]LogPakFile: Registered encryption key '00000000000000000000000000000000': 0 pak files mounted, 0 remain pending
[2018.12.20-13.59.54:215][  0]LogContentBrowser: Native class hierarchy updated for 'AddContentDialog' in 0.0003 seconds. Added 0 classes and 0 folders.
[2018.12.20-13.59.54:221][  0]LogContentBrowser: Native class hierarchy updated for 'SceneOutliner' in 0.0004 seconds. Added 1 classes and 2 folders.
[2018.12.20-13.59.54:234][  0]LogSlate: Took 0.000227 seconds to synchronously load lazily loaded font '../../../Engine/Content/Slate/Fonts/Roboto-Regular.ttf' (155K)
[2018.12.20-13.59.54:236][  0]LogSlate: Took 0.000274 seconds to synchronously load lazily loaded font '../../../Engine/Content/Slate/Fonts/Roboto-Bold.ttf' (160K)
[2018.12.20-13.59.54:240][  0]LogSlate: Took 0.000268 seconds to synchronously load lazily loaded font '../../../Engine/Content/Editor/Slate/Fonts/FontAwesome.ttf' (139K)
[2018.12.20-13.59.54:310][  0]LogRenderer: Reallocating scene render targets to support 1208x576 Format 10 NumSamples 1 (Frame:1).
[2018.12.20-13.59.54:425][  0]LogContentBrowser: Native class hierarchy updated for 'HierarchicalLODOutliner' in 0.0004 seconds. Added 0 classes and 0 folders.
[2018.12.20-13.59.54:425][  0]LogLoad: (Engine Initialization) Total time: 9.84 seconds
[2018.12.20-13.59.54:425][  0]LogLoad: (Engine Initialization) Total Blueprint compile time: 0.00 seconds
[2018.12.20-13.59.54:444][  0]LogWindowsTextInputMethodSystem: Display: IME system now deactivated.
[2018.12.20-13.59.54:493][  0]LogContentStreaming: Texture pool size now 1000 MB
[2018.12.20-13.59.54:508][  0]LogSlate: Took 0.000247 seconds to synchronously load lazily loaded font '../../../Engine/Content/Slate/Fonts/Roboto-Light.ttf' (167K)
[2018.12.20-13.59.54:573][  1]LogAssetRegistry: Asset discovery search completed in 5.3639 seconds
[2018.12.20-13.59.54:576][  1]LogCollectionManager: Rebuilt the object cache for 0 collections in 0.000000 seconds (found 0 objects)
[2018.12.20-13.59.54:576][  1]LogCollectionManager: Fixed up redirectors for 0 collections in 0.000130 seconds (updated 0 objects)
[2018.12.20-13.59.57:362][333]LogSlate: FSceneViewport::OnFocusLost() reason 0
[2018.12.20-13.59.58:307][446]LogSlate: Took 0.000234 seconds to synchronously load lazily loaded font '../../../Engine/Content/Slate/Fonts/Roboto-Light.ttf' (167K)
[2018.12.20-13.59.58:537][446]LogAIModule: Creating AISystem for world P_TestMap
[2018.12.20-13.59.58:542][446]LogAssetEditorManager: Opening Asset editor for World /Game/Maps/P_TestMap.P_TestMap
[2018.12.20-13.59.58:566][446]Cmd: MAP LOAD FILE="../../../../../Games/MultiplayerGame/CoopGameMultiplayer/CoopGame/Content/Maps/P_TestMap.umap" TEMPLATE=0 SHOWPROGRESS=1 FEATURELEVEL=3
[2018.12.20-13.59.58:566][446]LightingResults: New page: Lighting Build
[2018.12.20-13.59.58:566][446]LoadErrors: New page: Loading map: P_TestMap.umap
[2018.12.20-13.59.58:567][446]MapCheck: New page: Map Check
[2018.12.20-13.59.58:567][446]LightingResults: New page: Lighting Build
[2018.12.20-13.59.58:590][446]LogEditorServer: Finished looking for orphan Actors (0.000 secs)
[2018.12.20-13.59.58:622][446]Cmd: MAP CHECKDEP NOCLEARLOG
[2018.12.20-13.59.58:623][446]MapCheck: Map check complete: 0 Error(s), 0 Warning(s), took 0.101ms to complete.
[2018.12.20-13.59.58:623][446]LogFileHelpers: Loading map 'P_TestMap' took 0.058
[2018.12.20-14.00.04:224][601]LogAssetEditorManager: Opening Asset editor for Blueprint /Game/BluePrints/PlayerPawn.PlayerPawn
[2018.12.20-14.00.04:550][601]LogContentBrowser: Native class hierarchy updated for 'BlueprintGraph' in 0.0006 seconds. Added 117 classes and 0 folders.
[2018.12.20-14.00.05:136][601]LogSlate: Took 0.000252 seconds to synchronously load lazily loaded font '../../../Engine/Content/Slate/Fonts/Roboto-BoldCondensed.ttf' (158K)
[2018.12.20-14.00.05:183][602]LogSlate: Took 0.000244 seconds to synchronously load lazily loaded font '../../../Engine/Content/Slate/Fonts/Roboto-Italic.ttf' (157K)
[2018.12.20-14.02.05:519][460]BlueprintLog: New page: Compile PlayerPawn
[2018.12.20-14.02.05:690][460]Cmd: OBJ SAVEPACKAGE PACKAGE="/Game/BluePrints/PlayerPawn" FILE="../../../../../Games/MultiplayerGame/CoopGameMultiplayer/CoopGame/Content/BluePrints/PlayerPawn.uasset" SILENT=true
[2018.12.20-14.02.05:709][460]LogSavePackage: Moving '../../../../../Games/MultiplayerGame/CoopGameMultiplayer/CoopGame/Saved/PlayerPawn24BD5BD1418A3017A999BAB9955A6C8B.tmp' to '../../../../../Games/MultiplayerGame/CoopGameMultiplayer/CoopGame/Content/BluePrints/PlayerPawn.uasset'
[2018.12.20-14.02.56:685][425]BlueprintLog: New page: Compile PlayerPawn
[2018.12.20-14.02.56:834][425]Cmd: OBJ SAVEPACKAGE PACKAGE="/Game/BluePrints/PlayerPawn" FILE="../../../../../Games/MultiplayerGame/CoopGameMultiplayer/CoopGame/Content/BluePrints/PlayerPawn.uasset" SILENT=true
[2018.12.20-14.02.56:855][425]LogSavePackage: Moving '../../../../../Games/MultiplayerGame/CoopGameMultiplayer/CoopGame/Saved/PlayerPawn18BA34384B3CE7E187F70EB2368D142D.tmp' to '../../../../../Games/MultiplayerGame/CoopGameMultiplayer/CoopGame/Content/BluePrints/PlayerPawn.uasset'
[2018.12.20-14.02.59:954][794]LogTemp: Repeating last play command: Selected Viewport
[2018.12.20-14.02.59:968][794]LogBlueprintUserMessages: Early PlayInEditor Detection: Level '/Game/Maps/P_TestMap.P_TestMap:PersistentLevel' has LevelScriptBlueprint '/Game/Maps/P_TestMap.P_TestMap:PersistentLevel.P_TestMap' with GeneratedClass '/Game/Maps/P_TestMap.P_TestMap_C' with ClassGeneratedBy '/Game/Maps/P_TestMap.P_TestMap:PersistentLevel.P_TestMap'
[2018.12.20-14.02.59:968][794]LogPlayLevel: PlayLevel: No blueprints needed recompiling
[2018.12.20-14.02.59:968][794]PIE: New page: PIE session: P_TestMap (20 Dec 2018 16:02:59)
[2018.12.20-14.02.59:982][794]LogPlayLevel: Creating play world package: /Game/Maps/UEDPIE_0_P_TestMap
[2018.12.20-14.02.59:985][794]LogPlayLevel: PIE: StaticDuplicateObject took: (0.002780s)
[2018.12.20-14.02.59:986][794]LogAIModule: Creating AISystem for world P_TestMap
[2018.12.20-14.02.59:986][794]LogPlayLevel: PIE: World Init took: (0.000728s)
[2018.12.20-14.02.59:986][794]LogPlayLevel: PIE: Created PIE world by copying editor world from /Game/Maps/P_TestMap.P_TestMap to /Game/Maps/UEDPIE_0_P_TestMap.P_TestMap (0.004105s)
[2018.12.20-14.03.00:027][794]LogInit: XAudio2 using 'Headphones (High Definition Audio Device)' : 2 channels at 48 kHz using 16 bits per sample (channel mask 0x3)
[2018.12.20-14.03.00:037][794]LogInit: FAudioDevice initialized.
[2018.12.20-14.03.00:087][794]LogLoad: Game class is 'GameModeBase'
[2018.12.20-14.03.00:090][794]LogWorld: Bringing World /Game/Maps/UEDPIE_0_P_TestMap.P_TestMap up for play (max tick rate 0) at 2018.12.20-15.03.00
[2018.12.20-14.03.00:090][794]LogWorld: Bringing up level for play took: 0.001211
[2018.12.20-14.03.00:131][794]LogContentBrowser: Native class hierarchy updated for 'MovieSceneCapture' in 0.0004 seconds. Added 20 classes and 0 folders.
[2018.12.20-14.03.00:132][794]PIE: Play in editor start time for /Game/Maps/UEDPIE_0_P_TestMap 0.727
[2018.12.20-14.03.00:133][794]LogBlueprintUserMessages: Late PlayInEditor Detection: Level '/Game/Maps/P_TestMap.P_TestMap:PersistentLevel' has LevelScriptBlueprint '/Game/Maps/P_TestMap.P_TestMap:PersistentLevel.P_TestMap' with GeneratedClass '/Game/Maps/P_TestMap.P_TestMap_C' with ClassGeneratedBy '/Game/Maps/P_TestMap.P_TestMap:PersistentLevel.P_TestMap'
[2018.12.20-14.03.42:652][890]LogBlueprintUserMessages: Early EndPlayMap Detection: Level '/Game/Maps/P_TestMap.P_TestMap:PersistentLevel' has LevelScriptBlueprint '/Game/Maps/P_TestMap.P_TestMap:PersistentLevel.P_TestMap' with GeneratedClass '/Game/Maps/P_TestMap.P_TestMap_C' with ClassGeneratedBy '/Game/Maps/P_TestMap.P_TestMap:PersistentLevel.P_TestMap'
[2018.12.20-14.03.42:653][890]LogSlate: Updating window title bar state: overlay mode, drag disabled, window buttons hidden, title bar hidden
[2018.12.20-14.03.42:693][890]LogPlayLevel: Display: Shutting down PIE online subsystems
[2018.12.20-14.03.42:693][890]LogBlueprintUserMessages: Late EndPlayMap Detection: Level '/Game/Maps/P_TestMap.P_TestMap:PersistentLevel' has LevelScriptBlueprint '/Game/Maps/P_TestMap.P_TestMap:PersistentLevel.P_TestMap' with GeneratedClass '/Game/Maps/P_TestMap.P_TestMap_C' with ClassGeneratedBy '/Game/Maps/P_TestMap.P_TestMap:PersistentLevel.P_TestMap'
[2018.12.20-14.03.42:714][890]LogSlate: Updating window title bar state: overlay mode, drag disabled, window buttons hidden, title bar hidden
[2018.12.20-14.03.42:758][893]LogPlayLevel: Display: Destroying online subsystem :Context_3
[2018.12.20-14.03.47:866][506]LogSlate: FSceneViewport::OnFocusLost() reason 0
[2018.12.20-14.03.47:958][517]LogTemp: Repeating last play command: Selected Viewport
[2018.12.20-14.03.47:965][517]LogBlueprintUserMessages: Early PlayInEditor Detection: Level '/Game/Maps/P_TestMap.P_TestMap:PersistentLevel' has LevelScriptBlueprint '/Game/Maps/P_TestMap.P_TestMap:PersistentLevel.P_TestMap' with GeneratedClass '/Game/Maps/P_TestMap.P_TestMap_C' with ClassGeneratedBy '/Game/Maps/P_TestMap.P_TestMap:PersistentLevel.P_TestMap'
[2018.12.20-14.03.47:965][517]LogPlayLevel: PlayLevel: No blueprints needed recompiling
[2018.12.20-14.03.47:965][517]PIE: New page: PIE session: P_TestMap (20 Dec 2018 16:03:47)
[2018.12.20-14.03.47:966][517]LogPlayLevel: Creating play world package: /Game/Maps/UEDPIE_0_P_TestMap
[2018.12.20-14.03.47:968][517]LogPlayLevel: PIE: StaticDuplicateObject took: (0.002072s)
[2018.12.20-14.03.47:968][517]LogAIModule: Creating AISystem for world P_TestMap
[2018.12.20-14.03.47:969][517]LogPlayLevel: PIE: World Init took: (0.000565s)
[2018.12.20-14.03.47:969][517]LogPlayLevel: PIE: Created PIE world by copying editor world from /Game/Maps/P_TestMap.P_TestMap to /Game/Maps/UEDPIE_0_P_TestMap.P_TestMap (0.003032s)
[2018.12.20-14.03.48:005][517]LogInit: XAudio2 using 'Headphones (High Definition Audio Device)' : 2 channels at 48 kHz using 16 bits per sample (channel mask 0x3)
[2018.12.20-14.03.48:016][517]LogInit: FAudioDevice initialized.
[2018.12.20-14.03.48:053][517]LogLoad: Game class is 'GameModeBase'
[2018.12.20-14.03.48:055][517]LogWorld: Bringing World /Game/Maps/UEDPIE_0_P_TestMap.P_TestMap up for play (max tick rate 0) at 2018.12.20-15.03.48
[2018.12.20-14.03.48:055][517]LogWorld: Bringing up level for play took: 0.001119
[2018.12.20-14.03.48:069][517]PIE: Play in editor start time for /Game/Maps/UEDPIE_0_P_TestMap 0.663
[2018.12.20-14.03.48:069][517]LogBlueprintUserMessages: Late PlayInEditor Detection: Level '/Game/Maps/P_TestMap.P_TestMap:PersistentLevel' has LevelScriptBlueprint '/Game/Maps/P_TestMap.P_TestMap:PersistentLevel.P_TestMap' with GeneratedClass '/Game/Maps/P_TestMap.P_TestMap_C' with ClassGeneratedBy '/Game/Maps/P_TestMap.P_TestMap:PersistentLevel.P_TestMap'
[2018.12.20-14.04.04:473][268]LogBlueprintUserMessages: Early EndPlayMap Detection: Level '/Game/Maps/P_TestMap.P_TestMap:PersistentLevel' has LevelScriptBlueprint '/Game/Maps/P_TestMap.P_TestMap:PersistentLevel.P_TestMap' with GeneratedClass '/Game/Maps/P_TestMap.P_TestMap_C' with ClassGeneratedBy '/Game/Maps/P_TestMap.P_TestMap:PersistentLevel.P_TestMap'
[2018.12.20-14.04.04:473][268]LogSlate: Updating window title bar state: overlay mode, drag disabled, window buttons hidden, title bar hidden
[2018.12.20-14.04.04:517][268]LogPlayLevel: Display: Shutting down PIE online subsystems
[2018.12.20-14.04.04:517][268]LogBlueprintUserMessages: Late EndPlayMap Detection: Level '/Game/Maps/P_TestMap.P_TestMap:PersistentLevel' has LevelScriptBlueprint '/Game/Maps/P_TestMap.P_TestMap:PersistentLevel.P_TestMap' with GeneratedClass '/Game/Maps/P_TestMap.P_TestMap_C' with ClassGeneratedBy '/Game/Maps/P_TestMap.P_TestMap:PersistentLevel.P_TestMap'
[2018.12.20-14.04.04:540][268]LogSlate: Updating window title bar state: overlay mode, drag disabled, window buttons hidden, title bar hidden
[2018.12.20-14.04.04:575][271]LogPlayLevel: Display: Destroying online subsystem :Context_4
[2018.12.20-14.04.15:692][280]LogRenderer: Reallocating scene render targets to support 1208x712 Format 10 NumSamples 1 (Frame:1).
[2018.12.20-14.04.36:949][821]LogEditorTransaction: Undo Modify Component(s)
[2018.12.20-14.04.40:399][230]LogSlate: FSceneViewport::OnFocusLost() reason 0
[2018.12.20-14.05.06:217][324]LogSlate: FSceneViewport::OnFocusLost() reason 0
[2018.12.20-14.05.42:280][625]LogSlate: FSceneViewport::OnFocusLost() reason 0
[2018.12.20-14.06.17:111][713]BlueprintLog: New page: Compile PlayerPawn
[2018.12.20-14.06.17:287][713]Cmd: OBJ SAVEPACKAGE PACKAGE="/Game/BluePrints/PlayerPawn" FILE="../../../../../Games/MultiplayerGame/CoopGameMultiplayer/CoopGame/Content/BluePrints/PlayerPawn.uasset" SILENT=true
[2018.12.20-14.06.17:310][713]LogSavePackage: Moving '../../../../../Games/MultiplayerGame/CoopGameMultiplayer/CoopGame/Saved/PlayerPawn6EA616AE48B51AA88DCF3EAE331D2DB3.tmp' to '../../../../../Games/MultiplayerGame/CoopGameMultiplayer/CoopGame/Content/BluePrints/PlayerPawn.uasset'
[2018.12.20-14.06.18:728][881]LogTemp: Repeating last play command: Selected Viewport
[2018.12.20-14.06.18:740][881]LogBlueprintUserMessages: Early PlayInEditor Detection: Level '/Game/Maps/P_TestMap.P_TestMap:PersistentLevel' has LevelScriptBlueprint '/Game/Maps/P_TestMap.P_TestMap:PersistentLevel.P_TestMap' with GeneratedClass '/Game/Maps/P_TestMap.P_TestMap_C' with ClassGeneratedBy '/Game/Maps/P_TestMap.P_TestMap:PersistentLevel.P_TestMap'
[2018.12.20-14.06.18:740][881]LogPlayLevel: PlayLevel: No blueprints needed recompiling
[2018.12.20-14.06.18:741][881]PIE: New page: PIE session: P_TestMap (20 Dec 2018 16:06:18)
[2018.12.20-14.06.18:741][881]LogPlayLevel: Creating play world package: /Game/Maps/UEDPIE_0_P_TestMap
[2018.12.20-14.06.18:743][881]LogPlayLevel: PIE: StaticDuplicateObject took: (0.002102s)
[2018.12.20-14.06.18:743][881]LogAIModule: Creating AISystem for world P_TestMap
[2018.12.20-14.06.18:744][881]LogPlayLevel: PIE: World Init took: (0.000638s)
[2018.12.20-14.06.18:744][881]LogPlayLevel: PIE: Created PIE world by copying editor world from /Game/Maps/P_TestMap.P_TestMap to /Game/Maps/UEDPIE_0_P_TestMap.P_TestMap (0.003072s)
[2018.12.20-14.06.18:780][881]LogInit: XAudio2 using 'Headphones (High Definition Audio Device)' : 2 channels at 48 kHz using 16 bits per sample (channel mask 0x3)
[2018.12.20-14.06.18:790][881]LogInit: FAudioDevice initialized.
[2018.12.20-14.06.18:826][881]LogLoad: Game class is 'GameModeBase'
[2018.12.20-14.06.18:828][881]LogWorld: Bringing World /Game/Maps/UEDPIE_0_P_TestMap.P_TestMap up for play (max tick rate 0) at 2018.12.20-15.06.18
[2018.12.20-14.06.18:828][881]LogWorld: Bringing up level for play took: 0.001131
[2018.12.20-14.06.18:842][881]PIE: Play in editor start time for /Game/Maps/UEDPIE_0_P_TestMap -0.566
[2018.12.20-14.06.18:842][881]LogBlueprintUserMessages: Late PlayInEditor Detection: Level '/Game/Maps/P_TestMap.P_TestMap:PersistentLevel' has LevelScriptBlueprint '/Game/Maps/P_TestMap.P_TestMap:PersistentLevel.P_TestMap' with GeneratedClass '/Game/Maps/P_TestMap.P_TestMap_C' with ClassGeneratedBy '/Game/Maps/P_TestMap.P_TestMap:PersistentLevel.P_TestMap'
[2018.12.20-14.06.24:881][601]LogBlueprintUserMessages: Early EndPlayMap Detection: Level '/Game/Maps/P_TestMap.P_TestMap:PersistentLevel' has LevelScriptBlueprint '/Game/Maps/P_TestMap.P_TestMap:PersistentLevel.P_TestMap' with GeneratedClass '/Game/Maps/P_TestMap.P_TestMap_C' with ClassGeneratedBy '/Game/Maps/P_TestMap.P_TestMap:PersistentLevel.P_TestMap'
[2018.12.20-14.06.24:881][601]LogSlate: Updating window title bar state: overlay mode, drag disabled, window buttons hidden, title bar hidden
[2018.12.20-14.06.24:917][601]LogPlayLevel: Display: Shutting down PIE online subsystems
[2018.12.20-14.06.24:917][601]LogBlueprintUserMessages: Late EndPlayMap Detection: Level '/Game/Maps/P_TestMap.P_TestMap:PersistentLevel' has LevelScriptBlueprint '/Game/Maps/P_TestMap.P_TestMap:PersistentLevel.P_TestMap' with GeneratedClass '/Game/Maps/P_TestMap.P_TestMap_C' with ClassGeneratedBy '/Game/Maps/P_TestMap.P_TestMap:PersistentLevel.P_TestMap'
[2018.12.20-14.06.24:938][601]LogSlate: Updating window title bar state: overlay mode, drag disabled, window buttons hidden, title bar hidden
[2018.12.20-14.06.24:984][605]LogPlayLevel: Display: Destroying online subsystem :Context_5
[2018.12.20-14.06.26:051][733]LogSlate: FSceneViewport::OnFocusLost() reason 0
[2018.12.20-14.06.41:770][608]LogSlate: FSceneViewport::OnFocusLost() reason 0
[2018.12.20-14.07.19:095][ 80]LogSlate: FSceneViewport::OnFocusLost() reason 0
[2018.12.20-14.07.36:205][119]BlueprintLog: New page: Compile PlayerPawn
[2018.12.20-14.07.36:379][119]Cmd: OBJ SAVEPACKAGE PACKAGE="/Game/BluePrints/PlayerPawn" FILE="../../../../../Games/MultiplayerGame/CoopGameMultiplayer/CoopGame/Content/BluePrints/PlayerPawn.uasset" SILENT=true
[2018.12.20-14.07.36:399][119]LogSavePackage: Moving '../../../../../Games/MultiplayerGame/CoopGameMultiplayer/CoopGame/Saved/PlayerPawnFC93C85049D13DB43A1BDDA7ACE75525.tmp' to '../../../../../Games/MultiplayerGame/CoopGameMultiplayer/CoopGame/Content/BluePrints/PlayerPawn.uasset'
[2018.12.20-14.07.38:638][383]Cmd: OBJ SAVEPACKAGE PACKAGE="/Game/Maps/P_TestMap" FILE="../../../../../Games/MultiplayerGame/CoopGameMultiplayer/CoopGame/Content/Maps/P_TestMap.umap" SILENT=true AUTOSAVING=false KEEPDIRTY=false
[2018.12.20-14.07.38:875][383]LogSavePackage: Moving '../../../../../Games/MultiplayerGame/CoopGameMultiplayer/CoopGame/Saved/P_TestMapF3A16FF342F4C2B664B03A83A23209CD.tmp' to '../../../../../Games/MultiplayerGame/CoopGameMultiplayer/CoopGame/Content/Maps/P_TestMap.umap'
[2018.12.20-14.07.38:891][383]Cmd: OBJ SAVEPACKAGE PACKAGE="/Game/Maps/P_TestMap_BuiltData" FILE="../../../../../Games/MultiplayerGame/CoopGameMultiplayer/CoopGame/Content/Maps/P_TestMap_BuiltData.uasset" SILENT=true
[2018.12.20-14.07.38:904][383]LogSavePackage: Moving '../../../../../Games/MultiplayerGame/CoopGameMultiplayer/CoopGame/Saved/P_TestMap_BuiltData1FB51B5B49C718DC04F2E5A75C743168.tmp' to '../../../../../Games/MultiplayerGame/CoopGameMultiplayer/CoopGame/Content/Maps/P_TestMap_BuiltData.uasset'
[2018.12.20-14.07.39:866][497]LogTemp: Repeating last play command: Selected Viewport
[2018.12.20-14.07.39:877][497]LogBlueprintUserMessages: Early PlayInEditor Detection: Level '/Game/Maps/P_TestMap.P_TestMap:PersistentLevel' has LevelScriptBlueprint '/Game/Maps/P_TestMap.P_TestMap:PersistentLevel.P_TestMap' with GeneratedClass '/Game/Maps/P_TestMap.P_TestMap_C' with ClassGeneratedBy '/Game/Maps/P_TestMap.P_TestMap:PersistentLevel.P_TestMap'
[2018.12.20-14.07.39:878][497]LogPlayLevel: PlayLevel: No blueprints needed recompiling
[2018.12.20-14.07.39:878][497]PIE: New page: PIE session: P_TestMap (20 Dec 2018 16:07:39)
[2018.12.20-14.07.39:878][497]LogPlayLevel: Creating play world package: /Game/Maps/UEDPIE_0_P_TestMap
[2018.12.20-14.07.39:881][497]LogPlayLevel: PIE: StaticDuplicateObject took: (0.002513s)
[2018.12.20-14.07.39:881][497]LogAIModule: Creating AISystem for world P_TestMap
[2018.12.20-14.07.39:881][497]LogPlayLevel: PIE: World Init took: (0.000610s)
[2018.12.20-14.07.39:882][497]LogPlayLevel: PIE: Created PIE world by copying editor world from /Game/Maps/P_TestMap.P_TestMap to /Game/Maps/UEDPIE_0_P_TestMap.P_TestMap (0.003608s)
[2018.12.20-14.07.39:915][497]LogInit: XAudio2 using 'Headphones (High Definition Audio Device)' : 2 channels at 48 kHz using 16 bits per sample (channel mask 0x3)
[2018.12.20-14.07.39:924][497]LogInit: FAudioDevice initialized.
[2018.12.20-14.07.39:957][497]LogLoad: Game class is 'GameModeBase'
[2018.12.20-14.07.39:959][497]LogWorld: Bringing World /Game/Maps/UEDPIE_0_P_TestMap.P_TestMap up for play (max tick rate 0) at 2018.12.20-15.07.39
[2018.12.20-14.07.39:959][497]LogWorld: Bringing up level for play took: 0.001063
[2018.12.20-14.07.39:973][497]PIE: Play in editor start time for /Game/Maps/UEDPIE_0_P_TestMap 0.564
[2018.12.20-14.07.39:974][497]LogBlueprintUserMessages: Late PlayInEditor Detection: Level '/Game/Maps/P_TestMap.P_TestMap:PersistentLevel' has LevelScriptBlueprint '/Game/Maps/P_TestMap.P_TestMap:PersistentLevel.P_TestMap' with GeneratedClass '/Game/Maps/P_TestMap.P_TestMap_C' with ClassGeneratedBy '/Game/Maps/P_TestMap.P_TestMap:PersistentLevel.P_TestMap'
[2018.12.20-14.07.48:958][573]LogBlueprintUserMessages: Early EndPlayMap Detection: Level '/Game/Maps/P_TestMap.P_TestMap:PersistentLevel' has LevelScriptBlueprint '/Game/Maps/P_TestMap.P_TestMap:PersistentLevel.P_TestMap' with GeneratedClass '/Game/Maps/P_TestMap.P_TestMap_C' with ClassGeneratedBy '/Game/Maps/P_TestMap.P_TestMap:PersistentLevel.P_TestMap'
[2018.12.20-14.07.48:958][573]LogSlate: Updating window title bar state: overlay mode, drag disabled, window buttons hidden, title bar hidden
[2018.12.20-14.07.48:994][573]LogPlayLevel: Display: Shutting down PIE online subsystems
[2018.12.20-14.07.48:994][573]LogBlueprintUserMessages: Late EndPlayMap Detection: Level '/Game/Maps/P_TestMap.P_TestMap:PersistentLevel' has LevelScriptBlueprint '/Game/Maps/P_TestMap.P_TestMap:PersistentLevel.P_TestMap' with GeneratedClass '/Game/Maps/P_TestMap.P_TestMap_C' with ClassGeneratedBy '/Game/Maps/P_TestMap.P_TestMap:PersistentLevel.P_TestMap'
[2018.12.20-14.07.49:019][573]LogSlate: Updating window title bar state: overlay mode, drag disabled, window buttons hidden, title bar hidden
[2018.12.20-14.07.49:063][577]LogPlayLevel: Display: Destroying online subsystem :Context_6
[2018.12.20-14.07.50:572][758]LogSlate: FSceneViewport::OnFocusLost() reason 0
[2018.12.20-14.07.50:680][771]LogTemp: Repeating last play command: Selected Viewport
[2018.12.20-14.07.50:687][771]LogBlueprintUserMessages: Early PlayInEditor Detection: Level '/Game/Maps/P_TestMap.P_TestMap:PersistentLevel' has LevelScriptBlueprint '/Game/Maps/P_TestMap.P_TestMap:PersistentLevel.P_TestMap' with GeneratedClass '/Game/Maps/P_TestMap.P_TestMap_C' with ClassGeneratedBy '/Game/Maps/P_TestMap.P_TestMap:PersistentLevel.P_TestMap'
[2018.12.20-14.07.50:687][771]LogPlayLevel: PlayLevel: No blueprints needed recompiling
[2018.12.20-14.07.50:688][771]PIE: New page: PIE session: P_TestMap (20 Dec 2018 16:07:50)
[2018.12.20-14.07.50:688][771]LogPlayLevel: Creating play world package: /Game/Maps/UEDPIE_0_P_TestMap
[2018.12.20-14.07.50:690][771]LogPlayLevel: PIE: StaticDuplicateObject took: (0.002108s)
[2018.12.20-14.07.50:691][771]LogAIModule: Creating AISystem for world P_TestMap
[2018.12.20-14.07.50:691][771]LogPlayLevel: PIE: World Init took: (0.000807s)
[2018.12.20-14.07.50:691][771]LogPlayLevel: PIE: Created PIE world by copying editor world from /Game/Maps/P_TestMap.P_TestMap to /Game/Maps/UEDPIE_0_P_TestMap.P_TestMap (0.003264s)
[2018.12.20-14.07.50:730][771]LogInit: XAudio2 using 'Headphones (High Definition Audio Device)' : 2 channels at 48 kHz using 16 bits per sample (channel mask 0x3)
[2018.12.20-14.07.50:739][771]LogInit: FAudioDevice initialized.
[2018.12.20-14.07.50:771][771]LogLoad: Game class is 'GameModeBase'
[2018.12.20-14.07.50:773][771]LogWorld: Bringing World /Game/Maps/UEDPIE_0_P_TestMap.P_TestMap up for play (max tick rate 0) at 2018.12.20-15.07.50
[2018.12.20-14.07.50:773][771]LogWorld: Bringing up level for play took: 0.001059
[2018.12.20-14.07.50:786][771]PIE: Play in editor start time for /Game/Maps/UEDPIE_0_P_TestMap -0.623
[2018.12.20-14.07.50:786][771]LogBlueprintUserMessages: Late PlayInEditor Detection: Level '/Game/Maps/P_TestMap.P_TestMap:PersistentLevel' has LevelScriptBlueprint '/Game/Maps/P_TestMap.P_TestMap:PersistentLevel.P_TestMap' with GeneratedClass '/Game/Maps/P_TestMap.P_TestMap_C' with ClassGeneratedBy '/Game/Maps/P_TestMap.P_TestMap:PersistentLevel.P_TestMap'
[2018.12.20-14.07.58:227][662]LogBlueprintUserMessages: Early EndPlayMap Detection: Level '/Game/Maps/P_TestMap.P_TestMap:PersistentLevel' has LevelScriptBlueprint '/Game/Maps/P_TestMap.P_TestMap:PersistentLevel.P_TestMap' with GeneratedClass '/Game/Maps/P_TestMap.P_TestMap_C' with ClassGeneratedBy '/Game/Maps/P_TestMap.P_TestMap:PersistentLevel.P_TestMap'
[2018.12.20-14.07.58:228][662]LogSlate: Updating window title bar state: overlay mode, drag disabled, window buttons hidden, title bar hidden
[2018.12.20-14.07.58:268][662]LogPlayLevel: Display: Shutting down PIE online subsystems
[2018.12.20-14.07.58:268][662]LogBlueprintUserMessages: Late EndPlayMap Detection: Level '/Game/Maps/P_TestMap.P_TestMap:PersistentLevel' has LevelScriptBlueprint '/Game/Maps/P_TestMap.P_TestMap:PersistentLevel.P_TestMap' with GeneratedClass '/Game/Maps/P_TestMap.P_TestMap_C' with ClassGeneratedBy '/Game/Maps/P_TestMap.P_TestMap:PersistentLevel.P_TestMap'
[2018.12.20-14.07.58:290][662]LogSlate: Updating window title bar state: overlay mode, drag disabled, window buttons hidden, title bar hidden
[2018.12.20-14.07.58:329][666]LogPlayLevel: Display: Destroying online subsystem :Context_7
[2018.12.20-14.08.02:042][811]LogSlate: FSceneViewport::OnFocusLost() reason 0
[2018.12.20-14.08.11:490][372]Cmd: OBJ SAVEPACKAGE PACKAGE="/Game/Maps/P_TestMap" FILE="../../../../../Games/MultiplayerGame/CoopGameMultiplayer/CoopGame/Content/Maps/P_TestMap.umap" SILENT=true AUTOSAVING=false KEEPDIRTY=false
[2018.12.20-14.08.11:617][372]LogSavePackage: Moving '../../../../../Games/MultiplayerGame/CoopGameMultiplayer/CoopGame/Saved/P_TestMapFE57FA2B48ACB3F398EE039DE582C1C2.tmp' to '../../../../../Games/MultiplayerGame/CoopGameMultiplayer/CoopGame/Content/Maps/P_TestMap.umap'
[2018.12.20-14.08.11:633][372]Cmd: OBJ SAVEPACKAGE PACKAGE="/Game/Maps/P_TestMap_BuiltData" FILE="../../../../../Games/MultiplayerGame/CoopGameMultiplayer/CoopGame/Content/Maps/P_TestMap_BuiltData.uasset" SILENT=true
[2018.12.20-14.08.11:641][372]LogSavePackage: Moving '../../../../../Games/MultiplayerGame/CoopGameMultiplayer/CoopGame/Saved/P_TestMap_BuiltDataDF6ECD5B4F4E4CE870449592F0B00FC9.tmp' to '../../../../../Games/MultiplayerGame/CoopGameMultiplayer/CoopGame/Content/Maps/P_TestMap_BuiltData.uasset'
