Log file open, 12/20/18 16:28:20
LogWindows: Failed to load 'aqProf.dll' (GetLastError=126)
LogWindows: File 'aqProf.dll' does not exist
LogWindows: Failed to load 'VtuneApi.dll' (GetLastError=126)
LogWindows: File 'VtuneApi.dll' does not exist
LogWindows: Failed to load 'VtuneApi32e.dll' (GetLastError=126)
LogWindows: File 'VtuneApi32e.dll' does not exist
LogConsoleResponse: Display: Failed to find resolution value strings in scalability ini. Falling back to default.
LogInit: Display: Running engine for game: CoopGame
LogPakFile: Registered encryption key '00000000000000000000000000000000': 0 pak files mounted, 0 remain pending
LogPlatformFile: Not using cached read wrapper
LogTaskGraph: Started task graph with 5 named threads and 35 total threads with 3 sets of task threads.
LogStats: Stats thread started at 0.500069
LogD3D11RHI: Loaded GFSDK_Aftermath_Lib.x64.dll
LogICUInternationalization: ICU TimeZone Detection - Raw Offset: +1:00, Platform Override: ''
LogPluginManager: Mounting plugin Paper2D
LogPluginManager: Mounting plugin AISupport
LogPluginManager: Mounting plugin LightPropagationVolume
LogPluginManager: Mounting plugin ActorLayerUtilities
LogPluginManager: Mounting plugin CLionSourceCodeAccess
LogPluginManager: Mounting plugin CodeLiteSourceCodeAccess
LogPluginManager: Mounting plugin GitSourceControl
LogPluginManager: Mounting plugin KDevelopSourceCodeAccess
LogPluginManager: Mounting plugin NullSourceCodeAccess
LogPluginManager: Mounting plugin PerforceSourceControl
LogPluginManager: Mounting plugin SubversionSourceControl
LogPluginManager: Mounting plugin UObjectPlugin
LogPluginManager: Mounting plugin VisualStudioCodeSourceCodeAccess
LogPluginManager: Mounting plugin VisualStudioSourceCodeAccess
LogPluginManager: Mounting plugin XCodeSourceCodeAccess
LogPluginManager: Mounting plugin AssetManagerEditor
LogPluginManager: Mounting plugin CryptoKeys
LogPluginManager: Mounting plugin DataValidation
LogPluginManager: Mounting plugin FacialAnimation
LogPluginManager: Mounting plugin GameplayTagsEditor
LogPluginManager: Mounting plugin MacGraphicsSwitching
LogPluginManager: Mounting plugin MeshEditor
LogPluginManager: Mounting plugin MobileLauncherProfileWizard
LogPluginManager: Mounting plugin PluginBrowser
LogPluginManager: Mounting plugin SpeedTreeImporter
LogPluginManager: Mounting plugin DatasmithContent
LogPluginManager: Mounting plugin VariantManagerContent
LogPluginManager: Mounting plugin AlembicImporter
LogPluginManager: Mounting plugin AppleImageUtils
LogPluginManager: Mounting plugin AppleVision
LogPluginManager: Mounting plugin BackChannel
LogPluginManager: Mounting plugin CharacterAI
LogPluginManager: Mounting plugin GeometryCache
LogPluginManager: Mounting plugin HTML5Networking
LogPluginManager: Mounting plugin ProxyLODPlugin
LogPluginManager: Mounting plugin MagicLeap
LogPluginManager: Mounting plugin MagicLeapMedia
LogPluginManager: Mounting plugin AndroidMedia
LogPluginManager: Mounting plugin AvfMedia
LogPluginManager: Mounting plugin ImgMedia
LogPluginManager: Mounting plugin LinearTimecode
LogPluginManager: Mounting plugin MediaCompositing
LogPluginManager: Mounting plugin MediaPlayerEditor
LogPluginManager: Mounting plugin WebMMedia
LogPluginManager: Mounting plugin WmfMedia
LogPluginManager: Mounting plugin TcpMessaging
LogPluginManager: Mounting plugin UdpMessaging
LogPluginManager: Mounting plugin ActorSequence
LogPluginManager: Mounting plugin LevelSequenceEditor
LogPluginManager: Mounting plugin MatineeToLevelSequence
LogPluginManager: Mounting plugin NetcodeUnitTest
LogPluginManager: Mounting plugin NUTUnrealEngine4
LogPluginManager: Mounting plugin OnlineSubsystemGooglePlay
LogPluginManager: Mounting plugin OnlineSubsystemIOS
LogPluginManager: Mounting plugin OnlineSubsystem
LogPluginManager: Mounting plugin OnlineSubsystemNull
LogPluginManager: Mounting plugin OnlineSubsystemUtils
LogPluginManager: Mounting plugin LauncherChunkInstaller
LogPluginManager: Mounting plugin AndroidDeviceProfileSelector
LogPluginManager: Mounting plugin AndroidMoviePlayer
LogPluginManager: Mounting plugin AndroidPermission
LogPluginManager: Mounting plugin AppleMoviePlayer
LogPluginManager: Mounting plugin ArchVisCharacter
LogPluginManager: Mounting plugin AudioCapture
LogPluginManager: Mounting plugin CableComponent
LogPluginManager: Mounting plugin CustomMeshComponent
LogPluginManager: Mounting plugin EditableMesh
LogPluginManager: Mounting plugin ExampleDeviceProfileSelector
LogPluginManager: Mounting plugin Firebase
LogPluginManager: Mounting plugin GoogleCloudMessaging
LogPluginManager: Mounting plugin IOSDeviceProfileSelector
LogPluginManager: Mounting plugin LinuxDeviceProfileSelector
LogPluginManager: Mounting plugin LocationServicesBPLibrary
LogPluginManager: Mounting plugin MobilePatchingUtils
LogPluginManager: Mounting plugin OculusVR
LogPluginManager: Mounting plugin PhysXVehicles
LogPluginManager: Mounting plugin ProceduralMeshComponent
LogPluginManager: Mounting plugin RuntimePhysXCooking
LogPluginManager: Mounting plugin SteamVR
LogPluginManager: Mounting plugin WebMMoviePlayer
LogPluginManager: Mounting plugin WindowsMoviePlayer
LogStreaming: Display: Took  0.102s to configure plugins.
LogInit: Using libcurl 7.55.1-DEV
LogInit:  - built for x86_64-pc-win32
LogInit:  - supports SSL with OpenSSL/1.0.2h
LogInit:  - supports HTTP deflate (compression) using libz 1.2.8
LogInit:  - other features:
LogInit:      CURL_VERSION_SSL
LogInit:      CURL_VERSION_LIBZ
LogInit:      CURL_VERSION_IPV6
LogInit:      CURL_VERSION_ASYNCHDNS
LogInit:      CURL_VERSION_LARGEFILE
LogInit:      CURL_VERSION_IDN
LogInit:  CurlRequestOptions (configurable via config and command line):
LogInit:  - bVerifyPeer = true  - Libcurl will verify peer certificate
LogInit:  - bUseHttpProxy = false  - Libcurl will NOT use HTTP proxy
LogInit:  - bDontReuseConnections = false  - Libcurl will reuse connections
LogInit:  - MaxHostConnections = 16  - Libcurl will limit the number of connections to a host
LogInit:  - LocalHostAddr = Default
LogInit:  - BufferSize = 65536
LogInit: WinSock: version 1.1 (2.2), MaxSocks=32767, MaxUdp=65467
LogInit: Build: ++UE4+Release-4.21-CL-4613538
LogInit: Engine Version: 4.21.1-4613538+++UE4+Release-4.21
LogInit: Compatible Engine Version: 4.21.0-4541578+++UE4+Release-4.21
LogInit: Net CL: 4541578
LogInit: OS: Windows 10 (), CPU: Intel(R) Core(TM) i7-8700 CPU @ 3.20GHz, GPU: NVIDIA GeForce GTX 1050 Ti
LogInit: Compiled (64-bit): Nov 30 2018 04:13:25
LogInit: Compiled with Visual C++: 19.13.26129.00
LogInit: Build Configuration: Development
LogInit: Branch Name: ++UE4+Release-4.21
LogInit: Command Line:  -skipcompile
LogInit: Base Directory: D:/UnrealEngine/Engine/UE_4.21/Engine/Binaries/Win64/
LogInit: Installed Engine Build: 1
LogDevObjectVersion: Number of dev versions registered: 22
LogDevObjectVersion:   Dev-Blueprints (B0D832E4-1F89-4F0D-ACCF-7EB736FD4AA2): 10
LogDevObjectVersion:   Dev-Build (E1C64328-A22C-4D53-A36C-8E866417BD8C): 0
LogDevObjectVersion:   Dev-Core (375EC13C-06E4-48FB-B500-84F0262A717E): 2
LogDevObjectVersion:   Dev-Editor (E4B068ED-F494-42E9-A231-DA0B2E46BB41): 26
LogDevObjectVersion:   Dev-Framework (CFFC743F-43B0-4480-9391-14DF171D2073): 34
LogDevObjectVersion:   Dev-Mobile (B02B49B5-BB20-44E9-A304-32B752E40360): 2
LogDevObjectVersion:   Dev-Networking (A4E4105C-59A1-49B5-A7C5-40C4547EDFEE): 0
LogDevObjectVersion:   Dev-Online (39C831C9-5AE6-47DC-9A44-9C173E1C8E7C): 0
LogDevObjectVersion:   Dev-Physics (78F01B33-EBEA-4F98-B9B4-84EACCB95AA2): 0
LogDevObjectVersion:   Dev-Platform (6631380F-2D4D-43E0-8009-CF276956A95A): 0
LogDevObjectVersion:   Dev-Rendering (12F88B9F-8875-4AFC-A67C-D90C383ABD29): 27
LogDevObjectVersion:   Dev-Sequencer (7B5AE74C-D270-4C10-A958-57980B212A5A): 9
LogDevObjectVersion:   Dev-VR (D7296918-1DD6-4BDD-9DE2-64A83CC13884): 2
LogDevObjectVersion:   Dev-LoadTimes (C2A15278-BFE7-4AFE-6C17-90FF531DF755): 1
LogDevObjectVersion:   Private-Geometry (6EACA3D4-40EC-4CC1-B786-8BED09428FC5): 3
LogDevObjectVersion:   Dev-AnimPhys (29E575DD-E0A3-4627-9D10-D276232CDCEA): 17
LogDevObjectVersion:   Dev-Anim (AF43A65D-7FD3-4947-9873-3E8ED9C1BB05): 2
LogDevObjectVersion:   Dev-ReflectionCapture (6B266CEC-1EC7-4B8F-A30B-E4D90942FC07): 1
LogDevObjectVersion:   Dev-Automation (0DF73D61-A23F-47EA-B727-89E90C41499A): 1
LogDevObjectVersion:   FortniteMain (601D1886-AC64-4F84-AA16-D3DE0DEAC7D6): 17
LogDevObjectVersion:   Dev-Enterprise (9DFFBCD6-494F-0158-E221-12823C92A888): 4
LogDevObjectVersion:   Dev-Niagara (F2AED0AC-9AFE-416F-8664-AA7FFA26D6FC): 1
LogStreaming: Display: Took  0.002s to delete old logs.
LogInit: Presizing for max 8388607 objects, including 0 objects not considered by GC, pre-allocating 0 bytes for permanent pool.
LogInit: Object subsystem initialized
LogConfig: Setting CVar [[con.DebugEarlyDefault:1]]
LogConfig: Setting CVar [[r.setres:1280x720]]
[2018.12.20-15.28.21:253][  0]LogConfig: Setting CVar [[r.VSync:0]]
[2018.12.20-15.28.21:253][  0]LogConfig: Setting CVar [[r.RHICmdBypass:0]]
[2018.12.20-15.28.21:253][  0]LogConfig: Applying CVar settings from Section [/Script/Engine.RendererSettings] File [D:/UnrealEngine/Games/MultiplayerGame/CoopGameMultiplayer/CoopGame/Saved/Config/Windows/Engine.ini]
[2018.12.20-15.28.21:253][  0]LogConfig: Setting CVar [[r.GPUCrashDebugging:0]]
[2018.12.20-15.28.21:253][  0]LogConfig: Applying CVar settings from Section [/Script/Engine.RendererOverrideSettings] File [D:/UnrealEngine/Games/MultiplayerGame/CoopGameMultiplayer/CoopGame/Saved/Config/Windows/Engine.ini]
[2018.12.20-15.28.21:253][  0]LogConfig: Applying CVar settings from Section [/Script/Engine.StreamingSettings] File [D:/UnrealEngine/Games/MultiplayerGame/CoopGameMultiplayer/CoopGame/Saved/Config/Windows/Engine.ini]
[2018.12.20-15.28.21:253][  0]LogConfig: Setting CVar [[s.MinBulkDataSizeForAsyncLoading:131072]]
[2018.12.20-15.28.21:253][  0]LogConfig: Setting CVar [[s.AsyncLoadingThreadEnabled:0]]
[2018.12.20-15.28.21:253][  0]LogConfig: Setting CVar [[s.EventDrivenLoaderEnabled:1]]
[2018.12.20-15.28.21:253][  0]LogConfig: Setting CVar [[s.WarnIfTimeLimitExceeded:0]]
[2018.12.20-15.28.21:253][  0]LogConfig: Setting CVar [[s.TimeLimitExceededMultiplier:1.5]]
[2018.12.20-15.28.21:254][  0]LogConfig: Setting CVar [[s.TimeLimitExceededMinTime:0.005]]
[2018.12.20-15.28.21:254][  0]LogConfig: Setting CVar [[s.UseBackgroundLevelStreaming:1]]
[2018.12.20-15.28.21:254][  0]LogConfig: Setting CVar [[s.PriorityAsyncLoadingExtraTime:15.0]]
[2018.12.20-15.28.21:254][  0]LogConfig: Setting CVar [[s.LevelStreamingActorsUpdateTimeLimit:5.0]]
[2018.12.20-15.28.21:254][  0]LogConfig: Setting CVar [[s.PriorityLevelStreamingActorsUpdateExtraTime:5.0]]
[2018.12.20-15.28.21:254][  0]LogConfig: Setting CVar [[s.LevelStreamingComponentsRegistrationGranularity:10]]
[2018.12.20-15.28.21:254][  0]LogConfig: Setting CVar [[s.UnregisterComponentsTimeLimit:1.0]]
[2018.12.20-15.28.21:254][  0]LogConfig: Setting CVar [[s.LevelStreamingComponentsUnregistrationGranularity:5]]
[2018.12.20-15.28.21:254][  0]LogConfig: Applying CVar settings from Section [/Script/Engine.GarbageCollectionSettings] File [D:/UnrealEngine/Games/MultiplayerGame/CoopGameMultiplayer/CoopGame/Saved/Config/Windows/Engine.ini]
[2018.12.20-15.28.21:254][  0]LogConfig: Setting CVar [[gc.MaxObjectsNotConsideredByGC:1]]
[2018.12.20-15.28.21:254][  0]LogConfig: Setting CVar [[gc.SizeOfPermanentObjectPool:0]]
[2018.12.20-15.28.21:254][  0]LogConfig: Setting CVar [[gc.FlushStreamingOnGC:0]]
[2018.12.20-15.28.21:254][  0]LogConfig: Setting CVar [[gc.NumRetriesBeforeForcingGC:10]]
[2018.12.20-15.28.21:254][  0]LogConfig: Setting CVar [[gc.AllowParallelGC:1]]
[2018.12.20-15.28.21:254][  0]LogConfig: Setting CVar [[gc.TimeBetweenPurgingPendingKillObjects:61.1]]
[2018.12.20-15.28.21:255][  0]LogConfig: Setting CVar [[gc.MaxObjectsInEditor:8388607]]
[2018.12.20-15.28.21:255][  0]LogConfig: Setting CVar [[gc.IncrementalBeginDestroyEnabled:1]]
[2018.12.20-15.28.21:255][  0]LogConfig: Setting CVar [[gc.CreateGCClusters:1]]
[2018.12.20-15.28.21:255][  0]LogConfig: Setting CVar [[gc.MergeGCClusters:0]]
[2018.12.20-15.28.21:255][  0]LogConfig: Setting CVar [[gc.MinGCClusterSize:5]]
[2018.12.20-15.28.21:255][  0]LogConfig: Setting CVar [[gc.ActorClusteringEnabled:0]]
[2018.12.20-15.28.21:255][  0]LogConfig: Setting CVar [[gc.BlueprintClusteringEnabled:0]]
[2018.12.20-15.28.21:255][  0]LogConfig: Setting CVar [[gc.UseDisregardForGCOnDedicatedServers:0]]
[2018.12.20-15.28.21:255][  0]LogConfig: Applying CVar settings from Section [/Script/Engine.NetworkSettings] File [D:/UnrealEngine/Games/MultiplayerGame/CoopGameMultiplayer/CoopGame/Saved/Config/Windows/Engine.ini]
[2018.12.20-15.28.21:255][  0]LogConfig: Applying CVar settings from Section [/Script/UnrealEd.CookerSettings] File [D:/UnrealEngine/Games/MultiplayerGame/CoopGameMultiplayer/CoopGame/Saved/Config/Windows/Engine.ini]
[2018.12.20-15.28.21:272][  0]LogConfig: Applying CVar settings from Section [ViewDistanceQuality@3] File [D:/UnrealEngine/Games/MultiplayerGame/CoopGameMultiplayer/CoopGame/Saved/Config/Windows/Scalability.ini]
[2018.12.20-15.28.21:273][  0]LogConfig: Setting CVar [[r.SkeletalMeshLODBias:0]]
[2018.12.20-15.28.21:273][  0]LogConfig: Setting CVar [[r.ViewDistanceScale:1.0]]
[2018.12.20-15.28.21:273][  0]LogConfig: Applying CVar settings from Section [AntiAliasingQuality@3] File [D:/UnrealEngine/Games/MultiplayerGame/CoopGameMultiplayer/CoopGame/Saved/Config/Windows/Scalability.ini]
[2018.12.20-15.28.21:273][  0]LogConfig: Setting CVar [[r.PostProcessAAQuality:4]]
[2018.12.20-15.28.21:273][  0]LogConfig: Applying CVar settings from Section [ShadowQuality@3] File [D:/UnrealEngine/Games/MultiplayerGame/CoopGameMultiplayer/CoopGame/Saved/Config/Windows/Scalability.ini]
[2018.12.20-15.28.21:273][  0]LogConfig: Setting CVar [[r.LightFunctionQuality:1]]
[2018.12.20-15.28.21:273][  0]LogConfig: Setting CVar [[r.ShadowQuality:5]]
[2018.12.20-15.28.21:273][  0]LogConfig: Setting CVar [[r.Shadow.CSM.MaxCascades:10]]
[2018.12.20-15.28.21:273][  0]LogConfig: Setting CVar [[r.Shadow.MaxResolution:2048]]
[2018.12.20-15.28.21:273][  0]LogConfig: Setting CVar [[r.Shadow.MaxCSMResolution:2048]]
[2018.12.20-15.28.21:273][  0]LogConfig: Setting CVar [[r.Shadow.RadiusThreshold:0.01]]
[2018.12.20-15.28.21:273][  0]LogConfig: Setting CVar [[r.Shadow.DistanceScale:1.0]]
[2018.12.20-15.28.21:273][  0]LogConfig: Setting CVar [[r.Shadow.CSM.TransitionScale:1.0]]
[2018.12.20-15.28.21:273][  0]LogConfig: Setting CVar [[r.Shadow.PreShadowResolutionFactor:1.0]]
[2018.12.20-15.28.21:274][  0]LogConfig: Setting CVar [[r.DistanceFieldShadowing:1]]
[2018.12.20-15.28.21:274][  0]LogConfig: Setting CVar [[r.DistanceFieldAO:1]]
[2018.12.20-15.28.21:274][  0]LogConfig: Setting CVar [[r.AOQuality:2]]
[2018.12.20-15.28.21:274][  0]LogConfig: Setting CVar [[r.VolumetricFog:1]]
[2018.12.20-15.28.21:274][  0]LogConfig: Setting CVar [[r.VolumetricFog.GridPixelSize:8]]
[2018.12.20-15.28.21:274][  0]LogConfig: Setting CVar [[r.VolumetricFog.GridSizeZ:128]]
[2018.12.20-15.28.21:274][  0]LogConfig: Setting CVar [[r.VolumetricFog.HistoryMissSupersampleCount:4]]
[2018.12.20-15.28.21:274][  0]LogConfig: Setting CVar [[r.LightMaxDrawDistanceScale:1]]
[2018.12.20-15.28.21:274][  0]LogConfig: Setting CVar [[r.CapsuleShadows:1]]
[2018.12.20-15.28.21:274][  0]LogConfig: Applying CVar settings from Section [PostProcessQuality@3] File [D:/UnrealEngine/Games/MultiplayerGame/CoopGameMultiplayer/CoopGame/Saved/Config/Windows/Scalability.ini]
[2018.12.20-15.28.21:274][  0]LogConfig: Setting CVar [[r.MotionBlurQuality:4]]
[2018.12.20-15.28.21:274][  0]LogConfig: Setting CVar [[r.AmbientOcclusionMipLevelFactor:0.4]]
[2018.12.20-15.28.21:274][  0]LogConfig: Setting CVar [[r.AmbientOcclusionMaxQuality:100]]
[2018.12.20-15.28.21:275][  0]LogConfig: Setting CVar [[r.AmbientOcclusionLevels:-1]]
[2018.12.20-15.28.21:275][  0]LogConfig: Setting CVar [[r.AmbientOcclusionRadiusScale:1.0]]
[2018.12.20-15.28.21:275][  0]LogConfig: Setting CVar [[r.DepthOfFieldQuality:2]]
[2018.12.20-15.28.21:275][  0]LogConfig: Setting CVar [[r.RenderTargetPoolMin:400]]
[2018.12.20-15.28.21:275][  0]LogConfig: Setting CVar [[r.LensFlareQuality:2]]
[2018.12.20-15.28.21:275][  0]LogConfig: Setting CVar [[r.SceneColorFringeQuality:1]]
[2018.12.20-15.28.21:275][  0]LogConfig: Setting CVar [[r.EyeAdaptationQuality:2]]
[2018.12.20-15.28.21:275][  0]LogConfig: Setting CVar [[r.BloomQuality:5]]
[2018.12.20-15.28.21:275][  0]LogConfig: Setting CVar [[r.FastBlurThreshold:100]]
[2018.12.20-15.28.21:275][  0]LogConfig: Setting CVar [[r.Upscale.Quality:3]]
[2018.12.20-15.28.21:275][  0]LogConfig: Setting CVar [[r.Tonemapper.GrainQuantization:1]]
[2018.12.20-15.28.21:275][  0]LogConfig: Setting CVar [[r.LightShaftQuality:1]]
[2018.12.20-15.28.21:275][  0]LogConfig: Setting CVar [[r.Filter.SizeScale:1]]
[2018.12.20-15.28.21:275][  0]LogConfig: Setting CVar [[r.Tonemapper.Quality:5]]
[2018.12.20-15.28.21:275][  0]LogConfig: Setting CVar [[r.DOF.Gather.AccumulatorQuality:1        ; higher gathering accumulator quality]]
[2018.12.20-15.28.21:276][  0]LogConfig: Setting CVar [[r.DOF.Gather.PostfilterMethod:1          ; Median3x3 postfilering method]]
[2018.12.20-15.28.21:276][  0]LogConfig: Setting CVar [[r.DOF.Gather.EnableBokehSettings:0       ; no bokeh simulation when gathering]]
[2018.12.20-15.28.21:276][  0]LogConfig: Setting CVar [[r.DOF.Gather.RingCount:4                 ; medium number of samples when gathering]]
[2018.12.20-15.28.21:276][  0]LogConfig: Setting CVar [[r.DOF.Scatter.ForegroundCompositing:1    ; additive foreground scattering]]
[2018.12.20-15.28.21:276][  0]LogConfig: Setting CVar [[r.DOF.Scatter.BackgroundCompositing:2    ; additive background scattering]]
[2018.12.20-15.28.21:276][  0]LogConfig: Setting CVar [[r.DOF.Scatter.EnableBokehSettings:1      ; bokeh simulation when scattering]]
[2018.12.20-15.28.21:276][  0]LogConfig: Setting CVar [[r.DOF.Scatter.MaxSpriteRatio:0.1         ; only a maximum of 10% of scattered bokeh]]
[2018.12.20-15.28.21:276][  0]LogConfig: Setting CVar [[r.DOF.Recombine.Quality:1                ; cheap slight out of focus]]
[2018.12.20-15.28.21:276][  0]LogConfig: Setting CVar [[r.DOF.Recombine.EnableBokehSettings:0    ; no bokeh simulation on slight out of focus]]
[2018.12.20-15.28.21:276][  0]LogConfig: Setting CVar [[r.DOF.TemporalAAQuality:1                ; more stable temporal accumulation]]
[2018.12.20-15.28.21:276][  0]LogConfig: Setting CVar [[r.DOF.Kernel.MaxForegroundRadius:0.025]]
[2018.12.20-15.28.21:276][  0]LogConfig: Setting CVar [[r.DOF.Kernel.MaxBackgroundRadius:0.025]]
[2018.12.20-15.28.21:276][  0]LogConfig: Applying CVar settings from Section [TextureQuality@3] File [D:/UnrealEngine/Games/MultiplayerGame/CoopGameMultiplayer/CoopGame/Saved/Config/Windows/Scalability.ini]
[2018.12.20-15.28.21:276][  0]LogConfig: Setting CVar [[r.Streaming.MipBias:0]]
[2018.12.20-15.28.21:277][  0]LogConfig: Setting CVar [[r.Streaming.AmortizeCPUToGPUCopy:0]]
[2018.12.20-15.28.21:277][  0]LogConfig: Setting CVar [[r.Streaming.MaxNumTexturesToStreamPerFrame:0]]
[2018.12.20-15.28.21:277][  0]LogConfig: Setting CVar [[r.Streaming.Boost:1]]
[2018.12.20-15.28.21:277][  0]LogConfig: Setting CVar [[r.MaxAnisotropy:8]]
[2018.12.20-15.28.21:277][  0]LogConfig: Setting CVar [[r.Streaming.LimitPoolSizeToVRAM:0]]
[2018.12.20-15.28.21:277][  0]LogConfig: Setting CVar [[r.Streaming.PoolSize:1000]]
[2018.12.20-15.28.21:277][  0]LogConfig: Setting CVar [[r.Streaming.MaxEffectiveScreenSize:0]]
[2018.12.20-15.28.21:277][  0]LogConfig: Applying CVar settings from Section [EffectsQuality@3] File [D:/UnrealEngine/Games/MultiplayerGame/CoopGameMultiplayer/CoopGame/Saved/Config/Windows/Scalability.ini]
[2018.12.20-15.28.21:277][  0]LogConfig: Setting CVar [[r.TranslucencyLightingVolumeDim:64]]
[2018.12.20-15.28.21:277][  0]LogConfig: Setting CVar [[r.RefractionQuality:2]]
[2018.12.20-15.28.21:277][  0]LogConfig: Setting CVar [[r.SSR.Quality:3]]
[2018.12.20-15.28.21:277][  0]LogConfig: Setting CVar [[r.SceneColorFormat:4]]
[2018.12.20-15.28.21:277][  0]LogConfig: Setting CVar [[r.DetailMode:2]]
[2018.12.20-15.28.21:277][  0]LogConfig: Setting CVar [[r.TranslucencyVolumeBlur:1]]
[2018.12.20-15.28.21:277][  0]LogConfig: Setting CVar [[r.MaterialQualityLevel:1 ; High quality]]
[2018.12.20-15.28.21:278][  0]LogConfig: Setting CVar [[r.SSS.Scale:1]]
[2018.12.20-15.28.21:278][  0]LogConfig: Setting CVar [[r.SSS.SampleSet:2]]
[2018.12.20-15.28.21:278][  0]LogConfig: Setting CVar [[r.SSS.Quality:1]]
[2018.12.20-15.28.21:278][  0]LogConfig: Setting CVar [[r.SSS.HalfRes:1]]
[2018.12.20-15.28.21:278][  0]LogConfig: Setting CVar [[r.EmitterSpawnRateScale:1.0]]
[2018.12.20-15.28.21:278][  0]LogConfig: Setting CVar [[r.ParticleLightQuality:2]]
[2018.12.20-15.28.21:278][  0]LogConfig: Applying CVar settings from Section [FoliageQuality@3] File [D:/UnrealEngine/Games/MultiplayerGame/CoopGameMultiplayer/CoopGame/Saved/Config/Windows/Scalability.ini]
[2018.12.20-15.28.21:278][  0]LogConfig: Setting CVar [[foliage.DensityScale:1.0]]
[2018.12.20-15.28.21:278][  0]LogConfig: Setting CVar [[grass.DensityScale:1.0]]
[2018.12.20-15.28.21:278][  0]LogInit: Selected Device Profile: [Windows]
[2018.12.20-15.28.21:278][  0]LogInit: Applying CVar settings loaded from the selected device profile: [Windows]
[2018.12.20-15.28.21:285][  0]LogHAL: Display: Platform has ~ 16 GB [17112002560 / 17179869184 / 16], which maps to Larger [LargestMinGB=32, LargerMinGB=12, DefaultMinGB=8, SmallerMinGB=6, SmallestMinGB=0)
[2018.12.20-15.28.21:286][  0]LogConfig: Setting CVar [[r.Vulkan.UseRealUBs:1]]
[2018.12.20-15.28.21:286][  0]LogInit: Going up to parent DeviceProfile []
[2018.12.20-15.28.21:286][  0]LogConfig: Applying CVar settings from Section [ViewDistanceQuality@3] File [D:/UnrealEngine/Games/MultiplayerGame/CoopGameMultiplayer/CoopGame/Saved/Config/Windows/Scalability.ini]
[2018.12.20-15.28.21:286][  0]LogConfig: Setting CVar [[r.SkeletalMeshLODBias:0]]
[2018.12.20-15.28.21:286][  0]LogConfig: Setting CVar [[r.ViewDistanceScale:1.0]]
[2018.12.20-15.28.21:286][  0]LogConfig: Applying CVar settings from Section [AntiAliasingQuality@3] File [D:/UnrealEngine/Games/MultiplayerGame/CoopGameMultiplayer/CoopGame/Saved/Config/Windows/Scalability.ini]
[2018.12.20-15.28.21:286][  0]LogConfig: Setting CVar [[r.PostProcessAAQuality:4]]
[2018.12.20-15.28.21:286][  0]LogConfig: Applying CVar settings from Section [ShadowQuality@3] File [D:/UnrealEngine/Games/MultiplayerGame/CoopGameMultiplayer/CoopGame/Saved/Config/Windows/Scalability.ini]
[2018.12.20-15.28.21:286][  0]LogConfig: Setting CVar [[r.LightFunctionQuality:1]]
[2018.12.20-15.28.21:286][  0]LogConfig: Setting CVar [[r.ShadowQuality:5]]
[2018.12.20-15.28.21:286][  0]LogConfig: Setting CVar [[r.Shadow.CSM.MaxCascades:10]]
[2018.12.20-15.28.21:286][  0]LogConfig: Setting CVar [[r.Shadow.MaxResolution:2048]]
[2018.12.20-15.28.21:286][  0]LogConfig: Setting CVar [[r.Shadow.MaxCSMResolution:2048]]
[2018.12.20-15.28.21:287][  0]LogConfig: Setting CVar [[r.Shadow.RadiusThreshold:0.01]]
[2018.12.20-15.28.21:287][  0]LogConfig: Setting CVar [[r.Shadow.DistanceScale:1.0]]
[2018.12.20-15.28.21:287][  0]LogConfig: Setting CVar [[r.Shadow.CSM.TransitionScale:1.0]]
[2018.12.20-15.28.21:287][  0]LogConfig: Setting CVar [[r.Shadow.PreShadowResolutionFactor:1.0]]
[2018.12.20-15.28.21:287][  0]LogConfig: Setting CVar [[r.DistanceFieldShadowing:1]]
[2018.12.20-15.28.21:287][  0]LogConfig: Setting CVar [[r.DistanceFieldAO:1]]
[2018.12.20-15.28.21:287][  0]LogConfig: Setting CVar [[r.AOQuality:2]]
[2018.12.20-15.28.21:287][  0]LogConfig: Setting CVar [[r.VolumetricFog:1]]
[2018.12.20-15.28.21:287][  0]LogConfig: Setting CVar [[r.VolumetricFog.GridPixelSize:8]]
[2018.12.20-15.28.21:287][  0]LogConfig: Setting CVar [[r.VolumetricFog.GridSizeZ:128]]
[2018.12.20-15.28.21:287][  0]LogConfig: Setting CVar [[r.VolumetricFog.HistoryMissSupersampleCount:4]]
[2018.12.20-15.28.21:287][  0]LogConfig: Setting CVar [[r.LightMaxDrawDistanceScale:1]]
[2018.12.20-15.28.21:287][  0]LogConfig: Setting CVar [[r.CapsuleShadows:1]]
[2018.12.20-15.28.21:287][  0]LogConfig: Applying CVar settings from Section [PostProcessQuality@3] File [D:/UnrealEngine/Games/MultiplayerGame/CoopGameMultiplayer/CoopGame/Saved/Config/Windows/Scalability.ini]
[2018.12.20-15.28.21:288][  0]LogConfig: Setting CVar [[r.MotionBlurQuality:4]]
[2018.12.20-15.28.21:288][  0]LogConfig: Setting CVar [[r.AmbientOcclusionMipLevelFactor:0.4]]
[2018.12.20-15.28.21:288][  0]LogConfig: Setting CVar [[r.AmbientOcclusionMaxQuality:100]]
[2018.12.20-15.28.21:288][  0]LogConfig: Setting CVar [[r.AmbientOcclusionLevels:-1]]
[2018.12.20-15.28.21:288][  0]LogConfig: Setting CVar [[r.AmbientOcclusionRadiusScale:1.0]]
[2018.12.20-15.28.21:288][  0]LogConfig: Setting CVar [[r.DepthOfFieldQuality:2]]
[2018.12.20-15.28.21:288][  0]LogConfig: Setting CVar [[r.RenderTargetPoolMin:400]]
[2018.12.20-15.28.21:288][  0]LogConfig: Setting CVar [[r.LensFlareQuality:2]]
[2018.12.20-15.28.21:288][  0]LogConfig: Setting CVar [[r.SceneColorFringeQuality:1]]
[2018.12.20-15.28.21:288][  0]LogConfig: Setting CVar [[r.EyeAdaptationQuality:2]]
[2018.12.20-15.28.21:288][  0]LogConfig: Setting CVar [[r.BloomQuality:5]]
[2018.12.20-15.28.21:288][  0]LogConfig: Setting CVar [[r.FastBlurThreshold:100]]
[2018.12.20-15.28.21:288][  0]LogConfig: Setting CVar [[r.Upscale.Quality:3]]
[2018.12.20-15.28.21:289][  0]LogConfig: Setting CVar [[r.Tonemapper.GrainQuantization:1]]
[2018.12.20-15.28.21:289][  0]LogConfig: Setting CVar [[r.LightShaftQuality:1]]
[2018.12.20-15.28.21:289][  0]LogConfig: Setting CVar [[r.Filter.SizeScale:1]]
[2018.12.20-15.28.21:289][  0]LogConfig: Setting CVar [[r.Tonemapper.Quality:5]]
[2018.12.20-15.28.21:289][  0]LogConfig: Setting CVar [[r.DOF.Gather.AccumulatorQuality:1        ; higher gathering accumulator quality]]
[2018.12.20-15.28.21:289][  0]LogConfig: Setting CVar [[r.DOF.Gather.PostfilterMethod:1          ; Median3x3 postfilering method]]
[2018.12.20-15.28.21:289][  0]LogConfig: Setting CVar [[r.DOF.Gather.EnableBokehSettings:0       ; no bokeh simulation when gathering]]
[2018.12.20-15.28.21:289][  0]LogConfig: Setting CVar [[r.DOF.Gather.RingCount:4                 ; medium number of samples when gathering]]
[2018.12.20-15.28.21:289][  0]LogConfig: Setting CVar [[r.DOF.Scatter.ForegroundCompositing:1    ; additive foreground scattering]]
[2018.12.20-15.28.21:289][  0]LogConfig: Setting CVar [[r.DOF.Scatter.BackgroundCompositing:2    ; additive background scattering]]
[2018.12.20-15.28.21:289][  0]LogConfig: Setting CVar [[r.DOF.Scatter.EnableBokehSettings:1      ; bokeh simulation when scattering]]
[2018.12.20-15.28.21:289][  0]LogConfig: Setting CVar [[r.DOF.Scatter.MaxSpriteRatio:0.1         ; only a maximum of 10% of scattered bokeh]]
[2018.12.20-15.28.21:289][  0]LogConfig: Setting CVar [[r.DOF.Recombine.Quality:1                ; cheap slight out of focus]]
[2018.12.20-15.28.21:289][  0]LogConfig: Setting CVar [[r.DOF.Recombine.EnableBokehSettings:0    ; no bokeh simulation on slight out of focus]]
[2018.12.20-15.28.21:290][  0]LogConfig: Setting CVar [[r.DOF.TemporalAAQuality:1                ; more stable temporal accumulation]]
[2018.12.20-15.28.21:290][  0]LogConfig: Setting CVar [[r.DOF.Kernel.MaxForegroundRadius:0.025]]
[2018.12.20-15.28.21:290][  0]LogConfig: Setting CVar [[r.DOF.Kernel.MaxBackgroundRadius:0.025]]
[2018.12.20-15.28.21:290][  0]LogConfig: Applying CVar settings from Section [TextureQuality@3] File [D:/UnrealEngine/Games/MultiplayerGame/CoopGameMultiplayer/CoopGame/Saved/Config/Windows/Scalability.ini]
[2018.12.20-15.28.21:290][  0]LogConfig: Setting CVar [[r.Streaming.MipBias:0]]
[2018.12.20-15.28.21:290][  0]LogConfig: Setting CVar [[r.Streaming.AmortizeCPUToGPUCopy:0]]
[2018.12.20-15.28.21:290][  0]LogConfig: Setting CVar [[r.Streaming.MaxNumTexturesToStreamPerFrame:0]]
[2018.12.20-15.28.21:290][  0]LogConfig: Setting CVar [[r.Streaming.Boost:1]]
[2018.12.20-15.28.21:290][  0]LogConfig: Setting CVar [[r.MaxAnisotropy:8]]
[2018.12.20-15.28.21:290][  0]LogConfig: Setting CVar [[r.Streaming.LimitPoolSizeToVRAM:0]]
[2018.12.20-15.28.21:290][  0]LogConfig: Setting CVar [[r.Streaming.PoolSize:1000]]
[2018.12.20-15.28.21:290][  0]LogConfig: Setting CVar [[r.Streaming.MaxEffectiveScreenSize:0]]
[2018.12.20-15.28.21:290][  0]LogConfig: Applying CVar settings from Section [EffectsQuality@3] File [D:/UnrealEngine/Games/MultiplayerGame/CoopGameMultiplayer/CoopGame/Saved/Config/Windows/Scalability.ini]
[2018.12.20-15.28.21:290][  0]LogConfig: Setting CVar [[r.TranslucencyLightingVolumeDim:64]]
[2018.12.20-15.28.21:291][  0]LogConfig: Setting CVar [[r.RefractionQuality:2]]
[2018.12.20-15.28.21:291][  0]LogConfig: Setting CVar [[r.SSR.Quality:3]]
[2018.12.20-15.28.21:291][  0]LogConfig: Setting CVar [[r.SceneColorFormat:4]]
[2018.12.20-15.28.21:291][  0]LogConfig: Setting CVar [[r.DetailMode:2]]
[2018.12.20-15.28.21:291][  0]LogConfig: Setting CVar [[r.TranslucencyVolumeBlur:1]]
[2018.12.20-15.28.21:291][  0]LogConfig: Setting CVar [[r.MaterialQualityLevel:1 ; High quality]]
[2018.12.20-15.28.21:291][  0]LogConfig: Setting CVar [[r.SSS.Scale:1]]
[2018.12.20-15.28.21:291][  0]LogConfig: Setting CVar [[r.SSS.SampleSet:2]]
[2018.12.20-15.28.21:291][  0]LogConfig: Setting CVar [[r.SSS.Quality:1]]
[2018.12.20-15.28.21:291][  0]LogConfig: Setting CVar [[r.SSS.HalfRes:1]]
[2018.12.20-15.28.21:291][  0]LogConfig: Setting CVar [[r.EmitterSpawnRateScale:1.0]]
[2018.12.20-15.28.21:291][  0]LogConfig: Setting CVar [[r.ParticleLightQuality:2]]
[2018.12.20-15.28.21:291][  0]LogConfig: Applying CVar settings from Section [FoliageQuality@3] File [D:/UnrealEngine/Games/MultiplayerGame/CoopGameMultiplayer/CoopGame/Saved/Config/Windows/Scalability.ini]
[2018.12.20-15.28.21:292][  0]LogConfig: Setting CVar [[foliage.DensityScale:1.0]]
[2018.12.20-15.28.21:292][  0]LogConfig: Setting CVar [[grass.DensityScale:1.0]]
[2018.12.20-15.28.21:292][  0]LogConfig: Applying CVar settings from Section [Startup] File [../../../Engine/Config/ConsoleVariables.ini]
[2018.12.20-15.28.21:292][  0]LogConfig: Setting CVar [[net.UseAdaptiveNetUpdateFrequency:0]]
[2018.12.20-15.28.21:292][  0]LogConfig: Applying CVar settings from Section [ConsoleVariables] File [D:/UnrealEngine/Games/MultiplayerGame/CoopGameMultiplayer/CoopGame/Saved/Config/Windows/Engine.ini]
[2018.12.20-15.28.21:292][  0]LogInit: Computer: GG00001
[2018.12.20-15.28.21:292][  0]LogInit: User: oibikunle
[2018.12.20-15.28.21:292][  0]LogInit: CPU Page size=4096, Cores=6
[2018.12.20-15.28.21:293][  0]LogInit: High frequency timer resolution =10.000000 MHz
[2018.12.20-15.28.21:293][  0]LogMemory: Memory total: Physical=15.9GB (16GB approx)
[2018.12.20-15.28.21:293][  0]LogMemory: Platform Memory Stats for Windows
[2018.12.20-15.28.21:293][  0]LogMemory: Process Physical Memory: 104.23 MB used, 104.23 MB peak
[2018.12.20-15.28.21:293][  0]LogMemory: Process Virtual Memory: 94.33 MB used, 94.33 MB peak
[2018.12.20-15.28.21:293][  0]LogMemory: Physical Memory: 12520.38 MB used,  3798.89 MB free, 16319.28 MB total
[2018.12.20-15.28.21:293][  0]LogMemory: Virtual Memory: 4668.11 MB used,  134213056.00 MB free, 134217728.00 MB total
[2018.12.20-15.28.21:426][  0]LogInit: Using OS detected language (en-GB).
[2018.12.20-15.28.21:426][  0]LogInit: Using OS detected locale (en-GB).
[2018.12.20-15.28.21:427][  0]LogTextLocalizationManager: No specific localization for 'en-GB' exists, so the 'en' localization will be used.
[2018.12.20-15.28.21:717][  0]LogStreaming: Display: Took  0.291s to InitEngineTextLocalization.
[2018.12.20-15.28.21:717][  0]LogInit: Setting process to per monitor DPI aware
[2018.12.20-15.28.21:782][  0]LogSlate: New Slate User Created.  User Index 0, Is Virtual User: 0
[2018.12.20-15.28.21:783][  0]LogSlate: Slate User Registered.  User Index 0, Is Virtual User: 0
[2018.12.20-15.28.22:179][  0]LogHMD: Failed to initialize OpenVR with code 110
[2018.12.20-15.28.22:179][  0]LogD3D11RHI: D3D11 adapters:
[2018.12.20-15.28.22:250][  0]LogD3D11RHI:    0. 'NVIDIA GeForce GTX 1050 Ti' (Feature Level 11_0)
[2018.12.20-15.28.22:250][  0]LogD3D11RHI:       4018/0/8159 MB DedicatedVideo/DedicatedSystem/SharedSystem, Outputs:3, VendorId:0x10de
[2018.12.20-15.28.22:256][  0]LogD3D11RHI:    1. 'Microsoft Basic Render Driver' (Feature Level 11_0)
[2018.12.20-15.28.22:256][  0]LogD3D11RHI:       0/0/8159 MB DedicatedVideo/DedicatedSystem/SharedSystem, Outputs:0, VendorId:0x1414
[2018.12.20-15.28.22:257][  0]LogD3D11RHI: Chosen D3D11 Adapter: 0
[2018.12.20-15.28.22:269][  0]LogD3D11RHI: Creating new Direct3DDevice
[2018.12.20-15.28.22:270][  0]LogD3D11RHI:     GPU DeviceId: 0x1c82 (for the marketing name, search the web for "GPU Device Id")
[2018.12.20-15.28.22:270][  0]LogWindows: EnumDisplayDevices:
[2018.12.20-15.28.22:270][  0]LogWindows:    0. 'NVIDIA GeForce GTX 1050 Ti' (P:0 D:1)
[2018.12.20-15.28.22:270][  0]LogWindows:    1. 'NVIDIA GeForce GTX 1050 Ti' (P:0 D:1)
[2018.12.20-15.28.22:270][  0]LogWindows:    2. 'NVIDIA GeForce GTX 1050 Ti' (P:1 D:1)
[2018.12.20-15.28.22:271][  0]LogWindows:    3. 'NVIDIA GeForce GTX 1050 Ti' (P:0 D:0)
[2018.12.20-15.28.22:271][  0]LogWindows: DebugString: FoundDriverCount:4 
[2018.12.20-15.28.22:271][  0]LogD3D11RHI:     Adapter Name: NVIDIA GeForce GTX 1050 Ti
[2018.12.20-15.28.22:271][  0]LogD3D11RHI:   Driver Version: 417.22 (internal:25.21.14.1722, unified:417.22)
[2018.12.20-15.28.22:271][  0]LogD3D11RHI:      Driver Date: 11-29-2018
[2018.12.20-15.28.22:271][  0]LogRHI: Texture pool is 2812 MB (70% of 4018 MB)
[2018.12.20-15.28.22:312][  0]LogD3D11RHI: Async texture creation enabled
[2018.12.20-15.28.22:330][  0]LogD3D11RHI: GPU Timing Frequency: 1000.000000 (Debug: 2 2)
[2018.12.20-15.28.22:623][  0]LogTemp: Display: Loaded TP AllDesktopTargetPlatform
[2018.12.20-15.28.22:635][  0]LogTemp: Display: Loaded TP MacClientTargetPlatform
[2018.12.20-15.28.22:647][  0]LogTemp: Display: Loaded TP MacNoEditorTargetPlatform
[2018.12.20-15.28.22:659][  0]LogTemp: Display: Loaded TP MacServerTargetPlatform
[2018.12.20-15.28.22:671][  0]LogTemp: Display: Loaded TP MacTargetPlatform
[2018.12.20-15.28.22:685][  0]LogTemp: Display: Loaded TP WindowsClientTargetPlatform
[2018.12.20-15.28.22:697][  0]LogTemp: Display: Loaded TP WindowsNoEditorTargetPlatform
[2018.12.20-15.28.22:714][  0]LogTemp: Display: Loaded TP WindowsServerTargetPlatform
[2018.12.20-15.28.22:720][  0]LogTemp: Display: Loaded TP WindowsTargetPlatform
[2018.12.20-15.28.22:777][  0]LogTemp: Display: Loaded TP AndroidTargetPlatform
[2018.12.20-15.28.22:777][  0]LogTemp: Display: Loaded TP AndroidTargetPlatform
[2018.12.20-15.28.22:777][  0]LogTemp: Display: Loaded TP AndroidTargetPlatform
[2018.12.20-15.28.22:777][  0]LogTemp: Display: Loaded TP AndroidTargetPlatform
[2018.12.20-15.28.22:777][  0]LogTemp: Display: Loaded TP AndroidTargetPlatform
[2018.12.20-15.28.22:777][  0]LogTemp: Display: Loaded TP AndroidTargetPlatform
[2018.12.20-15.28.22:778][  0]LogTemp: Display: Loaded TP AndroidTargetPlatform
[2018.12.20-15.28.22:778][  0]LogTemp: Display: Loaded TP AndroidTargetPlatform
[2018.12.20-15.28.22:778][  0]LogTemp: Display: Loaded TP AndroidTargetPlatform
[2018.12.20-15.28.22:778][  0]LogTemp: Display: Loaded TP AndroidTargetPlatform
[2018.12.20-15.28.22:778][  0]LogTemp: Display: Loaded TP AndroidTargetPlatform
[2018.12.20-15.28.22:778][  0]LogTemp: Display: Loaded TP AndroidTargetPlatform
[2018.12.20-15.28.22:778][  0]LogTemp: Display: Loaded TP AndroidTargetPlatform
[2018.12.20-15.28.22:778][  0]LogTemp: Display: Loaded TP AndroidTargetPlatform
[2018.12.20-15.28.22:778][  0]LogTemp: Display: Loaded TP AndroidTargetPlatform
[2018.12.20-15.28.22:778][  0]LogTemp: Display: Loaded TP AndroidTargetPlatform
[2018.12.20-15.28.22:778][  0]LogTemp: Display: Loaded TP AndroidTargetPlatform
[2018.12.20-15.28.22:778][  0]LogTemp: Display: Loaded TP AndroidTargetPlatform
[2018.12.20-15.28.22:782][  0]LogTemp: Display: Loaded TP HTML5TargetPlatform
[2018.12.20-15.28.22:857][  0]LogTemp: Display: Loaded TP IOSTargetPlatform
[2018.12.20-15.28.22:857][  0]LogTemp: Display: Loaded TP IOSTargetPlatform
[2018.12.20-15.28.22:877][  0]LogTemp: Display: Loaded TP TVOSTargetPlatform
[2018.12.20-15.28.22:877][  0]LogTemp: Display: Loaded TP TVOSTargetPlatform
[2018.12.20-15.28.22:888][  0]LogTemp: Display: Loaded TP LinuxClientTargetPlatform
[2018.12.20-15.28.22:901][  0]LogTemp: Display: Loaded TP LinuxNoEditorTargetPlatform
[2018.12.20-15.28.22:913][  0]LogTemp: Display: Loaded TP LinuxServerTargetPlatform
[2018.12.20-15.28.22:925][  0]LogTemp: Display: Loaded TP LinuxTargetPlatform
[2018.12.20-15.28.22:962][  0]LogTemp: Display: Loaded TP LuminTargetPlatform
[2018.12.20-15.28.22:962][  0]LogTemp: Display: Loaded TP LuminTargetPlatform
[2018.12.20-15.28.22:962][  0]LogTargetPlatformManager: Display: Building Assets For Windows
[2018.12.20-15.28.23:069][  0]LogShaderCompilers: Guid format shader working directory is -16 characters bigger than the processId version (../../../../../Games/MultiplayerGame/CoopGameMultiplayer/CoopGame/Intermediate/Shaders/WorkingDirectory/95500/).
[2018.12.20-15.28.23:069][  0]LogShaderCompilers: Cleaned the shader compiler working directory 'C:/Users/oibikunle/AppData/Local/Temp/UnrealShaderWorkingDir/2312D7874D672567BB1A83998CF9DD65/'.
[2018.12.20-15.28.23:070][  0]LogXGEController: Cleaning working directory: C:/Users/oibikunle/AppData/Local/Temp/UnrealXGEWorkingDir/
[2018.12.20-15.28.23:070][  0]LogXGEController: Cannot use XGE Controller as Incredibuild is not installed on this machine.
[2018.12.20-15.28.23:070][  0]LogShaderCompilers: Cannot use XGE Shader Compiler as Incredibuild is not installed on this machine.
[2018.12.20-15.28.23:070][  0]LogShaderCompilers: Display: Using Local Shader Compiler.
[2018.12.20-15.28.23:505][  0]LogDerivedDataCache: Display: Max Cache Size: 512 MB
[2018.12.20-15.28.23:543][  0]LogDerivedDataCache: Loaded boot cache 0.04s 71MB C:/Users/oibikunle/AppData/Local/UnrealEngine/4.21/DerivedDataCache/Boot.ddc.
[2018.12.20-15.28.23:544][  0]LogDerivedDataCache: Display: Loaded Boot cache: C:/Users/oibikunle/AppData/Local/UnrealEngine/4.21/DerivedDataCache/Boot.ddc
[2018.12.20-15.28.23:544][  0]LogDerivedDataCache: FDerivedDataBackendGraph:  Pak pak cache file ../../../../../Games/MultiplayerGame/CoopGameMultiplayer/CoopGame/DerivedDataCache/DDC.ddp not found, will not use a pak cache.
[2018.12.20-15.28.23:544][  0]LogDerivedDataCache: Unable to find inner node Pak for hierarchical cache Hierarchy.
[2018.12.20-15.28.23:544][  0]LogDerivedDataCache: FDerivedDataBackendGraph:  CompressedPak pak cache file ../../../../../Games/MultiplayerGame/CoopGameMultiplayer/CoopGame/DerivedDataCache/Compressed.ddp not found, will not use a pak cache.
[2018.12.20-15.28.23:544][  0]LogDerivedDataCache: Unable to find inner node CompressedPak for hierarchical cache Hierarchy.
[2018.12.20-15.28.23:555][  0]LogDerivedDataCache: Display: Pak cache opened for reading ../../../Engine/DerivedDataCache/Compressed.ddp.
[2018.12.20-15.28.23:556][  0]LogDerivedDataCache: FDerivedDataBackendGraph:  EnterprisePak pak cache file ../../../Enterprise/DerivedDataCache/Compressed.ddp not found, will not use a pak cache.
[2018.12.20-15.28.23:556][  0]LogDerivedDataCache: Unable to find inner node EnterprisePak for hierarchical cache Hierarchy.
[2018.12.20-15.28.23:568][  0]LogDerivedDataCache: Using Local data cache path C:/Users/oibikunle/AppData/Local/UnrealEngine/Common/DerivedDataCache: Writable
[2018.12.20-15.28.23:568][  0]LogDerivedDataCache: Shared data cache path not found in *engine.ini, will not use an Shared cache.
[2018.12.20-15.28.23:568][  0]LogDerivedDataCache: Unable to find inner node Shared for hierarchical cache Hierarchy.
[2018.12.20-15.28.23:588][  0]LogMaterial: Verifying Global Shaders for PCD3D_SM5
[2018.12.20-15.28.23:590][  0]LogSlate: Using FreeType 2.6.0
[2018.12.20-15.28.23:591][  0]LogSlate: SlateFontServices - WITH_FREETYPE: 1, WITH_HARFBUZZ: 1
[2018.12.20-15.28.23:692][  0]LogAssetRegistry: FAssetRegistry took 0.0325 seconds to start up
[2018.12.20-15.28.23:937][  0]LogInit: Selected Device Profile: [Windows]
[2018.12.20-15.28.24:024][  0]LogSimplygon: Simplygon DLL not present - disabling.
[2018.12.20-15.28.24:032][  0]LogMeshReduction: Using SimplygonSwarm for distributed automatic mesh merging
[2018.12.20-15.28.24:032][  0]LogMeshReduction: Using ProxyLODMeshReduction for automatic mesh merging
[2018.12.20-15.28.24:032][  0]LogMeshReduction: Using QuadricMeshReduction for automatic static mesh reduction
[2018.12.20-15.28.24:032][  0]LogMeshReduction: No automatic skeletal mesh reduction module available
[2018.12.20-15.28.24:110][  0]LogNetVersion: CoopGame 1.0.0, NetCL: 4541578, EngineNetVer: 5, GameNetVer: 0 (Checksum: 2565775016)
[2018.12.20-15.28.24:629][  0]LogPackageLocalizationCache: Processed 11 localized package path(s) for 2 prioritized culture(s) in 0.082870 seconds
[2018.12.20-15.28.24:635][  0]LogUObjectArray: 39775 objects as part of root set at end of initial load.
[2018.12.20-15.28.24:635][  0]LogUObjectAllocator: 6914664 out of 0 bytes used by permanent object pool.
[2018.12.20-15.28.24:635][  0]LogUObjectArray: CloseDisregardForGC: 0/0 objects in disregard for GC pool
[2018.12.20-15.28.25:719][  0]LogTcpMessaging: Initializing TcpMessaging bridge
[2018.12.20-15.28.25:736][  0]LogUdpMessaging: Initializing bridge on interface 0.0.0.0:0 to multicast group 230.0.0.1:6666.
[2018.12.20-15.28.26:630][  0]SourceControl: Source control is disabled
[2018.12.20-15.28.26:630][  0]SourceControl: Source control is disabled
[2018.12.20-15.28.26:634][  0]SourceControl: Source control is disabled
[2018.12.20-15.28.26:637][  0]SourceControl: Source control is disabled
[2018.12.20-15.28.26:896][  0]LogAndroidPermission: UAndroidPermissionCallbackProxy::GetInstance
[2018.12.20-15.28.27:015][  0]LogOcInput: OculusInput pre-init called
[2018.12.20-15.28.27:159][  0]LogEngine: Initializing Engine...
[2018.12.20-15.28.27:160][  0]LogHMD: Failed to initialize OpenVR with code 110
[2018.12.20-15.28.27:161][  0]LogStats: UGameplayTagsManager::ConstructGameplayTagTree: ImportINI prefixes -  0.000 s
[2018.12.20-15.28.27:161][  0]LogStats: UGameplayTagsManager::ConstructGameplayTagTree: Construct from data asset -  0.000 s
[2018.12.20-15.28.27:161][  0]LogStats: UGameplayTagsManager::ConstructGameplayTagTree: ImportINI -  0.000 s
[2018.12.20-15.28.27:161][  0]LogStats: UGameplayTagsManager::ConstructGameplayTagTree: GameplayTagTreeChangedEvent.Broadcast -  0.000 s
[2018.12.20-15.28.27:357][  0]LogInit: Initializing FReadOnlyCVARCache
[2018.12.20-15.28.27:368][  0]LogAIModule: Creating AISystem for world Untitled
[2018.12.20-15.28.27:439][  0]LogInit: XAudio2 using 'Headphones (High Definition Audio Device)' : 2 channels at 48 kHz using 16 bits per sample (channel mask 0x3)
[2018.12.20-15.28.27:459][  0]LogInit: FAudioDevice initialized.
[2018.12.20-15.28.27:459][  0]LogNetVersion: Set ProjectVersion to 1.0.0.0. Version Checksum will be recalculated on next use.
[2018.12.20-15.28.27:502][  0]LogDerivedDataCache: Saved boot cache 0.04s 71MB C:/Users/oibikunle/AppData/Local/UnrealEngine/4.21/DerivedDataCache/Boot.ddc.
[2018.12.20-15.28.27:508][  0]LogInit: Texture streaming: Enabled
[2018.12.20-15.28.27:529][  0]LogEngineSessionManager: EngineSessionManager initialized
[2018.12.20-15.28.27:537][  0]LogInit: Transaction tracking system initialized
[2018.12.20-15.28.27:566][  0]BlueprintLog: New page: Editor Load
[2018.12.20-15.28.27:664][  0]LocalizationService: Localization service is disabled
[2018.12.20-15.28.28:129][  0]LogFileCache: Scanning file cache for directory 'D:/UnrealEngine/Games/MultiplayerGame/CoopGameMultiplayer/CoopGame/Content/' took 0.01s
[2018.12.20-15.28.28:129][  0]LogCook: Display: Max memory allowance for cook 16384mb min free memory 0mb
[2018.12.20-15.28.28:129][  0]LogCook: Display: Mobile HDR setting 1
[2018.12.20-15.28.28:129][  0]LogGameplayTags: Display: UGameplayTagsManager::DoneAddingNativeTags. DelegateIsBound: 0
[2018.12.20-15.28.28:129][  0]LogStats: UGameplayTagsManager::ConstructGameplayTagTree: ImportINI prefixes -  0.000 s
[2018.12.20-15.28.28:129][  0]LogStats: UGameplayTagsManager::ConstructGameplayTagTree: Construct from data asset -  0.000 s
[2018.12.20-15.28.28:129][  0]LogStats: UGameplayTagsManager::ConstructGameplayTagTree: ImportINI -  0.000 s
[2018.12.20-15.28.28:130][  0]LogStats: UGameplayTagsManager::ConstructGameplayTagTree: GameplayTagTreeChangedEvent.Broadcast -  0.000 s
[2018.12.20-15.28.28:328][  0]SourceControl: Source control is disabled
[2018.12.20-15.28.28:328][  0]Cmd: MAP LOAD FILE="../../../Engine/Content/Maps/Templates/Template_Default.umap" TEMPLATE=1 SHOWPROGRESS=1 FEATURELEVEL=3
[2018.12.20-15.28.28:329][  0]LightingResults: New page: Lighting Build
[2018.12.20-15.28.28:331][  0]MapCheck: New page: Map Check
[2018.12.20-15.28.28:332][  0]LightingResults: New page: Lighting Build
[2018.12.20-15.28.28:462][  0]LogAIModule: Creating AISystem for world Untitled_1
[2018.12.20-15.28.28:471][  0]LogEditorServer: Finished looking for orphan Actors (0.000 secs)
[2018.12.20-15.28.28:490][  0]Cmd: MAP CHECKDEP NOCLEARLOG
[2018.12.20-15.28.28:490][  0]MapCheck: Map check complete: 0 Error(s), 0 Warning(s), took 0.108ms to complete.
[2018.12.20-15.28.28:490][  0]LogFileHelpers: Loading map 'Template_Default' took 0.162
[2018.12.20-15.28.28:608][  0]LogSlate: Updating window title bar state: overlay mode, drag disabled, window buttons hidden, title bar hidden
[2018.12.20-15.28.28:613][  0]LogSlate: Updating window title bar state: overlay mode, drag disabled, window buttons hidden, title bar hidden
[2018.12.20-15.28.28:619][  0]LogSlate: Updating window title bar state: overlay mode, drag disabled, window buttons hidden, title bar hidden
[2018.12.20-15.28.28:624][  0]LogSlate: Updating window title bar state: overlay mode, drag disabled, window buttons hidden, title bar hidden
[2018.12.20-15.28.28:631][  0]LogCollectionManager: Loaded 0 collections in 0.001224 seconds
[2018.12.20-15.28.28:677][  0]LogFileCache: Scanning file cache for directory 'D:/UnrealEngine/Games/MultiplayerGame/CoopGameMultiplayer/CoopGame/Saved/Collections/' took 0.01s
[2018.12.20-15.28.28:677][  0]LogFileCache: Scanning file cache for directory 'D:/UnrealEngine/Games/MultiplayerGame/CoopGameMultiplayer/CoopGame/Content/Developers/oibikunle/Collections/' took 0.01s
[2018.12.20-15.28.28:677][  0]LogFileCache: Scanning file cache for directory 'D:/UnrealEngine/Games/MultiplayerGame/CoopGameMultiplayer/CoopGame/Content/Collections/' took 0.01s
[2018.12.20-15.28.28:677][  0]LogCollectionManager: Rebuilt the GUID cache for 0 collections in 0.000000 seconds
[2018.12.20-15.28.28:684][  0]LogContentBrowser: Native class hierarchy populated in 0.0070 seconds. Added 2654 classes and 623 folders.
[2018.12.20-15.28.28:689][  0]LogContentBrowser: Native class hierarchy updated for 'WidgetCarousel' in 0.0003 seconds. Added 0 classes and 0 folders.
[2018.12.20-15.28.28:692][  0]LogPakFile: Registered encryption key '00000000000000000000000000000000': 0 pak files mounted, 0 remain pending
[2018.12.20-15.28.28:693][  0]LogPakFile: Registered encryption key '00000000000000000000000000000000': 0 pak files mounted, 0 remain pending
[2018.12.20-15.28.28:693][  0]LogPakFile: Registered encryption key '00000000000000000000000000000000': 0 pak files mounted, 0 remain pending
[2018.12.20-15.28.28:694][  0]LogPakFile: Registered encryption key '00000000000000000000000000000000': 0 pak files mounted, 0 remain pending
[2018.12.20-15.28.28:695][  0]LogPakFile: Registered encryption key '00000000000000000000000000000000': 0 pak files mounted, 0 remain pending
[2018.12.20-15.28.28:696][  0]LogPakFile: Registered encryption key '00000000000000000000000000000000': 0 pak files mounted, 0 remain pending
[2018.12.20-15.28.28:696][  0]LogPakFile: Registered encryption key '00000000000000000000000000000000': 0 pak files mounted, 0 remain pending
[2018.12.20-15.28.28:697][  0]LogPakFile: Registered encryption key '00000000000000000000000000000000': 0 pak files mounted, 0 remain pending
[2018.12.20-15.28.28:698][  0]LogPakFile: Registered encryption key '00000000000000000000000000000000': 0 pak files mounted, 0 remain pending
[2018.12.20-15.28.28:699][  0]LogPakFile: Registered encryption key '00000000000000000000000000000000': 0 pak files mounted, 0 remain pending
[2018.12.20-15.28.28:699][  0]LogPakFile: Registered encryption key '00000000000000000000000000000000': 0 pak files mounted, 0 remain pending
[2018.12.20-15.28.28:700][  0]LogPakFile: Registered encryption key '00000000000000000000000000000000': 0 pak files mounted, 0 remain pending
[2018.12.20-15.28.28:701][  0]LogPakFile: Registered encryption key '00000000000000000000000000000000': 0 pak files mounted, 0 remain pending
[2018.12.20-15.28.28:702][  0]LogPakFile: Registered encryption key '00000000000000000000000000000000': 0 pak files mounted, 0 remain pending
[2018.12.20-15.28.28:702][  0]LogPakFile: Registered encryption key '00000000000000000000000000000000': 0 pak files mounted, 0 remain pending
[2018.12.20-15.28.28:703][  0]LogPakFile: Registered encryption key '00000000000000000000000000000000': 0 pak files mounted, 0 remain pending
[2018.12.20-15.28.28:704][  0]LogPakFile: Registered encryption key '00000000000000000000000000000000': 0 pak files mounted, 0 remain pending
[2018.12.20-15.28.28:705][  0]LogPakFile: Registered encryption key '00000000000000000000000000000000': 0 pak files mounted, 0 remain pending
[2018.12.20-15.28.28:705][  0]LogPakFile: Registered encryption key '00000000000000000000000000000000': 0 pak files mounted, 0 remain pending
[2018.12.20-15.28.28:706][  0]LogPakFile: Registered encryption key '00000000000000000000000000000000': 0 pak files mounted, 0 remain pending
[2018.12.20-15.28.28:707][  0]LogPakFile: Registered encryption key '00000000000000000000000000000000': 0 pak files mounted, 0 remain pending
[2018.12.20-15.28.28:708][  0]LogPakFile: Registered encryption key '00000000000000000000000000000000': 0 pak files mounted, 0 remain pending
[2018.12.20-15.28.28:709][  0]LogPakFile: Registered encryption key '00000000000000000000000000000000': 0 pak files mounted, 0 remain pending
[2018.12.20-15.28.28:710][  0]LogPakFile: Registered encryption key '00000000000000000000000000000000': 0 pak files mounted, 0 remain pending
[2018.12.20-15.28.28:711][  0]LogPakFile: Registered encryption key '00000000000000000000000000000000': 0 pak files mounted, 0 remain pending
[2018.12.20-15.28.28:711][  0]LogPakFile: Registered encryption key '00000000000000000000000000000000': 0 pak files mounted, 0 remain pending
[2018.12.20-15.28.28:754][  0]LogContentBrowser: Native class hierarchy updated for 'AddContentDialog' in 0.0003 seconds. Added 0 classes and 0 folders.
[2018.12.20-15.28.28:761][  0]LogContentBrowser: Native class hierarchy updated for 'SceneOutliner' in 0.0005 seconds. Added 1 classes and 2 folders.
[2018.12.20-15.28.28:807][  0]LogContentBrowser: Native class hierarchy updated for 'HierarchicalLODOutliner' in 0.0004 seconds. Added 0 classes and 0 folders.
[2018.12.20-15.28.28:807][  0]LogLoad: (Engine Initialization) Total time: 9.73 seconds
[2018.12.20-15.28.28:808][  0]LogLoad: (Engine Initialization) Total Blueprint compile time: 0.00 seconds
[2018.12.20-15.28.28:820][  0]LogWindowsTextInputMethodSystem: Display: IME system now deactivated.
[2018.12.20-15.28.28:866][  0]LogContentStreaming: Texture pool size now 1000 MB
[2018.12.20-15.28.28:868][  0]LogSlate: Took 0.000268 seconds to synchronously load lazily loaded font '../../../Engine/Content/Slate/Fonts/Roboto-Regular.ttf' (155K)
[2018.12.20-15.28.28:869][  0]LogSlate: Took 0.000194 seconds to synchronously load lazily loaded font '../../../Engine/Content/Slate/Fonts/Roboto-Bold.ttf' (160K)
[2018.12.20-15.28.28:873][  0]LogSlate: Took 0.000219 seconds to synchronously load lazily loaded font '../../../Engine/Content/Editor/Slate/Fonts/FontAwesome.ttf' (139K)
[2018.12.20-15.28.28:967][  0]LogRenderer: Reallocating scene render targets to support 804x360 Format 10 NumSamples 1 (Frame:1).
[2018.12.20-15.28.29:004][  0]LogSlate: Took 0.000252 seconds to synchronously load lazily loaded font '../../../Engine/Content/Slate/Fonts/Roboto-Light.ttf' (167K)
[2018.12.20-15.28.29:028][  1]LogAssetRegistry: Asset discovery search completed in 5.3602 seconds
[2018.12.20-15.28.29:030][  1]LogCollectionManager: Rebuilt the object cache for 0 collections in 0.000000 seconds (found 0 objects)
[2018.12.20-15.28.29:031][  1]LogCollectionManager: Fixed up redirectors for 0 collections in 0.000172 seconds (updated 0 objects)
[2018.12.20-15.28.30:636][185]LogSlate: FSceneViewport::OnFocusLost() reason 0
[2018.12.20-15.28.30:803][200]LogRenderer: Reallocating scene render targets to support 1208x576 Format 10 NumSamples 1 (Frame:4).
[2018.12.20-15.28.34:230][608]LogSlate: Took 0.000275 seconds to synchronously load lazily loaded font '../../../Engine/Content/Slate/Fonts/Roboto-Light.ttf' (167K)
[2018.12.20-15.28.34:525][608]LogAIModule: Creating AISystem for world P_TestMap
[2018.12.20-15.28.34:533][608]LogAssetEditorManager: Opening Asset editor for World /Game/Maps/P_TestMap.P_TestMap
[2018.12.20-15.28.34:555][608]Cmd: MAP LOAD FILE="../../../../../Games/MultiplayerGame/CoopGameMultiplayer/CoopGame/Content/Maps/P_TestMap.umap" TEMPLATE=0 SHOWPROGRESS=1 FEATURELEVEL=3
[2018.12.20-15.28.34:556][608]LightingResults: New page: Lighting Build
[2018.12.20-15.28.34:556][608]LoadErrors: New page: Loading map: P_TestMap.umap
[2018.12.20-15.28.34:557][608]MapCheck: New page: Map Check
[2018.12.20-15.28.34:557][608]LightingResults: New page: Lighting Build
[2018.12.20-15.28.34:580][608]LogEditorServer: Finished looking for orphan Actors (0.000 secs)
[2018.12.20-15.28.34:613][608]Cmd: MAP CHECKDEP NOCLEARLOG
[2018.12.20-15.28.34:614][608]MapCheck: Map check complete: 0 Error(s), 0 Warning(s), took 0.086ms to complete.
[2018.12.20-15.28.34:614][608]LogFileHelpers: Loading map 'P_TestMap' took 0.059
[2018.12.20-15.28.35:275][682]LogTemp: Repeating last play command: Selected Viewport
[2018.12.20-15.28.35:283][682]LogBlueprintUserMessages: Early PlayInEditor Detection: Level '/Game/Maps/P_TestMap.P_TestMap:PersistentLevel' has LevelScriptBlueprint '/Game/Maps/P_TestMap.P_TestMap:PersistentLevel.P_TestMap' with GeneratedClass '/Game/Maps/P_TestMap.P_TestMap_C' with ClassGeneratedBy '/Game/Maps/P_TestMap.P_TestMap:PersistentLevel.P_TestMap'
[2018.12.20-15.28.35:283][682]LogPlayLevel: PlayLevel: No blueprints needed recompiling
[2018.12.20-15.28.35:283][682]PIE: New page: PIE session: P_TestMap (20 Dec 2018 17:28:35)
[2018.12.20-15.28.35:298][682]LogPlayLevel: Creating play world package: /Game/Maps/UEDPIE_0_P_TestMap
[2018.12.20-15.28.35:301][682]LogPlayLevel: PIE: StaticDuplicateObject took: (0.002680s)
[2018.12.20-15.28.35:302][682]LogAIModule: Creating AISystem for world P_TestMap
[2018.12.20-15.28.35:302][682]LogPlayLevel: PIE: World Init took: (0.000611s)
[2018.12.20-15.28.35:302][682]LogPlayLevel: PIE: Created PIE world by copying editor world from /Game/Maps/P_TestMap.P_TestMap to /Game/Maps/UEDPIE_0_P_TestMap.P_TestMap (0.003905s)
[2018.12.20-15.28.35:338][682]LogInit: XAudio2 using 'Headphones (High Definition Audio Device)' : 2 channels at 48 kHz using 16 bits per sample (channel mask 0x3)
[2018.12.20-15.28.35:349][682]LogInit: FAudioDevice initialized.
[2018.12.20-15.28.35:402][682]LogLoad: Game class is 'GameModeBase'
[2018.12.20-15.28.35:405][682]LogWorld: Bringing World /Game/Maps/UEDPIE_0_P_TestMap.P_TestMap up for play (max tick rate 0) at 2018.12.20-16.28.35
[2018.12.20-15.28.35:406][682]LogWorld: Bringing up level for play took: 0.001804
[2018.12.20-15.28.35:422][682]LogContentBrowser: Native class hierarchy updated for 'MovieSceneCapture' in 0.0004 seconds. Added 20 classes and 0 folders.
[2018.12.20-15.28.35:422][682]PIE: Play in editor start time for /Game/Maps/UEDPIE_0_P_TestMap 0.035
[2018.12.20-15.28.35:423][682]LogBlueprintUserMessages: Late PlayInEditor Detection: Level '/Game/Maps/P_TestMap.P_TestMap:PersistentLevel' has LevelScriptBlueprint '/Game/Maps/P_TestMap.P_TestMap:PersistentLevel.P_TestMap' with GeneratedClass '/Game/Maps/P_TestMap.P_TestMap_C' with ClassGeneratedBy '/Game/Maps/P_TestMap.P_TestMap:PersistentLevel.P_TestMap'
[2018.12.20-15.28.41:788][441]LogBlueprintUserMessages: Early EndPlayMap Detection: Level '/Game/Maps/P_TestMap.P_TestMap:PersistentLevel' has LevelScriptBlueprint '/Game/Maps/P_TestMap.P_TestMap:PersistentLevel.P_TestMap' with GeneratedClass '/Game/Maps/P_TestMap.P_TestMap_C' with ClassGeneratedBy '/Game/Maps/P_TestMap.P_TestMap:PersistentLevel.P_TestMap'
[2018.12.20-15.28.41:788][441]LogSlate: Updating window title bar state: overlay mode, drag disabled, window buttons hidden, title bar hidden
[2018.12.20-15.28.41:828][441]LogPlayLevel: Display: Shutting down PIE online subsystems
[2018.12.20-15.28.41:828][441]LogBlueprintUserMessages: Late EndPlayMap Detection: Level '/Game/Maps/P_TestMap.P_TestMap:PersistentLevel' has LevelScriptBlueprint '/Game/Maps/P_TestMap.P_TestMap:PersistentLevel.P_TestMap' with GeneratedClass '/Game/Maps/P_TestMap.P_TestMap_C' with ClassGeneratedBy '/Game/Maps/P_TestMap.P_TestMap:PersistentLevel.P_TestMap'
[2018.12.20-15.28.41:849][441]LogSlate: Updating window title bar state: overlay mode, drag disabled, window buttons hidden, title bar hidden
[2018.12.20-15.28.41:886][443]LogPlayLevel: Display: Destroying online subsystem :Context_1
[2018.12.20-15.28.45:528][880]LogSlate: FSceneViewport::OnFocusLost() reason 0
[2018.12.20-15.28.47:731][139]LogAssetEditorManager: Opening Asset editor for Blueprint /Game/BluePrints/BP_Rifle.BP_Rifle
[2018.12.20-15.28.48:050][139]LogContentBrowser: Native class hierarchy updated for 'BlueprintGraph' in 0.0006 seconds. Added 117 classes and 0 folders.
[2018.12.20-15.28.52:239][564]LogAssetEditorManager: Opening Asset editor for Blueprint /Game/BluePrints/BP_Rifle.BP_Rifle
[2018.12.20-15.28.52:426][564]LogSlate: Took 0.000240 seconds to synchronously load lazily loaded font '../../../Engine/Content/Slate/Fonts/Roboto-BoldCondensed.ttf' (158K)
[2018.12.20-15.29.16:332][394]LogSlate: Took 0.000257 seconds to synchronously load lazily loaded font '../../../Engine/Content/Slate/Fonts/Roboto-Italic.ttf' (157K)
[2018.12.20-15.29.26:006][545]LogAssetEditorManager: Opening Asset editor for Skeleton /Game/Weapons/SK_Rifle_Skeleton.SK_Rifle_Skeleton
[2018.12.20-15.29.26:012][545]LogContentBrowser: Native class hierarchy updated for 'SkeletonEditor' in 0.0004 seconds. Added 1 classes and 2 folders.
[2018.12.20-15.29.26:169][545]LogActorComponent: RegisterComponentWithWorld: (/Engine/Transient.World_7:PersistentLevel.AnimationEditorPreviewActor_0.DebugSkelMeshComponent_0) Already registered. Aborting.
[2018.12.20-15.29.26:170][545]LogContentBrowser: Native class hierarchy updated for 'PinnedCommandList' in 0.0003 seconds. Added 1 classes and 0 folders.
[2018.12.20-15.29.26:395][545]LogContentBrowser: Native class hierarchy updated for 'ClothingSystemEditorInterface' in 0.0004 seconds. Added 1 classes and 0 folders.
[2018.12.20-15.29.26:397][545]LogRenderer: Reallocating scene render targets to support 1208x888 Format 10 NumSamples 1 (Frame:1).
[2018.12.20-15.29.33:859][423]Cmd: OBJ SAVEPACKAGE PACKAGE="/Game/Weapons/SK_Rifle_Skeleton" FILE="../../../../../Games/MultiplayerGame/CoopGameMultiplayer/CoopGame/Content/Weapons/SK_Rifle_Skeleton.uasset" SILENT=true
[2018.12.20-15.29.33:864][423]LogSavePackage: Moving '../../../../../Games/MultiplayerGame/CoopGameMultiplayer/CoopGame/Saved/SK_Rifle_Skeleton66DB08834A41EB11ACD17887623AFEFF.tmp' to '../../../../../Games/MultiplayerGame/CoopGameMultiplayer/CoopGame/Content/Weapons/SK_Rifle_Skeleton.uasset'
[2018.12.20-15.29.35:243][586]Cmd: OBJ SAVEPACKAGE PACKAGE="/Game/Weapons/SK_Rifle_Skeleton" FILE="../../../../../Games/MultiplayerGame/CoopGameMultiplayer/CoopGame/Content/Weapons/SK_Rifle_Skeleton.uasset" SILENT=true
[2018.12.20-15.29.35:247][586]LogSavePackage: Moving '../../../../../Games/MultiplayerGame/CoopGameMultiplayer/CoopGame/Saved/SK_Rifle_Skeleton3C89602542C3E40C8C3019AEECC6BAED.tmp' to '../../../../../Games/MultiplayerGame/CoopGameMultiplayer/CoopGame/Content/Weapons/SK_Rifle_Skeleton.uasset'
[2018.12.20-15.29.35:828][653]Cmd: OBJ SAVEPACKAGE PACKAGE="/Game/Weapons/SK_Rifle_Skeleton" FILE="../../../../../Games/MultiplayerGame/CoopGameMultiplayer/CoopGame/Content/Weapons/SK_Rifle_Skeleton.uasset" SILENT=true
[2018.12.20-15.29.35:832][653]LogSavePackage: Moving '../../../../../Games/MultiplayerGame/CoopGameMultiplayer/CoopGame/Saved/SK_Rifle_SkeletonEE69F16245A8FF99E14B51AB315D6407.tmp' to '../../../../../Games/MultiplayerGame/CoopGameMultiplayer/CoopGame/Content/Weapons/SK_Rifle_Skeleton.uasset'
[2018.12.20-15.29.37:089][801]Cmd: OBJ SAVEPACKAGE PACKAGE="/Game/Weapons/SK_Rifle_Skeleton" FILE="../../../../../Games/MultiplayerGame/CoopGameMultiplayer/CoopGame/Content/Weapons/SK_Rifle_Skeleton.uasset" SILENT=true
[2018.12.20-15.29.37:093][801]LogSavePackage: Moving '../../../../../Games/MultiplayerGame/CoopGameMultiplayer/CoopGame/Saved/SK_Rifle_Skeleton231DE59F45F423BD3F421A81B784B65C.tmp' to '../../../../../Games/MultiplayerGame/CoopGameMultiplayer/CoopGame/Content/Weapons/SK_Rifle_Skeleton.uasset'
[2018.12.20-15.29.38:998][  6]LogSlate: Window 'SK_Rifle_Skeleton' being destroyed
[2018.12.20-15.29.40:802][222]LogTemp: Repeating last play command: Selected Viewport
[2018.12.20-15.29.40:813][222]LogBlueprintUserMessages: Early PlayInEditor Detection: Level '/Game/Maps/P_TestMap.P_TestMap:PersistentLevel' has LevelScriptBlueprint '/Game/Maps/P_TestMap.P_TestMap:PersistentLevel.P_TestMap' with GeneratedClass '/Game/Maps/P_TestMap.P_TestMap_C' with ClassGeneratedBy '/Game/Maps/P_TestMap.P_TestMap:PersistentLevel.P_TestMap'
[2018.12.20-15.29.40:813][222]LogPlayLevel: PlayLevel: No blueprints needed recompiling
[2018.12.20-15.29.40:814][222]PIE: New page: PIE session: P_TestMap (20 Dec 2018 17:29:40)
[2018.12.20-15.29.40:814][222]LogPlayLevel: Creating play world package: /Game/Maps/UEDPIE_0_P_TestMap
[2018.12.20-15.29.40:816][222]LogPlayLevel: PIE: StaticDuplicateObject took: (0.002181s)
[2018.12.20-15.29.40:817][222]LogAIModule: Creating AISystem for world P_TestMap
[2018.12.20-15.29.40:817][222]LogPlayLevel: PIE: World Init took: (0.000700s)
[2018.12.20-15.29.40:817][222]LogPlayLevel: PIE: Created PIE world by copying editor world from /Game/Maps/P_TestMap.P_TestMap to /Game/Maps/UEDPIE_0_P_TestMap.P_TestMap (0.003254s)
[2018.12.20-15.29.40:857][222]LogInit: XAudio2 using 'Headphones (High Definition Audio Device)' : 2 channels at 48 kHz using 16 bits per sample (channel mask 0x3)
[2018.12.20-15.29.40:867][222]LogInit: FAudioDevice initialized.
[2018.12.20-15.29.40:902][222]LogLoad: Game class is 'GameModeBase'
[2018.12.20-15.29.40:904][222]LogWorld: Bringing World /Game/Maps/UEDPIE_0_P_TestMap.P_TestMap up for play (max tick rate 0) at 2018.12.20-16.29.40
[2018.12.20-15.29.40:904][222]LogWorld: Bringing up level for play took: 0.001450
[2018.12.20-15.29.40:920][222]PIE: Play in editor start time for /Game/Maps/UEDPIE_0_P_TestMap -0.467
[2018.12.20-15.29.40:920][222]LogBlueprintUserMessages: Late PlayInEditor Detection: Level '/Game/Maps/P_TestMap.P_TestMap:PersistentLevel' has LevelScriptBlueprint '/Game/Maps/P_TestMap.P_TestMap:PersistentLevel.P_TestMap' with GeneratedClass '/Game/Maps/P_TestMap.P_TestMap_C' with ClassGeneratedBy '/Game/Maps/P_TestMap.P_TestMap:PersistentLevel.P_TestMap'
[2018.12.20-15.29.49:302][224]LogBlueprintUserMessages: Early EndPlayMap Detection: Level '/Game/Maps/P_TestMap.P_TestMap:PersistentLevel' has LevelScriptBlueprint '/Game/Maps/P_TestMap.P_TestMap:PersistentLevel.P_TestMap' with GeneratedClass '/Game/Maps/P_TestMap.P_TestMap_C' with ClassGeneratedBy '/Game/Maps/P_TestMap.P_TestMap:PersistentLevel.P_TestMap'
[2018.12.20-15.29.49:302][224]LogSlate: Updating window title bar state: overlay mode, drag disabled, window buttons hidden, title bar hidden
[2018.12.20-15.29.49:341][224]LogPlayLevel: Display: Shutting down PIE online subsystems
[2018.12.20-15.29.49:342][224]LogBlueprintUserMessages: Late EndPlayMap Detection: Level '/Game/Maps/P_TestMap.P_TestMap:PersistentLevel' has LevelScriptBlueprint '/Game/Maps/P_TestMap.P_TestMap:PersistentLevel.P_TestMap' with GeneratedClass '/Game/Maps/P_TestMap.P_TestMap_C' with ClassGeneratedBy '/Game/Maps/P_TestMap.P_TestMap:PersistentLevel.P_TestMap'
[2018.12.20-15.29.49:365][224]LogSlate: Updating window title bar state: overlay mode, drag disabled, window buttons hidden, title bar hidden
[2018.12.20-15.29.49:406][227]LogPlayLevel: Display: Destroying online subsystem :Context_10
[2018.12.20-15.29.50:448][352]LogSlate: FSceneViewport::OnFocusLost() reason 0
[2018.12.20-15.29.50:559][363]Cmd: OBJ SAVEPACKAGE PACKAGE="/Game/Maps/P_TestMap" FILE="../../../../../Games/MultiplayerGame/CoopGameMultiplayer/CoopGame/Content/Maps/P_TestMap.umap" SILENT=true AUTOSAVING=false KEEPDIRTY=false
[2018.12.20-15.29.50:690][363]LogSavePackage: Moving '../../../../../Games/MultiplayerGame/CoopGameMultiplayer/CoopGame/Saved/P_TestMapF87955864D46094E83C6279FCB8838A8.tmp' to '../../../../../Games/MultiplayerGame/CoopGameMultiplayer/CoopGame/Content/Maps/P_TestMap.umap'
[2018.12.20-15.29.50:709][363]Cmd: OBJ SAVEPACKAGE PACKAGE="/Game/Maps/P_TestMap_BuiltData" FILE="../../../../../Games/MultiplayerGame/CoopGameMultiplayer/CoopGame/Content/Maps/P_TestMap_BuiltData.uasset" SILENT=true
[2018.12.20-15.29.50:721][363]LogSavePackage: Moving '../../../../../Games/MultiplayerGame/CoopGameMultiplayer/CoopGame/Saved/P_TestMap_BuiltData6D06554D4FE99DE710E4ABB3B5A38A86.tmp' to '../../../../../Games/MultiplayerGame/CoopGameMultiplayer/CoopGame/Content/Maps/P_TestMap_BuiltData.uasset'
[2018.12.20-15.29.54:256][784]Cmd: OBJ SAVEPACKAGE PACKAGE="/Game/Weapons/SK_Rifle_Skeleton" FILE="../../../../../Games/MultiplayerGame/CoopGameMultiplayer/CoopGame/Content/Weapons/SK_Rifle_Skeleton.uasset" SILENT=true
[2018.12.20-15.29.54:260][784]LogSavePackage: Moving '../../../../../Games/MultiplayerGame/CoopGameMultiplayer/CoopGame/Saved/SK_Rifle_Skeleton51E341554A2A4B6380FD7E9014FFFDDD.tmp' to '../../../../../Games/MultiplayerGame/CoopGameMultiplayer/CoopGame/Content/Weapons/SK_Rifle_Skeleton.uasset'
[2018.12.20-15.30.00:682][551]LogAssetEditorManager: Opening Asset editor for SkeletalMesh /Game/Weapons/SK_Rifle.SK_Rifle
[2018.12.20-15.30.00:696][551]LogActorComponent: RegisterComponentWithWorld: (/Engine/Transient.World_8:PersistentLevel.AnimationEditorPreviewActor_0.DebugSkelMeshComponent_0) Already registered. Aborting.
[2018.12.20-15.30.05:839][110]Cmd: OBJ SAVEPACKAGE PACKAGE="/Game/Weapons/SK_Rifle" FILE="../../../../../Games/MultiplayerGame/CoopGameMultiplayer/CoopGame/Content/Weapons/SK_Rifle.uasset" SILENT=true
[2018.12.20-15.30.05:866][110]LogSavePackage: Moving '../../../../../Games/MultiplayerGame/CoopGameMultiplayer/CoopGame/Saved/SK_Rifle6C89E78B48CDF4B057648AAC4B94BD90.tmp' to '../../../../../Games/MultiplayerGame/CoopGameMultiplayer/CoopGame/Content/Weapons/SK_Rifle.uasset'
[2018.12.20-15.30.14:910][164]BlueprintLog: New page: Compile BP_Rifle
[2018.12.20-15.30.18:698][593]LogTemp: Repeating last play command: Selected Viewport
[2018.12.20-15.30.18:709][593]LogBlueprintUserMessages: Early PlayInEditor Detection: Level '/Game/Maps/P_TestMap.P_TestMap:PersistentLevel' has LevelScriptBlueprint '/Game/Maps/P_TestMap.P_TestMap:PersistentLevel.P_TestMap' with GeneratedClass '/Game/Maps/P_TestMap.P_TestMap_C' with ClassGeneratedBy '/Game/Maps/P_TestMap.P_TestMap:PersistentLevel.P_TestMap'
[2018.12.20-15.30.18:709][593]LogPlayLevel: PlayLevel: No blueprints needed recompiling
[2018.12.20-15.30.18:709][593]PIE: New page: PIE session: P_TestMap (20 Dec 2018 17:30:18)
[2018.12.20-15.30.18:709][593]LogPlayLevel: Creating play world package: /Game/Maps/UEDPIE_0_P_TestMap
[2018.12.20-15.30.18:712][593]LogPlayLevel: PIE: StaticDuplicateObject took: (0.002713s)
[2018.12.20-15.30.18:713][593]LogAIModule: Creating AISystem for world P_TestMap
[2018.12.20-15.30.18:713][593]LogPlayLevel: PIE: World Init took: (0.000854s)
[2018.12.20-15.30.18:713][593]LogPlayLevel: PIE: Created PIE world by copying editor world from /Game/Maps/P_TestMap.P_TestMap to /Game/Maps/UEDPIE_0_P_TestMap.P_TestMap (0.003994s)
[2018.12.20-15.30.18:748][593]LogInit: XAudio2 using 'Headphones (High Definition Audio Device)' : 2 channels at 48 kHz using 16 bits per sample (channel mask 0x3)
[2018.12.20-15.30.18:758][593]LogInit: FAudioDevice initialized.
[2018.12.20-15.30.18:790][593]LogLoad: Game class is 'GameModeBase'
[2018.12.20-15.30.18:792][593]LogWorld: Bringing World /Game/Maps/UEDPIE_0_P_TestMap.P_TestMap up for play (max tick rate 0) at 2018.12.20-16.30.18
[2018.12.20-15.30.18:792][593]LogWorld: Bringing up level for play took: 0.001308
[2018.12.20-15.30.18:806][593]PIE: Play in editor start time for /Game/Maps/UEDPIE_0_P_TestMap -0.581
[2018.12.20-15.30.18:807][593]LogBlueprintUserMessages: Late PlayInEditor Detection: Level '/Game/Maps/P_TestMap.P_TestMap:PersistentLevel' has LevelScriptBlueprint '/Game/Maps/P_TestMap.P_TestMap:PersistentLevel.P_TestMap' with GeneratedClass '/Game/Maps/P_TestMap.P_TestMap_C' with ClassGeneratedBy '/Game/Maps/P_TestMap.P_TestMap:PersistentLevel.P_TestMap'
[2018.12.20-15.30.32:626][249]LogBlueprintUserMessages: Early EndPlayMap Detection: Level '/Game/Maps/P_TestMap.P_TestMap:PersistentLevel' has LevelScriptBlueprint '/Game/Maps/P_TestMap.P_TestMap:PersistentLevel.P_TestMap' with GeneratedClass '/Game/Maps/P_TestMap.P_TestMap_C' with ClassGeneratedBy '/Game/Maps/P_TestMap.P_TestMap:PersistentLevel.P_TestMap'
[2018.12.20-15.30.32:626][249]LogSlate: Updating window title bar state: overlay mode, drag disabled, window buttons hidden, title bar hidden
[2018.12.20-15.30.32:664][249]LogPlayLevel: Display: Shutting down PIE online subsystems
[2018.12.20-15.30.32:664][249]LogBlueprintUserMessages: Late EndPlayMap Detection: Level '/Game/Maps/P_TestMap.P_TestMap:PersistentLevel' has LevelScriptBlueprint '/Game/Maps/P_TestMap.P_TestMap:PersistentLevel.P_TestMap' with GeneratedClass '/Game/Maps/P_TestMap.P_TestMap_C' with ClassGeneratedBy '/Game/Maps/P_TestMap.P_TestMap:PersistentLevel.P_TestMap'
[2018.12.20-15.30.32:687][249]LogSlate: Updating window title bar state: overlay mode, drag disabled, window buttons hidden, title bar hidden
[2018.12.20-15.30.32:730][252]LogPlayLevel: Display: Destroying online subsystem :Context_12
[2018.12.20-15.30.33:522][347]LogSlate: FSceneViewport::OnFocusLost() reason 0
[2018.12.20-15.30.33:608][356]Cmd: OBJ SAVEPACKAGE PACKAGE="/Game/Maps/P_TestMap" FILE="../../../../../Games/MultiplayerGame/CoopGameMultiplayer/CoopGame/Content/Maps/P_TestMap.umap" SILENT=true AUTOSAVING=false KEEPDIRTY=false
[2018.12.20-15.30.33:735][356]LogSavePackage: Moving '../../../../../Games/MultiplayerGame/CoopGameMultiplayer/CoopGame/Saved/P_TestMap933751424EF1CA4946F6E4A0513D6CFE.tmp' to '../../../../../Games/MultiplayerGame/CoopGameMultiplayer/CoopGame/Content/Maps/P_TestMap.umap'
[2018.12.20-15.30.33:754][356]Cmd: OBJ SAVEPACKAGE PACKAGE="/Game/Maps/P_TestMap_BuiltData" FILE="../../../../../Games/MultiplayerGame/CoopGameMultiplayer/CoopGame/Content/Maps/P_TestMap_BuiltData.uasset" SILENT=true
[2018.12.20-15.30.33:763][356]LogSavePackage: Moving '../../../../../Games/MultiplayerGame/CoopGameMultiplayer/CoopGame/Saved/P_TestMap_BuiltDataDAEC24FF41C7493480689AABC7D8F09A.tmp' to '../../../../../Games/MultiplayerGame/CoopGameMultiplayer/CoopGame/Content/Maps/P_TestMap_BuiltData.uasset'
[2018.12.20-15.31.45:850][297]LogTexture: Display: Building textures: Beam (AutoDXT, 128X64)
[2018.12.20-15.31.45:850][297]LogMaterial: Display: Missing cached shader map for material M_Beam, compiling. 
[2018.12.20-15.31.45:925][297]LogShaderCompilers: Display: Shaders left to compile 59
[2018.12.20-15.31.45:925][297]LogShaderCompilers: Display: Shaders left to compile 49
[2018.12.20-15.31.45:925][297]LogShaderCompilers: Display: Shaders left to compile 39
[2018.12.20-15.31.45:925][297]LogShaderCompilers: Display: Shaders left to compile 29
[2018.12.20-15.31.45:925][297]LogShaderCompilers: Display: Shaders left to compile 19
[2018.12.20-15.31.45:925][297]LogShaderCompilers: Display: Shaders left to compile 9
[2018.12.20-15.31.45:934][297]LogAssetEditorManager: Opening Asset editor for ParticleSystem /Game/WeaponEffects/BasicTracer/P_SmokeTrail.P_SmokeTrail
[2018.12.20-15.31.45:943][297]LogContentBrowser: Native class hierarchy updated for 'Cascade' in 0.0004 seconds. Added 2 classes and 2 folders.
[2018.12.20-15.32.36:052][226]LogSlate: FSceneViewport::OnFocusLost() reason 0
[2018.12.20-15.32.57:542][799]LogSavePackage: Moving '../../../../../Games/MultiplayerGame/CoopGameMultiplayer/CoopGame/Saved/P_SmokeTrail5C841399476843308413CE86990AE676.tmp' to '../../../../../Games/MultiplayerGame/CoopGameMultiplayer/CoopGame/Content/WeaponEffects/BasicTracer/P_SmokeTrail.uasset'
[2018.12.20-15.32.59:188][950]LogSlate: Window 'P_SmokeTrail' being destroyed
[2018.12.20-15.33.07:124][900]LogSavePackage: Moving '../../../../../Games/MultiplayerGame/CoopGameMultiplayer/CoopGame/Saved/P_SmokeTrail4851E95841E3026ED19FBFBEBED41F7E.tmp' to '../../../../../Games/MultiplayerGame/CoopGameMultiplayer/CoopGame/Content/WeaponEffects/BasicTracer/P_SmokeTrail.uasset'
[2018.12.20-15.33.08:405][ 53]LogCascade: Quitting Cascade. FXSystem=0x0000027532ABED40
[2018.12.20-15.34.27:797][565]Cmd: OBJ SAVEPACKAGE PACKAGE="/Game/Maps/P_TestMap" FILE="../../../../../Games/MultiplayerGame/CoopGameMultiplayer/CoopGame/Content/Maps/P_TestMap.umap" SILENT=true AUTOSAVING=false KEEPDIRTY=false
[2018.12.20-15.34.27:951][565]LogSavePackage: Moving '../../../../../Games/MultiplayerGame/CoopGameMultiplayer/CoopGame/Saved/P_TestMap3471F43D4CBFB33C5B493EB2930BD3F2.tmp' to '../../../../../Games/MultiplayerGame/CoopGameMultiplayer/CoopGame/Content/Maps/P_TestMap.umap'
[2018.12.20-15.34.27:969][565]Cmd: OBJ SAVEPACKAGE PACKAGE="/Game/Maps/P_TestMap_BuiltData" FILE="../../../../../Games/MultiplayerGame/CoopGameMultiplayer/CoopGame/Content/Maps/P_TestMap_BuiltData.uasset" SILENT=true
[2018.12.20-15.34.27:979][565]LogSavePackage: Moving '../../../../../Games/MultiplayerGame/CoopGameMultiplayer/CoopGame/Saved/P_TestMap_BuiltData5B26D5964703A12EDC69728257210F6C.tmp' to '../../../../../Games/MultiplayerGame/CoopGameMultiplayer/CoopGame/Content/Maps/P_TestMap_BuiltData.uasset'
