Log file open, 12/20/18 15:34:16
LogWindows: Failed to load 'aqProf.dll' (GetLastError=126)
LogWindows: File 'aqProf.dll' does not exist
LogWindows: Failed to load 'VtuneApi.dll' (GetLastError=126)
LogWindows: File 'VtuneApi.dll' does not exist
LogWindows: Failed to load 'VtuneApi32e.dll' (GetLastError=126)
LogWindows: File 'VtuneApi32e.dll' does not exist
LogConsoleResponse: Display: Failed to find resolution value strings in scalability ini. Falling back to default.
LogInit: Display: Running engine for game: CoopGame
LogPakFile: Registered encryption key '00000000000000000000000000000000': 0 pak files mounted, 0 remain pending
LogPlatformFile: Not using cached read wrapper
LogTaskGraph: Started task graph with 5 named threads and 35 total threads with 3 sets of task threads.
LogStats: Stats thread started at 0.533536
LogD3D11RHI: Loaded GFSDK_Aftermath_Lib.x64.dll
LogICUInternationalization: ICU TimeZone Detection - Raw Offset: +1:00, Platform Override: ''
LogPluginManager: Mounting plugin Paper2D
LogPluginManager: Mounting plugin AISupport
LogPluginManager: Mounting plugin LightPropagationVolume
LogPluginManager: Mounting plugin ActorLayerUtilities
LogPluginManager: Mounting plugin CLionSourceCodeAccess
LogPluginManager: Mounting plugin CodeLiteSourceCodeAccess
LogPluginManager: Mounting plugin GitSourceControl
LogPluginManager: Mounting plugin KDevelopSourceCodeAccess
LogPluginManager: Mounting plugin NullSourceCodeAccess
LogPluginManager: Mounting plugin PerforceSourceControl
LogPluginManager: Mounting plugin SubversionSourceControl
LogPluginManager: Mounting plugin UObjectPlugin
LogPluginManager: Mounting plugin VisualStudioCodeSourceCodeAccess
LogPluginManager: Mounting plugin VisualStudioSourceCodeAccess
LogPluginManager: Mounting plugin XCodeSourceCodeAccess
LogPluginManager: Mounting plugin AssetManagerEditor
LogPluginManager: Mounting plugin CryptoKeys
LogPluginManager: Mounting plugin DataValidation
LogPluginManager: Mounting plugin FacialAnimation
LogPluginManager: Mounting plugin GameplayTagsEditor
LogPluginManager: Mounting plugin MacGraphicsSwitching
LogPluginManager: Mounting plugin MeshEditor
LogPluginManager: Mounting plugin MobileLauncherProfileWizard
LogPluginManager: Mounting plugin PluginBrowser
LogPluginManager: Mounting plugin SpeedTreeImporter
LogPluginManager: Mounting plugin DatasmithContent
LogPluginManager: Mounting plugin VariantManagerContent
LogPluginManager: Mounting plugin AlembicImporter
LogPluginManager: Mounting plugin AppleImageUtils
LogPluginManager: Mounting plugin AppleVision
LogPluginManager: Mounting plugin BackChannel
LogPluginManager: Mounting plugin CharacterAI
LogPluginManager: Mounting plugin GeometryCache
LogPluginManager: Mounting plugin HTML5Networking
LogPluginManager: Mounting plugin ProxyLODPlugin
LogPluginManager: Mounting plugin MagicLeap
LogPluginManager: Mounting plugin MagicLeapMedia
LogPluginManager: Mounting plugin AndroidMedia
LogPluginManager: Mounting plugin AvfMedia
LogPluginManager: Mounting plugin ImgMedia
LogPluginManager: Mounting plugin LinearTimecode
LogPluginManager: Mounting plugin MediaCompositing
LogPluginManager: Mounting plugin MediaPlayerEditor
LogPluginManager: Mounting plugin WebMMedia
LogPluginManager: Mounting plugin WmfMedia
LogPluginManager: Mounting plugin TcpMessaging
LogPluginManager: Mounting plugin UdpMessaging
LogPluginManager: Mounting plugin ActorSequence
LogPluginManager: Mounting plugin LevelSequenceEditor
LogPluginManager: Mounting plugin MatineeToLevelSequence
LogPluginManager: Mounting plugin NetcodeUnitTest
LogPluginManager: Mounting plugin NUTUnrealEngine4
LogPluginManager: Mounting plugin OnlineSubsystemGooglePlay
LogPluginManager: Mounting plugin OnlineSubsystemIOS
LogPluginManager: Mounting plugin OnlineSubsystem
LogPluginManager: Mounting plugin OnlineSubsystemNull
LogPluginManager: Mounting plugin OnlineSubsystemUtils
LogPluginManager: Mounting plugin LauncherChunkInstaller
LogPluginManager: Mounting plugin AndroidDeviceProfileSelector
LogPluginManager: Mounting plugin AndroidMoviePlayer
LogPluginManager: Mounting plugin AndroidPermission
LogPluginManager: Mounting plugin AppleMoviePlayer
LogPluginManager: Mounting plugin ArchVisCharacter
LogPluginManager: Mounting plugin AudioCapture
LogPluginManager: Mounting plugin CableComponent
LogPluginManager: Mounting plugin CustomMeshComponent
LogPluginManager: Mounting plugin EditableMesh
LogPluginManager: Mounting plugin ExampleDeviceProfileSelector
LogPluginManager: Mounting plugin Firebase
LogPluginManager: Mounting plugin GoogleCloudMessaging
LogPluginManager: Mounting plugin IOSDeviceProfileSelector
LogPluginManager: Mounting plugin LinuxDeviceProfileSelector
LogPluginManager: Mounting plugin LocationServicesBPLibrary
LogPluginManager: Mounting plugin MobilePatchingUtils
LogPluginManager: Mounting plugin OculusVR
LogPluginManager: Mounting plugin PhysXVehicles
LogPluginManager: Mounting plugin ProceduralMeshComponent
LogPluginManager: Mounting plugin RuntimePhysXCooking
LogPluginManager: Mounting plugin SteamVR
LogPluginManager: Mounting plugin WebMMoviePlayer
LogPluginManager: Mounting plugin WindowsMoviePlayer
LogStreaming: Display: Took  0.100s to configure plugins.
LogInit: Using libcurl 7.55.1-DEV
LogInit:  - built for x86_64-pc-win32
LogInit:  - supports SSL with OpenSSL/1.0.2h
LogInit:  - supports HTTP deflate (compression) using libz 1.2.8
LogInit:  - other features:
LogInit:      CURL_VERSION_SSL
LogInit:      CURL_VERSION_LIBZ
LogInit:      CURL_VERSION_IPV6
LogInit:      CURL_VERSION_ASYNCHDNS
LogInit:      CURL_VERSION_LARGEFILE
LogInit:      CURL_VERSION_IDN
LogInit:  CurlRequestOptions (configurable via config and command line):
LogInit:  - bVerifyPeer = true  - Libcurl will verify peer certificate
LogInit:  - bUseHttpProxy = false  - Libcurl will NOT use HTTP proxy
LogInit:  - bDontReuseConnections = false  - Libcurl will reuse connections
LogInit:  - MaxHostConnections = 16  - Libcurl will limit the number of connections to a host
LogInit:  - LocalHostAddr = Default
LogInit:  - BufferSize = 65536
LogInit: WinSock: version 1.1 (2.2), MaxSocks=32767, MaxUdp=65467
LogInit: Build: ++UE4+Release-4.21-CL-4613538
LogInit: Engine Version: 4.21.1-4613538+++UE4+Release-4.21
LogInit: Compatible Engine Version: 4.21.0-4541578+++UE4+Release-4.21
LogInit: Net CL: 4541578
LogInit: OS: Windows 10 (), CPU: Intel(R) Core(TM) i7-8700 CPU @ 3.20GHz, GPU: NVIDIA GeForce GTX 1050 Ti
LogInit: Compiled (64-bit): Nov 30 2018 04:13:25
LogInit: Compiled with Visual C++: 19.13.26129.00
LogInit: Build Configuration: Development
LogInit: Branch Name: ++UE4+Release-4.21
LogInit: Command Line:  -skipcompile
LogInit: Base Directory: D:/UnrealEngine/Engine/UE_4.21/Engine/Binaries/Win64/
LogInit: Installed Engine Build: 1
LogDevObjectVersion: Number of dev versions registered: 22
LogDevObjectVersion:   Dev-Blueprints (B0D832E4-1F89-4F0D-ACCF-7EB736FD4AA2): 10
LogDevObjectVersion:   Dev-Build (E1C64328-A22C-4D53-A36C-8E866417BD8C): 0
LogDevObjectVersion:   Dev-Core (375EC13C-06E4-48FB-B500-84F0262A717E): 2
LogDevObjectVersion:   Dev-Editor (E4B068ED-F494-42E9-A231-DA0B2E46BB41): 26
LogDevObjectVersion:   Dev-Framework (CFFC743F-43B0-4480-9391-14DF171D2073): 34
LogDevObjectVersion:   Dev-Mobile (B02B49B5-BB20-44E9-A304-32B752E40360): 2
LogDevObjectVersion:   Dev-Networking (A4E4105C-59A1-49B5-A7C5-40C4547EDFEE): 0
LogDevObjectVersion:   Dev-Online (39C831C9-5AE6-47DC-9A44-9C173E1C8E7C): 0
LogDevObjectVersion:   Dev-Physics (78F01B33-EBEA-4F98-B9B4-84EACCB95AA2): 0
LogDevObjectVersion:   Dev-Platform (6631380F-2D4D-43E0-8009-CF276956A95A): 0
LogDevObjectVersion:   Dev-Rendering (12F88B9F-8875-4AFC-A67C-D90C383ABD29): 27
LogDevObjectVersion:   Dev-Sequencer (7B5AE74C-D270-4C10-A958-57980B212A5A): 9
LogDevObjectVersion:   Dev-VR (D7296918-1DD6-4BDD-9DE2-64A83CC13884): 2
LogDevObjectVersion:   Dev-LoadTimes (C2A15278-BFE7-4AFE-6C17-90FF531DF755): 1
LogDevObjectVersion:   Private-Geometry (6EACA3D4-40EC-4CC1-B786-8BED09428FC5): 3
LogDevObjectVersion:   Dev-AnimPhys (29E575DD-E0A3-4627-9D10-D276232CDCEA): 17
LogDevObjectVersion:   Dev-Anim (AF43A65D-7FD3-4947-9873-3E8ED9C1BB05): 2
LogDevObjectVersion:   Dev-ReflectionCapture (6B266CEC-1EC7-4B8F-A30B-E4D90942FC07): 1
LogDevObjectVersion:   Dev-Automation (0DF73D61-A23F-47EA-B727-89E90C41499A): 1
LogDevObjectVersion:   FortniteMain (601D1886-AC64-4F84-AA16-D3DE0DEAC7D6): 17
LogDevObjectVersion:   Dev-Enterprise (9DFFBCD6-494F-0158-E221-12823C92A888): 4
LogDevObjectVersion:   Dev-Niagara (F2AED0AC-9AFE-416F-8664-AA7FFA26D6FC): 1
LogStreaming: Display: Took  0.001s to delete old logs.
LogInit: Presizing for max 8388607 objects, including 0 objects not considered by GC, pre-allocating 0 bytes for permanent pool.
LogInit: Object subsystem initialized
LogConfig: Setting CVar [[con.DebugEarlyDefault:1]]
LogConfig: Setting CVar [[r.setres:1280x720]]
[2018.12.20-14.34.16:666][  0]LogConfig: Setting CVar [[r.VSync:0]]
[2018.12.20-14.34.16:666][  0]LogConfig: Setting CVar [[r.RHICmdBypass:0]]
[2018.12.20-14.34.16:666][  0]LogConfig: Applying CVar settings from Section [/Script/Engine.RendererSettings] File [D:/UnrealEngine/Games/MultiplayerGame/CoopGameMultiplayer/CoopGame/Saved/Config/Windows/Engine.ini]
[2018.12.20-14.34.16:666][  0]LogConfig: Setting CVar [[r.GPUCrashDebugging:0]]
[2018.12.20-14.34.16:666][  0]LogConfig: Applying CVar settings from Section [/Script/Engine.RendererOverrideSettings] File [D:/UnrealEngine/Games/MultiplayerGame/CoopGameMultiplayer/CoopGame/Saved/Config/Windows/Engine.ini]
[2018.12.20-14.34.16:666][  0]LogConfig: Applying CVar settings from Section [/Script/Engine.StreamingSettings] File [D:/UnrealEngine/Games/MultiplayerGame/CoopGameMultiplayer/CoopGame/Saved/Config/Windows/Engine.ini]
[2018.12.20-14.34.16:666][  0]LogConfig: Setting CVar [[s.MinBulkDataSizeForAsyncLoading:131072]]
[2018.12.20-14.34.16:666][  0]LogConfig: Setting CVar [[s.AsyncLoadingThreadEnabled:0]]
[2018.12.20-14.34.16:666][  0]LogConfig: Setting CVar [[s.EventDrivenLoaderEnabled:1]]
[2018.12.20-14.34.16:666][  0]LogConfig: Setting CVar [[s.WarnIfTimeLimitExceeded:0]]
[2018.12.20-14.34.16:667][  0]LogConfig: Setting CVar [[s.TimeLimitExceededMultiplier:1.5]]
[2018.12.20-14.34.16:667][  0]LogConfig: Setting CVar [[s.TimeLimitExceededMinTime:0.005]]
[2018.12.20-14.34.16:667][  0]LogConfig: Setting CVar [[s.UseBackgroundLevelStreaming:1]]
[2018.12.20-14.34.16:667][  0]LogConfig: Setting CVar [[s.PriorityAsyncLoadingExtraTime:15.0]]
[2018.12.20-14.34.16:667][  0]LogConfig: Setting CVar [[s.LevelStreamingActorsUpdateTimeLimit:5.0]]
[2018.12.20-14.34.16:667][  0]LogConfig: Setting CVar [[s.PriorityLevelStreamingActorsUpdateExtraTime:5.0]]
[2018.12.20-14.34.16:667][  0]LogConfig: Setting CVar [[s.LevelStreamingComponentsRegistrationGranularity:10]]
[2018.12.20-14.34.16:667][  0]LogConfig: Setting CVar [[s.UnregisterComponentsTimeLimit:1.0]]
[2018.12.20-14.34.16:667][  0]LogConfig: Setting CVar [[s.LevelStreamingComponentsUnregistrationGranularity:5]]
[2018.12.20-14.34.16:667][  0]LogConfig: Applying CVar settings from Section [/Script/Engine.GarbageCollectionSettings] File [D:/UnrealEngine/Games/MultiplayerGame/CoopGameMultiplayer/CoopGame/Saved/Config/Windows/Engine.ini]
[2018.12.20-14.34.16:668][  0]LogConfig: Setting CVar [[gc.MaxObjectsNotConsideredByGC:1]]
[2018.12.20-14.34.16:668][  0]LogConfig: Setting CVar [[gc.SizeOfPermanentObjectPool:0]]
[2018.12.20-14.34.16:668][  0]LogConfig: Setting CVar [[gc.FlushStreamingOnGC:0]]
[2018.12.20-14.34.16:668][  0]LogConfig: Setting CVar [[gc.NumRetriesBeforeForcingGC:10]]
[2018.12.20-14.34.16:668][  0]LogConfig: Setting CVar [[gc.AllowParallelGC:1]]
[2018.12.20-14.34.16:668][  0]LogConfig: Setting CVar [[gc.TimeBetweenPurgingPendingKillObjects:61.1]]
[2018.12.20-14.34.16:668][  0]LogConfig: Setting CVar [[gc.MaxObjectsInEditor:8388607]]
[2018.12.20-14.34.16:668][  0]LogConfig: Setting CVar [[gc.IncrementalBeginDestroyEnabled:1]]
[2018.12.20-14.34.16:668][  0]LogConfig: Setting CVar [[gc.CreateGCClusters:1]]
[2018.12.20-14.34.16:668][  0]LogConfig: Setting CVar [[gc.MergeGCClusters:0]]
[2018.12.20-14.34.16:668][  0]LogConfig: Setting CVar [[gc.MinGCClusterSize:5]]
[2018.12.20-14.34.16:668][  0]LogConfig: Setting CVar [[gc.ActorClusteringEnabled:0]]
[2018.12.20-14.34.16:669][  0]LogConfig: Setting CVar [[gc.BlueprintClusteringEnabled:0]]
[2018.12.20-14.34.16:669][  0]LogConfig: Setting CVar [[gc.UseDisregardForGCOnDedicatedServers:0]]
[2018.12.20-14.34.16:669][  0]LogConfig: Applying CVar settings from Section [/Script/Engine.NetworkSettings] File [D:/UnrealEngine/Games/MultiplayerGame/CoopGameMultiplayer/CoopGame/Saved/Config/Windows/Engine.ini]
[2018.12.20-14.34.16:669][  0]LogConfig: Applying CVar settings from Section [/Script/UnrealEd.CookerSettings] File [D:/UnrealEngine/Games/MultiplayerGame/CoopGameMultiplayer/CoopGame/Saved/Config/Windows/Engine.ini]
[2018.12.20-14.34.16:681][  0]LogConfig: Applying CVar settings from Section [ViewDistanceQuality@3] File [D:/UnrealEngine/Games/MultiplayerGame/CoopGameMultiplayer/CoopGame/Saved/Config/Windows/Scalability.ini]
[2018.12.20-14.34.16:682][  0]LogConfig: Setting CVar [[r.SkeletalMeshLODBias:0]]
[2018.12.20-14.34.16:682][  0]LogConfig: Setting CVar [[r.ViewDistanceScale:1.0]]
[2018.12.20-14.34.16:682][  0]LogConfig: Applying CVar settings from Section [AntiAliasingQuality@3] File [D:/UnrealEngine/Games/MultiplayerGame/CoopGameMultiplayer/CoopGame/Saved/Config/Windows/Scalability.ini]
[2018.12.20-14.34.16:682][  0]LogConfig: Setting CVar [[r.PostProcessAAQuality:4]]
[2018.12.20-14.34.16:682][  0]LogConfig: Applying CVar settings from Section [ShadowQuality@3] File [D:/UnrealEngine/Games/MultiplayerGame/CoopGameMultiplayer/CoopGame/Saved/Config/Windows/Scalability.ini]
[2018.12.20-14.34.16:682][  0]LogConfig: Setting CVar [[r.LightFunctionQuality:1]]
[2018.12.20-14.34.16:682][  0]LogConfig: Setting CVar [[r.ShadowQuality:5]]
[2018.12.20-14.34.16:682][  0]LogConfig: Setting CVar [[r.Shadow.CSM.MaxCascades:10]]
[2018.12.20-14.34.16:682][  0]LogConfig: Setting CVar [[r.Shadow.MaxResolution:2048]]
[2018.12.20-14.34.16:682][  0]LogConfig: Setting CVar [[r.Shadow.MaxCSMResolution:2048]]
[2018.12.20-14.34.16:682][  0]LogConfig: Setting CVar [[r.Shadow.RadiusThreshold:0.01]]
[2018.12.20-14.34.16:682][  0]LogConfig: Setting CVar [[r.Shadow.DistanceScale:1.0]]
[2018.12.20-14.34.16:682][  0]LogConfig: Setting CVar [[r.Shadow.CSM.TransitionScale:1.0]]
[2018.12.20-14.34.16:683][  0]LogConfig: Setting CVar [[r.Shadow.PreShadowResolutionFactor:1.0]]
[2018.12.20-14.34.16:683][  0]LogConfig: Setting CVar [[r.DistanceFieldShadowing:1]]
[2018.12.20-14.34.16:683][  0]LogConfig: Setting CVar [[r.DistanceFieldAO:1]]
[2018.12.20-14.34.16:683][  0]LogConfig: Setting CVar [[r.AOQuality:2]]
[2018.12.20-14.34.16:683][  0]LogConfig: Setting CVar [[r.VolumetricFog:1]]
[2018.12.20-14.34.16:683][  0]LogConfig: Setting CVar [[r.VolumetricFog.GridPixelSize:8]]
[2018.12.20-14.34.16:683][  0]LogConfig: Setting CVar [[r.VolumetricFog.GridSizeZ:128]]
[2018.12.20-14.34.16:683][  0]LogConfig: Setting CVar [[r.VolumetricFog.HistoryMissSupersampleCount:4]]
[2018.12.20-14.34.16:683][  0]LogConfig: Setting CVar [[r.LightMaxDrawDistanceScale:1]]
[2018.12.20-14.34.16:683][  0]LogConfig: Setting CVar [[r.CapsuleShadows:1]]
[2018.12.20-14.34.16:683][  0]LogConfig: Applying CVar settings from Section [PostProcessQuality@3] File [D:/UnrealEngine/Games/MultiplayerGame/CoopGameMultiplayer/CoopGame/Saved/Config/Windows/Scalability.ini]
[2018.12.20-14.34.16:683][  0]LogConfig: Setting CVar [[r.MotionBlurQuality:4]]
[2018.12.20-14.34.16:684][  0]LogConfig: Setting CVar [[r.AmbientOcclusionMipLevelFactor:0.4]]
[2018.12.20-14.34.16:684][  0]LogConfig: Setting CVar [[r.AmbientOcclusionMaxQuality:100]]
[2018.12.20-14.34.16:684][  0]LogConfig: Setting CVar [[r.AmbientOcclusionLevels:-1]]
[2018.12.20-14.34.16:684][  0]LogConfig: Setting CVar [[r.AmbientOcclusionRadiusScale:1.0]]
[2018.12.20-14.34.16:684][  0]LogConfig: Setting CVar [[r.DepthOfFieldQuality:2]]
[2018.12.20-14.34.16:684][  0]LogConfig: Setting CVar [[r.RenderTargetPoolMin:400]]
[2018.12.20-14.34.16:684][  0]LogConfig: Setting CVar [[r.LensFlareQuality:2]]
[2018.12.20-14.34.16:684][  0]LogConfig: Setting CVar [[r.SceneColorFringeQuality:1]]
[2018.12.20-14.34.16:684][  0]LogConfig: Setting CVar [[r.EyeAdaptationQuality:2]]
[2018.12.20-14.34.16:684][  0]LogConfig: Setting CVar [[r.BloomQuality:5]]
[2018.12.20-14.34.16:684][  0]LogConfig: Setting CVar [[r.FastBlurThreshold:100]]
[2018.12.20-14.34.16:684][  0]LogConfig: Setting CVar [[r.Upscale.Quality:3]]
[2018.12.20-14.34.16:685][  0]LogConfig: Setting CVar [[r.Tonemapper.GrainQuantization:1]]
[2018.12.20-14.34.16:685][  0]LogConfig: Setting CVar [[r.LightShaftQuality:1]]
[2018.12.20-14.34.16:685][  0]LogConfig: Setting CVar [[r.Filter.SizeScale:1]]
[2018.12.20-14.34.16:685][  0]LogConfig: Setting CVar [[r.Tonemapper.Quality:5]]
[2018.12.20-14.34.16:685][  0]LogConfig: Setting CVar [[r.DOF.Gather.AccumulatorQuality:1        ; higher gathering accumulator quality]]
[2018.12.20-14.34.16:685][  0]LogConfig: Setting CVar [[r.DOF.Gather.PostfilterMethod:1          ; Median3x3 postfilering method]]
[2018.12.20-14.34.16:685][  0]LogConfig: Setting CVar [[r.DOF.Gather.EnableBokehSettings:0       ; no bokeh simulation when gathering]]
[2018.12.20-14.34.16:685][  0]LogConfig: Setting CVar [[r.DOF.Gather.RingCount:4                 ; medium number of samples when gathering]]
[2018.12.20-14.34.16:685][  0]LogConfig: Setting CVar [[r.DOF.Scatter.ForegroundCompositing:1    ; additive foreground scattering]]
[2018.12.20-14.34.16:685][  0]LogConfig: Setting CVar [[r.DOF.Scatter.BackgroundCompositing:2    ; additive background scattering]]
[2018.12.20-14.34.16:686][  0]LogConfig: Setting CVar [[r.DOF.Scatter.EnableBokehSettings:1      ; bokeh simulation when scattering]]
[2018.12.20-14.34.16:686][  0]LogConfig: Setting CVar [[r.DOF.Scatter.MaxSpriteRatio:0.1         ; only a maximum of 10% of scattered bokeh]]
[2018.12.20-14.34.16:686][  0]LogConfig: Setting CVar [[r.DOF.Recombine.Quality:1                ; cheap slight out of focus]]
[2018.12.20-14.34.16:686][  0]LogConfig: Setting CVar [[r.DOF.Recombine.EnableBokehSettings:0    ; no bokeh simulation on slight out of focus]]
[2018.12.20-14.34.16:686][  0]LogConfig: Setting CVar [[r.DOF.TemporalAAQuality:1                ; more stable temporal accumulation]]
[2018.12.20-14.34.16:686][  0]LogConfig: Setting CVar [[r.DOF.Kernel.MaxForegroundRadius:0.025]]
[2018.12.20-14.34.16:686][  0]LogConfig: Setting CVar [[r.DOF.Kernel.MaxBackgroundRadius:0.025]]
[2018.12.20-14.34.16:686][  0]LogConfig: Applying CVar settings from Section [TextureQuality@3] File [D:/UnrealEngine/Games/MultiplayerGame/CoopGameMultiplayer/CoopGame/Saved/Config/Windows/Scalability.ini]
[2018.12.20-14.34.16:686][  0]LogConfig: Setting CVar [[r.Streaming.MipBias:0]]
[2018.12.20-14.34.16:686][  0]LogConfig: Setting CVar [[r.Streaming.AmortizeCPUToGPUCopy:0]]
[2018.12.20-14.34.16:686][  0]LogConfig: Setting CVar [[r.Streaming.MaxNumTexturesToStreamPerFrame:0]]
[2018.12.20-14.34.16:687][  0]LogConfig: Setting CVar [[r.Streaming.Boost:1]]
[2018.12.20-14.34.16:687][  0]LogConfig: Setting CVar [[r.MaxAnisotropy:8]]
[2018.12.20-14.34.16:687][  0]LogConfig: Setting CVar [[r.Streaming.LimitPoolSizeToVRAM:0]]
[2018.12.20-14.34.16:687][  0]LogConfig: Setting CVar [[r.Streaming.PoolSize:1000]]
[2018.12.20-14.34.16:687][  0]LogConfig: Setting CVar [[r.Streaming.MaxEffectiveScreenSize:0]]
[2018.12.20-14.34.16:687][  0]LogConfig: Applying CVar settings from Section [EffectsQuality@3] File [D:/UnrealEngine/Games/MultiplayerGame/CoopGameMultiplayer/CoopGame/Saved/Config/Windows/Scalability.ini]
[2018.12.20-14.34.16:687][  0]LogConfig: Setting CVar [[r.TranslucencyLightingVolumeDim:64]]
[2018.12.20-14.34.16:687][  0]LogConfig: Setting CVar [[r.RefractionQuality:2]]
[2018.12.20-14.34.16:687][  0]LogConfig: Setting CVar [[r.SSR.Quality:3]]
[2018.12.20-14.34.16:687][  0]LogConfig: Setting CVar [[r.SceneColorFormat:4]]
[2018.12.20-14.34.16:687][  0]LogConfig: Setting CVar [[r.DetailMode:2]]
[2018.12.20-14.34.16:687][  0]LogConfig: Setting CVar [[r.TranslucencyVolumeBlur:1]]
[2018.12.20-14.34.16:688][  0]LogConfig: Setting CVar [[r.MaterialQualityLevel:1 ; High quality]]
[2018.12.20-14.34.16:688][  0]LogConfig: Setting CVar [[r.SSS.Scale:1]]
[2018.12.20-14.34.16:688][  0]LogConfig: Setting CVar [[r.SSS.SampleSet:2]]
[2018.12.20-14.34.16:688][  0]LogConfig: Setting CVar [[r.SSS.Quality:1]]
[2018.12.20-14.34.16:688][  0]LogConfig: Setting CVar [[r.SSS.HalfRes:1]]
[2018.12.20-14.34.16:688][  0]LogConfig: Setting CVar [[r.EmitterSpawnRateScale:1.0]]
[2018.12.20-14.34.16:688][  0]LogConfig: Setting CVar [[r.ParticleLightQuality:2]]
[2018.12.20-14.34.16:688][  0]LogConfig: Applying CVar settings from Section [FoliageQuality@3] File [D:/UnrealEngine/Games/MultiplayerGame/CoopGameMultiplayer/CoopGame/Saved/Config/Windows/Scalability.ini]
[2018.12.20-14.34.16:688][  0]LogConfig: Setting CVar [[foliage.DensityScale:1.0]]
[2018.12.20-14.34.16:688][  0]LogConfig: Setting CVar [[grass.DensityScale:1.0]]
[2018.12.20-14.34.16:688][  0]LogInit: Selected Device Profile: [Windows]
[2018.12.20-14.34.16:688][  0]LogInit: Applying CVar settings loaded from the selected device profile: [Windows]
[2018.12.20-14.34.16:696][  0]LogHAL: Display: Platform has ~ 16 GB [17112002560 / 17179869184 / 16], which maps to Larger [LargestMinGB=32, LargerMinGB=12, DefaultMinGB=8, SmallerMinGB=6, SmallestMinGB=0)
[2018.12.20-14.34.16:696][  0]LogConfig: Setting CVar [[r.Vulkan.UseRealUBs:1]]
[2018.12.20-14.34.16:696][  0]LogInit: Going up to parent DeviceProfile []
[2018.12.20-14.34.16:696][  0]LogConfig: Applying CVar settings from Section [ViewDistanceQuality@3] File [D:/UnrealEngine/Games/MultiplayerGame/CoopGameMultiplayer/CoopGame/Saved/Config/Windows/Scalability.ini]
[2018.12.20-14.34.16:697][  0]LogConfig: Setting CVar [[r.SkeletalMeshLODBias:0]]
[2018.12.20-14.34.16:697][  0]LogConfig: Setting CVar [[r.ViewDistanceScale:1.0]]
[2018.12.20-14.34.16:697][  0]LogConfig: Applying CVar settings from Section [AntiAliasingQuality@3] File [D:/UnrealEngine/Games/MultiplayerGame/CoopGameMultiplayer/CoopGame/Saved/Config/Windows/Scalability.ini]
[2018.12.20-14.34.16:697][  0]LogConfig: Setting CVar [[r.PostProcessAAQuality:4]]
[2018.12.20-14.34.16:697][  0]LogConfig: Applying CVar settings from Section [ShadowQuality@3] File [D:/UnrealEngine/Games/MultiplayerGame/CoopGameMultiplayer/CoopGame/Saved/Config/Windows/Scalability.ini]
[2018.12.20-14.34.16:697][  0]LogConfig: Setting CVar [[r.LightFunctionQuality:1]]
[2018.12.20-14.34.16:697][  0]LogConfig: Setting CVar [[r.ShadowQuality:5]]
[2018.12.20-14.34.16:697][  0]LogConfig: Setting CVar [[r.Shadow.CSM.MaxCascades:10]]
[2018.12.20-14.34.16:697][  0]LogConfig: Setting CVar [[r.Shadow.MaxResolution:2048]]
[2018.12.20-14.34.16:697][  0]LogConfig: Setting CVar [[r.Shadow.MaxCSMResolution:2048]]
[2018.12.20-14.34.16:697][  0]LogConfig: Setting CVar [[r.Shadow.RadiusThreshold:0.01]]
[2018.12.20-14.34.16:697][  0]LogConfig: Setting CVar [[r.Shadow.DistanceScale:1.0]]
[2018.12.20-14.34.16:697][  0]LogConfig: Setting CVar [[r.Shadow.CSM.TransitionScale:1.0]]
[2018.12.20-14.34.16:698][  0]LogConfig: Setting CVar [[r.Shadow.PreShadowResolutionFactor:1.0]]
[2018.12.20-14.34.16:698][  0]LogConfig: Setting CVar [[r.DistanceFieldShadowing:1]]
[2018.12.20-14.34.16:698][  0]LogConfig: Setting CVar [[r.DistanceFieldAO:1]]
[2018.12.20-14.34.16:698][  0]LogConfig: Setting CVar [[r.AOQuality:2]]
[2018.12.20-14.34.16:698][  0]LogConfig: Setting CVar [[r.VolumetricFog:1]]
[2018.12.20-14.34.16:698][  0]LogConfig: Setting CVar [[r.VolumetricFog.GridPixelSize:8]]
[2018.12.20-14.34.16:698][  0]LogConfig: Setting CVar [[r.VolumetricFog.GridSizeZ:128]]
[2018.12.20-14.34.16:698][  0]LogConfig: Setting CVar [[r.VolumetricFog.HistoryMissSupersampleCount:4]]
[2018.12.20-14.34.16:698][  0]LogConfig: Setting CVar [[r.LightMaxDrawDistanceScale:1]]
[2018.12.20-14.34.16:698][  0]LogConfig: Setting CVar [[r.CapsuleShadows:1]]
[2018.12.20-14.34.16:698][  0]LogConfig: Applying CVar settings from Section [PostProcessQuality@3] File [D:/UnrealEngine/Games/MultiplayerGame/CoopGameMultiplayer/CoopGame/Saved/Config/Windows/Scalability.ini]
[2018.12.20-14.34.16:698][  0]LogConfig: Setting CVar [[r.MotionBlurQuality:4]]
[2018.12.20-14.34.16:699][  0]LogConfig: Setting CVar [[r.AmbientOcclusionMipLevelFactor:0.4]]
[2018.12.20-14.34.16:699][  0]LogConfig: Setting CVar [[r.AmbientOcclusionMaxQuality:100]]
[2018.12.20-14.34.16:699][  0]LogConfig: Setting CVar [[r.AmbientOcclusionLevels:-1]]
[2018.12.20-14.34.16:699][  0]LogConfig: Setting CVar [[r.AmbientOcclusionRadiusScale:1.0]]
[2018.12.20-14.34.16:699][  0]LogConfig: Setting CVar [[r.DepthOfFieldQuality:2]]
[2018.12.20-14.34.16:699][  0]LogConfig: Setting CVar [[r.RenderTargetPoolMin:400]]
[2018.12.20-14.34.16:699][  0]LogConfig: Setting CVar [[r.LensFlareQuality:2]]
[2018.12.20-14.34.16:699][  0]LogConfig: Setting CVar [[r.SceneColorFringeQuality:1]]
[2018.12.20-14.34.16:699][  0]LogConfig: Setting CVar [[r.EyeAdaptationQuality:2]]
[2018.12.20-14.34.16:699][  0]LogConfig: Setting CVar [[r.BloomQuality:5]]
[2018.12.20-14.34.16:699][  0]LogConfig: Setting CVar [[r.FastBlurThreshold:100]]
[2018.12.20-14.34.16:700][  0]LogConfig: Setting CVar [[r.Upscale.Quality:3]]
[2018.12.20-14.34.16:700][  0]LogConfig: Setting CVar [[r.Tonemapper.GrainQuantization:1]]
[2018.12.20-14.34.16:700][  0]LogConfig: Setting CVar [[r.LightShaftQuality:1]]
[2018.12.20-14.34.16:700][  0]LogConfig: Setting CVar [[r.Filter.SizeScale:1]]
[2018.12.20-14.34.16:700][  0]LogConfig: Setting CVar [[r.Tonemapper.Quality:5]]
[2018.12.20-14.34.16:700][  0]LogConfig: Setting CVar [[r.DOF.Gather.AccumulatorQuality:1        ; higher gathering accumulator quality]]
[2018.12.20-14.34.16:700][  0]LogConfig: Setting CVar [[r.DOF.Gather.PostfilterMethod:1          ; Median3x3 postfilering method]]
[2018.12.20-14.34.16:700][  0]LogConfig: Setting CVar [[r.DOF.Gather.EnableBokehSettings:0       ; no bokeh simulation when gathering]]
[2018.12.20-14.34.16:700][  0]LogConfig: Setting CVar [[r.DOF.Gather.RingCount:4                 ; medium number of samples when gathering]]
[2018.12.20-14.34.16:700][  0]LogConfig: Setting CVar [[r.DOF.Scatter.ForegroundCompositing:1    ; additive foreground scattering]]
[2018.12.20-14.34.16:701][  0]LogConfig: Setting CVar [[r.DOF.Scatter.BackgroundCompositing:2    ; additive background scattering]]
[2018.12.20-14.34.16:701][  0]LogConfig: Setting CVar [[r.DOF.Scatter.EnableBokehSettings:1      ; bokeh simulation when scattering]]
[2018.12.20-14.34.16:701][  0]LogConfig: Setting CVar [[r.DOF.Scatter.MaxSpriteRatio:0.1         ; only a maximum of 10% of scattered bokeh]]
[2018.12.20-14.34.16:701][  0]LogConfig: Setting CVar [[r.DOF.Recombine.Quality:1                ; cheap slight out of focus]]
[2018.12.20-14.34.16:701][  0]LogConfig: Setting CVar [[r.DOF.Recombine.EnableBokehSettings:0    ; no bokeh simulation on slight out of focus]]
[2018.12.20-14.34.16:701][  0]LogConfig: Setting CVar [[r.DOF.TemporalAAQuality:1                ; more stable temporal accumulation]]
[2018.12.20-14.34.16:701][  0]LogConfig: Setting CVar [[r.DOF.Kernel.MaxForegroundRadius:0.025]]
[2018.12.20-14.34.16:701][  0]LogConfig: Setting CVar [[r.DOF.Kernel.MaxBackgroundRadius:0.025]]
[2018.12.20-14.34.16:701][  0]LogConfig: Applying CVar settings from Section [TextureQuality@3] File [D:/UnrealEngine/Games/MultiplayerGame/CoopGameMultiplayer/CoopGame/Saved/Config/Windows/Scalability.ini]
[2018.12.20-14.34.16:701][  0]LogConfig: Setting CVar [[r.Streaming.MipBias:0]]
[2018.12.20-14.34.16:701][  0]LogConfig: Setting CVar [[r.Streaming.AmortizeCPUToGPUCopy:0]]
[2018.12.20-14.34.16:701][  0]LogConfig: Setting CVar [[r.Streaming.MaxNumTexturesToStreamPerFrame:0]]
[2018.12.20-14.34.16:701][  0]LogConfig: Setting CVar [[r.Streaming.Boost:1]]
[2018.12.20-14.34.16:701][  0]LogConfig: Setting CVar [[r.MaxAnisotropy:8]]
[2018.12.20-14.34.16:702][  0]LogConfig: Setting CVar [[r.Streaming.LimitPoolSizeToVRAM:0]]
[2018.12.20-14.34.16:702][  0]LogConfig: Setting CVar [[r.Streaming.PoolSize:1000]]
[2018.12.20-14.34.16:702][  0]LogConfig: Setting CVar [[r.Streaming.MaxEffectiveScreenSize:0]]
[2018.12.20-14.34.16:702][  0]LogConfig: Applying CVar settings from Section [EffectsQuality@3] File [D:/UnrealEngine/Games/MultiplayerGame/CoopGameMultiplayer/CoopGame/Saved/Config/Windows/Scalability.ini]
[2018.12.20-14.34.16:702][  0]LogConfig: Setting CVar [[r.TranslucencyLightingVolumeDim:64]]
[2018.12.20-14.34.16:702][  0]LogConfig: Setting CVar [[r.RefractionQuality:2]]
[2018.12.20-14.34.16:702][  0]LogConfig: Setting CVar [[r.SSR.Quality:3]]
[2018.12.20-14.34.16:702][  0]LogConfig: Setting CVar [[r.SceneColorFormat:4]]
[2018.12.20-14.34.16:702][  0]LogConfig: Setting CVar [[r.DetailMode:2]]
[2018.12.20-14.34.16:702][  0]LogConfig: Setting CVar [[r.TranslucencyVolumeBlur:1]]
[2018.12.20-14.34.16:702][  0]LogConfig: Setting CVar [[r.MaterialQualityLevel:1 ; High quality]]
[2018.12.20-14.34.16:702][  0]LogConfig: Setting CVar [[r.SSS.Scale:1]]
[2018.12.20-14.34.16:702][  0]LogConfig: Setting CVar [[r.SSS.SampleSet:2]]
[2018.12.20-14.34.16:702][  0]LogConfig: Setting CVar [[r.SSS.Quality:1]]
[2018.12.20-14.34.16:703][  0]LogConfig: Setting CVar [[r.SSS.HalfRes:1]]
[2018.12.20-14.34.16:703][  0]LogConfig: Setting CVar [[r.EmitterSpawnRateScale:1.0]]
[2018.12.20-14.34.16:703][  0]LogConfig: Setting CVar [[r.ParticleLightQuality:2]]
[2018.12.20-14.34.16:703][  0]LogConfig: Applying CVar settings from Section [FoliageQuality@3] File [D:/UnrealEngine/Games/MultiplayerGame/CoopGameMultiplayer/CoopGame/Saved/Config/Windows/Scalability.ini]
[2018.12.20-14.34.16:703][  0]LogConfig: Setting CVar [[foliage.DensityScale:1.0]]
[2018.12.20-14.34.16:703][  0]LogConfig: Setting CVar [[grass.DensityScale:1.0]]
[2018.12.20-14.34.16:703][  0]LogConfig: Applying CVar settings from Section [Startup] File [../../../Engine/Config/ConsoleVariables.ini]
[2018.12.20-14.34.16:703][  0]LogConfig: Setting CVar [[net.UseAdaptiveNetUpdateFrequency:0]]
[2018.12.20-14.34.16:703][  0]LogConfig: Applying CVar settings from Section [ConsoleVariables] File [D:/UnrealEngine/Games/MultiplayerGame/CoopGameMultiplayer/CoopGame/Saved/Config/Windows/Engine.ini]
[2018.12.20-14.34.16:703][  0]LogInit: Computer: GG00001
[2018.12.20-14.34.16:704][  0]LogInit: User: oibikunle
[2018.12.20-14.34.16:704][  0]LogInit: CPU Page size=4096, Cores=6
[2018.12.20-14.34.16:704][  0]LogInit: High frequency timer resolution =10.000000 MHz
[2018.12.20-14.34.16:704][  0]LogMemory: Memory total: Physical=15.9GB (16GB approx)
[2018.12.20-14.34.16:704][  0]LogMemory: Platform Memory Stats for Windows
[2018.12.20-14.34.16:704][  0]LogMemory: Process Physical Memory: 104.10 MB used, 104.10 MB peak
[2018.12.20-14.34.16:704][  0]LogMemory: Process Virtual Memory: 86.29 MB used, 86.29 MB peak
[2018.12.20-14.34.16:704][  0]LogMemory: Physical Memory: 12876.72 MB used,  3442.56 MB free, 16319.28 MB total
[2018.12.20-14.34.16:704][  0]LogMemory: Virtual Memory: 4660.11 MB used,  134213064.00 MB free, 134217728.00 MB total
[2018.12.20-14.34.16:819][  0]LogInit: Using OS detected language (en-GB).
[2018.12.20-14.34.16:819][  0]LogInit: Using OS detected locale (en-GB).
[2018.12.20-14.34.16:820][  0]LogTextLocalizationManager: No specific localization for 'en-GB' exists, so the 'en' localization will be used.
[2018.12.20-14.34.17:112][  0]LogStreaming: Display: Took  0.293s to InitEngineTextLocalization.
[2018.12.20-14.34.17:112][  0]LogInit: Setting process to per monitor DPI aware
[2018.12.20-14.34.17:149][  0]LogSlate: New Slate User Created.  User Index 0, Is Virtual User: 0
[2018.12.20-14.34.17:149][  0]LogSlate: Slate User Registered.  User Index 0, Is Virtual User: 0
[2018.12.20-14.34.17:544][  0]LogHMD: Failed to initialize OpenVR with code 110
[2018.12.20-14.34.17:544][  0]LogD3D11RHI: D3D11 adapters:
[2018.12.20-14.34.17:611][  0]LogD3D11RHI:    0. 'NVIDIA GeForce GTX 1050 Ti' (Feature Level 11_0)
[2018.12.20-14.34.17:611][  0]LogD3D11RHI:       4018/0/8159 MB DedicatedVideo/DedicatedSystem/SharedSystem, Outputs:3, VendorId:0x10de
[2018.12.20-14.34.17:616][  0]LogD3D11RHI:    1. 'Microsoft Basic Render Driver' (Feature Level 11_0)
[2018.12.20-14.34.17:616][  0]LogD3D11RHI:       0/0/8159 MB DedicatedVideo/DedicatedSystem/SharedSystem, Outputs:0, VendorId:0x1414
[2018.12.20-14.34.17:616][  0]LogD3D11RHI: Chosen D3D11 Adapter: 0
[2018.12.20-14.34.17:628][  0]LogD3D11RHI: Creating new Direct3DDevice
[2018.12.20-14.34.17:629][  0]LogD3D11RHI:     GPU DeviceId: 0x1c82 (for the marketing name, search the web for "GPU Device Id")
[2018.12.20-14.34.17:629][  0]LogWindows: EnumDisplayDevices:
[2018.12.20-14.34.17:629][  0]LogWindows:    0. 'NVIDIA GeForce GTX 1050 Ti' (P:0 D:1)
[2018.12.20-14.34.17:629][  0]LogWindows:    1. 'NVIDIA GeForce GTX 1050 Ti' (P:0 D:1)
[2018.12.20-14.34.17:629][  0]LogWindows:    2. 'NVIDIA GeForce GTX 1050 Ti' (P:1 D:1)
[2018.12.20-14.34.17:630][  0]LogWindows:    3. 'NVIDIA GeForce GTX 1050 Ti' (P:0 D:0)
[2018.12.20-14.34.17:630][  0]LogWindows: DebugString: FoundDriverCount:4 
[2018.12.20-14.34.17:630][  0]LogD3D11RHI:     Adapter Name: NVIDIA GeForce GTX 1050 Ti
[2018.12.20-14.34.17:630][  0]LogD3D11RHI:   Driver Version: 417.22 (internal:25.21.14.1722, unified:417.22)
[2018.12.20-14.34.17:630][  0]LogD3D11RHI:      Driver Date: 11-29-2018
[2018.12.20-14.34.17:630][  0]LogRHI: Texture pool is 2812 MB (70% of 4018 MB)
[2018.12.20-14.34.17:670][  0]LogD3D11RHI: Async texture creation enabled
[2018.12.20-14.34.17:687][  0]LogD3D11RHI: GPU Timing Frequency: 1000.000000 (Debug: 2 2)
[2018.12.20-14.34.17:930][  0]LogTemp: Display: Loaded TP AllDesktopTargetPlatform
[2018.12.20-14.34.17:942][  0]LogTemp: Display: Loaded TP MacClientTargetPlatform
[2018.12.20-14.34.17:954][  0]LogTemp: Display: Loaded TP MacNoEditorTargetPlatform
[2018.12.20-14.34.17:965][  0]LogTemp: Display: Loaded TP MacServerTargetPlatform
[2018.12.20-14.34.17:976][  0]LogTemp: Display: Loaded TP MacTargetPlatform
[2018.12.20-14.34.17:988][  0]LogTemp: Display: Loaded TP WindowsClientTargetPlatform
[2018.12.20-14.34.17:999][  0]LogTemp: Display: Loaded TP WindowsNoEditorTargetPlatform
[2018.12.20-14.34.18:010][  0]LogTemp: Display: Loaded TP WindowsServerTargetPlatform
[2018.12.20-14.34.18:018][  0]LogTemp: Display: Loaded TP WindowsTargetPlatform
[2018.12.20-14.34.18:073][  0]LogTemp: Display: Loaded TP AndroidTargetPlatform
[2018.12.20-14.34.18:073][  0]LogTemp: Display: Loaded TP AndroidTargetPlatform
[2018.12.20-14.34.18:073][  0]LogTemp: Display: Loaded TP AndroidTargetPlatform
[2018.12.20-14.34.18:073][  0]LogTemp: Display: Loaded TP AndroidTargetPlatform
[2018.12.20-14.34.18:074][  0]LogTemp: Display: Loaded TP AndroidTargetPlatform
[2018.12.20-14.34.18:074][  0]LogTemp: Display: Loaded TP AndroidTargetPlatform
[2018.12.20-14.34.18:074][  0]LogTemp: Display: Loaded TP AndroidTargetPlatform
[2018.12.20-14.34.18:074][  0]LogTemp: Display: Loaded TP AndroidTargetPlatform
[2018.12.20-14.34.18:074][  0]LogTemp: Display: Loaded TP AndroidTargetPlatform
[2018.12.20-14.34.18:074][  0]LogTemp: Display: Loaded TP AndroidTargetPlatform
[2018.12.20-14.34.18:074][  0]LogTemp: Display: Loaded TP AndroidTargetPlatform
[2018.12.20-14.34.18:074][  0]LogTemp: Display: Loaded TP AndroidTargetPlatform
[2018.12.20-14.34.18:074][  0]LogTemp: Display: Loaded TP AndroidTargetPlatform
[2018.12.20-14.34.18:075][  0]LogTemp: Display: Loaded TP AndroidTargetPlatform
[2018.12.20-14.34.18:075][  0]LogTemp: Display: Loaded TP AndroidTargetPlatform
[2018.12.20-14.34.18:075][  0]LogTemp: Display: Loaded TP AndroidTargetPlatform
[2018.12.20-14.34.18:075][  0]LogTemp: Display: Loaded TP AndroidTargetPlatform
[2018.12.20-14.34.18:075][  0]LogTemp: Display: Loaded TP AndroidTargetPlatform
[2018.12.20-14.34.18:078][  0]LogTemp: Display: Loaded TP HTML5TargetPlatform
[2018.12.20-14.34.18:140][  0]LogTemp: Display: Loaded TP IOSTargetPlatform
[2018.12.20-14.34.18:140][  0]LogTemp: Display: Loaded TP IOSTargetPlatform
[2018.12.20-14.34.18:159][  0]LogTemp: Display: Loaded TP TVOSTargetPlatform
[2018.12.20-14.34.18:160][  0]LogTemp: Display: Loaded TP TVOSTargetPlatform
[2018.12.20-14.34.18:176][  0]LogTemp: Display: Loaded TP LinuxClientTargetPlatform
[2018.12.20-14.34.18:187][  0]LogTemp: Display: Loaded TP LinuxNoEditorTargetPlatform
[2018.12.20-14.34.18:198][  0]LogTemp: Display: Loaded TP LinuxServerTargetPlatform
[2018.12.20-14.34.18:211][  0]LogTemp: Display: Loaded TP LinuxTargetPlatform
[2018.12.20-14.34.18:248][  0]LogTemp: Display: Loaded TP LuminTargetPlatform
[2018.12.20-14.34.18:248][  0]LogTemp: Display: Loaded TP LuminTargetPlatform
[2018.12.20-14.34.18:248][  0]LogTargetPlatformManager: Display: Building Assets For Windows
[2018.12.20-14.34.18:348][  0]LogShaderCompilers: Guid format shader working directory is -16 characters bigger than the processId version (../../../../../Games/MultiplayerGame/CoopGameMultiplayer/CoopGame/Intermediate/Shaders/WorkingDirectory/93148/).
[2018.12.20-14.34.18:349][  0]LogShaderCompilers: Cleaned the shader compiler working directory 'C:/Users/oibikunle/AppData/Local/Temp/UnrealShaderWorkingDir/33FFB6AA4400943F30E044BAEE019BBB/'.
[2018.12.20-14.34.18:350][  0]LogXGEController: Cleaning working directory: C:/Users/oibikunle/AppData/Local/Temp/UnrealXGEWorkingDir/
[2018.12.20-14.34.18:350][  0]LogXGEController: Cannot use XGE Controller as Incredibuild is not installed on this machine.
[2018.12.20-14.34.18:350][  0]LogShaderCompilers: Cannot use XGE Shader Compiler as Incredibuild is not installed on this machine.
[2018.12.20-14.34.18:350][  0]LogShaderCompilers: Display: Using Local Shader Compiler.
[2018.12.20-14.34.18:788][  0]LogDerivedDataCache: Display: Max Cache Size: 512 MB
[2018.12.20-14.34.18:827][  0]LogDerivedDataCache: Loaded boot cache 0.04s 71MB C:/Users/oibikunle/AppData/Local/UnrealEngine/4.21/DerivedDataCache/Boot.ddc.
[2018.12.20-14.34.18:827][  0]LogDerivedDataCache: Display: Loaded Boot cache: C:/Users/oibikunle/AppData/Local/UnrealEngine/4.21/DerivedDataCache/Boot.ddc
[2018.12.20-14.34.18:827][  0]LogDerivedDataCache: FDerivedDataBackendGraph:  Pak pak cache file ../../../../../Games/MultiplayerGame/CoopGameMultiplayer/CoopGame/DerivedDataCache/DDC.ddp not found, will not use a pak cache.
[2018.12.20-14.34.18:827][  0]LogDerivedDataCache: Unable to find inner node Pak for hierarchical cache Hierarchy.
[2018.12.20-14.34.18:827][  0]LogDerivedDataCache: FDerivedDataBackendGraph:  CompressedPak pak cache file ../../../../../Games/MultiplayerGame/CoopGameMultiplayer/CoopGame/DerivedDataCache/Compressed.ddp not found, will not use a pak cache.
[2018.12.20-14.34.18:827][  0]LogDerivedDataCache: Unable to find inner node CompressedPak for hierarchical cache Hierarchy.
[2018.12.20-14.34.18:838][  0]LogDerivedDataCache: Display: Pak cache opened for reading ../../../Engine/DerivedDataCache/Compressed.ddp.
[2018.12.20-14.34.18:838][  0]LogDerivedDataCache: FDerivedDataBackendGraph:  EnterprisePak pak cache file ../../../Enterprise/DerivedDataCache/Compressed.ddp not found, will not use a pak cache.
[2018.12.20-14.34.18:838][  0]LogDerivedDataCache: Unable to find inner node EnterprisePak for hierarchical cache Hierarchy.
[2018.12.20-14.34.18:851][  0]LogDerivedDataCache: Using Local data cache path C:/Users/oibikunle/AppData/Local/UnrealEngine/Common/DerivedDataCache: Writable
[2018.12.20-14.34.18:851][  0]LogDerivedDataCache: Shared data cache path not found in *engine.ini, will not use an Shared cache.
[2018.12.20-14.34.18:851][  0]LogDerivedDataCache: Unable to find inner node Shared for hierarchical cache Hierarchy.
[2018.12.20-14.34.18:868][  0]LogMaterial: Verifying Global Shaders for PCD3D_SM5
[2018.12.20-14.34.18:869][  0]LogSlate: Using FreeType 2.6.0
[2018.12.20-14.34.18:870][  0]LogSlate: SlateFontServices - WITH_FREETYPE: 1, WITH_HARFBUZZ: 1
[2018.12.20-14.34.18:971][  0]LogAssetRegistry: FAssetRegistry took 0.0328 seconds to start up
[2018.12.20-14.34.19:240][  0]LogInit: Selected Device Profile: [Windows]
[2018.12.20-14.34.19:323][  0]LogSimplygon: Simplygon DLL not present - disabling.
[2018.12.20-14.34.19:331][  0]LogMeshReduction: Using SimplygonSwarm for distributed automatic mesh merging
[2018.12.20-14.34.19:331][  0]LogMeshReduction: Using ProxyLODMeshReduction for automatic mesh merging
[2018.12.20-14.34.19:331][  0]LogMeshReduction: Using QuadricMeshReduction for automatic static mesh reduction
[2018.12.20-14.34.19:331][  0]LogMeshReduction: No automatic skeletal mesh reduction module available
[2018.12.20-14.34.19:405][  0]LogNetVersion: CoopGame 1.0.0, NetCL: 4541578, EngineNetVer: 5, GameNetVer: 0 (Checksum: 2565775016)
[2018.12.20-14.34.19:909][  0]LogPackageLocalizationCache: Processed 11 localized package path(s) for 2 prioritized culture(s) in 0.088079 seconds
[2018.12.20-14.34.19:916][  0]LogUObjectArray: 39775 objects as part of root set at end of initial load.
[2018.12.20-14.34.19:917][  0]LogUObjectAllocator: 6914664 out of 0 bytes used by permanent object pool.
[2018.12.20-14.34.19:917][  0]LogUObjectArray: CloseDisregardForGC: 0/0 objects in disregard for GC pool
[2018.12.20-14.34.20:975][  0]LogTcpMessaging: Initializing TcpMessaging bridge
[2018.12.20-14.34.20:992][  0]LogUdpMessaging: Initializing bridge on interface 0.0.0.0:0 to multicast group 230.0.0.1:6666.
[2018.12.20-14.34.21:872][  0]SourceControl: Source control is disabled
[2018.12.20-14.34.21:873][  0]SourceControl: Source control is disabled
[2018.12.20-14.34.21:876][  0]SourceControl: Source control is disabled
[2018.12.20-14.34.21:880][  0]SourceControl: Source control is disabled
[2018.12.20-14.34.22:137][  0]LogAndroidPermission: UAndroidPermissionCallbackProxy::GetInstance
[2018.12.20-14.34.22:253][  0]LogOcInput: OculusInput pre-init called
[2018.12.20-14.34.22:395][  0]LogEngine: Initializing Engine...
[2018.12.20-14.34.22:396][  0]LogHMD: Failed to initialize OpenVR with code 110
[2018.12.20-14.34.22:397][  0]LogStats: UGameplayTagsManager::ConstructGameplayTagTree: ImportINI prefixes -  0.000 s
[2018.12.20-14.34.22:397][  0]LogStats: UGameplayTagsManager::ConstructGameplayTagTree: Construct from data asset -  0.000 s
[2018.12.20-14.34.22:397][  0]LogStats: UGameplayTagsManager::ConstructGameplayTagTree: ImportINI -  0.000 s
[2018.12.20-14.34.22:398][  0]LogStats: UGameplayTagsManager::ConstructGameplayTagTree: GameplayTagTreeChangedEvent.Broadcast -  0.000 s
[2018.12.20-14.34.22:598][  0]LogInit: Initializing FReadOnlyCVARCache
[2018.12.20-14.34.22:611][  0]LogAIModule: Creating AISystem for world Untitled
[2018.12.20-14.34.22:674][  0]LogInit: XAudio2 using 'Headphones (High Definition Audio Device)' : 2 channels at 48 kHz using 16 bits per sample (channel mask 0x3)
[2018.12.20-14.34.22:698][  0]LogInit: FAudioDevice initialized.
[2018.12.20-14.34.22:699][  0]LogNetVersion: Set ProjectVersion to 1.0.0.0. Version Checksum will be recalculated on next use.
[2018.12.20-14.34.22:738][  0]LogDerivedDataCache: Saved boot cache 0.04s 71MB C:/Users/oibikunle/AppData/Local/UnrealEngine/4.21/DerivedDataCache/Boot.ddc.
[2018.12.20-14.34.22:743][  0]LogInit: Texture streaming: Enabled
[2018.12.20-14.34.22:767][  0]LogEngineSessionManager: EngineSessionManager initialized
[2018.12.20-14.34.22:767][  0]LogEngineSessionManager: EngineSessionManager sent abnormal shutdown report. Type=Debugger, SessionId={24C3F21C-4E9B-6C46-2BAC-FFBCF0A2A8D3}
[2018.12.20-14.34.22:767][  0]LogEngineSessionManager: EngineSessionManager sent abnormal shutdown report. Type=Debugger, SessionId={A915C2AB-481C-A613-BE81-95ACEFC7037B}
[2018.12.20-14.34.22:774][  0]LogInit: Transaction tracking system initialized
[2018.12.20-14.34.22:803][  0]BlueprintLog: New page: Editor Load
[2018.12.20-14.34.22:899][  0]LocalizationService: Localization service is disabled
[2018.12.20-14.34.23:356][  0]LogFileCache: Scanning file cache for directory 'D:/UnrealEngine/Games/MultiplayerGame/CoopGameMultiplayer/CoopGame/Content/' took 0.01s
[2018.12.20-14.34.23:356][  0]LogCook: Display: Max memory allowance for cook 16384mb min free memory 0mb
[2018.12.20-14.34.23:356][  0]LogCook: Display: Mobile HDR setting 1
[2018.12.20-14.34.23:356][  0]LogGameplayTags: Display: UGameplayTagsManager::DoneAddingNativeTags. DelegateIsBound: 0
[2018.12.20-14.34.23:356][  0]LogStats: UGameplayTagsManager::ConstructGameplayTagTree: ImportINI prefixes -  0.000 s
[2018.12.20-14.34.23:356][  0]LogStats: UGameplayTagsManager::ConstructGameplayTagTree: Construct from data asset -  0.000 s
[2018.12.20-14.34.23:357][  0]LogStats: UGameplayTagsManager::ConstructGameplayTagTree: ImportINI -  0.000 s
[2018.12.20-14.34.23:357][  0]LogStats: UGameplayTagsManager::ConstructGameplayTagTree: GameplayTagTreeChangedEvent.Broadcast -  0.000 s
[2018.12.20-14.34.23:542][  0]SourceControl: Source control is disabled
[2018.12.20-14.34.23:542][  0]Cmd: MAP LOAD FILE="../../../Engine/Content/Maps/Templates/Template_Default.umap" TEMPLATE=1 SHOWPROGRESS=1 FEATURELEVEL=3
[2018.12.20-14.34.23:543][  0]LightingResults: New page: Lighting Build
[2018.12.20-14.34.23:545][  0]MapCheck: New page: Map Check
[2018.12.20-14.34.23:545][  0]LightingResults: New page: Lighting Build
[2018.12.20-14.34.23:690][  0]LogAIModule: Creating AISystem for world Untitled_1
[2018.12.20-14.34.23:696][  0]LogEditorServer: Finished looking for orphan Actors (0.000 secs)
[2018.12.20-14.34.23:720][  0]Cmd: MAP CHECKDEP NOCLEARLOG
[2018.12.20-14.34.23:720][  0]MapCheck: Map check complete: 0 Error(s), 0 Warning(s), took 0.099ms to complete.
[2018.12.20-14.34.23:720][  0]LogFileHelpers: Loading map 'Template_Default' took 0.178
[2018.12.20-14.34.23:812][  0]LogSlate: Updating window title bar state: overlay mode, drag disabled, window buttons hidden, title bar hidden
[2018.12.20-14.34.23:818][  0]LogSlate: Updating window title bar state: overlay mode, drag disabled, window buttons hidden, title bar hidden
[2018.12.20-14.34.23:824][  0]LogSlate: Updating window title bar state: overlay mode, drag disabled, window buttons hidden, title bar hidden
[2018.12.20-14.34.23:830][  0]LogSlate: Updating window title bar state: overlay mode, drag disabled, window buttons hidden, title bar hidden
[2018.12.20-14.34.23:837][  0]LogCollectionManager: Loaded 0 collections in 0.000837 seconds
[2018.12.20-14.34.23:880][  0]LogFileCache: Scanning file cache for directory 'D:/UnrealEngine/Games/MultiplayerGame/CoopGameMultiplayer/CoopGame/Saved/Collections/' took 0.01s
[2018.12.20-14.34.23:881][  0]LogFileCache: Scanning file cache for directory 'D:/UnrealEngine/Games/MultiplayerGame/CoopGameMultiplayer/CoopGame/Content/Developers/oibikunle/Collections/' took 0.01s
[2018.12.20-14.34.23:881][  0]LogFileCache: Scanning file cache for directory 'D:/UnrealEngine/Games/MultiplayerGame/CoopGameMultiplayer/CoopGame/Content/Collections/' took 0.01s
[2018.12.20-14.34.23:881][  0]LogCollectionManager: Rebuilt the GUID cache for 0 collections in 0.000000 seconds
[2018.12.20-14.34.23:888][  0]LogContentBrowser: Native class hierarchy populated in 0.0072 seconds. Added 2654 classes and 623 folders.
[2018.12.20-14.34.23:893][  0]LogContentBrowser: Native class hierarchy updated for 'WidgetCarousel' in 0.0003 seconds. Added 0 classes and 0 folders.
[2018.12.20-14.34.23:895][  0]LogPakFile: Registered encryption key '00000000000000000000000000000000': 0 pak files mounted, 0 remain pending
[2018.12.20-14.34.23:896][  0]LogPakFile: Registered encryption key '00000000000000000000000000000000': 0 pak files mounted, 0 remain pending
[2018.12.20-14.34.23:898][  0]LogPakFile: Registered encryption key '00000000000000000000000000000000': 0 pak files mounted, 0 remain pending
[2018.12.20-14.34.23:899][  0]LogPakFile: Registered encryption key '00000000000000000000000000000000': 0 pak files mounted, 0 remain pending
[2018.12.20-14.34.23:899][  0]LogPakFile: Registered encryption key '00000000000000000000000000000000': 0 pak files mounted, 0 remain pending
[2018.12.20-14.34.23:900][  0]LogPakFile: Registered encryption key '00000000000000000000000000000000': 0 pak files mounted, 0 remain pending
[2018.12.20-14.34.23:901][  0]LogPakFile: Registered encryption key '00000000000000000000000000000000': 0 pak files mounted, 0 remain pending
[2018.12.20-14.34.23:902][  0]LogPakFile: Registered encryption key '00000000000000000000000000000000': 0 pak files mounted, 0 remain pending
[2018.12.20-14.34.23:903][  0]LogPakFile: Registered encryption key '00000000000000000000000000000000': 0 pak files mounted, 0 remain pending
[2018.12.20-14.34.23:903][  0]LogPakFile: Registered encryption key '00000000000000000000000000000000': 0 pak files mounted, 0 remain pending
[2018.12.20-14.34.23:904][  0]LogPakFile: Registered encryption key '00000000000000000000000000000000': 0 pak files mounted, 0 remain pending
[2018.12.20-14.34.23:905][  0]LogPakFile: Registered encryption key '00000000000000000000000000000000': 0 pak files mounted, 0 remain pending
[2018.12.20-14.34.23:906][  0]LogPakFile: Registered encryption key '00000000000000000000000000000000': 0 pak files mounted, 0 remain pending
[2018.12.20-14.34.23:907][  0]LogPakFile: Registered encryption key '00000000000000000000000000000000': 0 pak files mounted, 0 remain pending
[2018.12.20-14.34.23:907][  0]LogPakFile: Registered encryption key '00000000000000000000000000000000': 0 pak files mounted, 0 remain pending
[2018.12.20-14.34.23:908][  0]LogPakFile: Registered encryption key '00000000000000000000000000000000': 0 pak files mounted, 0 remain pending
[2018.12.20-14.34.23:909][  0]LogPakFile: Registered encryption key '00000000000000000000000000000000': 0 pak files mounted, 0 remain pending
[2018.12.20-14.34.23:910][  0]LogPakFile: Registered encryption key '00000000000000000000000000000000': 0 pak files mounted, 0 remain pending
[2018.12.20-14.34.23:911][  0]LogPakFile: Registered encryption key '00000000000000000000000000000000': 0 pak files mounted, 0 remain pending
[2018.12.20-14.34.23:911][  0]LogPakFile: Registered encryption key '00000000000000000000000000000000': 0 pak files mounted, 0 remain pending
[2018.12.20-14.34.23:912][  0]LogPakFile: Registered encryption key '00000000000000000000000000000000': 0 pak files mounted, 0 remain pending
[2018.12.20-14.34.23:913][  0]LogPakFile: Registered encryption key '00000000000000000000000000000000': 0 pak files mounted, 0 remain pending
[2018.12.20-14.34.23:914][  0]LogPakFile: Registered encryption key '00000000000000000000000000000000': 0 pak files mounted, 0 remain pending
[2018.12.20-14.34.23:915][  0]LogPakFile: Registered encryption key '00000000000000000000000000000000': 0 pak files mounted, 0 remain pending
[2018.12.20-14.34.23:916][  0]LogPakFile: Registered encryption key '00000000000000000000000000000000': 0 pak files mounted, 0 remain pending
[2018.12.20-14.34.23:916][  0]LogPakFile: Registered encryption key '00000000000000000000000000000000': 0 pak files mounted, 0 remain pending
[2018.12.20-14.34.23:958][  0]LogContentBrowser: Native class hierarchy updated for 'AddContentDialog' in 0.0003 seconds. Added 0 classes and 0 folders.
[2018.12.20-14.34.23:964][  0]LogContentBrowser: Native class hierarchy updated for 'SceneOutliner' in 0.0004 seconds. Added 1 classes and 2 folders.
[2018.12.20-14.34.23:976][  0]LogSlate: Took 0.000232 seconds to synchronously load lazily loaded font '../../../Engine/Content/Slate/Fonts/Roboto-Regular.ttf' (155K)
[2018.12.20-14.34.23:977][  0]LogSlate: Took 0.000217 seconds to synchronously load lazily loaded font '../../../Engine/Content/Slate/Fonts/Roboto-Bold.ttf' (160K)
[2018.12.20-14.34.23:982][  0]LogSlate: Took 0.000281 seconds to synchronously load lazily loaded font '../../../Engine/Content/Editor/Slate/Fonts/FontAwesome.ttf' (139K)
[2018.12.20-14.34.24:045][  0]LogRenderer: Reallocating scene render targets to support 1208x576 Format 10 NumSamples 1 (Frame:1).
[2018.12.20-14.34.24:184][  0]LogContentBrowser: Native class hierarchy updated for 'HierarchicalLODOutliner' in 0.0004 seconds. Added 0 classes and 0 folders.
[2018.12.20-14.34.24:185][  0]LogLoad: (Engine Initialization) Total time: 9.70 seconds
[2018.12.20-14.34.24:185][  0]LogLoad: (Engine Initialization) Total Blueprint compile time: 0.00 seconds
[2018.12.20-14.34.24:257][  0]LogContentStreaming: Texture pool size now 1000 MB
[2018.12.20-14.34.24:272][  0]LogSlate: Took 0.000213 seconds to synchronously load lazily loaded font '../../../Engine/Content/Slate/Fonts/Roboto-Light.ttf' (167K)
[2018.12.20-14.34.24:295][  1]LogAssetRegistry: Asset discovery search completed in 5.3481 seconds
[2018.12.20-14.34.24:296][  1]LogCollectionManager: Rebuilt the object cache for 0 collections in 0.000000 seconds (found 0 objects)
[2018.12.20-14.34.24:296][  1]LogCollectionManager: Fixed up redirectors for 0 collections in 0.000126 seconds (updated 0 objects)
[2018.12.20-14.34.30:971][ 21]LogSlate: FSceneViewport::OnFocusLost() reason 0
[2018.12.20-14.34.31:681][105]LogSlate: Took 0.000236 seconds to synchronously load lazily loaded font '../../../Engine/Content/Slate/Fonts/Roboto-Light.ttf' (167K)
[2018.12.20-14.34.31:919][105]LogAIModule: Creating AISystem for world P_TestMap
[2018.12.20-14.34.31:925][105]LogAssetEditorManager: Opening Asset editor for World /Game/Maps/P_TestMap.P_TestMap
[2018.12.20-14.34.31:945][105]Cmd: MAP LOAD FILE="../../../../../Games/MultiplayerGame/CoopGameMultiplayer/CoopGame/Content/Maps/P_TestMap.umap" TEMPLATE=0 SHOWPROGRESS=1 FEATURELEVEL=3
[2018.12.20-14.34.31:945][105]LightingResults: New page: Lighting Build
[2018.12.20-14.34.31:946][105]LoadErrors: New page: Loading map: P_TestMap.umap
[2018.12.20-14.34.31:946][105]MapCheck: New page: Map Check
[2018.12.20-14.34.31:946][105]LightingResults: New page: Lighting Build
[2018.12.20-14.34.31:969][105]LogEditorServer: Finished looking for orphan Actors (0.000 secs)
[2018.12.20-14.34.32:009][105]Cmd: MAP CHECKDEP NOCLEARLOG
[2018.12.20-14.34.32:010][105]MapCheck: Map check complete: 0 Error(s), 0 Warning(s), took 0.115ms to complete.
[2018.12.20-14.34.32:010][105]LogFileHelpers: Loading map 'P_TestMap' took 0.065
[2018.12.20-14.34.38:337][849]LogSlate: FSceneViewport::OnFocusLost() reason 0
[2018.12.20-14.34.42:177][294]LogEditorViewport: Clicking on Actor (LMB): BP_Sky_Sphere_C (Sky Sphere)
[2018.12.20-14.34.47:044][810]LogEditorViewport: Clicking on Actor (LMB): BP_Sky_Sphere_C (Sky Sphere)
[2018.12.20-14.34.58:115][112]LogSlate: FSceneViewport::OnFocusLost() reason 0
[2018.12.20-14.35.04:453][543]LogSlate: Window 'Pick Parent Class' being destroyed
[2018.12.20-14.35.15:297][834]LogAssetEditorManager: Opening Asset editor for Blueprint /Game/BluePrints/BP_TargetDummy.BP_TargetDummy
[2018.12.20-14.35.15:795][834]LogContentBrowser: Native class hierarchy updated for 'BlueprintGraph' in 0.0006 seconds. Added 117 classes and 0 folders.
[2018.12.20-14.35.16:765][834]LogRenderer: Reallocating scene render targets to support 1208x712 Format 10 NumSamples 1 (Frame:1).
[2018.12.20-14.35.18:134][986]LogSlate: Took 0.012079 seconds to synchronously load lazily loaded font '../../../Engine/Content/Slate/Fonts/Roboto-Italic.ttf' (157K)
[2018.12.20-14.35.43:961][856]BlueprintLog: New page: Compile BP_TargetDummy
[2018.12.20-14.35.44:360][856]Cmd: OBJ SAVEPACKAGE PACKAGE="/Game/BluePrints/BP_TargetDummy" FILE="../../../../../Games/MultiplayerGame/CoopGameMultiplayer/CoopGame/Content/BluePrints/BP_TargetDummy.uasset" SILENT=true
[2018.12.20-14.35.44:373][856]LogSavePackage: Moving '../../../../../Games/MultiplayerGame/CoopGameMultiplayer/CoopGame/Saved/BP_TargetDummy77C0476E43E58E98EA66B79048F3BA7A.tmp' to '../../../../../Games/MultiplayerGame/CoopGameMultiplayer/CoopGame/Content/BluePrints/BP_TargetDummy.uasset'
[2018.12.20-14.35.46:939][133]LogSlate: Took 0.013138 seconds to synchronously load lazily loaded font '../../../Engine/Content/Slate/Fonts/Roboto-BoldCondensed.ttf' (158K)
[2018.12.20-14.36.04:439][270]Cmd: OBJ SAVEPACKAGE PACKAGE="/Game/BluePrints/BP_TargetDummy" FILE="../../../../../Games/MultiplayerGame/CoopGameMultiplayer/CoopGame/Content/BluePrints/BP_TargetDummy.uasset" SILENT=true
[2018.12.20-14.36.04:457][270]LogSavePackage: Moving '../../../../../Games/MultiplayerGame/CoopGameMultiplayer/CoopGame/Saved/BP_TargetDummyF3CEF4AF49AECBB8AE9295B495FE68D2.tmp' to '../../../../../Games/MultiplayerGame/CoopGameMultiplayer/CoopGame/Content/BluePrints/BP_TargetDummy.uasset'
[2018.12.20-14.37.27:716][267]BlueprintLog: New page: Compile BP_TargetDummy
[2018.12.20-14.37.27:854][267]Cmd: OBJ SAVEPACKAGE PACKAGE="/Game/BluePrints/BP_TargetDummy" FILE="../../../../../Games/MultiplayerGame/CoopGameMultiplayer/CoopGame/Content/BluePrints/BP_TargetDummy.uasset" SILENT=true
[2018.12.20-14.37.27:870][267]LogSavePackage: Moving '../../../../../Games/MultiplayerGame/CoopGameMultiplayer/CoopGame/Saved/BP_TargetDummy85F283204127717BF86AFBA9A428B545.tmp' to '../../../../../Games/MultiplayerGame/CoopGameMultiplayer/CoopGame/Content/BluePrints/BP_TargetDummy.uasset'
[2018.12.20-14.37.40:468][754]LogSlate: Window 'BP_TargetDummy' being destroyed
[2018.12.20-14.37.47:938][618]LogSlate: FSceneViewport::OnFocusLost() reason 0
[2018.12.20-14.39.23:055][993]LogSlate: FSceneViewport::OnFocusLost() reason 0
[2018.12.20-14.39.23:240][993]LogAssetEditorManager: Opening Asset editor for Blueprint /Game/BluePrints/PlayerPawn.PlayerPawn
[2018.12.20-14.41.01:921][243]LogSlate: FSceneViewport::OnFocusLost() reason 0
[2018.12.20-14.41.23:660][832]LogSlate: FSceneViewport::OnFocusLost() reason 0
[2018.12.20-14.41.41:498][257]BlueprintLog: New page: Compile PlayerPawn
[2018.12.20-14.41.41:692][257]Cmd: OBJ SAVEPACKAGE PACKAGE="/Game/BluePrints/PlayerPawn" FILE="../../../../../Games/MultiplayerGame/CoopGameMultiplayer/CoopGame/Content/BluePrints/PlayerPawn.uasset" SILENT=true
[2018.12.20-14.41.41:728][257]LogSavePackage: Moving '../../../../../Games/MultiplayerGame/CoopGameMultiplayer/CoopGame/Saved/PlayerPawn25FBA82946E5B642C48C379A01817A59.tmp' to '../../../../../Games/MultiplayerGame/CoopGameMultiplayer/CoopGame/Content/BluePrints/PlayerPawn.uasset'
[2018.12.20-14.41.57:766][164]LogSlate: FSceneViewport::OnFocusLost() reason 0
[2018.12.20-14.42.03:334][831]BlueprintLog: New page: Compile PlayerPawn
[2018.12.20-14.42.03:503][831]Cmd: OBJ SAVEPACKAGE PACKAGE="/Game/BluePrints/PlayerPawn" FILE="../../../../../Games/MultiplayerGame/CoopGameMultiplayer/CoopGame/Content/BluePrints/PlayerPawn.uasset" SILENT=true
[2018.12.20-14.42.03:529][831]LogSavePackage: Moving '../../../../../Games/MultiplayerGame/CoopGameMultiplayer/CoopGame/Saved/PlayerPawn563C369242E16105B1295587B1BA3F0C.tmp' to '../../../../../Games/MultiplayerGame/CoopGameMultiplayer/CoopGame/Content/BluePrints/PlayerPawn.uasset'
[2018.12.20-14.42.06:204][147]Cmd: OBJ SAVEPACKAGE PACKAGE="/Game/Maps/P_TestMap" FILE="../../../../../Games/MultiplayerGame/CoopGameMultiplayer/CoopGame/Content/Maps/P_TestMap.umap" SILENT=true AUTOSAVING=false KEEPDIRTY=false
[2018.12.20-14.42.06:384][147]LogSavePackage: Moving '../../../../../Games/MultiplayerGame/CoopGameMultiplayer/CoopGame/Saved/P_TestMap4DBB6AC0491200AE27F4F5BBF7AAD9D2.tmp' to '../../../../../Games/MultiplayerGame/CoopGameMultiplayer/CoopGame/Content/Maps/P_TestMap.umap'
[2018.12.20-14.42.06:403][147]Cmd: OBJ SAVEPACKAGE PACKAGE="/Game/Maps/P_TestMap_BuiltData" FILE="../../../../../Games/MultiplayerGame/CoopGameMultiplayer/CoopGame/Content/Maps/P_TestMap_BuiltData.uasset" SILENT=true
[2018.12.20-14.42.06:427][147]LogSavePackage: Moving '../../../../../Games/MultiplayerGame/CoopGameMultiplayer/CoopGame/Saved/P_TestMap_BuiltData1FD177B84AAC171FCF32A088033766C9.tmp' to '../../../../../Games/MultiplayerGame/CoopGameMultiplayer/CoopGame/Content/Maps/P_TestMap_BuiltData.uasset'
[2018.12.20-14.42.07:860][316]LogTemp: Repeating last play command: Selected Viewport
[2018.12.20-14.42.07:887][316]LogBlueprintUserMessages: Early PlayInEditor Detection: Level '/Game/Maps/P_TestMap.P_TestMap:PersistentLevel' has LevelScriptBlueprint '/Game/Maps/P_TestMap.P_TestMap:PersistentLevel.P_TestMap' with GeneratedClass '/Game/Maps/P_TestMap.P_TestMap_C' with ClassGeneratedBy '/Game/Maps/P_TestMap.P_TestMap:PersistentLevel.P_TestMap'
[2018.12.20-14.42.07:887][316]LogPlayLevel: PlayLevel: No blueprints needed recompiling
[2018.12.20-14.42.07:887][316]PIE: New page: PIE session: P_TestMap (20 Dec 2018 16:42:07)
[2018.12.20-14.42.07:901][316]LogPlayLevel: Creating play world package: /Game/Maps/UEDPIE_0_P_TestMap
[2018.12.20-14.42.07:904][316]LogPlayLevel: PIE: StaticDuplicateObject took: (0.002337s)
[2018.12.20-14.42.07:904][316]LogAIModule: Creating AISystem for world P_TestMap
[2018.12.20-14.42.07:905][316]LogPlayLevel: PIE: World Init took: (0.000631s)
[2018.12.20-14.42.07:905][316]LogPlayLevel: PIE: Created PIE world by copying editor world from /Game/Maps/P_TestMap.P_TestMap to /Game/Maps/UEDPIE_0_P_TestMap.P_TestMap (0.003560s)
[2018.12.20-14.42.07:944][316]LogInit: XAudio2 using 'Headphones (High Definition Audio Device)' : 2 channels at 48 kHz using 16 bits per sample (channel mask 0x3)
[2018.12.20-14.42.07:953][316]LogInit: FAudioDevice initialized.
[2018.12.20-14.42.08:002][316]LogLoad: Game class is 'GameModeBase'
[2018.12.20-14.42.08:005][316]LogWorld: Bringing World /Game/Maps/UEDPIE_0_P_TestMap.P_TestMap up for play (max tick rate 0) at 2018.12.20-15.42.08
[2018.12.20-14.42.08:005][316]LogWorld: Bringing up level for play took: 0.001267
[2018.12.20-14.42.08:026][316]LogContentBrowser: Native class hierarchy updated for 'MovieSceneCapture' in 0.0005 seconds. Added 20 classes and 0 folders.
[2018.12.20-14.42.08:026][316]PIE: Play in editor start time for /Game/Maps/UEDPIE_0_P_TestMap 0.615
[2018.12.20-14.42.08:027][316]LogBlueprintUserMessages: Late PlayInEditor Detection: Level '/Game/Maps/P_TestMap.P_TestMap:PersistentLevel' has LevelScriptBlueprint '/Game/Maps/P_TestMap.P_TestMap:PersistentLevel.P_TestMap' with GeneratedClass '/Game/Maps/P_TestMap.P_TestMap_C' with ClassGeneratedBy '/Game/Maps/P_TestMap.P_TestMap:PersistentLevel.P_TestMap'
[2018.12.20-14.42.20:444][803]LogBlueprintUserMessages: Early EndPlayMap Detection: Level '/Game/Maps/P_TestMap.P_TestMap:PersistentLevel' has LevelScriptBlueprint '/Game/Maps/P_TestMap.P_TestMap:PersistentLevel.P_TestMap' with GeneratedClass '/Game/Maps/P_TestMap.P_TestMap_C' with ClassGeneratedBy '/Game/Maps/P_TestMap.P_TestMap:PersistentLevel.P_TestMap'
[2018.12.20-14.42.20:445][803]LogSlate: Updating window title bar state: overlay mode, drag disabled, window buttons hidden, title bar hidden
[2018.12.20-14.42.20:482][803]LogPlayLevel: Display: Shutting down PIE online subsystems
[2018.12.20-14.42.20:483][803]LogBlueprintUserMessages: Late EndPlayMap Detection: Level '/Game/Maps/P_TestMap.P_TestMap:PersistentLevel' has LevelScriptBlueprint '/Game/Maps/P_TestMap.P_TestMap:PersistentLevel.P_TestMap' with GeneratedClass '/Game/Maps/P_TestMap.P_TestMap_C' with ClassGeneratedBy '/Game/Maps/P_TestMap.P_TestMap:PersistentLevel.P_TestMap'
[2018.12.20-14.42.20:510][803]LogSlate: Updating window title bar state: overlay mode, drag disabled, window buttons hidden, title bar hidden
[2018.12.20-14.42.20:549][806]LogPlayLevel: Display: Destroying online subsystem :Context_8
[2018.12.20-14.42.22:519][ 42]LogSlate: FSceneViewport::OnFocusLost() reason 0
[2018.12.20-14.43.05:815][727]LogSlate: FSceneViewport::OnFocusLost() reason 0
[2018.12.20-14.43.09:807][205]LogTemp: Repeating last play command: Selected Viewport
[2018.12.20-14.43.09:815][205]LogBlueprintUserMessages: Early PlayInEditor Detection: Level '/Game/Maps/P_TestMap.P_TestMap:PersistentLevel' has LevelScriptBlueprint '/Game/Maps/P_TestMap.P_TestMap:PersistentLevel.P_TestMap' with GeneratedClass '/Game/Maps/P_TestMap.P_TestMap_C' with ClassGeneratedBy '/Game/Maps/P_TestMap.P_TestMap:PersistentLevel.P_TestMap'
[2018.12.20-14.43.09:815][205]LogPlayLevel: PlayLevel: No blueprints needed recompiling
[2018.12.20-14.43.09:816][205]PIE: New page: PIE session: P_TestMap (20 Dec 2018 16:43:09)
[2018.12.20-14.43.09:816][205]LogPlayLevel: Creating play world package: /Game/Maps/UEDPIE_0_P_TestMap
[2018.12.20-14.43.09:818][205]LogPlayLevel: PIE: StaticDuplicateObject took: (0.002281s)
[2018.12.20-14.43.09:819][205]LogAIModule: Creating AISystem for world P_TestMap
[2018.12.20-14.43.09:819][205]LogPlayLevel: PIE: World Init took: (0.000642s)
[2018.12.20-14.43.09:819][205]LogPlayLevel: PIE: Created PIE world by copying editor world from /Game/Maps/P_TestMap.P_TestMap to /Game/Maps/UEDPIE_0_P_TestMap.P_TestMap (0.003330s)
[2018.12.20-14.43.09:859][205]LogInit: XAudio2 using 'Headphones (High Definition Audio Device)' : 2 channels at 48 kHz using 16 bits per sample (channel mask 0x3)
[2018.12.20-14.43.09:869][205]LogInit: FAudioDevice initialized.
[2018.12.20-14.43.09:902][205]LogLoad: Game class is 'GameModeBase'
[2018.12.20-14.43.09:904][205]LogWorld: Bringing World /Game/Maps/UEDPIE_0_P_TestMap.P_TestMap up for play (max tick rate 0) at 2018.12.20-15.43.09
[2018.12.20-14.43.09:904][205]LogWorld: Bringing up level for play took: 0.001196
[2018.12.20-14.43.09:918][205]PIE: Play in editor start time for /Game/Maps/UEDPIE_0_P_TestMap 0.507
[2018.12.20-14.43.09:918][205]LogBlueprintUserMessages: Late PlayInEditor Detection: Level '/Game/Maps/P_TestMap.P_TestMap:PersistentLevel' has LevelScriptBlueprint '/Game/Maps/P_TestMap.P_TestMap:PersistentLevel.P_TestMap' with GeneratedClass '/Game/Maps/P_TestMap.P_TestMap_C' with ClassGeneratedBy '/Game/Maps/P_TestMap.P_TestMap:PersistentLevel.P_TestMap'
[2018.12.20-14.43.25:506][ 73]LogBlueprintUserMessages: Early EndPlayMap Detection: Level '/Game/Maps/P_TestMap.P_TestMap:PersistentLevel' has LevelScriptBlueprint '/Game/Maps/P_TestMap.P_TestMap:PersistentLevel.P_TestMap' with GeneratedClass '/Game/Maps/P_TestMap.P_TestMap_C' with ClassGeneratedBy '/Game/Maps/P_TestMap.P_TestMap:PersistentLevel.P_TestMap'
[2018.12.20-14.43.25:507][ 73]LogSlate: Updating window title bar state: overlay mode, drag disabled, window buttons hidden, title bar hidden
[2018.12.20-14.43.25:550][ 73]LogPlayLevel: Display: Shutting down PIE online subsystems
[2018.12.20-14.43.25:550][ 73]LogBlueprintUserMessages: Late EndPlayMap Detection: Level '/Game/Maps/P_TestMap.P_TestMap:PersistentLevel' has LevelScriptBlueprint '/Game/Maps/P_TestMap.P_TestMap:PersistentLevel.P_TestMap' with GeneratedClass '/Game/Maps/P_TestMap.P_TestMap_C' with ClassGeneratedBy '/Game/Maps/P_TestMap.P_TestMap:PersistentLevel.P_TestMap'
[2018.12.20-14.43.25:572][ 73]LogSlate: Updating window title bar state: overlay mode, drag disabled, window buttons hidden, title bar hidden
[2018.12.20-14.43.25:612][ 76]LogPlayLevel: Display: Destroying online subsystem :Context_9
[2018.12.20-14.43.28:640][198]LogSlate: FSceneViewport::OnFocusLost() reason 0
