Log file open, 12/20/18 16:22:32
LogWindows: Failed to load 'aqProf.dll' (GetLastError=126)
LogWindows: File 'aqProf.dll' does not exist
LogWindows: Failed to load 'VtuneApi.dll' (GetLastError=126)
LogWindows: File 'VtuneApi.dll' does not exist
LogWindows: Failed to load 'VtuneApi32e.dll' (GetLastError=126)
LogWindows: File 'VtuneApi32e.dll' does not exist
LogConsoleResponse: Display: Failed to find resolution value strings in scalability ini. Falling back to default.
LogInit: Display: Running engine for game: CoopGame
LogPakFile: Registered encryption key '00000000000000000000000000000000': 0 pak files mounted, 0 remain pending
LogPlatformFile: Not using cached read wrapper
LogTaskGraph: Started task graph with 5 named threads and 35 total threads with 3 sets of task threads.
LogStats: Stats thread started at 0.505977
LogD3D11RHI: Loaded GFSDK_Aftermath_Lib.x64.dll
LogICUInternationalization: ICU TimeZone Detection - Raw Offset: +1:00, Platform Override: ''
LogPluginManager: Mounting plugin Paper2D
LogPluginManager: Mounting plugin AISupport
LogPluginManager: Mounting plugin LightPropagationVolume
LogPluginManager: Mounting plugin ActorLayerUtilities
LogPluginManager: Mounting plugin CLionSourceCodeAccess
LogPluginManager: Mounting plugin CodeLiteSourceCodeAccess
LogPluginManager: Mounting plugin GitSourceControl
LogPluginManager: Mounting plugin KDevelopSourceCodeAccess
LogPluginManager: Mounting plugin NullSourceCodeAccess
LogPluginManager: Mounting plugin PerforceSourceControl
LogPluginManager: Mounting plugin SubversionSourceControl
LogPluginManager: Mounting plugin UObjectPlugin
LogPluginManager: Mounting plugin VisualStudioCodeSourceCodeAccess
LogPluginManager: Mounting plugin VisualStudioSourceCodeAccess
LogPluginManager: Mounting plugin XCodeSourceCodeAccess
LogPluginManager: Mounting plugin AssetManagerEditor
LogPluginManager: Mounting plugin CryptoKeys
LogPluginManager: Mounting plugin DataValidation
LogPluginManager: Mounting plugin FacialAnimation
LogPluginManager: Mounting plugin GameplayTagsEditor
LogPluginManager: Mounting plugin MacGraphicsSwitching
LogPluginManager: Mounting plugin MeshEditor
LogPluginManager: Mounting plugin MobileLauncherProfileWizard
LogPluginManager: Mounting plugin PluginBrowser
LogPluginManager: Mounting plugin SpeedTreeImporter
LogPluginManager: Mounting plugin DatasmithContent
LogPluginManager: Mounting plugin VariantManagerContent
LogPluginManager: Mounting plugin AlembicImporter
LogPluginManager: Mounting plugin AppleImageUtils
LogPluginManager: Mounting plugin AppleVision
LogPluginManager: Mounting plugin BackChannel
LogPluginManager: Mounting plugin CharacterAI
LogPluginManager: Mounting plugin GeometryCache
LogPluginManager: Mounting plugin HTML5Networking
LogPluginManager: Mounting plugin ProxyLODPlugin
LogPluginManager: Mounting plugin MagicLeap
LogPluginManager: Mounting plugin MagicLeapMedia
LogPluginManager: Mounting plugin AndroidMedia
LogPluginManager: Mounting plugin AvfMedia
LogPluginManager: Mounting plugin ImgMedia
LogPluginManager: Mounting plugin LinearTimecode
LogPluginManager: Mounting plugin MediaCompositing
LogPluginManager: Mounting plugin MediaPlayerEditor
LogPluginManager: Mounting plugin WebMMedia
LogPluginManager: Mounting plugin WmfMedia
LogPluginManager: Mounting plugin TcpMessaging
LogPluginManager: Mounting plugin UdpMessaging
LogPluginManager: Mounting plugin ActorSequence
LogPluginManager: Mounting plugin LevelSequenceEditor
LogPluginManager: Mounting plugin MatineeToLevelSequence
LogPluginManager: Mounting plugin NetcodeUnitTest
LogPluginManager: Mounting plugin NUTUnrealEngine4
LogPluginManager: Mounting plugin OnlineSubsystemGooglePlay
LogPluginManager: Mounting plugin OnlineSubsystemIOS
LogPluginManager: Mounting plugin OnlineSubsystem
LogPluginManager: Mounting plugin OnlineSubsystemNull
LogPluginManager: Mounting plugin OnlineSubsystemUtils
LogPluginManager: Mounting plugin LauncherChunkInstaller
LogPluginManager: Mounting plugin AndroidDeviceProfileSelector
LogPluginManager: Mounting plugin AndroidMoviePlayer
LogPluginManager: Mounting plugin AndroidPermission
LogPluginManager: Mounting plugin AppleMoviePlayer
LogPluginManager: Mounting plugin ArchVisCharacter
LogPluginManager: Mounting plugin AudioCapture
LogPluginManager: Mounting plugin CableComponent
LogPluginManager: Mounting plugin CustomMeshComponent
LogPluginManager: Mounting plugin EditableMesh
LogPluginManager: Mounting plugin ExampleDeviceProfileSelector
LogPluginManager: Mounting plugin Firebase
LogPluginManager: Mounting plugin GoogleCloudMessaging
LogPluginManager: Mounting plugin IOSDeviceProfileSelector
LogPluginManager: Mounting plugin LinuxDeviceProfileSelector
LogPluginManager: Mounting plugin LocationServicesBPLibrary
LogPluginManager: Mounting plugin MobilePatchingUtils
LogPluginManager: Mounting plugin OculusVR
LogPluginManager: Mounting plugin PhysXVehicles
LogPluginManager: Mounting plugin ProceduralMeshComponent
LogPluginManager: Mounting plugin RuntimePhysXCooking
LogPluginManager: Mounting plugin SteamVR
LogPluginManager: Mounting plugin WebMMoviePlayer
LogPluginManager: Mounting plugin WindowsMoviePlayer
LogStreaming: Display: Took  0.104s to configure plugins.
LogInit: Using libcurl 7.55.1-DEV
LogInit:  - built for x86_64-pc-win32
LogInit:  - supports SSL with OpenSSL/1.0.2h
LogInit:  - supports HTTP deflate (compression) using libz 1.2.8
LogInit:  - other features:
LogInit:      CURL_VERSION_SSL
LogInit:      CURL_VERSION_LIBZ
LogInit:      CURL_VERSION_IPV6
LogInit:      CURL_VERSION_ASYNCHDNS
LogInit:      CURL_VERSION_LARGEFILE
LogInit:      CURL_VERSION_IDN
LogInit:  CurlRequestOptions (configurable via config and command line):
LogInit:  - bVerifyPeer = true  - Libcurl will verify peer certificate
LogInit:  - bUseHttpProxy = false  - Libcurl will NOT use HTTP proxy
LogInit:  - bDontReuseConnections = false  - Libcurl will reuse connections
LogInit:  - MaxHostConnections = 16  - Libcurl will limit the number of connections to a host
LogInit:  - LocalHostAddr = Default
LogInit:  - BufferSize = 65536
LogInit: WinSock: version 1.1 (2.2), MaxSocks=32767, MaxUdp=65467
LogInit: Build: ++UE4+Release-4.21-CL-4613538
LogInit: Engine Version: 4.21.1-4613538+++UE4+Release-4.21
LogInit: Compatible Engine Version: 4.21.0-4541578+++UE4+Release-4.21
LogInit: Net CL: 4541578
LogInit: OS: Windows 10 (), CPU: Intel(R) Core(TM) i7-8700 CPU @ 3.20GHz, GPU: NVIDIA GeForce GTX 1050 Ti
LogInit: Compiled (64-bit): Nov 30 2018 04:13:25
LogInit: Compiled with Visual C++: 19.13.26129.00
LogInit: Build Configuration: Development
LogInit: Branch Name: ++UE4+Release-4.21
LogInit: Command Line:  -skipcompile
LogInit: Base Directory: D:/UnrealEngine/Engine/UE_4.21/Engine/Binaries/Win64/
LogInit: Installed Engine Build: 1
LogDevObjectVersion: Number of dev versions registered: 22
LogDevObjectVersion:   Dev-Blueprints (B0D832E4-1F89-4F0D-ACCF-7EB736FD4AA2): 10
LogDevObjectVersion:   Dev-Build (E1C64328-A22C-4D53-A36C-8E866417BD8C): 0
LogDevObjectVersion:   Dev-Core (375EC13C-06E4-48FB-B500-84F0262A717E): 2
LogDevObjectVersion:   Dev-Editor (E4B068ED-F494-42E9-A231-DA0B2E46BB41): 26
LogDevObjectVersion:   Dev-Framework (CFFC743F-43B0-4480-9391-14DF171D2073): 34
LogDevObjectVersion:   Dev-Mobile (B02B49B5-BB20-44E9-A304-32B752E40360): 2
LogDevObjectVersion:   Dev-Networking (A4E4105C-59A1-49B5-A7C5-40C4547EDFEE): 0
LogDevObjectVersion:   Dev-Online (39C831C9-5AE6-47DC-9A44-9C173E1C8E7C): 0
LogDevObjectVersion:   Dev-Physics (78F01B33-EBEA-4F98-B9B4-84EACCB95AA2): 0
LogDevObjectVersion:   Dev-Platform (6631380F-2D4D-43E0-8009-CF276956A95A): 0
LogDevObjectVersion:   Dev-Rendering (12F88B9F-8875-4AFC-A67C-D90C383ABD29): 27
LogDevObjectVersion:   Dev-Sequencer (7B5AE74C-D270-4C10-A958-57980B212A5A): 9
LogDevObjectVersion:   Dev-VR (D7296918-1DD6-4BDD-9DE2-64A83CC13884): 2
LogDevObjectVersion:   Dev-LoadTimes (C2A15278-BFE7-4AFE-6C17-90FF531DF755): 1
LogDevObjectVersion:   Private-Geometry (6EACA3D4-40EC-4CC1-B786-8BED09428FC5): 3
LogDevObjectVersion:   Dev-AnimPhys (29E575DD-E0A3-4627-9D10-D276232CDCEA): 17
LogDevObjectVersion:   Dev-Anim (AF43A65D-7FD3-4947-9873-3E8ED9C1BB05): 2
LogDevObjectVersion:   Dev-ReflectionCapture (6B266CEC-1EC7-4B8F-A30B-E4D90942FC07): 1
LogDevObjectVersion:   Dev-Automation (0DF73D61-A23F-47EA-B727-89E90C41499A): 1
LogDevObjectVersion:   FortniteMain (601D1886-AC64-4F84-AA16-D3DE0DEAC7D6): 17
LogDevObjectVersion:   Dev-Enterprise (9DFFBCD6-494F-0158-E221-12823C92A888): 4
LogDevObjectVersion:   Dev-Niagara (F2AED0AC-9AFE-416F-8664-AA7FFA26D6FC): 1
LogStreaming: Display: Took  0.002s to delete old logs.
LogInit: Presizing for max 8388607 objects, including 0 objects not considered by GC, pre-allocating 0 bytes for permanent pool.
LogInit: Object subsystem initialized
LogConfig: Setting CVar [[con.DebugEarlyDefault:1]]
LogConfig: Setting CVar [[r.setres:1280x720]]
[2018.12.20-15.22.32:910][  0]LogConfig: Setting CVar [[r.VSync:0]]
[2018.12.20-15.22.32:910][  0]LogConfig: Setting CVar [[r.RHICmdBypass:0]]
[2018.12.20-15.22.32:910][  0]LogConfig: Applying CVar settings from Section [/Script/Engine.RendererSettings] File [D:/UnrealEngine/Games/MultiplayerGame/CoopGameMultiplayer/CoopGame/Saved/Config/Windows/Engine.ini]
[2018.12.20-15.22.32:910][  0]LogConfig: Setting CVar [[r.GPUCrashDebugging:0]]
[2018.12.20-15.22.32:910][  0]LogConfig: Applying CVar settings from Section [/Script/Engine.RendererOverrideSettings] File [D:/UnrealEngine/Games/MultiplayerGame/CoopGameMultiplayer/CoopGame/Saved/Config/Windows/Engine.ini]
[2018.12.20-15.22.32:910][  0]LogConfig: Applying CVar settings from Section [/Script/Engine.StreamingSettings] File [D:/UnrealEngine/Games/MultiplayerGame/CoopGameMultiplayer/CoopGame/Saved/Config/Windows/Engine.ini]
[2018.12.20-15.22.32:910][  0]LogConfig: Setting CVar [[s.MinBulkDataSizeForAsyncLoading:131072]]
[2018.12.20-15.22.32:910][  0]LogConfig: Setting CVar [[s.AsyncLoadingThreadEnabled:0]]
[2018.12.20-15.22.32:910][  0]LogConfig: Setting CVar [[s.EventDrivenLoaderEnabled:1]]
[2018.12.20-15.22.32:910][  0]LogConfig: Setting CVar [[s.WarnIfTimeLimitExceeded:0]]
[2018.12.20-15.22.32:910][  0]LogConfig: Setting CVar [[s.TimeLimitExceededMultiplier:1.5]]
[2018.12.20-15.22.32:911][  0]LogConfig: Setting CVar [[s.TimeLimitExceededMinTime:0.005]]
[2018.12.20-15.22.32:911][  0]LogConfig: Setting CVar [[s.UseBackgroundLevelStreaming:1]]
[2018.12.20-15.22.32:911][  0]LogConfig: Setting CVar [[s.PriorityAsyncLoadingExtraTime:15.0]]
[2018.12.20-15.22.32:911][  0]LogConfig: Setting CVar [[s.LevelStreamingActorsUpdateTimeLimit:5.0]]
[2018.12.20-15.22.32:911][  0]LogConfig: Setting CVar [[s.PriorityLevelStreamingActorsUpdateExtraTime:5.0]]
[2018.12.20-15.22.32:911][  0]LogConfig: Setting CVar [[s.LevelStreamingComponentsRegistrationGranularity:10]]
[2018.12.20-15.22.32:911][  0]LogConfig: Setting CVar [[s.UnregisterComponentsTimeLimit:1.0]]
[2018.12.20-15.22.32:911][  0]LogConfig: Setting CVar [[s.LevelStreamingComponentsUnregistrationGranularity:5]]
[2018.12.20-15.22.32:911][  0]LogConfig: Applying CVar settings from Section [/Script/Engine.GarbageCollectionSettings] File [D:/UnrealEngine/Games/MultiplayerGame/CoopGameMultiplayer/CoopGame/Saved/Config/Windows/Engine.ini]
[2018.12.20-15.22.32:911][  0]LogConfig: Setting CVar [[gc.MaxObjectsNotConsideredByGC:1]]
[2018.12.20-15.22.32:911][  0]LogConfig: Setting CVar [[gc.SizeOfPermanentObjectPool:0]]
[2018.12.20-15.22.32:911][  0]LogConfig: Setting CVar [[gc.FlushStreamingOnGC:0]]
[2018.12.20-15.22.32:912][  0]LogConfig: Setting CVar [[gc.NumRetriesBeforeForcingGC:10]]
[2018.12.20-15.22.32:912][  0]LogConfig: Setting CVar [[gc.AllowParallelGC:1]]
[2018.12.20-15.22.32:912][  0]LogConfig: Setting CVar [[gc.TimeBetweenPurgingPendingKillObjects:61.1]]
[2018.12.20-15.22.32:912][  0]LogConfig: Setting CVar [[gc.MaxObjectsInEditor:8388607]]
[2018.12.20-15.22.32:912][  0]LogConfig: Setting CVar [[gc.IncrementalBeginDestroyEnabled:1]]
[2018.12.20-15.22.32:912][  0]LogConfig: Setting CVar [[gc.CreateGCClusters:1]]
[2018.12.20-15.22.32:912][  0]LogConfig: Setting CVar [[gc.MergeGCClusters:0]]
[2018.12.20-15.22.32:912][  0]LogConfig: Setting CVar [[gc.MinGCClusterSize:5]]
[2018.12.20-15.22.32:912][  0]LogConfig: Setting CVar [[gc.ActorClusteringEnabled:0]]
[2018.12.20-15.22.32:912][  0]LogConfig: Setting CVar [[gc.BlueprintClusteringEnabled:0]]
[2018.12.20-15.22.32:912][  0]LogConfig: Setting CVar [[gc.UseDisregardForGCOnDedicatedServers:0]]
[2018.12.20-15.22.32:912][  0]LogConfig: Applying CVar settings from Section [/Script/Engine.NetworkSettings] File [D:/UnrealEngine/Games/MultiplayerGame/CoopGameMultiplayer/CoopGame/Saved/Config/Windows/Engine.ini]
[2018.12.20-15.22.32:912][  0]LogConfig: Applying CVar settings from Section [/Script/UnrealEd.CookerSettings] File [D:/UnrealEngine/Games/MultiplayerGame/CoopGameMultiplayer/CoopGame/Saved/Config/Windows/Engine.ini]
[2018.12.20-15.22.32:929][  0]LogConfig: Applying CVar settings from Section [ViewDistanceQuality@3] File [D:/UnrealEngine/Games/MultiplayerGame/CoopGameMultiplayer/CoopGame/Saved/Config/Windows/Scalability.ini]
[2018.12.20-15.22.32:929][  0]LogConfig: Setting CVar [[r.SkeletalMeshLODBias:0]]
[2018.12.20-15.22.32:930][  0]LogConfig: Setting CVar [[r.ViewDistanceScale:1.0]]
[2018.12.20-15.22.32:930][  0]LogConfig: Applying CVar settings from Section [AntiAliasingQuality@3] File [D:/UnrealEngine/Games/MultiplayerGame/CoopGameMultiplayer/CoopGame/Saved/Config/Windows/Scalability.ini]
[2018.12.20-15.22.32:930][  0]LogConfig: Setting CVar [[r.PostProcessAAQuality:4]]
[2018.12.20-15.22.32:930][  0]LogConfig: Applying CVar settings from Section [ShadowQuality@3] File [D:/UnrealEngine/Games/MultiplayerGame/CoopGameMultiplayer/CoopGame/Saved/Config/Windows/Scalability.ini]
[2018.12.20-15.22.32:930][  0]LogConfig: Setting CVar [[r.LightFunctionQuality:1]]
[2018.12.20-15.22.32:930][  0]LogConfig: Setting CVar [[r.ShadowQuality:5]]
[2018.12.20-15.22.32:930][  0]LogConfig: Setting CVar [[r.Shadow.CSM.MaxCascades:10]]
[2018.12.20-15.22.32:930][  0]LogConfig: Setting CVar [[r.Shadow.MaxResolution:2048]]
[2018.12.20-15.22.32:930][  0]LogConfig: Setting CVar [[r.Shadow.MaxCSMResolution:2048]]
[2018.12.20-15.22.32:930][  0]LogConfig: Setting CVar [[r.Shadow.RadiusThreshold:0.01]]
[2018.12.20-15.22.32:930][  0]LogConfig: Setting CVar [[r.Shadow.DistanceScale:1.0]]
[2018.12.20-15.22.32:930][  0]LogConfig: Setting CVar [[r.Shadow.CSM.TransitionScale:1.0]]
[2018.12.20-15.22.32:930][  0]LogConfig: Setting CVar [[r.Shadow.PreShadowResolutionFactor:1.0]]
[2018.12.20-15.22.32:931][  0]LogConfig: Setting CVar [[r.DistanceFieldShadowing:1]]
[2018.12.20-15.22.32:931][  0]LogConfig: Setting CVar [[r.DistanceFieldAO:1]]
[2018.12.20-15.22.32:931][  0]LogConfig: Setting CVar [[r.AOQuality:2]]
[2018.12.20-15.22.32:931][  0]LogConfig: Setting CVar [[r.VolumetricFog:1]]
[2018.12.20-15.22.32:931][  0]LogConfig: Setting CVar [[r.VolumetricFog.GridPixelSize:8]]
[2018.12.20-15.22.32:931][  0]LogConfig: Setting CVar [[r.VolumetricFog.GridSizeZ:128]]
[2018.12.20-15.22.32:931][  0]LogConfig: Setting CVar [[r.VolumetricFog.HistoryMissSupersampleCount:4]]
[2018.12.20-15.22.32:931][  0]LogConfig: Setting CVar [[r.LightMaxDrawDistanceScale:1]]
[2018.12.20-15.22.32:931][  0]LogConfig: Setting CVar [[r.CapsuleShadows:1]]
[2018.12.20-15.22.32:931][  0]LogConfig: Applying CVar settings from Section [PostProcessQuality@3] File [D:/UnrealEngine/Games/MultiplayerGame/CoopGameMultiplayer/CoopGame/Saved/Config/Windows/Scalability.ini]
[2018.12.20-15.22.32:931][  0]LogConfig: Setting CVar [[r.MotionBlurQuality:4]]
[2018.12.20-15.22.32:931][  0]LogConfig: Setting CVar [[r.AmbientOcclusionMipLevelFactor:0.4]]
[2018.12.20-15.22.32:931][  0]LogConfig: Setting CVar [[r.AmbientOcclusionMaxQuality:100]]
[2018.12.20-15.22.32:932][  0]LogConfig: Setting CVar [[r.AmbientOcclusionLevels:-1]]
[2018.12.20-15.22.32:932][  0]LogConfig: Setting CVar [[r.AmbientOcclusionRadiusScale:1.0]]
[2018.12.20-15.22.32:932][  0]LogConfig: Setting CVar [[r.DepthOfFieldQuality:2]]
[2018.12.20-15.22.32:932][  0]LogConfig: Setting CVar [[r.RenderTargetPoolMin:400]]
[2018.12.20-15.22.32:932][  0]LogConfig: Setting CVar [[r.LensFlareQuality:2]]
[2018.12.20-15.22.32:932][  0]LogConfig: Setting CVar [[r.SceneColorFringeQuality:1]]
[2018.12.20-15.22.32:932][  0]LogConfig: Setting CVar [[r.EyeAdaptationQuality:2]]
[2018.12.20-15.22.32:932][  0]LogConfig: Setting CVar [[r.BloomQuality:5]]
[2018.12.20-15.22.32:932][  0]LogConfig: Setting CVar [[r.FastBlurThreshold:100]]
[2018.12.20-15.22.32:932][  0]LogConfig: Setting CVar [[r.Upscale.Quality:3]]
[2018.12.20-15.22.32:932][  0]LogConfig: Setting CVar [[r.Tonemapper.GrainQuantization:1]]
[2018.12.20-15.22.32:932][  0]LogConfig: Setting CVar [[r.LightShaftQuality:1]]
[2018.12.20-15.22.32:932][  0]LogConfig: Setting CVar [[r.Filter.SizeScale:1]]
[2018.12.20-15.22.32:932][  0]LogConfig: Setting CVar [[r.Tonemapper.Quality:5]]
[2018.12.20-15.22.32:933][  0]LogConfig: Setting CVar [[r.DOF.Gather.AccumulatorQuality:1        ; higher gathering accumulator quality]]
[2018.12.20-15.22.32:933][  0]LogConfig: Setting CVar [[r.DOF.Gather.PostfilterMethod:1          ; Median3x3 postfilering method]]
[2018.12.20-15.22.32:933][  0]LogConfig: Setting CVar [[r.DOF.Gather.EnableBokehSettings:0       ; no bokeh simulation when gathering]]
[2018.12.20-15.22.32:933][  0]LogConfig: Setting CVar [[r.DOF.Gather.RingCount:4                 ; medium number of samples when gathering]]
[2018.12.20-15.22.32:933][  0]LogConfig: Setting CVar [[r.DOF.Scatter.ForegroundCompositing:1    ; additive foreground scattering]]
[2018.12.20-15.22.32:933][  0]LogConfig: Setting CVar [[r.DOF.Scatter.BackgroundCompositing:2    ; additive background scattering]]
[2018.12.20-15.22.32:933][  0]LogConfig: Setting CVar [[r.DOF.Scatter.EnableBokehSettings:1      ; bokeh simulation when scattering]]
[2018.12.20-15.22.32:933][  0]LogConfig: Setting CVar [[r.DOF.Scatter.MaxSpriteRatio:0.1         ; only a maximum of 10% of scattered bokeh]]
[2018.12.20-15.22.32:933][  0]LogConfig: Setting CVar [[r.DOF.Recombine.Quality:1                ; cheap slight out of focus]]
[2018.12.20-15.22.32:933][  0]LogConfig: Setting CVar [[r.DOF.Recombine.EnableBokehSettings:0    ; no bokeh simulation on slight out of focus]]
[2018.12.20-15.22.32:933][  0]LogConfig: Setting CVar [[r.DOF.TemporalAAQuality:1                ; more stable temporal accumulation]]
[2018.12.20-15.22.32:933][  0]LogConfig: Setting CVar [[r.DOF.Kernel.MaxForegroundRadius:0.025]]
[2018.12.20-15.22.32:933][  0]LogConfig: Setting CVar [[r.DOF.Kernel.MaxBackgroundRadius:0.025]]
[2018.12.20-15.22.32:933][  0]LogConfig: Applying CVar settings from Section [TextureQuality@3] File [D:/UnrealEngine/Games/MultiplayerGame/CoopGameMultiplayer/CoopGame/Saved/Config/Windows/Scalability.ini]
[2018.12.20-15.22.32:934][  0]LogConfig: Setting CVar [[r.Streaming.MipBias:0]]
[2018.12.20-15.22.32:934][  0]LogConfig: Setting CVar [[r.Streaming.AmortizeCPUToGPUCopy:0]]
[2018.12.20-15.22.32:934][  0]LogConfig: Setting CVar [[r.Streaming.MaxNumTexturesToStreamPerFrame:0]]
[2018.12.20-15.22.32:934][  0]LogConfig: Setting CVar [[r.Streaming.Boost:1]]
[2018.12.20-15.22.32:934][  0]LogConfig: Setting CVar [[r.MaxAnisotropy:8]]
[2018.12.20-15.22.32:934][  0]LogConfig: Setting CVar [[r.Streaming.LimitPoolSizeToVRAM:0]]
[2018.12.20-15.22.32:934][  0]LogConfig: Setting CVar [[r.Streaming.PoolSize:1000]]
[2018.12.20-15.22.32:934][  0]LogConfig: Setting CVar [[r.Streaming.MaxEffectiveScreenSize:0]]
[2018.12.20-15.22.32:934][  0]LogConfig: Applying CVar settings from Section [EffectsQuality@3] File [D:/UnrealEngine/Games/MultiplayerGame/CoopGameMultiplayer/CoopGame/Saved/Config/Windows/Scalability.ini]
[2018.12.20-15.22.32:934][  0]LogConfig: Setting CVar [[r.TranslucencyLightingVolumeDim:64]]
[2018.12.20-15.22.32:934][  0]LogConfig: Setting CVar [[r.RefractionQuality:2]]
[2018.12.20-15.22.32:934][  0]LogConfig: Setting CVar [[r.SSR.Quality:3]]
[2018.12.20-15.22.32:934][  0]LogConfig: Setting CVar [[r.SceneColorFormat:4]]
[2018.12.20-15.22.32:934][  0]LogConfig: Setting CVar [[r.DetailMode:2]]
[2018.12.20-15.22.32:934][  0]LogConfig: Setting CVar [[r.TranslucencyVolumeBlur:1]]
[2018.12.20-15.22.32:935][  0]LogConfig: Setting CVar [[r.MaterialQualityLevel:1 ; High quality]]
[2018.12.20-15.22.32:935][  0]LogConfig: Setting CVar [[r.SSS.Scale:1]]
[2018.12.20-15.22.32:935][  0]LogConfig: Setting CVar [[r.SSS.SampleSet:2]]
[2018.12.20-15.22.32:935][  0]LogConfig: Setting CVar [[r.SSS.Quality:1]]
[2018.12.20-15.22.32:935][  0]LogConfig: Setting CVar [[r.SSS.HalfRes:1]]
[2018.12.20-15.22.32:935][  0]LogConfig: Setting CVar [[r.EmitterSpawnRateScale:1.0]]
[2018.12.20-15.22.32:935][  0]LogConfig: Setting CVar [[r.ParticleLightQuality:2]]
[2018.12.20-15.22.32:935][  0]LogConfig: Applying CVar settings from Section [FoliageQuality@3] File [D:/UnrealEngine/Games/MultiplayerGame/CoopGameMultiplayer/CoopGame/Saved/Config/Windows/Scalability.ini]
[2018.12.20-15.22.32:935][  0]LogConfig: Setting CVar [[foliage.DensityScale:1.0]]
[2018.12.20-15.22.32:935][  0]LogConfig: Setting CVar [[grass.DensityScale:1.0]]
[2018.12.20-15.22.32:935][  0]LogInit: Selected Device Profile: [Windows]
[2018.12.20-15.22.32:935][  0]LogInit: Applying CVar settings loaded from the selected device profile: [Windows]
[2018.12.20-15.22.32:943][  0]LogHAL: Display: Platform has ~ 16 GB [17112002560 / 17179869184 / 16], which maps to Larger [LargestMinGB=32, LargerMinGB=12, DefaultMinGB=8, SmallerMinGB=6, SmallestMinGB=0)
[2018.12.20-15.22.32:943][  0]LogConfig: Setting CVar [[r.Vulkan.UseRealUBs:1]]
[2018.12.20-15.22.32:943][  0]LogInit: Going up to parent DeviceProfile []
[2018.12.20-15.22.32:944][  0]LogConfig: Applying CVar settings from Section [ViewDistanceQuality@3] File [D:/UnrealEngine/Games/MultiplayerGame/CoopGameMultiplayer/CoopGame/Saved/Config/Windows/Scalability.ini]
[2018.12.20-15.22.32:944][  0]LogConfig: Setting CVar [[r.SkeletalMeshLODBias:0]]
[2018.12.20-15.22.32:944][  0]LogConfig: Setting CVar [[r.ViewDistanceScale:1.0]]
[2018.12.20-15.22.32:944][  0]LogConfig: Applying CVar settings from Section [AntiAliasingQuality@3] File [D:/UnrealEngine/Games/MultiplayerGame/CoopGameMultiplayer/CoopGame/Saved/Config/Windows/Scalability.ini]
[2018.12.20-15.22.32:944][  0]LogConfig: Setting CVar [[r.PostProcessAAQuality:4]]
[2018.12.20-15.22.32:944][  0]LogConfig: Applying CVar settings from Section [ShadowQuality@3] File [D:/UnrealEngine/Games/MultiplayerGame/CoopGameMultiplayer/CoopGame/Saved/Config/Windows/Scalability.ini]
[2018.12.20-15.22.32:944][  0]LogConfig: Setting CVar [[r.LightFunctionQuality:1]]
[2018.12.20-15.22.32:944][  0]LogConfig: Setting CVar [[r.ShadowQuality:5]]
[2018.12.20-15.22.32:944][  0]LogConfig: Setting CVar [[r.Shadow.CSM.MaxCascades:10]]
[2018.12.20-15.22.32:944][  0]LogConfig: Setting CVar [[r.Shadow.MaxResolution:2048]]
[2018.12.20-15.22.32:944][  0]LogConfig: Setting CVar [[r.Shadow.MaxCSMResolution:2048]]
[2018.12.20-15.22.32:944][  0]LogConfig: Setting CVar [[r.Shadow.RadiusThreshold:0.01]]
[2018.12.20-15.22.32:944][  0]LogConfig: Setting CVar [[r.Shadow.DistanceScale:1.0]]
[2018.12.20-15.22.32:945][  0]LogConfig: Setting CVar [[r.Shadow.CSM.TransitionScale:1.0]]
[2018.12.20-15.22.32:945][  0]LogConfig: Setting CVar [[r.Shadow.PreShadowResolutionFactor:1.0]]
[2018.12.20-15.22.32:945][  0]LogConfig: Setting CVar [[r.DistanceFieldShadowing:1]]
[2018.12.20-15.22.32:945][  0]LogConfig: Setting CVar [[r.DistanceFieldAO:1]]
[2018.12.20-15.22.32:945][  0]LogConfig: Setting CVar [[r.AOQuality:2]]
[2018.12.20-15.22.32:945][  0]LogConfig: Setting CVar [[r.VolumetricFog:1]]
[2018.12.20-15.22.32:945][  0]LogConfig: Setting CVar [[r.VolumetricFog.GridPixelSize:8]]
[2018.12.20-15.22.32:945][  0]LogConfig: Setting CVar [[r.VolumetricFog.GridSizeZ:128]]
[2018.12.20-15.22.32:945][  0]LogConfig: Setting CVar [[r.VolumetricFog.HistoryMissSupersampleCount:4]]
[2018.12.20-15.22.32:945][  0]LogConfig: Setting CVar [[r.LightMaxDrawDistanceScale:1]]
[2018.12.20-15.22.32:945][  0]LogConfig: Setting CVar [[r.CapsuleShadows:1]]
[2018.12.20-15.22.32:945][  0]LogConfig: Applying CVar settings from Section [PostProcessQuality@3] File [D:/UnrealEngine/Games/MultiplayerGame/CoopGameMultiplayer/CoopGame/Saved/Config/Windows/Scalability.ini]
[2018.12.20-15.22.32:945][  0]LogConfig: Setting CVar [[r.MotionBlurQuality:4]]
[2018.12.20-15.22.32:946][  0]LogConfig: Setting CVar [[r.AmbientOcclusionMipLevelFactor:0.4]]
[2018.12.20-15.22.32:946][  0]LogConfig: Setting CVar [[r.AmbientOcclusionMaxQuality:100]]
[2018.12.20-15.22.32:946][  0]LogConfig: Setting CVar [[r.AmbientOcclusionLevels:-1]]
[2018.12.20-15.22.32:946][  0]LogConfig: Setting CVar [[r.AmbientOcclusionRadiusScale:1.0]]
[2018.12.20-15.22.32:946][  0]LogConfig: Setting CVar [[r.DepthOfFieldQuality:2]]
[2018.12.20-15.22.32:946][  0]LogConfig: Setting CVar [[r.RenderTargetPoolMin:400]]
[2018.12.20-15.22.32:946][  0]LogConfig: Setting CVar [[r.LensFlareQuality:2]]
[2018.12.20-15.22.32:946][  0]LogConfig: Setting CVar [[r.SceneColorFringeQuality:1]]
[2018.12.20-15.22.32:946][  0]LogConfig: Setting CVar [[r.EyeAdaptationQuality:2]]
[2018.12.20-15.22.32:946][  0]LogConfig: Setting CVar [[r.BloomQuality:5]]
[2018.12.20-15.22.32:946][  0]LogConfig: Setting CVar [[r.FastBlurThreshold:100]]
[2018.12.20-15.22.32:946][  0]LogConfig: Setting CVar [[r.Upscale.Quality:3]]
[2018.12.20-15.22.32:947][  0]LogConfig: Setting CVar [[r.Tonemapper.GrainQuantization:1]]
[2018.12.20-15.22.32:947][  0]LogConfig: Setting CVar [[r.LightShaftQuality:1]]
[2018.12.20-15.22.32:947][  0]LogConfig: Setting CVar [[r.Filter.SizeScale:1]]
[2018.12.20-15.22.32:947][  0]LogConfig: Setting CVar [[r.Tonemapper.Quality:5]]
[2018.12.20-15.22.32:947][  0]LogConfig: Setting CVar [[r.DOF.Gather.AccumulatorQuality:1        ; higher gathering accumulator quality]]
[2018.12.20-15.22.32:947][  0]LogConfig: Setting CVar [[r.DOF.Gather.PostfilterMethod:1          ; Median3x3 postfilering method]]
[2018.12.20-15.22.32:947][  0]LogConfig: Setting CVar [[r.DOF.Gather.EnableBokehSettings:0       ; no bokeh simulation when gathering]]
[2018.12.20-15.22.32:947][  0]LogConfig: Setting CVar [[r.DOF.Gather.RingCount:4                 ; medium number of samples when gathering]]
[2018.12.20-15.22.32:947][  0]LogConfig: Setting CVar [[r.DOF.Scatter.ForegroundCompositing:1    ; additive foreground scattering]]
[2018.12.20-15.22.32:947][  0]LogConfig: Setting CVar [[r.DOF.Scatter.BackgroundCompositing:2    ; additive background scattering]]
[2018.12.20-15.22.32:947][  0]LogConfig: Setting CVar [[r.DOF.Scatter.EnableBokehSettings:1      ; bokeh simulation when scattering]]
[2018.12.20-15.22.32:947][  0]LogConfig: Setting CVar [[r.DOF.Scatter.MaxSpriteRatio:0.1         ; only a maximum of 10% of scattered bokeh]]
[2018.12.20-15.22.32:947][  0]LogConfig: Setting CVar [[r.DOF.Recombine.Quality:1                ; cheap slight out of focus]]
[2018.12.20-15.22.32:948][  0]LogConfig: Setting CVar [[r.DOF.Recombine.EnableBokehSettings:0    ; no bokeh simulation on slight out of focus]]
[2018.12.20-15.22.32:948][  0]LogConfig: Setting CVar [[r.DOF.TemporalAAQuality:1                ; more stable temporal accumulation]]
[2018.12.20-15.22.32:948][  0]LogConfig: Setting CVar [[r.DOF.Kernel.MaxForegroundRadius:0.025]]
[2018.12.20-15.22.32:948][  0]LogConfig: Setting CVar [[r.DOF.Kernel.MaxBackgroundRadius:0.025]]
[2018.12.20-15.22.32:948][  0]LogConfig: Applying CVar settings from Section [TextureQuality@3] File [D:/UnrealEngine/Games/MultiplayerGame/CoopGameMultiplayer/CoopGame/Saved/Config/Windows/Scalability.ini]
[2018.12.20-15.22.32:948][  0]LogConfig: Setting CVar [[r.Streaming.MipBias:0]]
[2018.12.20-15.22.32:948][  0]LogConfig: Setting CVar [[r.Streaming.AmortizeCPUToGPUCopy:0]]
[2018.12.20-15.22.32:948][  0]LogConfig: Setting CVar [[r.Streaming.MaxNumTexturesToStreamPerFrame:0]]
[2018.12.20-15.22.32:948][  0]LogConfig: Setting CVar [[r.Streaming.Boost:1]]
[2018.12.20-15.22.32:948][  0]LogConfig: Setting CVar [[r.MaxAnisotropy:8]]
[2018.12.20-15.22.32:948][  0]LogConfig: Setting CVar [[r.Streaming.LimitPoolSizeToVRAM:0]]
[2018.12.20-15.22.32:948][  0]LogConfig: Setting CVar [[r.Streaming.PoolSize:1000]]
[2018.12.20-15.22.32:948][  0]LogConfig: Setting CVar [[r.Streaming.MaxEffectiveScreenSize:0]]
[2018.12.20-15.22.32:949][  0]LogConfig: Applying CVar settings from Section [EffectsQuality@3] File [D:/UnrealEngine/Games/MultiplayerGame/CoopGameMultiplayer/CoopGame/Saved/Config/Windows/Scalability.ini]
[2018.12.20-15.22.32:949][  0]LogConfig: Setting CVar [[r.TranslucencyLightingVolumeDim:64]]
[2018.12.20-15.22.32:949][  0]LogConfig: Setting CVar [[r.RefractionQuality:2]]
[2018.12.20-15.22.32:949][  0]LogConfig: Setting CVar [[r.SSR.Quality:3]]
[2018.12.20-15.22.32:949][  0]LogConfig: Setting CVar [[r.SceneColorFormat:4]]
[2018.12.20-15.22.32:949][  0]LogConfig: Setting CVar [[r.DetailMode:2]]
[2018.12.20-15.22.32:949][  0]LogConfig: Setting CVar [[r.TranslucencyVolumeBlur:1]]
[2018.12.20-15.22.32:949][  0]LogConfig: Setting CVar [[r.MaterialQualityLevel:1 ; High quality]]
[2018.12.20-15.22.32:949][  0]LogConfig: Setting CVar [[r.SSS.Scale:1]]
[2018.12.20-15.22.32:949][  0]LogConfig: Setting CVar [[r.SSS.SampleSet:2]]
[2018.12.20-15.22.32:949][  0]LogConfig: Setting CVar [[r.SSS.Quality:1]]
[2018.12.20-15.22.32:949][  0]LogConfig: Setting CVar [[r.SSS.HalfRes:1]]
[2018.12.20-15.22.32:949][  0]LogConfig: Setting CVar [[r.EmitterSpawnRateScale:1.0]]
[2018.12.20-15.22.32:950][  0]LogConfig: Setting CVar [[r.ParticleLightQuality:2]]
[2018.12.20-15.22.32:950][  0]LogConfig: Applying CVar settings from Section [FoliageQuality@3] File [D:/UnrealEngine/Games/MultiplayerGame/CoopGameMultiplayer/CoopGame/Saved/Config/Windows/Scalability.ini]
[2018.12.20-15.22.32:950][  0]LogConfig: Setting CVar [[foliage.DensityScale:1.0]]
[2018.12.20-15.22.32:950][  0]LogConfig: Setting CVar [[grass.DensityScale:1.0]]
[2018.12.20-15.22.32:950][  0]LogConfig: Applying CVar settings from Section [Startup] File [../../../Engine/Config/ConsoleVariables.ini]
[2018.12.20-15.22.32:950][  0]LogConfig: Setting CVar [[net.UseAdaptiveNetUpdateFrequency:0]]
[2018.12.20-15.22.32:950][  0]LogConfig: Applying CVar settings from Section [ConsoleVariables] File [D:/UnrealEngine/Games/MultiplayerGame/CoopGameMultiplayer/CoopGame/Saved/Config/Windows/Engine.ini]
[2018.12.20-15.22.32:950][  0]LogInit: Computer: GG00001
[2018.12.20-15.22.32:950][  0]LogInit: User: oibikunle
[2018.12.20-15.22.32:951][  0]LogInit: CPU Page size=4096, Cores=6
[2018.12.20-15.22.32:951][  0]LogInit: High frequency timer resolution =10.000000 MHz
[2018.12.20-15.22.32:951][  0]LogMemory: Memory total: Physical=15.9GB (16GB approx)
[2018.12.20-15.22.32:951][  0]LogMemory: Platform Memory Stats for Windows
[2018.12.20-15.22.32:951][  0]LogMemory: Process Physical Memory: 104.17 MB used, 104.17 MB peak
[2018.12.20-15.22.32:951][  0]LogMemory: Process Virtual Memory: 94.09 MB used, 94.09 MB peak
[2018.12.20-15.22.32:951][  0]LogMemory: Physical Memory: 12686.25 MB used,  3633.03 MB free, 16319.28 MB total
[2018.12.20-15.22.32:951][  0]LogMemory: Virtual Memory: 4668.11 MB used,  134213056.00 MB free, 134217728.00 MB total
[2018.12.20-15.22.33:086][  0]LogInit: Using OS detected language (en-GB).
[2018.12.20-15.22.33:086][  0]LogInit: Using OS detected locale (en-GB).
[2018.12.20-15.22.33:087][  0]LogTextLocalizationManager: No specific localization for 'en-GB' exists, so the 'en' localization will be used.
[2018.12.20-15.22.33:381][  0]LogStreaming: Display: Took  0.296s to InitEngineTextLocalization.
[2018.12.20-15.22.33:381][  0]LogInit: Setting process to per monitor DPI aware
[2018.12.20-15.22.33:446][  0]LogSlate: New Slate User Created.  User Index 0, Is Virtual User: 0
[2018.12.20-15.22.33:446][  0]LogSlate: Slate User Registered.  User Index 0, Is Virtual User: 0
[2018.12.20-15.22.33:844][  0]LogHMD: Failed to initialize OpenVR with code 110
[2018.12.20-15.22.33:845][  0]LogD3D11RHI: D3D11 adapters:
[2018.12.20-15.22.33:920][  0]LogD3D11RHI:    0. 'NVIDIA GeForce GTX 1050 Ti' (Feature Level 11_0)
[2018.12.20-15.22.33:920][  0]LogD3D11RHI:       4018/0/8159 MB DedicatedVideo/DedicatedSystem/SharedSystem, Outputs:3, VendorId:0x10de
[2018.12.20-15.22.33:925][  0]LogD3D11RHI:    1. 'Microsoft Basic Render Driver' (Feature Level 11_0)
[2018.12.20-15.22.33:926][  0]LogD3D11RHI:       0/0/8159 MB DedicatedVideo/DedicatedSystem/SharedSystem, Outputs:0, VendorId:0x1414
[2018.12.20-15.22.33:926][  0]LogD3D11RHI: Chosen D3D11 Adapter: 0
[2018.12.20-15.22.33:938][  0]LogD3D11RHI: Creating new Direct3DDevice
[2018.12.20-15.22.33:938][  0]LogD3D11RHI:     GPU DeviceId: 0x1c82 (for the marketing name, search the web for "GPU Device Id")
[2018.12.20-15.22.33:938][  0]LogWindows: EnumDisplayDevices:
[2018.12.20-15.22.33:939][  0]LogWindows:    0. 'NVIDIA GeForce GTX 1050 Ti' (P:0 D:1)
[2018.12.20-15.22.33:939][  0]LogWindows:    1. 'NVIDIA GeForce GTX 1050 Ti' (P:0 D:1)
[2018.12.20-15.22.33:939][  0]LogWindows:    2. 'NVIDIA GeForce GTX 1050 Ti' (P:1 D:1)
[2018.12.20-15.22.33:940][  0]LogWindows:    3. 'NVIDIA GeForce GTX 1050 Ti' (P:0 D:0)
[2018.12.20-15.22.33:940][  0]LogWindows: DebugString: FoundDriverCount:4 
[2018.12.20-15.22.33:940][  0]LogD3D11RHI:     Adapter Name: NVIDIA GeForce GTX 1050 Ti
[2018.12.20-15.22.33:940][  0]LogD3D11RHI:   Driver Version: 417.22 (internal:25.21.14.1722, unified:417.22)
[2018.12.20-15.22.33:940][  0]LogD3D11RHI:      Driver Date: 11-29-2018
[2018.12.20-15.22.33:940][  0]LogRHI: Texture pool is 2812 MB (70% of 4018 MB)
[2018.12.20-15.22.33:979][  0]LogD3D11RHI: Async texture creation enabled
[2018.12.20-15.22.33:997][  0]LogD3D11RHI: GPU Timing Frequency: 1000.000000 (Debug: 2 2)
[2018.12.20-15.22.34:264][  0]LogTemp: Display: Loaded TP AllDesktopTargetPlatform
[2018.12.20-15.22.34:275][  0]LogTemp: Display: Loaded TP MacClientTargetPlatform
[2018.12.20-15.22.34:288][  0]LogTemp: Display: Loaded TP MacNoEditorTargetPlatform
[2018.12.20-15.22.34:299][  0]LogTemp: Display: Loaded TP MacServerTargetPlatform
[2018.12.20-15.22.34:313][  0]LogTemp: Display: Loaded TP MacTargetPlatform
[2018.12.20-15.22.34:326][  0]LogTemp: Display: Loaded TP WindowsClientTargetPlatform
[2018.12.20-15.22.34:338][  0]LogTemp: Display: Loaded TP WindowsNoEditorTargetPlatform
[2018.12.20-15.22.34:351][  0]LogTemp: Display: Loaded TP WindowsServerTargetPlatform
[2018.12.20-15.22.34:357][  0]LogTemp: Display: Loaded TP WindowsTargetPlatform
[2018.12.20-15.22.34:419][  0]LogTemp: Display: Loaded TP AndroidTargetPlatform
[2018.12.20-15.22.34:419][  0]LogTemp: Display: Loaded TP AndroidTargetPlatform
[2018.12.20-15.22.34:419][  0]LogTemp: Display: Loaded TP AndroidTargetPlatform
[2018.12.20-15.22.34:419][  0]LogTemp: Display: Loaded TP AndroidTargetPlatform
[2018.12.20-15.22.34:419][  0]LogTemp: Display: Loaded TP AndroidTargetPlatform
[2018.12.20-15.22.34:419][  0]LogTemp: Display: Loaded TP AndroidTargetPlatform
[2018.12.20-15.22.34:419][  0]LogTemp: Display: Loaded TP AndroidTargetPlatform
[2018.12.20-15.22.34:419][  0]LogTemp: Display: Loaded TP AndroidTargetPlatform
[2018.12.20-15.22.34:419][  0]LogTemp: Display: Loaded TP AndroidTargetPlatform
[2018.12.20-15.22.34:419][  0]LogTemp: Display: Loaded TP AndroidTargetPlatform
[2018.12.20-15.22.34:420][  0]LogTemp: Display: Loaded TP AndroidTargetPlatform
[2018.12.20-15.22.34:420][  0]LogTemp: Display: Loaded TP AndroidTargetPlatform
[2018.12.20-15.22.34:420][  0]LogTemp: Display: Loaded TP AndroidTargetPlatform
[2018.12.20-15.22.34:420][  0]LogTemp: Display: Loaded TP AndroidTargetPlatform
[2018.12.20-15.22.34:420][  0]LogTemp: Display: Loaded TP AndroidTargetPlatform
[2018.12.20-15.22.34:420][  0]LogTemp: Display: Loaded TP AndroidTargetPlatform
[2018.12.20-15.22.34:420][  0]LogTemp: Display: Loaded TP AndroidTargetPlatform
[2018.12.20-15.22.34:420][  0]LogTemp: Display: Loaded TP AndroidTargetPlatform
[2018.12.20-15.22.34:424][  0]LogTemp: Display: Loaded TP HTML5TargetPlatform
[2018.12.20-15.22.34:487][  0]LogTemp: Display: Loaded TP IOSTargetPlatform
[2018.12.20-15.22.34:487][  0]LogTemp: Display: Loaded TP IOSTargetPlatform
[2018.12.20-15.22.34:507][  0]LogTemp: Display: Loaded TP TVOSTargetPlatform
[2018.12.20-15.22.34:507][  0]LogTemp: Display: Loaded TP TVOSTargetPlatform
[2018.12.20-15.22.34:519][  0]LogTemp: Display: Loaded TP LinuxClientTargetPlatform
[2018.12.20-15.22.34:531][  0]LogTemp: Display: Loaded TP LinuxNoEditorTargetPlatform
[2018.12.20-15.22.34:543][  0]LogTemp: Display: Loaded TP LinuxServerTargetPlatform
[2018.12.20-15.22.34:556][  0]LogTemp: Display: Loaded TP LinuxTargetPlatform
[2018.12.20-15.22.34:592][  0]LogTemp: Display: Loaded TP LuminTargetPlatform
[2018.12.20-15.22.34:592][  0]LogTemp: Display: Loaded TP LuminTargetPlatform
[2018.12.20-15.22.34:593][  0]LogTargetPlatformManager: Display: Building Assets For Windows
[2018.12.20-15.22.34:701][  0]LogShaderCompilers: Guid format shader working directory is -16 characters bigger than the processId version (../../../../../Games/MultiplayerGame/CoopGameMultiplayer/CoopGame/Intermediate/Shaders/WorkingDirectory/96964/).
[2018.12.20-15.22.34:701][  0]LogShaderCompilers: Cleaned the shader compiler working directory 'C:/Users/oibikunle/AppData/Local/Temp/UnrealShaderWorkingDir/5F733D7C4C4F0C14FD8A0CA73DEAB260/'.
[2018.12.20-15.22.34:703][  0]LogXGEController: Cleaning working directory: C:/Users/oibikunle/AppData/Local/Temp/UnrealXGEWorkingDir/
[2018.12.20-15.22.34:703][  0]LogXGEController: Cannot use XGE Controller as Incredibuild is not installed on this machine.
[2018.12.20-15.22.34:703][  0]LogShaderCompilers: Cannot use XGE Shader Compiler as Incredibuild is not installed on this machine.
[2018.12.20-15.22.34:703][  0]LogShaderCompilers: Display: Using Local Shader Compiler.
[2018.12.20-15.22.35:144][  0]LogDerivedDataCache: Display: Max Cache Size: 512 MB
[2018.12.20-15.22.35:185][  0]LogDerivedDataCache: Loaded boot cache 0.04s 71MB C:/Users/oibikunle/AppData/Local/UnrealEngine/4.21/DerivedDataCache/Boot.ddc.
[2018.12.20-15.22.35:185][  0]LogDerivedDataCache: Display: Loaded Boot cache: C:/Users/oibikunle/AppData/Local/UnrealEngine/4.21/DerivedDataCache/Boot.ddc
[2018.12.20-15.22.35:185][  0]LogDerivedDataCache: FDerivedDataBackendGraph:  Pak pak cache file ../../../../../Games/MultiplayerGame/CoopGameMultiplayer/CoopGame/DerivedDataCache/DDC.ddp not found, will not use a pak cache.
[2018.12.20-15.22.35:185][  0]LogDerivedDataCache: Unable to find inner node Pak for hierarchical cache Hierarchy.
[2018.12.20-15.22.35:185][  0]LogDerivedDataCache: FDerivedDataBackendGraph:  CompressedPak pak cache file ../../../../../Games/MultiplayerGame/CoopGameMultiplayer/CoopGame/DerivedDataCache/Compressed.ddp not found, will not use a pak cache.
[2018.12.20-15.22.35:185][  0]LogDerivedDataCache: Unable to find inner node CompressedPak for hierarchical cache Hierarchy.
[2018.12.20-15.22.35:195][  0]LogDerivedDataCache: Display: Pak cache opened for reading ../../../Engine/DerivedDataCache/Compressed.ddp.
[2018.12.20-15.22.35:195][  0]LogDerivedDataCache: FDerivedDataBackendGraph:  EnterprisePak pak cache file ../../../Enterprise/DerivedDataCache/Compressed.ddp not found, will not use a pak cache.
[2018.12.20-15.22.35:196][  0]LogDerivedDataCache: Unable to find inner node EnterprisePak for hierarchical cache Hierarchy.
[2018.12.20-15.22.35:208][  0]LogDerivedDataCache: Using Local data cache path C:/Users/oibikunle/AppData/Local/UnrealEngine/Common/DerivedDataCache: Writable
[2018.12.20-15.22.35:208][  0]LogDerivedDataCache: Shared data cache path not found in *engine.ini, will not use an Shared cache.
[2018.12.20-15.22.35:208][  0]LogDerivedDataCache: Unable to find inner node Shared for hierarchical cache Hierarchy.
[2018.12.20-15.22.35:226][  0]LogMaterial: Verifying Global Shaders for PCD3D_SM5
[2018.12.20-15.22.35:227][  0]LogSlate: Using FreeType 2.6.0
[2018.12.20-15.22.35:228][  0]LogSlate: SlateFontServices - WITH_FREETYPE: 1, WITH_HARFBUZZ: 1
[2018.12.20-15.22.35:330][  0]LogAssetRegistry: FAssetRegistry took 0.0331 seconds to start up
[2018.12.20-15.22.35:619][  0]LogInit: Selected Device Profile: [Windows]
[2018.12.20-15.22.35:775][  0]LogSimplygon: Simplygon DLL not present - disabling.
[2018.12.20-15.22.35:783][  0]LogMeshReduction: Using SimplygonSwarm for distributed automatic mesh merging
[2018.12.20-15.22.35:784][  0]LogMeshReduction: Using ProxyLODMeshReduction for automatic mesh merging
[2018.12.20-15.22.35:784][  0]LogMeshReduction: Using QuadricMeshReduction for automatic static mesh reduction
[2018.12.20-15.22.35:784][  0]LogMeshReduction: No automatic skeletal mesh reduction module available
[2018.12.20-15.22.35:798][  0]LogNetVersion: CoopGame 1.0.0, NetCL: 4541578, EngineNetVer: 5, GameNetVer: 0 (Checksum: 2565775016)
[2018.12.20-15.22.36:305][  0]LogPackageLocalizationCache: Processed 11 localized package path(s) for 2 prioritized culture(s) in 0.082892 seconds
[2018.12.20-15.22.36:310][  0]LogUObjectArray: 39775 objects as part of root set at end of initial load.
[2018.12.20-15.22.36:310][  0]LogUObjectAllocator: 6914664 out of 0 bytes used by permanent object pool.
[2018.12.20-15.22.36:310][  0]LogUObjectArray: CloseDisregardForGC: 0/0 objects in disregard for GC pool
[2018.12.20-15.22.37:409][  0]LogTcpMessaging: Initializing TcpMessaging bridge
[2018.12.20-15.22.37:426][  0]LogUdpMessaging: Initializing bridge on interface 0.0.0.0:0 to multicast group 230.0.0.1:6666.
[2018.12.20-15.22.38:328][  0]SourceControl: Source control is disabled
[2018.12.20-15.22.38:328][  0]SourceControl: Source control is disabled
[2018.12.20-15.22.38:333][  0]SourceControl: Source control is disabled
[2018.12.20-15.22.38:336][  0]SourceControl: Source control is disabled
[2018.12.20-15.22.38:600][  0]LogAndroidPermission: UAndroidPermissionCallbackProxy::GetInstance
[2018.12.20-15.22.38:722][  0]LogOcInput: OculusInput pre-init called
[2018.12.20-15.22.38:864][  0]LogEngine: Initializing Engine...
[2018.12.20-15.22.38:865][  0]LogHMD: Failed to initialize OpenVR with code 110
[2018.12.20-15.22.38:866][  0]LogStats: UGameplayTagsManager::ConstructGameplayTagTree: ImportINI prefixes -  0.000 s
[2018.12.20-15.22.38:867][  0]LogStats: UGameplayTagsManager::ConstructGameplayTagTree: Construct from data asset -  0.000 s
[2018.12.20-15.22.38:867][  0]LogStats: UGameplayTagsManager::ConstructGameplayTagTree: ImportINI -  0.000 s
[2018.12.20-15.22.38:867][  0]LogStats: UGameplayTagsManager::ConstructGameplayTagTree: GameplayTagTreeChangedEvent.Broadcast -  0.000 s
[2018.12.20-15.22.39:056][  0]LogInit: Initializing FReadOnlyCVARCache
[2018.12.20-15.22.39:068][  0]LogAIModule: Creating AISystem for world Untitled
[2018.12.20-15.22.39:113][  0]LogInit: XAudio2 using 'Headphones (High Definition Audio Device)' : 2 channels at 48 kHz using 16 bits per sample (channel mask 0x3)
[2018.12.20-15.22.39:132][  0]LogInit: FAudioDevice initialized.
[2018.12.20-15.22.39:133][  0]LogNetVersion: Set ProjectVersion to 1.0.0.0. Version Checksum will be recalculated on next use.
[2018.12.20-15.22.39:172][  0]LogDerivedDataCache: Saved boot cache 0.04s 71MB C:/Users/oibikunle/AppData/Local/UnrealEngine/4.21/DerivedDataCache/Boot.ddc.
[2018.12.20-15.22.39:177][  0]LogInit: Texture streaming: Enabled
[2018.12.20-15.22.39:201][  0]LogEngineSessionManager: EngineSessionManager initialized
[2018.12.20-15.22.39:201][  0]LogEngineSessionManager: EngineSessionManager sent abnormal shutdown report. Type=Debugger, SessionId={E342BF9D-4E65-87B0-603A-B39366F68810}
[2018.12.20-15.22.39:201][  0]LogEngineSessionManager: EngineSessionManager sent abnormal shutdown report. Type=Debugger, SessionId={C81B8A3B-4B99-6683-759E-7FAC6DDAC97B}
[2018.12.20-15.22.39:209][  0]LogInit: Transaction tracking system initialized
[2018.12.20-15.22.39:238][  0]BlueprintLog: New page: Editor Load
[2018.12.20-15.22.39:347][  0]LocalizationService: Localization service is disabled
[2018.12.20-15.22.39:810][  0]LogFileCache: Scanning file cache for directory 'D:/UnrealEngine/Games/MultiplayerGame/CoopGameMultiplayer/CoopGame/Content/' took 0.02s
[2018.12.20-15.22.39:810][  0]LogCook: Display: Max memory allowance for cook 16384mb min free memory 0mb
[2018.12.20-15.22.39:810][  0]LogCook: Display: Mobile HDR setting 1
[2018.12.20-15.22.39:810][  0]LogGameplayTags: Display: UGameplayTagsManager::DoneAddingNativeTags. DelegateIsBound: 0
[2018.12.20-15.22.39:810][  0]LogStats: UGameplayTagsManager::ConstructGameplayTagTree: ImportINI prefixes -  0.000 s
[2018.12.20-15.22.39:810][  0]LogStats: UGameplayTagsManager::ConstructGameplayTagTree: Construct from data asset -  0.000 s
[2018.12.20-15.22.39:811][  0]LogStats: UGameplayTagsManager::ConstructGameplayTagTree: ImportINI -  0.000 s
[2018.12.20-15.22.39:811][  0]LogStats: UGameplayTagsManager::ConstructGameplayTagTree: GameplayTagTreeChangedEvent.Broadcast -  0.000 s
[2018.12.20-15.22.40:016][  0]SourceControl: Source control is disabled
[2018.12.20-15.22.40:016][  0]Cmd: MAP LOAD FILE="../../../Engine/Content/Maps/Templates/Template_Default.umap" TEMPLATE=1 SHOWPROGRESS=1 FEATURELEVEL=3
[2018.12.20-15.22.40:017][  0]LightingResults: New page: Lighting Build
[2018.12.20-15.22.40:019][  0]MapCheck: New page: Map Check
[2018.12.20-15.22.40:019][  0]LightingResults: New page: Lighting Build
[2018.12.20-15.22.40:150][  0]LogAIModule: Creating AISystem for world Untitled_1
[2018.12.20-15.22.40:155][  0]LogEditorServer: Finished looking for orphan Actors (0.000 secs)
[2018.12.20-15.22.40:178][  0]Cmd: MAP CHECKDEP NOCLEARLOG
[2018.12.20-15.22.40:178][  0]MapCheck: Map check complete: 0 Error(s), 0 Warning(s), took 0.108ms to complete.
[2018.12.20-15.22.40:179][  0]LogFileHelpers: Loading map 'Template_Default' took 0.162
[2018.12.20-15.22.40:305][  0]LogSlate: Updating window title bar state: overlay mode, drag disabled, window buttons hidden, title bar hidden
[2018.12.20-15.22.40:311][  0]LogSlate: Updating window title bar state: overlay mode, drag disabled, window buttons hidden, title bar hidden
[2018.12.20-15.22.40:317][  0]LogSlate: Updating window title bar state: overlay mode, drag disabled, window buttons hidden, title bar hidden
[2018.12.20-15.22.40:322][  0]LogSlate: Updating window title bar state: overlay mode, drag disabled, window buttons hidden, title bar hidden
[2018.12.20-15.22.40:329][  0]LogCollectionManager: Loaded 0 collections in 0.000882 seconds
[2018.12.20-15.22.40:373][  0]LogFileCache: Scanning file cache for directory 'D:/UnrealEngine/Games/MultiplayerGame/CoopGameMultiplayer/CoopGame/Saved/Collections/' took 0.01s
[2018.12.20-15.22.40:373][  0]LogFileCache: Scanning file cache for directory 'D:/UnrealEngine/Games/MultiplayerGame/CoopGameMultiplayer/CoopGame/Content/Developers/oibikunle/Collections/' took 0.01s
[2018.12.20-15.22.40:373][  0]LogFileCache: Scanning file cache for directory 'D:/UnrealEngine/Games/MultiplayerGame/CoopGameMultiplayer/CoopGame/Content/Collections/' took 0.01s
[2018.12.20-15.22.40:373][  0]LogCollectionManager: Rebuilt the GUID cache for 0 collections in 0.000000 seconds
[2018.12.20-15.22.40:380][  0]LogContentBrowser: Native class hierarchy populated in 0.0069 seconds. Added 2654 classes and 623 folders.
[2018.12.20-15.22.40:386][  0]LogContentBrowser: Native class hierarchy updated for 'WidgetCarousel' in 0.0003 seconds. Added 0 classes and 0 folders.
[2018.12.20-15.22.40:388][  0]LogPakFile: Registered encryption key '00000000000000000000000000000000': 0 pak files mounted, 0 remain pending
[2018.12.20-15.22.40:389][  0]LogPakFile: Registered encryption key '00000000000000000000000000000000': 0 pak files mounted, 0 remain pending
[2018.12.20-15.22.40:390][  0]LogPakFile: Registered encryption key '00000000000000000000000000000000': 0 pak files mounted, 0 remain pending
[2018.12.20-15.22.40:390][  0]LogPakFile: Registered encryption key '00000000000000000000000000000000': 0 pak files mounted, 0 remain pending
[2018.12.20-15.22.40:391][  0]LogPakFile: Registered encryption key '00000000000000000000000000000000': 0 pak files mounted, 0 remain pending
[2018.12.20-15.22.40:392][  0]LogPakFile: Registered encryption key '00000000000000000000000000000000': 0 pak files mounted, 0 remain pending
[2018.12.20-15.22.40:393][  0]LogPakFile: Registered encryption key '00000000000000000000000000000000': 0 pak files mounted, 0 remain pending
[2018.12.20-15.22.40:394][  0]LogPakFile: Registered encryption key '00000000000000000000000000000000': 0 pak files mounted, 0 remain pending
[2018.12.20-15.22.40:394][  0]LogPakFile: Registered encryption key '00000000000000000000000000000000': 0 pak files mounted, 0 remain pending
[2018.12.20-15.22.40:395][  0]LogPakFile: Registered encryption key '00000000000000000000000000000000': 0 pak files mounted, 0 remain pending
[2018.12.20-15.22.40:396][  0]LogPakFile: Registered encryption key '00000000000000000000000000000000': 0 pak files mounted, 0 remain pending
[2018.12.20-15.22.40:397][  0]LogPakFile: Registered encryption key '00000000000000000000000000000000': 0 pak files mounted, 0 remain pending
[2018.12.20-15.22.40:398][  0]LogPakFile: Registered encryption key '00000000000000000000000000000000': 0 pak files mounted, 0 remain pending
[2018.12.20-15.22.40:398][  0]LogPakFile: Registered encryption key '00000000000000000000000000000000': 0 pak files mounted, 0 remain pending
[2018.12.20-15.22.40:399][  0]LogPakFile: Registered encryption key '00000000000000000000000000000000': 0 pak files mounted, 0 remain pending
[2018.12.20-15.22.40:400][  0]LogPakFile: Registered encryption key '00000000000000000000000000000000': 0 pak files mounted, 0 remain pending
[2018.12.20-15.22.40:401][  0]LogPakFile: Registered encryption key '00000000000000000000000000000000': 0 pak files mounted, 0 remain pending
[2018.12.20-15.22.40:402][  0]LogPakFile: Registered encryption key '00000000000000000000000000000000': 0 pak files mounted, 0 remain pending
[2018.12.20-15.22.40:402][  0]LogPakFile: Registered encryption key '00000000000000000000000000000000': 0 pak files mounted, 0 remain pending
[2018.12.20-15.22.40:403][  0]LogPakFile: Registered encryption key '00000000000000000000000000000000': 0 pak files mounted, 0 remain pending
[2018.12.20-15.22.40:404][  0]LogPakFile: Registered encryption key '00000000000000000000000000000000': 0 pak files mounted, 0 remain pending
[2018.12.20-15.22.40:405][  0]LogPakFile: Registered encryption key '00000000000000000000000000000000': 0 pak files mounted, 0 remain pending
[2018.12.20-15.22.40:405][  0]LogPakFile: Registered encryption key '00000000000000000000000000000000': 0 pak files mounted, 0 remain pending
[2018.12.20-15.22.40:406][  0]LogPakFile: Registered encryption key '00000000000000000000000000000000': 0 pak files mounted, 0 remain pending
[2018.12.20-15.22.40:407][  0]LogPakFile: Registered encryption key '00000000000000000000000000000000': 0 pak files mounted, 0 remain pending
[2018.12.20-15.22.40:408][  0]LogPakFile: Registered encryption key '00000000000000000000000000000000': 0 pak files mounted, 0 remain pending
[2018.12.20-15.22.40:451][  0]LogContentBrowser: Native class hierarchy updated for 'AddContentDialog' in 0.0004 seconds. Added 0 classes and 0 folders.
[2018.12.20-15.22.40:457][  0]LogContentBrowser: Native class hierarchy updated for 'SceneOutliner' in 0.0004 seconds. Added 1 classes and 2 folders.
[2018.12.20-15.22.40:503][  0]LogContentBrowser: Native class hierarchy updated for 'HierarchicalLODOutliner' in 0.0004 seconds. Added 0 classes and 0 folders.
[2018.12.20-15.22.40:504][  0]LogLoad: (Engine Initialization) Total time: 9.80 seconds
[2018.12.20-15.22.40:504][  0]LogLoad: (Engine Initialization) Total Blueprint compile time: 0.00 seconds
[2018.12.20-15.22.40:514][  0]LogWindowsTextInputMethodSystem: Display: IME system now deactivated.
[2018.12.20-15.22.40:562][  0]LogContentStreaming: Texture pool size now 1000 MB
[2018.12.20-15.22.40:564][  0]LogSlate: Took 0.000250 seconds to synchronously load lazily loaded font '../../../Engine/Content/Slate/Fonts/Roboto-Regular.ttf' (155K)
[2018.12.20-15.22.40:565][  0]LogSlate: Took 0.000223 seconds to synchronously load lazily loaded font '../../../Engine/Content/Slate/Fonts/Roboto-Bold.ttf' (160K)
[2018.12.20-15.22.40:569][  0]LogSlate: Took 0.000259 seconds to synchronously load lazily loaded font '../../../Engine/Content/Editor/Slate/Fonts/FontAwesome.ttf' (139K)
[2018.12.20-15.22.40:662][  0]LogRenderer: Reallocating scene render targets to support 804x360 Format 10 NumSamples 1 (Frame:1).
[2018.12.20-15.22.40:702][  0]LogSlate: Took 0.000256 seconds to synchronously load lazily loaded font '../../../Engine/Content/Slate/Fonts/Roboto-Light.ttf' (167K)
[2018.12.20-15.22.40:725][  1]LogAssetRegistry: Asset discovery search completed in 5.4194 seconds
[2018.12.20-15.22.40:726][  1]LogCollectionManager: Rebuilt the object cache for 0 collections in 0.000000 seconds (found 0 objects)
[2018.12.20-15.22.40:727][  1]LogCollectionManager: Fixed up redirectors for 0 collections in 0.000205 seconds (updated 0 objects)
[2018.12.20-15.22.42:856][249]LogSlate: FSceneViewport::OnFocusLost() reason 0
[2018.12.20-15.22.42:997][261]LogRenderer: Reallocating scene render targets to support 1208x576 Format 10 NumSamples 1 (Frame:4).
[2018.12.20-15.22.50:104][110]LogSlate: Took 0.000258 seconds to synchronously load lazily loaded font '../../../Engine/Content/Slate/Fonts/Roboto-Light.ttf' (167K)
[2018.12.20-15.22.50:343][110]LogAIModule: Creating AISystem for world P_TestMap
[2018.12.20-15.22.50:355][110]LogAssetEditorManager: Opening Asset editor for World /Game/Maps/P_TestMap.P_TestMap
[2018.12.20-15.22.50:377][110]Cmd: MAP LOAD FILE="../../../../../Games/MultiplayerGame/CoopGameMultiplayer/CoopGame/Content/Maps/P_TestMap.umap" TEMPLATE=0 SHOWPROGRESS=1 FEATURELEVEL=3
[2018.12.20-15.22.50:377][110]LightingResults: New page: Lighting Build
[2018.12.20-15.22.50:378][110]LoadErrors: New page: Loading map: P_TestMap.umap
[2018.12.20-15.22.50:378][110]MapCheck: New page: Map Check
[2018.12.20-15.22.50:378][110]LightingResults: New page: Lighting Build
[2018.12.20-15.22.50:401][110]LogEditorServer: Finished looking for orphan Actors (0.000 secs)
[2018.12.20-15.22.50:433][110]Cmd: MAP CHECKDEP NOCLEARLOG
[2018.12.20-15.22.50:433][110]MapCheck: Map check complete: 0 Error(s), 0 Warning(s), took 0.111ms to complete.
[2018.12.20-15.22.50:433][110]LogFileHelpers: Loading map 'P_TestMap' took 0.057
[2018.12.20-15.23.20:200][603]LogAssetEditorManager: Opening Asset editor for Blueprint /Game/BluePrints/BP_Rifle.BP_Rifle
[2018.12.20-15.23.20:518][603]LogContentBrowser: Native class hierarchy updated for 'BlueprintGraph' in 0.0006 seconds. Added 117 classes and 0 folders.
[2018.12.20-15.23.22:808][798]LogAssetEditorManager: Opening Asset editor for Blueprint /Game/BluePrints/BP_Rifle.BP_Rifle
[2018.12.20-15.23.22:999][798]LogSlate: Took 0.000238 seconds to synchronously load lazily loaded font '../../../Engine/Content/Slate/Fonts/Roboto-BoldCondensed.ttf' (158K)
[2018.12.20-15.23.34:671][155]LogTexture: Display: Building textures: ThumbnailTexture (DXT1, 512X512)
[2018.12.20-15.23.34:671][155]LogTexture: Display: Building textures: T_BloodSplatter_Frames01 (AutoDXT, 1024X512)
[2018.12.20-15.23.34:671][155]LogTexture: Display: Building textures: T_BloodSplat_03_SubUV (AutoDXT, 1024X1024)
[2018.12.20-15.23.34:671][155]LogMaterial: Display: Missing cached shader map for material M_blood_splash_03, compiling. 
[2018.12.20-15.23.34:771][155]LogMaterial: Display: Missing cached shader map for material M_blood_cloud_01, compiling. 
[2018.12.20-15.23.34:812][155]LogShaderCompilers: Display: Shaders left to compile 99
[2018.12.20-15.23.34:812][155]LogShaderCompilers: Display: Shaders left to compile 89
[2018.12.20-15.23.34:813][155]LogShaderCompilers: Display: Shaders left to compile 79
[2018.12.20-15.23.34:813][155]LogShaderCompilers: Display: Shaders left to compile 69
[2018.12.20-15.23.34:813][155]LogShaderCompilers: Display: Shaders left to compile 59
[2018.12.20-15.23.34:813][155]LogShaderCompilers: Display: Shaders left to compile 49
[2018.12.20-15.23.34:813][155]LogShaderCompilers: Display: Shaders left to compile 39
[2018.12.20-15.23.34:813][155]LogShaderCompilers: Display: Shaders left to compile 29
[2018.12.20-15.23.34:813][155]LogMaterial: Display: Missing cached shader map for material M_blood_splash_01, compiling. 
[2018.12.20-15.23.36:234][302]BlueprintLog: New page: Compile BP_Rifle
[2018.12.20-15.23.36:521][302]Cmd: OBJ SAVEPACKAGE PACKAGE="/Game/BluePrints/BP_Rifle" FILE="../../../../../Games/MultiplayerGame/CoopGameMultiplayer/CoopGame/Content/BluePrints/BP_Rifle.uasset" SILENT=true
[2018.12.20-15.23.36:543][302]LogSavePackage: Moving '../../../../../Games/MultiplayerGame/CoopGameMultiplayer/CoopGame/Saved/BP_Rifle87E58BE340F76892B6EE128E9A8CE3C1.tmp' to '../../../../../Games/MultiplayerGame/CoopGameMultiplayer/CoopGame/Content/BluePrints/BP_Rifle.uasset'
[2018.12.20-15.23.38:403][504]LogShaderCompilers: Display: Shaders left to compile 217
[2018.12.20-15.23.38:670][534]LogShaderCompilers: Display: Shaders left to compile 207
[2018.12.20-15.23.38:798][549]LogShaderCompilers: Display: Shaders left to compile 197
[2018.12.20-15.23.39:022][575]LogShaderCompilers: Display: Shaders left to compile 187
[2018.12.20-15.23.39:049][578]LogShaderCompilers: Display: Shaders left to compile 177
[2018.12.20-15.23.39:465][628]LogShaderCompilers: Display: Shaders left to compile 167
[2018.12.20-15.23.39:515][634]LogShaderCompilers: Display: Shaders left to compile 157
[2018.12.20-15.23.39:986][689]LogShaderCompilers: Display: Shaders left to compile 147
[2018.12.20-15.23.42:245][952]LogShaderCompilers: Display: Shaders left to compile 137
[2018.12.20-15.23.42:545][988]LogShaderCompilers: Display: Shaders left to compile 127
[2018.12.20-15.23.42:790][ 16]LogShaderCompilers: Display: Shaders left to compile 117
[2018.12.20-15.23.42:856][ 21]LogShaderCompilers: Display: Shaders left to compile 107
[2018.12.20-15.23.42:947][ 32]LogShaderCompilers: Display: Shaders left to compile 97
[2018.12.20-15.23.43:217][ 64]LogShaderCompilers: Display: Shaders left to compile 87
[2018.12.20-15.23.43:638][114]LogShaderCompilers: Display: Shaders left to compile 77
[2018.12.20-15.23.44:287][191]LogShaderCompilers: Display: Shaders left to compile 67
[2018.12.20-15.23.45:776][367]LogTemp: Repeating last play command: Selected Viewport
[2018.12.20-15.23.45:793][367]LogBlueprintUserMessages: Early PlayInEditor Detection: Level '/Game/Maps/P_TestMap.P_TestMap:PersistentLevel' has LevelScriptBlueprint '/Game/Maps/P_TestMap.P_TestMap:PersistentLevel.P_TestMap' with GeneratedClass '/Game/Maps/P_TestMap.P_TestMap_C' with ClassGeneratedBy '/Game/Maps/P_TestMap.P_TestMap:PersistentLevel.P_TestMap'
[2018.12.20-15.23.45:793][367]LogPlayLevel: PlayLevel: No blueprints needed recompiling
[2018.12.20-15.23.45:794][367]LogShaderCompilers: Display: Shaders left to compile 57
[2018.12.20-15.23.45:794][367]PIE: New page: PIE session: P_TestMap (20 Dec 2018 17:23:45)
[2018.12.20-15.23.45:810][367]LogPlayLevel: Creating play world package: /Game/Maps/UEDPIE_0_P_TestMap
[2018.12.20-15.23.45:817][367]LogPlayLevel: PIE: StaticDuplicateObject took: (0.006531s)
[2018.12.20-15.23.45:818][367]LogAIModule: Creating AISystem for world P_TestMap
[2018.12.20-15.23.45:818][367]LogPlayLevel: PIE: World Init took: (0.001128s)
[2018.12.20-15.23.45:818][367]LogPlayLevel: PIE: Created PIE world by copying editor world from /Game/Maps/P_TestMap.P_TestMap to /Game/Maps/UEDPIE_0_P_TestMap.P_TestMap (0.008617s)
[2018.12.20-15.23.45:871][367]LogInit: XAudio2 using 'Headphones (High Definition Audio Device)' : 2 channels at 48 kHz using 16 bits per sample (channel mask 0x3)
[2018.12.20-15.23.45:888][367]LogInit: FAudioDevice initialized.
[2018.12.20-15.23.45:943][367]LogLoad: Game class is 'GameModeBase'
[2018.12.20-15.23.45:946][367]LogWorld: Bringing World /Game/Maps/UEDPIE_0_P_TestMap.P_TestMap up for play (max tick rate 0) at 2018.12.20-16.23.45
[2018.12.20-15.23.45:947][367]LogWorld: Bringing up level for play took: 0.002730
[2018.12.20-15.23.45:968][367]LogContentBrowser: Native class hierarchy updated for 'MovieSceneCapture' in 0.0008 seconds. Added 20 classes and 0 folders.
[2018.12.20-15.23.45:970][367]PIE: Play in editor start time for /Game/Maps/UEDPIE_0_P_TestMap 0.58
[2018.12.20-15.23.45:970][367]LogBlueprintUserMessages: Late PlayInEditor Detection: Level '/Game/Maps/P_TestMap.P_TestMap:PersistentLevel' has LevelScriptBlueprint '/Game/Maps/P_TestMap.P_TestMap:PersistentLevel.P_TestMap' with GeneratedClass '/Game/Maps/P_TestMap.P_TestMap_C' with ClassGeneratedBy '/Game/Maps/P_TestMap.P_TestMap:PersistentLevel.P_TestMap'
[2018.12.20-15.23.46:107][378]LogShaderCompilers: Display: Shaders left to compile 47
[2018.12.20-15.23.46:639][434]LogShaderCompilers: Display: Shaders left to compile 37
[2018.12.20-15.23.46:682][439]LogShaderCompilers: Display: Shaders left to compile 27
[2018.12.20-15.23.47:319][498]LogShaderCompilers: Display: Shaders left to compile 17
[2018.12.20-15.23.47:408][507]LogShaderCompilers: Display: Shaders left to compile 7
[2018.12.20-15.24.07:723][919]LogBlueprintUserMessages: Early EndPlayMap Detection: Level '/Game/Maps/P_TestMap.P_TestMap:PersistentLevel' has LevelScriptBlueprint '/Game/Maps/P_TestMap.P_TestMap:PersistentLevel.P_TestMap' with GeneratedClass '/Game/Maps/P_TestMap.P_TestMap_C' with ClassGeneratedBy '/Game/Maps/P_TestMap.P_TestMap:PersistentLevel.P_TestMap'
[2018.12.20-15.24.07:724][919]LogSlate: Updating window title bar state: overlay mode, drag disabled, window buttons hidden, title bar hidden
[2018.12.20-15.24.07:762][919]LogPlayLevel: Display: Shutting down PIE online subsystems
[2018.12.20-15.24.07:762][919]LogBlueprintUserMessages: Late EndPlayMap Detection: Level '/Game/Maps/P_TestMap.P_TestMap:PersistentLevel' has LevelScriptBlueprint '/Game/Maps/P_TestMap.P_TestMap:PersistentLevel.P_TestMap' with GeneratedClass '/Game/Maps/P_TestMap.P_TestMap_C' with ClassGeneratedBy '/Game/Maps/P_TestMap.P_TestMap:PersistentLevel.P_TestMap'
[2018.12.20-15.24.07:786][919]LogSlate: Updating window title bar state: overlay mode, drag disabled, window buttons hidden, title bar hidden
[2018.12.20-15.24.07:839][921]LogPlayLevel: Display: Destroying online subsystem :Context_8
[2018.12.20-15.24.13:198][122]LogSlate: FSceneViewport::OnFocusLost() reason 0
[2018.12.20-15.24.37:945][739]LogSlate: Took 0.000244 seconds to synchronously load lazily loaded font '../../../Engine/Content/Slate/Fonts/Roboto-Italic.ttf' (157K)
[2018.12.20-15.24.44:129][462]LogAssetEditorManager: Opening Asset editor for Skeleton /Game/Weapons/SK_Rifle_Skeleton.SK_Rifle_Skeleton
[2018.12.20-15.24.44:161][462]LogContentBrowser: Native class hierarchy updated for 'SkeletonEditor' in 0.0004 seconds. Added 1 classes and 2 folders.
[2018.12.20-15.24.44:686][462]LogActorComponent: RegisterComponentWithWorld: (/Engine/Transient.World_7:PersistentLevel.AnimationEditorPreviewActor_0.DebugSkelMeshComponent_0) Already registered. Aborting.
[2018.12.20-15.24.44:716][462]LogContentBrowser: Native class hierarchy updated for 'PinnedCommandList' in 0.0004 seconds. Added 1 classes and 0 folders.
[2018.12.20-15.24.45:265][462]LogContentBrowser: Native class hierarchy updated for 'ClothingSystemEditorInterface' in 0.0004 seconds. Added 1 classes and 0 folders.
[2018.12.20-15.24.45:280][462]LogRenderer: Reallocating scene render targets to support 1208x888 Format 10 NumSamples 1 (Frame:1).
[2018.12.20-15.24.57:114][865]Cmd: OBJ SAVEPACKAGE PACKAGE="/Game/Weapons/SK_Rifle_Skeleton" FILE="../../../../../Games/MultiplayerGame/CoopGameMultiplayer/CoopGame/Content/Weapons/SK_Rifle_Skeleton.uasset" SILENT=true
[2018.12.20-15.24.57:130][865]LogSavePackage: Moving '../../../../../Games/MultiplayerGame/CoopGameMultiplayer/CoopGame/Saved/SK_Rifle_SkeletonFCC35AC14B05CF77A84E12A18313FB12.tmp' to '../../../../../Games/MultiplayerGame/CoopGameMultiplayer/CoopGame/Content/Weapons/SK_Rifle_Skeleton.uasset'
[2018.12.20-15.25.00:581][256]LogSlate: Window 'SK_Rifle_Skeleton' being destroyed
[2018.12.20-15.25.02:266][458]LogTemp: Repeating last play command: Selected Viewport
[2018.12.20-15.25.02:278][458]LogBlueprintUserMessages: Early PlayInEditor Detection: Level '/Game/Maps/P_TestMap.P_TestMap:PersistentLevel' has LevelScriptBlueprint '/Game/Maps/P_TestMap.P_TestMap:PersistentLevel.P_TestMap' with GeneratedClass '/Game/Maps/P_TestMap.P_TestMap_C' with ClassGeneratedBy '/Game/Maps/P_TestMap.P_TestMap:PersistentLevel.P_TestMap'
[2018.12.20-15.25.02:278][458]LogPlayLevel: PlayLevel: No blueprints needed recompiling
[2018.12.20-15.25.02:278][458]PIE: New page: PIE session: P_TestMap (20 Dec 2018 17:25:02)
[2018.12.20-15.25.02:278][458]LogPlayLevel: Creating play world package: /Game/Maps/UEDPIE_0_P_TestMap
[2018.12.20-15.25.02:280][458]LogPlayLevel: PIE: StaticDuplicateObject took: (0.002089s)
[2018.12.20-15.25.02:281][458]LogAIModule: Creating AISystem for world P_TestMap
[2018.12.20-15.25.02:281][458]LogPlayLevel: PIE: World Init took: (0.000735s)
[2018.12.20-15.25.02:281][458]LogPlayLevel: PIE: Created PIE world by copying editor world from /Game/Maps/P_TestMap.P_TestMap to /Game/Maps/UEDPIE_0_P_TestMap.P_TestMap (0.003236s)
[2018.12.20-15.25.02:330][458]LogInit: XAudio2 using 'Headphones (High Definition Audio Device)' : 2 channels at 48 kHz using 16 bits per sample (channel mask 0x3)
[2018.12.20-15.25.02:339][458]LogInit: FAudioDevice initialized.
[2018.12.20-15.25.02:378][458]LogLoad: Game class is 'GameModeBase'
[2018.12.20-15.25.02:380][458]LogWorld: Bringing World /Game/Maps/UEDPIE_0_P_TestMap.P_TestMap up for play (max tick rate 0) at 2018.12.20-16.25.02
[2018.12.20-15.25.02:381][458]LogWorld: Bringing up level for play took: 0.001449
[2018.12.20-15.25.02:394][458]PIE: Play in editor start time for /Game/Maps/UEDPIE_0_P_TestMap 1.005
[2018.12.20-15.25.02:395][458]LogBlueprintUserMessages: Late PlayInEditor Detection: Level '/Game/Maps/P_TestMap.P_TestMap:PersistentLevel' has LevelScriptBlueprint '/Game/Maps/P_TestMap.P_TestMap:PersistentLevel.P_TestMap' with GeneratedClass '/Game/Maps/P_TestMap.P_TestMap_C' with ClassGeneratedBy '/Game/Maps/P_TestMap.P_TestMap:PersistentLevel.P_TestMap'
[2018.12.20-15.25.09:970][362]LogBlueprintUserMessages: Early EndPlayMap Detection: Level '/Game/Maps/P_TestMap.P_TestMap:PersistentLevel' has LevelScriptBlueprint '/Game/Maps/P_TestMap.P_TestMap:PersistentLevel.P_TestMap' with GeneratedClass '/Game/Maps/P_TestMap.P_TestMap_C' with ClassGeneratedBy '/Game/Maps/P_TestMap.P_TestMap:PersistentLevel.P_TestMap'
[2018.12.20-15.25.09:971][362]LogSlate: Updating window title bar state: overlay mode, drag disabled, window buttons hidden, title bar hidden
[2018.12.20-15.25.10:009][362]LogPlayLevel: Display: Shutting down PIE online subsystems
[2018.12.20-15.25.10:009][362]LogBlueprintUserMessages: Late EndPlayMap Detection: Level '/Game/Maps/P_TestMap.P_TestMap:PersistentLevel' has LevelScriptBlueprint '/Game/Maps/P_TestMap.P_TestMap:PersistentLevel.P_TestMap' with GeneratedClass '/Game/Maps/P_TestMap.P_TestMap_C' with ClassGeneratedBy '/Game/Maps/P_TestMap.P_TestMap:PersistentLevel.P_TestMap'
[2018.12.20-15.25.10:033][362]LogSlate: Updating window title bar state: overlay mode, drag disabled, window buttons hidden, title bar hidden
[2018.12.20-15.25.10:072][365]LogPlayLevel: Display: Destroying online subsystem :Context_10
[2018.12.20-15.25.15:384][493]LogSlate: FSceneViewport::OnFocusLost() reason 0
[2018.12.20-15.25.23:171][425]LogAssetEditorManager: Opening Asset editor for Blueprint /Game/BluePrints/PlayerPawn.PlayerPawn
[2018.12.20-15.25.37:925][124]BlueprintLog: New page: Compile PlayerPawn
[2018.12.20-15.25.38:105][124]Cmd: OBJ SAVEPACKAGE PACKAGE="/Game/BluePrints/PlayerPawn" FILE="../../../../../Games/MultiplayerGame/CoopGameMultiplayer/CoopGame/Content/BluePrints/PlayerPawn.uasset" SILENT=true
[2018.12.20-15.25.38:126][124]LogSavePackage: Moving '../../../../../Games/MultiplayerGame/CoopGameMultiplayer/CoopGame/Saved/PlayerPawn9B7F05E243BD36DDF196FDB5BE4419B7.tmp' to '../../../../../Games/MultiplayerGame/CoopGameMultiplayer/CoopGame/Content/BluePrints/PlayerPawn.uasset'
[2018.12.20-15.25.39:758][316]Cmd: OBJ SAVEPACKAGE PACKAGE="/Game/Maps/P_TestMap" FILE="../../../../../Games/MultiplayerGame/CoopGameMultiplayer/CoopGame/Content/Maps/P_TestMap.umap" SILENT=true AUTOSAVING=false KEEPDIRTY=false
[2018.12.20-15.25.39:888][316]LogSavePackage: Moving '../../../../../Games/MultiplayerGame/CoopGameMultiplayer/CoopGame/Saved/P_TestMapFD9DEE1846EE45017407ABB55487A81C.tmp' to '../../../../../Games/MultiplayerGame/CoopGameMultiplayer/CoopGame/Content/Maps/P_TestMap.umap'
[2018.12.20-15.25.39:905][316]Cmd: OBJ SAVEPACKAGE PACKAGE="/Game/Maps/P_TestMap_BuiltData" FILE="../../../../../Games/MultiplayerGame/CoopGameMultiplayer/CoopGame/Content/Maps/P_TestMap_BuiltData.uasset" SILENT=true
[2018.12.20-15.25.39:929][316]LogSavePackage: Moving '../../../../../Games/MultiplayerGame/CoopGameMultiplayer/CoopGame/Saved/P_TestMap_BuiltDataFAAC66E6427C83E770CC519C4B69D56B.tmp' to '../../../../../Games/MultiplayerGame/CoopGameMultiplayer/CoopGame/Content/Maps/P_TestMap_BuiltData.uasset'
[2018.12.20-15.25.40:459][378]LogTemp: Repeating last play command: Selected Viewport
[2018.12.20-15.25.40:474][378]LogBlueprintUserMessages: Early PlayInEditor Detection: Level '/Game/Maps/P_TestMap.P_TestMap:PersistentLevel' has LevelScriptBlueprint '/Game/Maps/P_TestMap.P_TestMap:PersistentLevel.P_TestMap' with GeneratedClass '/Game/Maps/P_TestMap.P_TestMap_C' with ClassGeneratedBy '/Game/Maps/P_TestMap.P_TestMap:PersistentLevel.P_TestMap'
[2018.12.20-15.25.40:474][378]LogPlayLevel: PlayLevel: No blueprints needed recompiling
[2018.12.20-15.25.40:474][378]PIE: New page: PIE session: P_TestMap (20 Dec 2018 17:25:40)
[2018.12.20-15.25.40:475][378]LogPlayLevel: Creating play world package: /Game/Maps/UEDPIE_0_P_TestMap
[2018.12.20-15.25.40:477][378]LogPlayLevel: PIE: StaticDuplicateObject took: (0.002375s)
[2018.12.20-15.25.40:478][378]LogAIModule: Creating AISystem for world P_TestMap
[2018.12.20-15.25.40:478][378]LogPlayLevel: PIE: World Init took: (0.000684s)
[2018.12.20-15.25.40:478][378]LogPlayLevel: PIE: Created PIE world by copying editor world from /Game/Maps/P_TestMap.P_TestMap to /Game/Maps/UEDPIE_0_P_TestMap.P_TestMap (0.003483s)
[2018.12.20-15.25.40:517][378]LogInit: XAudio2 using 'Headphones (High Definition Audio Device)' : 2 channels at 48 kHz using 16 bits per sample (channel mask 0x3)
[2018.12.20-15.25.40:527][378]LogInit: FAudioDevice initialized.
[2018.12.20-15.25.40:560][378]LogLoad: Game class is 'GameModeBase'
[2018.12.20-15.25.40:562][378]LogWorld: Bringing World /Game/Maps/UEDPIE_0_P_TestMap.P_TestMap up for play (max tick rate 0) at 2018.12.20-16.25.40
[2018.12.20-15.25.40:562][378]LogWorld: Bringing up level for play took: 0.001381
[2018.12.20-15.25.40:576][378]PIE: Play in editor start time for /Game/Maps/UEDPIE_0_P_TestMap -0.812
[2018.12.20-15.25.40:576][378]LogBlueprintUserMessages: Late PlayInEditor Detection: Level '/Game/Maps/P_TestMap.P_TestMap:PersistentLevel' has LevelScriptBlueprint '/Game/Maps/P_TestMap.P_TestMap:PersistentLevel.P_TestMap' with GeneratedClass '/Game/Maps/P_TestMap.P_TestMap_C' with ClassGeneratedBy '/Game/Maps/P_TestMap.P_TestMap:PersistentLevel.P_TestMap'
[2018.12.20-15.25.59:805][681]LogBlueprintUserMessages: Early EndPlayMap Detection: Level '/Game/Maps/P_TestMap.P_TestMap:PersistentLevel' has LevelScriptBlueprint '/Game/Maps/P_TestMap.P_TestMap:PersistentLevel.P_TestMap' with GeneratedClass '/Game/Maps/P_TestMap.P_TestMap_C' with ClassGeneratedBy '/Game/Maps/P_TestMap.P_TestMap:PersistentLevel.P_TestMap'
[2018.12.20-15.25.59:805][681]LogSlate: Updating window title bar state: overlay mode, drag disabled, window buttons hidden, title bar hidden
[2018.12.20-15.25.59:848][681]LogPlayLevel: Display: Shutting down PIE online subsystems
[2018.12.20-15.25.59:848][681]LogBlueprintUserMessages: Late EndPlayMap Detection: Level '/Game/Maps/P_TestMap.P_TestMap:PersistentLevel' has LevelScriptBlueprint '/Game/Maps/P_TestMap.P_TestMap:PersistentLevel.P_TestMap' with GeneratedClass '/Game/Maps/P_TestMap.P_TestMap_C' with ClassGeneratedBy '/Game/Maps/P_TestMap.P_TestMap:PersistentLevel.P_TestMap'
[2018.12.20-15.25.59:872][681]LogSlate: Updating window title bar state: overlay mode, drag disabled, window buttons hidden, title bar hidden
[2018.12.20-15.25.59:911][684]LogPlayLevel: Display: Destroying online subsystem :Context_12
[2018.12.20-15.26.00:678][776]LogSlate: FSceneViewport::OnFocusLost() reason 0
[2018.12.20-15.26.08:530][705]BlueprintLog: New page: Compile PlayerPawn
[2018.12.20-15.26.08:697][705]Cmd: OBJ SAVEPACKAGE PACKAGE="/Game/BluePrints/PlayerPawn" FILE="../../../../../Games/MultiplayerGame/CoopGameMultiplayer/CoopGame/Content/BluePrints/PlayerPawn.uasset" SILENT=true
[2018.12.20-15.26.08:717][705]LogSavePackage: Moving '../../../../../Games/MultiplayerGame/CoopGameMultiplayer/CoopGame/Saved/PlayerPawn36F5064A45B5B93FF5651681370D7F71.tmp' to '../../../../../Games/MultiplayerGame/CoopGameMultiplayer/CoopGame/Content/BluePrints/PlayerPawn.uasset'
[2018.12.20-15.26.09:761][828]LogTemp: Repeating last play command: Selected Viewport
[2018.12.20-15.26.09:776][828]LogBlueprintUserMessages: Early PlayInEditor Detection: Level '/Game/Maps/P_TestMap.P_TestMap:PersistentLevel' has LevelScriptBlueprint '/Game/Maps/P_TestMap.P_TestMap:PersistentLevel.P_TestMap' with GeneratedClass '/Game/Maps/P_TestMap.P_TestMap_C' with ClassGeneratedBy '/Game/Maps/P_TestMap.P_TestMap:PersistentLevel.P_TestMap'
[2018.12.20-15.26.09:776][828]LogPlayLevel: PlayLevel: No blueprints needed recompiling
[2018.12.20-15.26.09:776][828]PIE: New page: PIE session: P_TestMap (20 Dec 2018 17:26:09)
[2018.12.20-15.26.09:776][828]LogPlayLevel: Creating play world package: /Game/Maps/UEDPIE_0_P_TestMap
[2018.12.20-15.26.09:779][828]LogPlayLevel: PIE: StaticDuplicateObject took: (0.002104s)
[2018.12.20-15.26.09:779][828]LogAIModule: Creating AISystem for world P_TestMap
[2018.12.20-15.26.09:779][828]LogPlayLevel: PIE: World Init took: (0.000593s)
[2018.12.20-15.26.09:779][828]LogPlayLevel: PIE: Created PIE world by copying editor world from /Game/Maps/P_TestMap.P_TestMap to /Game/Maps/UEDPIE_0_P_TestMap.P_TestMap (0.003097s)
[2018.12.20-15.26.09:819][828]LogInit: XAudio2 using 'Headphones (High Definition Audio Device)' : 2 channels at 48 kHz using 16 bits per sample (channel mask 0x3)
[2018.12.20-15.26.09:830][828]LogInit: FAudioDevice initialized.
[2018.12.20-15.26.09:864][828]LogLoad: Game class is 'GameModeBase'
[2018.12.20-15.26.09:866][828]LogWorld: Bringing World /Game/Maps/UEDPIE_0_P_TestMap.P_TestMap up for play (max tick rate 0) at 2018.12.20-16.26.09
[2018.12.20-15.26.09:867][828]LogWorld: Bringing up level for play took: 0.001405
[2018.12.20-15.26.09:880][828]PIE: Play in editor start time for /Game/Maps/UEDPIE_0_P_TestMap 0.492
[2018.12.20-15.26.09:880][828]LogBlueprintUserMessages: Late PlayInEditor Detection: Level '/Game/Maps/P_TestMap.P_TestMap:PersistentLevel' has LevelScriptBlueprint '/Game/Maps/P_TestMap.P_TestMap:PersistentLevel.P_TestMap' with GeneratedClass '/Game/Maps/P_TestMap.P_TestMap_C' with ClassGeneratedBy '/Game/Maps/P_TestMap.P_TestMap:PersistentLevel.P_TestMap'
[2018.12.20-15.26.20:604][111]LogBlueprintUserMessages: Early EndPlayMap Detection: Level '/Game/Maps/P_TestMap.P_TestMap:PersistentLevel' has LevelScriptBlueprint '/Game/Maps/P_TestMap.P_TestMap:PersistentLevel.P_TestMap' with GeneratedClass '/Game/Maps/P_TestMap.P_TestMap_C' with ClassGeneratedBy '/Game/Maps/P_TestMap.P_TestMap:PersistentLevel.P_TestMap'
[2018.12.20-15.26.20:604][111]LogSlate: Updating window title bar state: overlay mode, drag disabled, window buttons hidden, title bar hidden
[2018.12.20-15.26.20:645][111]LogPlayLevel: Display: Shutting down PIE online subsystems
[2018.12.20-15.26.20:645][111]LogBlueprintUserMessages: Late EndPlayMap Detection: Level '/Game/Maps/P_TestMap.P_TestMap:PersistentLevel' has LevelScriptBlueprint '/Game/Maps/P_TestMap.P_TestMap:PersistentLevel.P_TestMap' with GeneratedClass '/Game/Maps/P_TestMap.P_TestMap_C' with ClassGeneratedBy '/Game/Maps/P_TestMap.P_TestMap:PersistentLevel.P_TestMap'
[2018.12.20-15.26.20:670][111]LogSlate: Updating window title bar state: overlay mode, drag disabled, window buttons hidden, title bar hidden
[2018.12.20-15.26.20:704][113]LogPlayLevel: Display: Destroying online subsystem :Context_13
[2018.12.20-15.26.21:714][234]LogSlate: FSceneViewport::OnFocusLost() reason 0
[2018.12.20-15.26.49:215][459]LogSlate: FSceneViewport::OnFocusLost() reason 0
[2018.12.20-15.26.52:723][878]Cmd: OBJ SAVEPACKAGE PACKAGE="/Game/Maps/P_TestMap" FILE="../../../../../Games/MultiplayerGame/CoopGameMultiplayer/CoopGame/Content/Maps/P_TestMap.umap" SILENT=true AUTOSAVING=false KEEPDIRTY=false
[2018.12.20-15.26.52:854][878]LogSavePackage: Moving '../../../../../Games/MultiplayerGame/CoopGameMultiplayer/CoopGame/Saved/P_TestMap0ACB3F084608F79E89FBCA8F1F9EBC40.tmp' to '../../../../../Games/MultiplayerGame/CoopGameMultiplayer/CoopGame/Content/Maps/P_TestMap.umap'
[2018.12.20-15.26.52:872][878]Cmd: OBJ SAVEPACKAGE PACKAGE="/Game/Maps/P_TestMap_BuiltData" FILE="../../../../../Games/MultiplayerGame/CoopGameMultiplayer/CoopGame/Content/Maps/P_TestMap_BuiltData.uasset" SILENT=true
[2018.12.20-15.26.52:880][878]LogSavePackage: Moving '../../../../../Games/MultiplayerGame/CoopGameMultiplayer/CoopGame/Saved/P_TestMap_BuiltData16F4E72644A3E2FAAE3C318F84149157.tmp' to '../../../../../Games/MultiplayerGame/CoopGameMultiplayer/CoopGame/Content/Maps/P_TestMap_BuiltData.uasset'
[2018.12.20-15.26.54:012][ 12]LogEditorViewport: Clicking on Actor (LMB): StaticMeshActor (Floor)
[2018.12.20-15.26.54:730][ 88]LogEditorViewport: Clicking on Actor (LMB): StaticMeshActor (Floor)
[2018.12.20-15.26.55:417][168]LogSlate: FSceneViewport::OnFocusLost() reason 0
[2018.12.20-15.26.55:501][178]LogTemp: Repeating last play command: Selected Viewport
[2018.12.20-15.26.55:513][178]LogBlueprintUserMessages: Early PlayInEditor Detection: Level '/Game/Maps/P_TestMap.P_TestMap:PersistentLevel' has LevelScriptBlueprint '/Game/Maps/P_TestMap.P_TestMap:PersistentLevel.P_TestMap' with GeneratedClass '/Game/Maps/P_TestMap.P_TestMap_C' with ClassGeneratedBy '/Game/Maps/P_TestMap.P_TestMap:PersistentLevel.P_TestMap'
[2018.12.20-15.26.55:514][178]LogPlayLevel: PlayLevel: No blueprints needed recompiling
[2018.12.20-15.26.55:514][178]PIE: New page: PIE session: P_TestMap (20 Dec 2018 17:26:55)
[2018.12.20-15.26.55:514][178]LogPlayLevel: Creating play world package: /Game/Maps/UEDPIE_0_P_TestMap
[2018.12.20-15.26.55:517][178]LogPlayLevel: PIE: StaticDuplicateObject took: (0.002399s)
[2018.12.20-15.26.55:517][178]LogAIModule: Creating AISystem for world P_TestMap
[2018.12.20-15.26.55:517][178]LogPlayLevel: PIE: World Init took: (0.000657s)
[2018.12.20-15.26.55:518][178]LogPlayLevel: PIE: Created PIE world by copying editor world from /Game/Maps/P_TestMap.P_TestMap to /Game/Maps/UEDPIE_0_P_TestMap.P_TestMap (0.003497s)
[2018.12.20-15.26.55:561][178]LogInit: XAudio2 using 'Headphones (High Definition Audio Device)' : 2 channels at 48 kHz using 16 bits per sample (channel mask 0x3)
[2018.12.20-15.26.55:570][178]LogInit: FAudioDevice initialized.
[2018.12.20-15.26.55:607][178]LogLoad: Game class is 'GameModeBase'
[2018.12.20-15.26.55:609][178]LogWorld: Bringing World /Game/Maps/UEDPIE_0_P_TestMap.P_TestMap up for play (max tick rate 0) at 2018.12.20-16.26.55
[2018.12.20-15.26.55:610][178]LogWorld: Bringing up level for play took: 0.001476
[2018.12.20-15.26.55:624][178]PIE: Play in editor start time for /Game/Maps/UEDPIE_0_P_TestMap 0.236
[2018.12.20-15.26.55:625][178]LogBlueprintUserMessages: Late PlayInEditor Detection: Level '/Game/Maps/P_TestMap.P_TestMap:PersistentLevel' has LevelScriptBlueprint '/Game/Maps/P_TestMap.P_TestMap:PersistentLevel.P_TestMap' with GeneratedClass '/Game/Maps/P_TestMap.P_TestMap_C' with ClassGeneratedBy '/Game/Maps/P_TestMap.P_TestMap:PersistentLevel.P_TestMap'
[2018.12.20-15.27.04:840][279]LogBlueprintUserMessages: Early EndPlayMap Detection: Level '/Game/Maps/P_TestMap.P_TestMap:PersistentLevel' has LevelScriptBlueprint '/Game/Maps/P_TestMap.P_TestMap:PersistentLevel.P_TestMap' with GeneratedClass '/Game/Maps/P_TestMap.P_TestMap_C' with ClassGeneratedBy '/Game/Maps/P_TestMap.P_TestMap:PersistentLevel.P_TestMap'
[2018.12.20-15.27.04:840][279]LogSlate: Updating window title bar state: overlay mode, drag disabled, window buttons hidden, title bar hidden
[2018.12.20-15.27.04:879][279]LogPlayLevel: Display: Shutting down PIE online subsystems
[2018.12.20-15.27.04:880][279]LogBlueprintUserMessages: Late EndPlayMap Detection: Level '/Game/Maps/P_TestMap.P_TestMap:PersistentLevel' has LevelScriptBlueprint '/Game/Maps/P_TestMap.P_TestMap:PersistentLevel.P_TestMap' with GeneratedClass '/Game/Maps/P_TestMap.P_TestMap_C' with ClassGeneratedBy '/Game/Maps/P_TestMap.P_TestMap:PersistentLevel.P_TestMap'
[2018.12.20-15.27.04:904][279]LogSlate: Updating window title bar state: overlay mode, drag disabled, window buttons hidden, title bar hidden
[2018.12.20-15.27.04:943][282]LogPlayLevel: Display: Destroying online subsystem :Context_15
[2018.12.20-15.27.23:222][563]LogSlate: FSceneViewport::OnFocusLost() reason 0
