Log file open, 12/19/18 17:22:28
LogWindows: Failed to load 'aqProf.dll' (GetLastError=126)
LogWindows: File 'aqProf.dll' does not exist
LogWindows: Failed to load 'VtuneApi.dll' (GetLastError=126)
LogWindows: File 'VtuneApi.dll' does not exist
LogWindows: Failed to load 'VtuneApi32e.dll' (GetLastError=126)
LogWindows: File 'VtuneApi32e.dll' does not exist
LogConsoleResponse: Display: Failed to find resolution value strings in scalability ini. Falling back to default.
LogInit: Display: Running engine for game: CoopGame
LogPakFile: Registered encryption key '00000000000000000000000000000000': 0 pak files mounted, 0 remain pending
LogPlatformFile: Not using cached read wrapper
LogTaskGraph: Started task graph with 5 named threads and 35 total threads with 3 sets of task threads.
LogStats: Stats thread started at 0.515156
LogD3D11RHI: Loaded GFSDK_Aftermath_Lib.x64.dll
LogICUInternationalization: ICU TimeZone Detection - Raw Offset: +1:00, Platform Override: ''
LogPluginManager: Mounting plugin Paper2D
LogPluginManager: Mounting plugin AISupport
LogPluginManager: Mounting plugin LightPropagationVolume
LogPluginManager: Mounting plugin ActorLayerUtilities
LogPluginManager: Mounting plugin CLionSourceCodeAccess
LogPluginManager: Mounting plugin CodeLiteSourceCodeAccess
LogPluginManager: Mounting plugin GitSourceControl
LogPluginManager: Mounting plugin KDevelopSourceCodeAccess
LogPluginManager: Mounting plugin NullSourceCodeAccess
LogPluginManager: Mounting plugin PerforceSourceControl
LogPluginManager: Mounting plugin SubversionSourceControl
LogPluginManager: Mounting plugin UObjectPlugin
LogPluginManager: Mounting plugin VisualStudioCodeSourceCodeAccess
LogPluginManager: Mounting plugin VisualStudioSourceCodeAccess
LogPluginManager: Mounting plugin XCodeSourceCodeAccess
LogPluginManager: Mounting plugin AssetManagerEditor
LogPluginManager: Mounting plugin CryptoKeys
LogPluginManager: Mounting plugin DataValidation
LogPluginManager: Mounting plugin FacialAnimation
LogPluginManager: Mounting plugin GameplayTagsEditor
LogPluginManager: Mounting plugin MacGraphicsSwitching
LogPluginManager: Mounting plugin MeshEditor
LogPluginManager: Mounting plugin MobileLauncherProfileWizard
LogPluginManager: Mounting plugin PluginBrowser
LogPluginManager: Mounting plugin SpeedTreeImporter
LogPluginManager: Mounting plugin DatasmithContent
LogPluginManager: Mounting plugin VariantManagerContent
LogPluginManager: Mounting plugin AlembicImporter
LogPluginManager: Mounting plugin AppleImageUtils
LogPluginManager: Mounting plugin AppleVision
LogPluginManager: Mounting plugin BackChannel
LogPluginManager: Mounting plugin CharacterAI
LogPluginManager: Mounting plugin GeometryCache
LogPluginManager: Mounting plugin HTML5Networking
LogPluginManager: Mounting plugin ProxyLODPlugin
LogPluginManager: Mounting plugin MagicLeap
LogPluginManager: Mounting plugin MagicLeapMedia
LogPluginManager: Mounting plugin AndroidMedia
LogPluginManager: Mounting plugin AvfMedia
LogPluginManager: Mounting plugin ImgMedia
LogPluginManager: Mounting plugin LinearTimecode
LogPluginManager: Mounting plugin MediaCompositing
LogPluginManager: Mounting plugin MediaPlayerEditor
LogPluginManager: Mounting plugin WebMMedia
LogPluginManager: Mounting plugin WmfMedia
LogPluginManager: Mounting plugin TcpMessaging
LogPluginManager: Mounting plugin UdpMessaging
LogPluginManager: Mounting plugin ActorSequence
LogPluginManager: Mounting plugin LevelSequenceEditor
LogPluginManager: Mounting plugin MatineeToLevelSequence
LogPluginManager: Mounting plugin NetcodeUnitTest
LogPluginManager: Mounting plugin NUTUnrealEngine4
LogPluginManager: Mounting plugin OnlineSubsystemGooglePlay
LogPluginManager: Mounting plugin OnlineSubsystemIOS
LogPluginManager: Mounting plugin OnlineSubsystem
LogPluginManager: Mounting plugin OnlineSubsystemNull
LogPluginManager: Mounting plugin OnlineSubsystemUtils
LogPluginManager: Mounting plugin LauncherChunkInstaller
LogPluginManager: Mounting plugin AndroidDeviceProfileSelector
LogPluginManager: Mounting plugin AndroidMoviePlayer
LogPluginManager: Mounting plugin AndroidPermission
LogPluginManager: Mounting plugin AppleMoviePlayer
LogPluginManager: Mounting plugin ArchVisCharacter
LogPluginManager: Mounting plugin AudioCapture
LogPluginManager: Mounting plugin CableComponent
LogPluginManager: Mounting plugin CustomMeshComponent
LogPluginManager: Mounting plugin EditableMesh
LogPluginManager: Mounting plugin ExampleDeviceProfileSelector
LogPluginManager: Mounting plugin Firebase
LogPluginManager: Mounting plugin GoogleCloudMessaging
LogPluginManager: Mounting plugin IOSDeviceProfileSelector
LogPluginManager: Mounting plugin LinuxDeviceProfileSelector
LogPluginManager: Mounting plugin LocationServicesBPLibrary
LogPluginManager: Mounting plugin MobilePatchingUtils
LogPluginManager: Mounting plugin OculusVR
LogPluginManager: Mounting plugin PhysXVehicles
LogPluginManager: Mounting plugin ProceduralMeshComponent
LogPluginManager: Mounting plugin RuntimePhysXCooking
LogPluginManager: Mounting plugin SteamVR
LogPluginManager: Mounting plugin WebMMoviePlayer
LogPluginManager: Mounting plugin WindowsMoviePlayer
LogStreaming: Display: Took  0.103s to configure plugins.
LogInit: Using libcurl 7.55.1-DEV
LogInit:  - built for x86_64-pc-win32
LogInit:  - supports SSL with OpenSSL/1.0.2h
LogInit:  - supports HTTP deflate (compression) using libz 1.2.8
LogInit:  - other features:
LogInit:      CURL_VERSION_SSL
LogInit:      CURL_VERSION_LIBZ
LogInit:      CURL_VERSION_IPV6
LogInit:      CURL_VERSION_ASYNCHDNS
LogInit:      CURL_VERSION_LARGEFILE
LogInit:      CURL_VERSION_IDN
LogInit:  CurlRequestOptions (configurable via config and command line):
LogInit:  - bVerifyPeer = true  - Libcurl will verify peer certificate
LogInit:  - bUseHttpProxy = false  - Libcurl will NOT use HTTP proxy
LogInit:  - bDontReuseConnections = false  - Libcurl will reuse connections
LogInit:  - MaxHostConnections = 16  - Libcurl will limit the number of connections to a host
LogInit:  - LocalHostAddr = Default
LogInit:  - BufferSize = 65536
LogInit: WinSock: version 1.1 (2.2), MaxSocks=32767, MaxUdp=65467
LogInit: Build: ++UE4+Release-4.21-CL-4613538
LogInit: Engine Version: 4.21.1-4613538+++UE4+Release-4.21
LogInit: Compatible Engine Version: 4.21.0-4541578+++UE4+Release-4.21
LogInit: Net CL: 4541578
LogInit: OS: Windows 10 (), CPU: Intel(R) Core(TM) i7-8700 CPU @ 3.20GHz, GPU: NVIDIA GeForce GTX 1050 Ti
LogInit: Compiled (64-bit): Nov 30 2018 04:13:25
LogInit: Compiled with Visual C++: 19.13.26129.00
LogInit: Build Configuration: Development
LogInit: Branch Name: ++UE4+Release-4.21
LogInit: Command Line:  -skipcompile
LogInit: Base Directory: D:/UnrealEngine/Engine/UE_4.21/Engine/Binaries/Win64/
LogInit: Installed Engine Build: 1
LogDevObjectVersion: Number of dev versions registered: 22
LogDevObjectVersion:   Dev-Blueprints (B0D832E4-1F89-4F0D-ACCF-7EB736FD4AA2): 10
LogDevObjectVersion:   Dev-Build (E1C64328-A22C-4D53-A36C-8E866417BD8C): 0
LogDevObjectVersion:   Dev-Core (375EC13C-06E4-48FB-B500-84F0262A717E): 2
LogDevObjectVersion:   Dev-Editor (E4B068ED-F494-42E9-A231-DA0B2E46BB41): 26
LogDevObjectVersion:   Dev-Framework (CFFC743F-43B0-4480-9391-14DF171D2073): 34
LogDevObjectVersion:   Dev-Mobile (B02B49B5-BB20-44E9-A304-32B752E40360): 2
LogDevObjectVersion:   Dev-Networking (A4E4105C-59A1-49B5-A7C5-40C4547EDFEE): 0
LogDevObjectVersion:   Dev-Online (39C831C9-5AE6-47DC-9A44-9C173E1C8E7C): 0
LogDevObjectVersion:   Dev-Physics (78F01B33-EBEA-4F98-B9B4-84EACCB95AA2): 0
LogDevObjectVersion:   Dev-Platform (6631380F-2D4D-43E0-8009-CF276956A95A): 0
LogDevObjectVersion:   Dev-Rendering (12F88B9F-8875-4AFC-A67C-D90C383ABD29): 27
LogDevObjectVersion:   Dev-Sequencer (7B5AE74C-D270-4C10-A958-57980B212A5A): 9
LogDevObjectVersion:   Dev-VR (D7296918-1DD6-4BDD-9DE2-64A83CC13884): 2
LogDevObjectVersion:   Dev-LoadTimes (C2A15278-BFE7-4AFE-6C17-90FF531DF755): 1
LogDevObjectVersion:   Private-Geometry (6EACA3D4-40EC-4CC1-B786-8BED09428FC5): 3
LogDevObjectVersion:   Dev-AnimPhys (29E575DD-E0A3-4627-9D10-D276232CDCEA): 17
LogDevObjectVersion:   Dev-Anim (AF43A65D-7FD3-4947-9873-3E8ED9C1BB05): 2
LogDevObjectVersion:   Dev-ReflectionCapture (6B266CEC-1EC7-4B8F-A30B-E4D90942FC07): 1
LogDevObjectVersion:   Dev-Automation (0DF73D61-A23F-47EA-B727-89E90C41499A): 1
LogDevObjectVersion:   FortniteMain (601D1886-AC64-4F84-AA16-D3DE0DEAC7D6): 17
LogDevObjectVersion:   Dev-Enterprise (9DFFBCD6-494F-0158-E221-12823C92A888): 4
LogDevObjectVersion:   Dev-Niagara (F2AED0AC-9AFE-416F-8664-AA7FFA26D6FC): 1
LogStreaming: Display: Took  0.000s to delete old logs.
LogInit: Presizing for max 8388607 objects, including 0 objects not considered by GC, pre-allocating 0 bytes for permanent pool.
LogInit: Object subsystem initialized
LogConfig: Setting CVar [[con.DebugEarlyDefault:1]]
LogConfig: Setting CVar [[r.setres:1280x720]]
[2018.12.19-16.22.28:416][  0]LogConfig: Setting CVar [[r.VSync:0]]
[2018.12.19-16.22.28:416][  0]LogConfig: Setting CVar [[r.RHICmdBypass:0]]
[2018.12.19-16.22.28:416][  0]LogConfig: Applying CVar settings from Section [/Script/Engine.RendererSettings] File [D:/UnrealEngine/Games/MultiplayerGame/CoopGameMultiplayer/CoopGame/Saved/Config/Windows/Engine.ini]
[2018.12.19-16.22.28:416][  0]LogConfig: Setting CVar [[r.GPUCrashDebugging:0]]
[2018.12.19-16.22.28:416][  0]LogConfig: Applying CVar settings from Section [/Script/Engine.RendererOverrideSettings] File [D:/UnrealEngine/Games/MultiplayerGame/CoopGameMultiplayer/CoopGame/Saved/Config/Windows/Engine.ini]
[2018.12.19-16.22.28:416][  0]LogConfig: Applying CVar settings from Section [/Script/Engine.StreamingSettings] File [D:/UnrealEngine/Games/MultiplayerGame/CoopGameMultiplayer/CoopGame/Saved/Config/Windows/Engine.ini]
[2018.12.19-16.22.28:416][  0]LogConfig: Setting CVar [[s.MinBulkDataSizeForAsyncLoading:131072]]
[2018.12.19-16.22.28:416][  0]LogConfig: Setting CVar [[s.AsyncLoadingThreadEnabled:0]]
[2018.12.19-16.22.28:416][  0]LogConfig: Setting CVar [[s.EventDrivenLoaderEnabled:1]]
[2018.12.19-16.22.28:416][  0]LogConfig: Setting CVar [[s.WarnIfTimeLimitExceeded:0]]
[2018.12.19-16.22.28:416][  0]LogConfig: Setting CVar [[s.TimeLimitExceededMultiplier:1.5]]
[2018.12.19-16.22.28:417][  0]LogConfig: Setting CVar [[s.TimeLimitExceededMinTime:0.005]]
[2018.12.19-16.22.28:417][  0]LogConfig: Setting CVar [[s.UseBackgroundLevelStreaming:1]]
[2018.12.19-16.22.28:417][  0]LogConfig: Setting CVar [[s.PriorityAsyncLoadingExtraTime:15.0]]
[2018.12.19-16.22.28:417][  0]LogConfig: Setting CVar [[s.LevelStreamingActorsUpdateTimeLimit:5.0]]
[2018.12.19-16.22.28:417][  0]LogConfig: Setting CVar [[s.PriorityLevelStreamingActorsUpdateExtraTime:5.0]]
[2018.12.19-16.22.28:417][  0]LogConfig: Setting CVar [[s.LevelStreamingComponentsRegistrationGranularity:10]]
[2018.12.19-16.22.28:417][  0]LogConfig: Setting CVar [[s.UnregisterComponentsTimeLimit:1.0]]
[2018.12.19-16.22.28:417][  0]LogConfig: Setting CVar [[s.LevelStreamingComponentsUnregistrationGranularity:5]]
[2018.12.19-16.22.28:417][  0]LogConfig: Applying CVar settings from Section [/Script/Engine.GarbageCollectionSettings] File [D:/UnrealEngine/Games/MultiplayerGame/CoopGameMultiplayer/CoopGame/Saved/Config/Windows/Engine.ini]
[2018.12.19-16.22.28:417][  0]LogConfig: Setting CVar [[gc.MaxObjectsNotConsideredByGC:1]]
[2018.12.19-16.22.28:417][  0]LogConfig: Setting CVar [[gc.SizeOfPermanentObjectPool:0]]
[2018.12.19-16.22.28:417][  0]LogConfig: Setting CVar [[gc.FlushStreamingOnGC:0]]
[2018.12.19-16.22.28:417][  0]LogConfig: Setting CVar [[gc.NumRetriesBeforeForcingGC:10]]
[2018.12.19-16.22.28:417][  0]LogConfig: Setting CVar [[gc.AllowParallelGC:1]]
[2018.12.19-16.22.28:418][  0]LogConfig: Setting CVar [[gc.TimeBetweenPurgingPendingKillObjects:61.1]]
[2018.12.19-16.22.28:418][  0]LogConfig: Setting CVar [[gc.MaxObjectsInEditor:8388607]]
[2018.12.19-16.22.28:418][  0]LogConfig: Setting CVar [[gc.IncrementalBeginDestroyEnabled:1]]
[2018.12.19-16.22.28:418][  0]LogConfig: Setting CVar [[gc.CreateGCClusters:1]]
[2018.12.19-16.22.28:418][  0]LogConfig: Setting CVar [[gc.MergeGCClusters:0]]
[2018.12.19-16.22.28:418][  0]LogConfig: Setting CVar [[gc.MinGCClusterSize:5]]
[2018.12.19-16.22.28:418][  0]LogConfig: Setting CVar [[gc.ActorClusteringEnabled:0]]
[2018.12.19-16.22.28:418][  0]LogConfig: Setting CVar [[gc.BlueprintClusteringEnabled:0]]
[2018.12.19-16.22.28:418][  0]LogConfig: Setting CVar [[gc.UseDisregardForGCOnDedicatedServers:0]]
[2018.12.19-16.22.28:418][  0]LogConfig: Applying CVar settings from Section [/Script/Engine.NetworkSettings] File [D:/UnrealEngine/Games/MultiplayerGame/CoopGameMultiplayer/CoopGame/Saved/Config/Windows/Engine.ini]
[2018.12.19-16.22.28:418][  0]LogConfig: Applying CVar settings from Section [/Script/UnrealEd.CookerSettings] File [D:/UnrealEngine/Games/MultiplayerGame/CoopGameMultiplayer/CoopGame/Saved/Config/Windows/Engine.ini]
[2018.12.19-16.22.28:435][  0]LogConfig: Applying CVar settings from Section [ViewDistanceQuality@3] File [D:/UnrealEngine/Games/MultiplayerGame/CoopGameMultiplayer/CoopGame/Saved/Config/Windows/Scalability.ini]
[2018.12.19-16.22.28:435][  0]LogConfig: Setting CVar [[r.SkeletalMeshLODBias:0]]
[2018.12.19-16.22.28:435][  0]LogConfig: Setting CVar [[r.ViewDistanceScale:1.0]]
[2018.12.19-16.22.28:435][  0]LogConfig: Applying CVar settings from Section [AntiAliasingQuality@3] File [D:/UnrealEngine/Games/MultiplayerGame/CoopGameMultiplayer/CoopGame/Saved/Config/Windows/Scalability.ini]
[2018.12.19-16.22.28:436][  0]LogConfig: Setting CVar [[r.PostProcessAAQuality:4]]
[2018.12.19-16.22.28:436][  0]LogConfig: Applying CVar settings from Section [ShadowQuality@3] File [D:/UnrealEngine/Games/MultiplayerGame/CoopGameMultiplayer/CoopGame/Saved/Config/Windows/Scalability.ini]
[2018.12.19-16.22.28:436][  0]LogConfig: Setting CVar [[r.LightFunctionQuality:1]]
[2018.12.19-16.22.28:436][  0]LogConfig: Setting CVar [[r.ShadowQuality:5]]
[2018.12.19-16.22.28:436][  0]LogConfig: Setting CVar [[r.Shadow.CSM.MaxCascades:10]]
[2018.12.19-16.22.28:436][  0]LogConfig: Setting CVar [[r.Shadow.MaxResolution:2048]]
[2018.12.19-16.22.28:436][  0]LogConfig: Setting CVar [[r.Shadow.MaxCSMResolution:2048]]
[2018.12.19-16.22.28:436][  0]LogConfig: Setting CVar [[r.Shadow.RadiusThreshold:0.01]]
[2018.12.19-16.22.28:436][  0]LogConfig: Setting CVar [[r.Shadow.DistanceScale:1.0]]
[2018.12.19-16.22.28:436][  0]LogConfig: Setting CVar [[r.Shadow.CSM.TransitionScale:1.0]]
[2018.12.19-16.22.28:436][  0]LogConfig: Setting CVar [[r.Shadow.PreShadowResolutionFactor:1.0]]
[2018.12.19-16.22.28:436][  0]LogConfig: Setting CVar [[r.DistanceFieldShadowing:1]]
[2018.12.19-16.22.28:436][  0]LogConfig: Setting CVar [[r.DistanceFieldAO:1]]
[2018.12.19-16.22.28:437][  0]LogConfig: Setting CVar [[r.AOQuality:2]]
[2018.12.19-16.22.28:437][  0]LogConfig: Setting CVar [[r.VolumetricFog:1]]
[2018.12.19-16.22.28:437][  0]LogConfig: Setting CVar [[r.VolumetricFog.GridPixelSize:8]]
[2018.12.19-16.22.28:437][  0]LogConfig: Setting CVar [[r.VolumetricFog.GridSizeZ:128]]
[2018.12.19-16.22.28:437][  0]LogConfig: Setting CVar [[r.VolumetricFog.HistoryMissSupersampleCount:4]]
[2018.12.19-16.22.28:437][  0]LogConfig: Setting CVar [[r.LightMaxDrawDistanceScale:1]]
[2018.12.19-16.22.28:437][  0]LogConfig: Setting CVar [[r.CapsuleShadows:1]]
[2018.12.19-16.22.28:437][  0]LogConfig: Applying CVar settings from Section [PostProcessQuality@3] File [D:/UnrealEngine/Games/MultiplayerGame/CoopGameMultiplayer/CoopGame/Saved/Config/Windows/Scalability.ini]
[2018.12.19-16.22.28:437][  0]LogConfig: Setting CVar [[r.MotionBlurQuality:4]]
[2018.12.19-16.22.28:437][  0]LogConfig: Setting CVar [[r.AmbientOcclusionMipLevelFactor:0.4]]
[2018.12.19-16.22.28:437][  0]LogConfig: Setting CVar [[r.AmbientOcclusionMaxQuality:100]]
[2018.12.19-16.22.28:437][  0]LogConfig: Setting CVar [[r.AmbientOcclusionLevels:-1]]
[2018.12.19-16.22.28:437][  0]LogConfig: Setting CVar [[r.AmbientOcclusionRadiusScale:1.0]]
[2018.12.19-16.22.28:437][  0]LogConfig: Setting CVar [[r.DepthOfFieldQuality:2]]
[2018.12.19-16.22.28:438][  0]LogConfig: Setting CVar [[r.RenderTargetPoolMin:400]]
[2018.12.19-16.22.28:438][  0]LogConfig: Setting CVar [[r.LensFlareQuality:2]]
[2018.12.19-16.22.28:438][  0]LogConfig: Setting CVar [[r.SceneColorFringeQuality:1]]
[2018.12.19-16.22.28:438][  0]LogConfig: Setting CVar [[r.EyeAdaptationQuality:2]]
[2018.12.19-16.22.28:438][  0]LogConfig: Setting CVar [[r.BloomQuality:5]]
[2018.12.19-16.22.28:438][  0]LogConfig: Setting CVar [[r.FastBlurThreshold:100]]
[2018.12.19-16.22.28:438][  0]LogConfig: Setting CVar [[r.Upscale.Quality:3]]
[2018.12.19-16.22.28:438][  0]LogConfig: Setting CVar [[r.Tonemapper.GrainQuantization:1]]
[2018.12.19-16.22.28:438][  0]LogConfig: Setting CVar [[r.LightShaftQuality:1]]
[2018.12.19-16.22.28:438][  0]LogConfig: Setting CVar [[r.Filter.SizeScale:1]]
[2018.12.19-16.22.28:438][  0]LogConfig: Setting CVar [[r.Tonemapper.Quality:5]]
[2018.12.19-16.22.28:438][  0]LogConfig: Setting CVar [[r.DOF.Gather.AccumulatorQuality:1        ; higher gathering accumulator quality]]
[2018.12.19-16.22.28:438][  0]LogConfig: Setting CVar [[r.DOF.Gather.PostfilterMethod:1          ; Median3x3 postfilering method]]
[2018.12.19-16.22.28:438][  0]LogConfig: Setting CVar [[r.DOF.Gather.EnableBokehSettings:0       ; no bokeh simulation when gathering]]
[2018.12.19-16.22.28:438][  0]LogConfig: Setting CVar [[r.DOF.Gather.RingCount:4                 ; medium number of samples when gathering]]
[2018.12.19-16.22.28:439][  0]LogConfig: Setting CVar [[r.DOF.Scatter.ForegroundCompositing:1    ; additive foreground scattering]]
[2018.12.19-16.22.28:439][  0]LogConfig: Setting CVar [[r.DOF.Scatter.BackgroundCompositing:2    ; additive background scattering]]
[2018.12.19-16.22.28:439][  0]LogConfig: Setting CVar [[r.DOF.Scatter.EnableBokehSettings:1      ; bokeh simulation when scattering]]
[2018.12.19-16.22.28:439][  0]LogConfig: Setting CVar [[r.DOF.Scatter.MaxSpriteRatio:0.1         ; only a maximum of 10% of scattered bokeh]]
[2018.12.19-16.22.28:439][  0]LogConfig: Setting CVar [[r.DOF.Recombine.Quality:1                ; cheap slight out of focus]]
[2018.12.19-16.22.28:439][  0]LogConfig: Setting CVar [[r.DOF.Recombine.EnableBokehSettings:0    ; no bokeh simulation on slight out of focus]]
[2018.12.19-16.22.28:439][  0]LogConfig: Setting CVar [[r.DOF.TemporalAAQuality:1                ; more stable temporal accumulation]]
[2018.12.19-16.22.28:439][  0]LogConfig: Setting CVar [[r.DOF.Kernel.MaxForegroundRadius:0.025]]
[2018.12.19-16.22.28:439][  0]LogConfig: Setting CVar [[r.DOF.Kernel.MaxBackgroundRadius:0.025]]
[2018.12.19-16.22.28:439][  0]LogConfig: Applying CVar settings from Section [TextureQuality@3] File [D:/UnrealEngine/Games/MultiplayerGame/CoopGameMultiplayer/CoopGame/Saved/Config/Windows/Scalability.ini]
[2018.12.19-16.22.28:439][  0]LogConfig: Setting CVar [[r.Streaming.MipBias:0]]
[2018.12.19-16.22.28:439][  0]LogConfig: Setting CVar [[r.Streaming.AmortizeCPUToGPUCopy:0]]
[2018.12.19-16.22.28:439][  0]LogConfig: Setting CVar [[r.Streaming.MaxNumTexturesToStreamPerFrame:0]]
[2018.12.19-16.22.28:439][  0]LogConfig: Setting CVar [[r.Streaming.Boost:1]]
[2018.12.19-16.22.28:439][  0]LogConfig: Setting CVar [[r.MaxAnisotropy:8]]
[2018.12.19-16.22.28:440][  0]LogConfig: Setting CVar [[r.Streaming.LimitPoolSizeToVRAM:0]]
[2018.12.19-16.22.28:440][  0]LogConfig: Setting CVar [[r.Streaming.PoolSize:1000]]
[2018.12.19-16.22.28:440][  0]LogConfig: Setting CVar [[r.Streaming.MaxEffectiveScreenSize:0]]
[2018.12.19-16.22.28:440][  0]LogConfig: Applying CVar settings from Section [EffectsQuality@3] File [D:/UnrealEngine/Games/MultiplayerGame/CoopGameMultiplayer/CoopGame/Saved/Config/Windows/Scalability.ini]
[2018.12.19-16.22.28:440][  0]LogConfig: Setting CVar [[r.TranslucencyLightingVolumeDim:64]]
[2018.12.19-16.22.28:440][  0]LogConfig: Setting CVar [[r.RefractionQuality:2]]
[2018.12.19-16.22.28:440][  0]LogConfig: Setting CVar [[r.SSR.Quality:3]]
[2018.12.19-16.22.28:440][  0]LogConfig: Setting CVar [[r.SceneColorFormat:4]]
[2018.12.19-16.22.28:440][  0]LogConfig: Setting CVar [[r.DetailMode:2]]
[2018.12.19-16.22.28:440][  0]LogConfig: Setting CVar [[r.TranslucencyVolumeBlur:1]]
[2018.12.19-16.22.28:440][  0]LogConfig: Setting CVar [[r.MaterialQualityLevel:1 ; High quality]]
[2018.12.19-16.22.28:440][  0]LogConfig: Setting CVar [[r.SSS.Scale:1]]
[2018.12.19-16.22.28:440][  0]LogConfig: Setting CVar [[r.SSS.SampleSet:2]]
[2018.12.19-16.22.28:440][  0]LogConfig: Setting CVar [[r.SSS.Quality:1]]
[2018.12.19-16.22.28:440][  0]LogConfig: Setting CVar [[r.SSS.HalfRes:1]]
[2018.12.19-16.22.28:441][  0]LogConfig: Setting CVar [[r.EmitterSpawnRateScale:1.0]]
[2018.12.19-16.22.28:441][  0]LogConfig: Setting CVar [[r.ParticleLightQuality:2]]
[2018.12.19-16.22.28:441][  0]LogConfig: Applying CVar settings from Section [FoliageQuality@3] File [D:/UnrealEngine/Games/MultiplayerGame/CoopGameMultiplayer/CoopGame/Saved/Config/Windows/Scalability.ini]
[2018.12.19-16.22.28:441][  0]LogConfig: Setting CVar [[foliage.DensityScale:1.0]]
[2018.12.19-16.22.28:441][  0]LogConfig: Setting CVar [[grass.DensityScale:1.0]]
[2018.12.19-16.22.28:441][  0]LogInit: Selected Device Profile: [Windows]
[2018.12.19-16.22.28:441][  0]LogInit: Applying CVar settings loaded from the selected device profile: [Windows]
[2018.12.19-16.22.28:448][  0]LogHAL: Display: Platform has ~ 16 GB [17112002560 / 17179869184 / 16], which maps to Larger [LargestMinGB=32, LargerMinGB=12, DefaultMinGB=8, SmallerMinGB=6, SmallestMinGB=0)
[2018.12.19-16.22.28:448][  0]LogConfig: Setting CVar [[r.Vulkan.UseRealUBs:1]]
[2018.12.19-16.22.28:449][  0]LogInit: Going up to parent DeviceProfile []
[2018.12.19-16.22.28:449][  0]LogConfig: Applying CVar settings from Section [ViewDistanceQuality@3] File [D:/UnrealEngine/Games/MultiplayerGame/CoopGameMultiplayer/CoopGame/Saved/Config/Windows/Scalability.ini]
[2018.12.19-16.22.28:449][  0]LogConfig: Setting CVar [[r.SkeletalMeshLODBias:0]]
[2018.12.19-16.22.28:449][  0]LogConfig: Setting CVar [[r.ViewDistanceScale:1.0]]
[2018.12.19-16.22.28:449][  0]LogConfig: Applying CVar settings from Section [AntiAliasingQuality@3] File [D:/UnrealEngine/Games/MultiplayerGame/CoopGameMultiplayer/CoopGame/Saved/Config/Windows/Scalability.ini]
[2018.12.19-16.22.28:449][  0]LogConfig: Setting CVar [[r.PostProcessAAQuality:4]]
[2018.12.19-16.22.28:449][  0]LogConfig: Applying CVar settings from Section [ShadowQuality@3] File [D:/UnrealEngine/Games/MultiplayerGame/CoopGameMultiplayer/CoopGame/Saved/Config/Windows/Scalability.ini]
[2018.12.19-16.22.28:449][  0]LogConfig: Setting CVar [[r.LightFunctionQuality:1]]
[2018.12.19-16.22.28:449][  0]LogConfig: Setting CVar [[r.ShadowQuality:5]]
[2018.12.19-16.22.28:449][  0]LogConfig: Setting CVar [[r.Shadow.CSM.MaxCascades:10]]
[2018.12.19-16.22.28:449][  0]LogConfig: Setting CVar [[r.Shadow.MaxResolution:2048]]
[2018.12.19-16.22.28:449][  0]LogConfig: Setting CVar [[r.Shadow.MaxCSMResolution:2048]]
[2018.12.19-16.22.28:449][  0]LogConfig: Setting CVar [[r.Shadow.RadiusThreshold:0.01]]
[2018.12.19-16.22.28:450][  0]LogConfig: Setting CVar [[r.Shadow.DistanceScale:1.0]]
[2018.12.19-16.22.28:450][  0]LogConfig: Setting CVar [[r.Shadow.CSM.TransitionScale:1.0]]
[2018.12.19-16.22.28:450][  0]LogConfig: Setting CVar [[r.Shadow.PreShadowResolutionFactor:1.0]]
[2018.12.19-16.22.28:450][  0]LogConfig: Setting CVar [[r.DistanceFieldShadowing:1]]
[2018.12.19-16.22.28:450][  0]LogConfig: Setting CVar [[r.DistanceFieldAO:1]]
[2018.12.19-16.22.28:450][  0]LogConfig: Setting CVar [[r.AOQuality:2]]
[2018.12.19-16.22.28:450][  0]LogConfig: Setting CVar [[r.VolumetricFog:1]]
[2018.12.19-16.22.28:450][  0]LogConfig: Setting CVar [[r.VolumetricFog.GridPixelSize:8]]
[2018.12.19-16.22.28:450][  0]LogConfig: Setting CVar [[r.VolumetricFog.GridSizeZ:128]]
[2018.12.19-16.22.28:450][  0]LogConfig: Setting CVar [[r.VolumetricFog.HistoryMissSupersampleCount:4]]
[2018.12.19-16.22.28:450][  0]LogConfig: Setting CVar [[r.LightMaxDrawDistanceScale:1]]
[2018.12.19-16.22.28:450][  0]LogConfig: Setting CVar [[r.CapsuleShadows:1]]
[2018.12.19-16.22.28:450][  0]LogConfig: Applying CVar settings from Section [PostProcessQuality@3] File [D:/UnrealEngine/Games/MultiplayerGame/CoopGameMultiplayer/CoopGame/Saved/Config/Windows/Scalability.ini]
[2018.12.19-16.22.28:450][  0]LogConfig: Setting CVar [[r.MotionBlurQuality:4]]
[2018.12.19-16.22.28:451][  0]LogConfig: Setting CVar [[r.AmbientOcclusionMipLevelFactor:0.4]]
[2018.12.19-16.22.28:451][  0]LogConfig: Setting CVar [[r.AmbientOcclusionMaxQuality:100]]
[2018.12.19-16.22.28:451][  0]LogConfig: Setting CVar [[r.AmbientOcclusionLevels:-1]]
[2018.12.19-16.22.28:451][  0]LogConfig: Setting CVar [[r.AmbientOcclusionRadiusScale:1.0]]
[2018.12.19-16.22.28:451][  0]LogConfig: Setting CVar [[r.DepthOfFieldQuality:2]]
[2018.12.19-16.22.28:451][  0]LogConfig: Setting CVar [[r.RenderTargetPoolMin:400]]
[2018.12.19-16.22.28:451][  0]LogConfig: Setting CVar [[r.LensFlareQuality:2]]
[2018.12.19-16.22.28:451][  0]LogConfig: Setting CVar [[r.SceneColorFringeQuality:1]]
[2018.12.19-16.22.28:451][  0]LogConfig: Setting CVar [[r.EyeAdaptationQuality:2]]
[2018.12.19-16.22.28:451][  0]LogConfig: Setting CVar [[r.BloomQuality:5]]
[2018.12.19-16.22.28:451][  0]LogConfig: Setting CVar [[r.FastBlurThreshold:100]]
[2018.12.19-16.22.28:451][  0]LogConfig: Setting CVar [[r.Upscale.Quality:3]]
[2018.12.19-16.22.28:451][  0]LogConfig: Setting CVar [[r.Tonemapper.GrainQuantization:1]]
[2018.12.19-16.22.28:451][  0]LogConfig: Setting CVar [[r.LightShaftQuality:1]]
[2018.12.19-16.22.28:451][  0]LogConfig: Setting CVar [[r.Filter.SizeScale:1]]
[2018.12.19-16.22.28:452][  0]LogConfig: Setting CVar [[r.Tonemapper.Quality:5]]
[2018.12.19-16.22.28:452][  0]LogConfig: Setting CVar [[r.DOF.Gather.AccumulatorQuality:1        ; higher gathering accumulator quality]]
[2018.12.19-16.22.28:452][  0]LogConfig: Setting CVar [[r.DOF.Gather.PostfilterMethod:1          ; Median3x3 postfilering method]]
[2018.12.19-16.22.28:452][  0]LogConfig: Setting CVar [[r.DOF.Gather.EnableBokehSettings:0       ; no bokeh simulation when gathering]]
[2018.12.19-16.22.28:452][  0]LogConfig: Setting CVar [[r.DOF.Gather.RingCount:4                 ; medium number of samples when gathering]]
[2018.12.19-16.22.28:452][  0]LogConfig: Setting CVar [[r.DOF.Scatter.ForegroundCompositing:1    ; additive foreground scattering]]
[2018.12.19-16.22.28:452][  0]LogConfig: Setting CVar [[r.DOF.Scatter.BackgroundCompositing:2    ; additive background scattering]]
[2018.12.19-16.22.28:452][  0]LogConfig: Setting CVar [[r.DOF.Scatter.EnableBokehSettings:1      ; bokeh simulation when scattering]]
[2018.12.19-16.22.28:452][  0]LogConfig: Setting CVar [[r.DOF.Scatter.MaxSpriteRatio:0.1         ; only a maximum of 10% of scattered bokeh]]
[2018.12.19-16.22.28:452][  0]LogConfig: Setting CVar [[r.DOF.Recombine.Quality:1                ; cheap slight out of focus]]
[2018.12.19-16.22.28:452][  0]LogConfig: Setting CVar [[r.DOF.Recombine.EnableBokehSettings:0    ; no bokeh simulation on slight out of focus]]
[2018.12.19-16.22.28:452][  0]LogConfig: Setting CVar [[r.DOF.TemporalAAQuality:1                ; more stable temporal accumulation]]
[2018.12.19-16.22.28:452][  0]LogConfig: Setting CVar [[r.DOF.Kernel.MaxForegroundRadius:0.025]]
[2018.12.19-16.22.28:452][  0]LogConfig: Setting CVar [[r.DOF.Kernel.MaxBackgroundRadius:0.025]]
[2018.12.19-16.22.28:452][  0]LogConfig: Applying CVar settings from Section [TextureQuality@3] File [D:/UnrealEngine/Games/MultiplayerGame/CoopGameMultiplayer/CoopGame/Saved/Config/Windows/Scalability.ini]
[2018.12.19-16.22.28:453][  0]LogConfig: Setting CVar [[r.Streaming.MipBias:0]]
[2018.12.19-16.22.28:453][  0]LogConfig: Setting CVar [[r.Streaming.AmortizeCPUToGPUCopy:0]]
[2018.12.19-16.22.28:453][  0]LogConfig: Setting CVar [[r.Streaming.MaxNumTexturesToStreamPerFrame:0]]
[2018.12.19-16.22.28:453][  0]LogConfig: Setting CVar [[r.Streaming.Boost:1]]
[2018.12.19-16.22.28:453][  0]LogConfig: Setting CVar [[r.MaxAnisotropy:8]]
[2018.12.19-16.22.28:453][  0]LogConfig: Setting CVar [[r.Streaming.LimitPoolSizeToVRAM:0]]
[2018.12.19-16.22.28:453][  0]LogConfig: Setting CVar [[r.Streaming.PoolSize:1000]]
[2018.12.19-16.22.28:453][  0]LogConfig: Setting CVar [[r.Streaming.MaxEffectiveScreenSize:0]]
[2018.12.19-16.22.28:453][  0]LogConfig: Applying CVar settings from Section [EffectsQuality@3] File [D:/UnrealEngine/Games/MultiplayerGame/CoopGameMultiplayer/CoopGame/Saved/Config/Windows/Scalability.ini]
[2018.12.19-16.22.28:453][  0]LogConfig: Setting CVar [[r.TranslucencyLightingVolumeDim:64]]
[2018.12.19-16.22.28:453][  0]LogConfig: Setting CVar [[r.RefractionQuality:2]]
[2018.12.19-16.22.28:453][  0]LogConfig: Setting CVar [[r.SSR.Quality:3]]
[2018.12.19-16.22.28:453][  0]LogConfig: Setting CVar [[r.SceneColorFormat:4]]
[2018.12.19-16.22.28:453][  0]LogConfig: Setting CVar [[r.DetailMode:2]]
[2018.12.19-16.22.28:453][  0]LogConfig: Setting CVar [[r.TranslucencyVolumeBlur:1]]
[2018.12.19-16.22.28:454][  0]LogConfig: Setting CVar [[r.MaterialQualityLevel:1 ; High quality]]
[2018.12.19-16.22.28:454][  0]LogConfig: Setting CVar [[r.SSS.Scale:1]]
[2018.12.19-16.22.28:454][  0]LogConfig: Setting CVar [[r.SSS.SampleSet:2]]
[2018.12.19-16.22.28:454][  0]LogConfig: Setting CVar [[r.SSS.Quality:1]]
[2018.12.19-16.22.28:454][  0]LogConfig: Setting CVar [[r.SSS.HalfRes:1]]
[2018.12.19-16.22.28:454][  0]LogConfig: Setting CVar [[r.EmitterSpawnRateScale:1.0]]
[2018.12.19-16.22.28:454][  0]LogConfig: Setting CVar [[r.ParticleLightQuality:2]]
[2018.12.19-16.22.28:454][  0]LogConfig: Applying CVar settings from Section [FoliageQuality@3] File [D:/UnrealEngine/Games/MultiplayerGame/CoopGameMultiplayer/CoopGame/Saved/Config/Windows/Scalability.ini]
[2018.12.19-16.22.28:454][  0]LogConfig: Setting CVar [[foliage.DensityScale:1.0]]
[2018.12.19-16.22.28:454][  0]LogConfig: Setting CVar [[grass.DensityScale:1.0]]
[2018.12.19-16.22.28:454][  0]LogConfig: Applying CVar settings from Section [Startup] File [../../../Engine/Config/ConsoleVariables.ini]
[2018.12.19-16.22.28:455][  0]LogConfig: Setting CVar [[net.UseAdaptiveNetUpdateFrequency:0]]
[2018.12.19-16.22.28:455][  0]LogConfig: Applying CVar settings from Section [ConsoleVariables] File [D:/UnrealEngine/Games/MultiplayerGame/CoopGameMultiplayer/CoopGame/Saved/Config/Windows/Engine.ini]
[2018.12.19-16.22.28:455][  0]LogInit: Computer: GG00001
[2018.12.19-16.22.28:455][  0]LogInit: User: oibikunle
[2018.12.19-16.22.28:455][  0]LogInit: CPU Page size=4096, Cores=6
[2018.12.19-16.22.28:455][  0]LogInit: High frequency timer resolution =10.000000 MHz
[2018.12.19-16.22.28:455][  0]LogMemory: Memory total: Physical=15.9GB (16GB approx)
[2018.12.19-16.22.28:455][  0]LogMemory: Platform Memory Stats for Windows
[2018.12.19-16.22.28:455][  0]LogMemory: Process Physical Memory: 103.89 MB used, 103.89 MB peak
[2018.12.19-16.22.28:455][  0]LogMemory: Process Virtual Memory: 86.45 MB used, 86.45 MB peak
[2018.12.19-16.22.28:456][  0]LogMemory: Physical Memory: 9274.58 MB used,  7044.70 MB free, 16319.28 MB total
[2018.12.19-16.22.28:456][  0]LogMemory: Virtual Memory: 4660.11 MB used,  134213064.00 MB free, 134217728.00 MB total
[2018.12.19-16.22.28:571][  0]LogInit: Using OS detected language (en-GB).
[2018.12.19-16.22.28:571][  0]LogInit: Using OS detected locale (en-GB).
[2018.12.19-16.22.28:573][  0]LogTextLocalizationManager: No specific localization for 'en-GB' exists, so the 'en' localization will be used.
[2018.12.19-16.22.28:876][  0]LogStreaming: Display: Took  0.305s to InitEngineTextLocalization.
[2018.12.19-16.22.28:877][  0]LogInit: Setting process to per monitor DPI aware
[2018.12.19-16.22.28:934][  0]LogSlate: New Slate User Created.  User Index 0, Is Virtual User: 0
[2018.12.19-16.22.28:934][  0]LogSlate: Slate User Registered.  User Index 0, Is Virtual User: 0
[2018.12.19-16.22.29:330][  0]LogHMD: Failed to initialize OpenVR with code 110
[2018.12.19-16.22.29:330][  0]LogD3D11RHI: D3D11 adapters:
[2018.12.19-16.22.29:402][  0]LogD3D11RHI:    0. 'NVIDIA GeForce GTX 1050 Ti' (Feature Level 11_0)
[2018.12.19-16.22.29:403][  0]LogD3D11RHI:       4018/0/8159 MB DedicatedVideo/DedicatedSystem/SharedSystem, Outputs:3, VendorId:0x10de
[2018.12.19-16.22.29:408][  0]LogD3D11RHI:    1. 'Microsoft Basic Render Driver' (Feature Level 11_0)
[2018.12.19-16.22.29:408][  0]LogD3D11RHI:       0/0/8159 MB DedicatedVideo/DedicatedSystem/SharedSystem, Outputs:0, VendorId:0x1414
[2018.12.19-16.22.29:408][  0]LogD3D11RHI: Chosen D3D11 Adapter: 0
[2018.12.19-16.22.29:419][  0]LogD3D11RHI: Creating new Direct3DDevice
[2018.12.19-16.22.29:419][  0]LogD3D11RHI:     GPU DeviceId: 0x1c82 (for the marketing name, search the web for "GPU Device Id")
[2018.12.19-16.22.29:419][  0]LogWindows: EnumDisplayDevices:
[2018.12.19-16.22.29:419][  0]LogWindows:    0. 'NVIDIA GeForce GTX 1050 Ti' (P:0 D:1)
[2018.12.19-16.22.29:420][  0]LogWindows:    1. 'NVIDIA GeForce GTX 1050 Ti' (P:0 D:1)
[2018.12.19-16.22.29:420][  0]LogWindows:    2. 'NVIDIA GeForce GTX 1050 Ti' (P:1 D:1)
[2018.12.19-16.22.29:420][  0]LogWindows:    3. 'NVIDIA GeForce GTX 1050 Ti' (P:0 D:0)
[2018.12.19-16.22.29:420][  0]LogWindows: DebugString: FoundDriverCount:4 
[2018.12.19-16.22.29:420][  0]LogD3D11RHI:     Adapter Name: NVIDIA GeForce GTX 1050 Ti
[2018.12.19-16.22.29:421][  0]LogD3D11RHI:   Driver Version: 417.22 (internal:25.21.14.1722, unified:417.22)
[2018.12.19-16.22.29:421][  0]LogD3D11RHI:      Driver Date: 11-29-2018
[2018.12.19-16.22.29:421][  0]LogRHI: Texture pool is 2812 MB (70% of 4018 MB)
[2018.12.19-16.22.29:462][  0]LogD3D11RHI: Async texture creation enabled
[2018.12.19-16.22.29:479][  0]LogD3D11RHI: GPU Timing Frequency: 1000.000000 (Debug: 2 2)
[2018.12.19-16.22.29:751][  0]LogTemp: Display: Loaded TP AllDesktopTargetPlatform
[2018.12.19-16.22.29:763][  0]LogTemp: Display: Loaded TP MacClientTargetPlatform
[2018.12.19-16.22.29:775][  0]LogTemp: Display: Loaded TP MacNoEditorTargetPlatform
[2018.12.19-16.22.29:787][  0]LogTemp: Display: Loaded TP MacServerTargetPlatform
[2018.12.19-16.22.29:800][  0]LogTemp: Display: Loaded TP MacTargetPlatform
[2018.12.19-16.22.29:817][  0]LogTemp: Display: Loaded TP WindowsClientTargetPlatform
[2018.12.19-16.22.29:828][  0]LogTemp: Display: Loaded TP WindowsNoEditorTargetPlatform
[2018.12.19-16.22.29:840][  0]LogTemp: Display: Loaded TP WindowsServerTargetPlatform
[2018.12.19-16.22.29:850][  0]LogTemp: Display: Loaded TP WindowsTargetPlatform
[2018.12.19-16.22.29:907][  0]LogTemp: Display: Loaded TP AndroidTargetPlatform
[2018.12.19-16.22.29:907][  0]LogTemp: Display: Loaded TP AndroidTargetPlatform
[2018.12.19-16.22.29:907][  0]LogTemp: Display: Loaded TP AndroidTargetPlatform
[2018.12.19-16.22.29:907][  0]LogTemp: Display: Loaded TP AndroidTargetPlatform
[2018.12.19-16.22.29:907][  0]LogTemp: Display: Loaded TP AndroidTargetPlatform
[2018.12.19-16.22.29:907][  0]LogTemp: Display: Loaded TP AndroidTargetPlatform
[2018.12.19-16.22.29:907][  0]LogTemp: Display: Loaded TP AndroidTargetPlatform
[2018.12.19-16.22.29:907][  0]LogTemp: Display: Loaded TP AndroidTargetPlatform
[2018.12.19-16.22.29:908][  0]LogTemp: Display: Loaded TP AndroidTargetPlatform
[2018.12.19-16.22.29:908][  0]LogTemp: Display: Loaded TP AndroidTargetPlatform
[2018.12.19-16.22.29:908][  0]LogTemp: Display: Loaded TP AndroidTargetPlatform
[2018.12.19-16.22.29:908][  0]LogTemp: Display: Loaded TP AndroidTargetPlatform
[2018.12.19-16.22.29:908][  0]LogTemp: Display: Loaded TP AndroidTargetPlatform
[2018.12.19-16.22.29:908][  0]LogTemp: Display: Loaded TP AndroidTargetPlatform
[2018.12.19-16.22.29:908][  0]LogTemp: Display: Loaded TP AndroidTargetPlatform
[2018.12.19-16.22.29:908][  0]LogTemp: Display: Loaded TP AndroidTargetPlatform
[2018.12.19-16.22.29:908][  0]LogTemp: Display: Loaded TP AndroidTargetPlatform
[2018.12.19-16.22.29:908][  0]LogTemp: Display: Loaded TP AndroidTargetPlatform
[2018.12.19-16.22.29:912][  0]LogTemp: Display: Loaded TP HTML5TargetPlatform
[2018.12.19-16.22.29:976][  0]LogTemp: Display: Loaded TP IOSTargetPlatform
[2018.12.19-16.22.29:976][  0]LogTemp: Display: Loaded TP IOSTargetPlatform
[2018.12.19-16.22.29:996][  0]LogTemp: Display: Loaded TP TVOSTargetPlatform
[2018.12.19-16.22.29:996][  0]LogTemp: Display: Loaded TP TVOSTargetPlatform
[2018.12.19-16.22.30:007][  0]LogTemp: Display: Loaded TP LinuxClientTargetPlatform
[2018.12.19-16.22.30:019][  0]LogTemp: Display: Loaded TP LinuxNoEditorTargetPlatform
[2018.12.19-16.22.30:031][  0]LogTemp: Display: Loaded TP LinuxServerTargetPlatform
[2018.12.19-16.22.30:043][  0]LogTemp: Display: Loaded TP LinuxTargetPlatform
[2018.12.19-16.22.30:081][  0]LogTemp: Display: Loaded TP LuminTargetPlatform
[2018.12.19-16.22.30:081][  0]LogTemp: Display: Loaded TP LuminTargetPlatform
[2018.12.19-16.22.30:081][  0]LogTargetPlatformManager: Display: Building Assets For Windows
[2018.12.19-16.22.30:195][  0]LogShaderCompilers: Guid format shader working directory is -16 characters bigger than the processId version (../../../../../Games/MultiplayerGame/CoopGameMultiplayer/CoopGame/Intermediate/Shaders/WorkingDirectory/79452/).
[2018.12.19-16.22.30:195][  0]LogShaderCompilers: Cleaned the shader compiler working directory 'C:/Users/oibikunle/AppData/Local/Temp/UnrealShaderWorkingDir/172EF25642138979E74531B74B290896/'.
[2018.12.19-16.22.30:196][  0]LogXGEController: Cleaning working directory: C:/Users/oibikunle/AppData/Local/Temp/UnrealXGEWorkingDir/
[2018.12.19-16.22.30:197][  0]LogXGEController: Cannot use XGE Controller as Incredibuild is not installed on this machine.
[2018.12.19-16.22.30:197][  0]LogShaderCompilers: Cannot use XGE Shader Compiler as Incredibuild is not installed on this machine.
[2018.12.19-16.22.30:197][  0]LogShaderCompilers: Display: Using Local Shader Compiler.
[2018.12.19-16.22.30:643][  0]LogDerivedDataCache: Display: Max Cache Size: 512 MB
[2018.12.19-16.22.30:686][  0]LogDerivedDataCache: Loaded boot cache 0.04s 71MB C:/Users/oibikunle/AppData/Local/UnrealEngine/4.21/DerivedDataCache/Boot.ddc.
[2018.12.19-16.22.30:686][  0]LogDerivedDataCache: Display: Loaded Boot cache: C:/Users/oibikunle/AppData/Local/UnrealEngine/4.21/DerivedDataCache/Boot.ddc
[2018.12.19-16.22.30:686][  0]LogDerivedDataCache: FDerivedDataBackendGraph:  Pak pak cache file ../../../../../Games/MultiplayerGame/CoopGameMultiplayer/CoopGame/DerivedDataCache/DDC.ddp not found, will not use a pak cache.
[2018.12.19-16.22.30:686][  0]LogDerivedDataCache: Unable to find inner node Pak for hierarchical cache Hierarchy.
[2018.12.19-16.22.30:686][  0]LogDerivedDataCache: FDerivedDataBackendGraph:  CompressedPak pak cache file ../../../../../Games/MultiplayerGame/CoopGameMultiplayer/CoopGame/DerivedDataCache/Compressed.ddp not found, will not use a pak cache.
[2018.12.19-16.22.30:686][  0]LogDerivedDataCache: Unable to find inner node CompressedPak for hierarchical cache Hierarchy.
[2018.12.19-16.22.30:696][  0]LogDerivedDataCache: Display: Pak cache opened for reading ../../../Engine/DerivedDataCache/Compressed.ddp.
[2018.12.19-16.22.30:697][  0]LogDerivedDataCache: FDerivedDataBackendGraph:  EnterprisePak pak cache file ../../../Enterprise/DerivedDataCache/Compressed.ddp not found, will not use a pak cache.
[2018.12.19-16.22.30:697][  0]LogDerivedDataCache: Unable to find inner node EnterprisePak for hierarchical cache Hierarchy.
[2018.12.19-16.22.30:710][  0]LogDerivedDataCache: Using Local data cache path C:/Users/oibikunle/AppData/Local/UnrealEngine/Common/DerivedDataCache: Writable
[2018.12.19-16.22.30:710][  0]LogDerivedDataCache: Shared data cache path not found in *engine.ini, will not use an Shared cache.
[2018.12.19-16.22.30:710][  0]LogDerivedDataCache: Unable to find inner node Shared for hierarchical cache Hierarchy.
[2018.12.19-16.22.30:727][  0]LogMaterial: Verifying Global Shaders for PCD3D_SM5
[2018.12.19-16.22.30:729][  0]LogSlate: Using FreeType 2.6.0
[2018.12.19-16.22.30:730][  0]LogSlate: SlateFontServices - WITH_FREETYPE: 1, WITH_HARFBUZZ: 1
[2018.12.19-16.22.30:827][  0]LogAssetRegistry: FAssetRegistry took 0.0332 seconds to start up
[2018.12.19-16.22.31:100][  0]LogInit: Selected Device Profile: [Windows]
[2018.12.19-16.22.31:245][  0]LogSimplygon: Simplygon DLL not present - disabling.
[2018.12.19-16.22.31:254][  0]LogMeshReduction: Using SimplygonSwarm for distributed automatic mesh merging
[2018.12.19-16.22.31:254][  0]LogMeshReduction: Using ProxyLODMeshReduction for automatic mesh merging
[2018.12.19-16.22.31:254][  0]LogMeshReduction: Using QuadricMeshReduction for automatic static mesh reduction
[2018.12.19-16.22.31:254][  0]LogMeshReduction: No automatic skeletal mesh reduction module available
[2018.12.19-16.22.31:268][  0]LogNetVersion: CoopGame 1.0.0, NetCL: 4541578, EngineNetVer: 5, GameNetVer: 0 (Checksum: 2565775016)
[2018.12.19-16.22.31:763][  0]LogPackageLocalizationCache: Processed 11 localized package path(s) for 2 prioritized culture(s) in 0.083719 seconds
[2018.12.19-16.22.31:768][  0]LogUObjectArray: 39775 objects as part of root set at end of initial load.
[2018.12.19-16.22.31:768][  0]LogUObjectAllocator: 6914656 out of 0 bytes used by permanent object pool.
[2018.12.19-16.22.31:768][  0]LogUObjectArray: CloseDisregardForGC: 0/0 objects in disregard for GC pool
[2018.12.19-16.22.32:828][  0]LogTcpMessaging: Initializing TcpMessaging bridge
[2018.12.19-16.22.32:845][  0]LogUdpMessaging: Initializing bridge on interface 0.0.0.0:0 to multicast group 230.0.0.1:6666.
[2018.12.19-16.22.33:729][  0]SourceControl: Source control is disabled
[2018.12.19-16.22.33:730][  0]SourceControl: Source control is disabled
[2018.12.19-16.22.33:734][  0]SourceControl: Source control is disabled
[2018.12.19-16.22.33:738][  0]SourceControl: Source control is disabled
[2018.12.19-16.22.34:017][  0]LogAndroidPermission: UAndroidPermissionCallbackProxy::GetInstance
[2018.12.19-16.22.34:126][  0]LogOcInput: OculusInput pre-init called
[2018.12.19-16.22.34:272][  0]LogEngine: Initializing Engine...
[2018.12.19-16.22.34:273][  0]LogHMD: Failed to initialize OpenVR with code 110
[2018.12.19-16.22.34:274][  0]LogStats: UGameplayTagsManager::ConstructGameplayTagTree: ImportINI prefixes -  0.000 s
[2018.12.19-16.22.34:275][  0]LogStats: UGameplayTagsManager::ConstructGameplayTagTree: Construct from data asset -  0.000 s
[2018.12.19-16.22.34:275][  0]LogStats: UGameplayTagsManager::ConstructGameplayTagTree: ImportINI -  0.000 s
[2018.12.19-16.22.34:275][  0]LogStats: UGameplayTagsManager::ConstructGameplayTagTree: GameplayTagTreeChangedEvent.Broadcast -  0.000 s
[2018.12.19-16.22.34:484][  0]LogInit: Initializing FReadOnlyCVARCache
[2018.12.19-16.22.34:496][  0]LogAIModule: Creating AISystem for world Untitled
[2018.12.19-16.22.34:571][  0]LogInit: XAudio2 using 'Speakers (2- USB Audio Device)' : 2 channels at 48 kHz using 16 bits per sample (channel mask 0x3)
[2018.12.19-16.22.34:597][  0]LogInit: FAudioDevice initialized.
[2018.12.19-16.22.34:597][  0]LogNetVersion: Set ProjectVersion to 1.0.0.0. Version Checksum will be recalculated on next use.
[2018.12.19-16.22.34:638][  0]LogDerivedDataCache: Saved boot cache 0.04s 71MB C:/Users/oibikunle/AppData/Local/UnrealEngine/4.21/DerivedDataCache/Boot.ddc.
[2018.12.19-16.22.34:644][  0]LogInit: Texture streaming: Enabled
[2018.12.19-16.22.34:667][  0]LogEngineSessionManager: EngineSessionManager initialized
[2018.12.19-16.22.34:677][  0]LogEngineSessionManager: EngineSessionManager sent abnormal shutdown report. Type=Debugger, SessionId={09472D4F-4CFC-9CF1-1E5B-3BA1293A064A}
[2018.12.19-16.22.34:684][  0]LogInit: Transaction tracking system initialized
[2018.12.19-16.22.34:721][  0]BlueprintLog: New page: Editor Load
[2018.12.19-16.22.34:828][  0]LocalizationService: Localization service is disabled
[2018.12.19-16.22.35:302][  0]LogFileCache: Scanning file cache for directory 'D:/UnrealEngine/Games/MultiplayerGame/CoopGameMultiplayer/CoopGame/Content/' took 0.01s
[2018.12.19-16.22.35:302][  0]LogCook: Display: Max memory allowance for cook 16384mb min free memory 0mb
[2018.12.19-16.22.35:302][  0]LogCook: Display: Mobile HDR setting 1
[2018.12.19-16.22.35:302][  0]LogGameplayTags: Display: UGameplayTagsManager::DoneAddingNativeTags. DelegateIsBound: 0
[2018.12.19-16.22.35:302][  0]LogStats: UGameplayTagsManager::ConstructGameplayTagTree: ImportINI prefixes -  0.000 s
[2018.12.19-16.22.35:302][  0]LogStats: UGameplayTagsManager::ConstructGameplayTagTree: Construct from data asset -  0.000 s
[2018.12.19-16.22.35:303][  0]LogStats: UGameplayTagsManager::ConstructGameplayTagTree: ImportINI -  0.000 s
[2018.12.19-16.22.35:303][  0]LogStats: UGameplayTagsManager::ConstructGameplayTagTree: GameplayTagTreeChangedEvent.Broadcast -  0.000 s
[2018.12.19-16.22.35:509][  0]SourceControl: Source control is disabled
[2018.12.19-16.22.35:509][  0]Cmd: MAP LOAD FILE="../../../Engine/Content/Maps/Templates/Template_Default.umap" TEMPLATE=1 SHOWPROGRESS=1 FEATURELEVEL=3
[2018.12.19-16.22.35:510][  0]LightingResults: New page: Lighting Build
[2018.12.19-16.22.35:511][  0]MapCheck: New page: Map Check
[2018.12.19-16.22.35:511][  0]LightingResults: New page: Lighting Build
[2018.12.19-16.22.35:665][  0]LogAIModule: Creating AISystem for world Untitled_1
[2018.12.19-16.22.35:674][  0]LogEditorServer: Finished looking for orphan Actors (0.000 secs)
[2018.12.19-16.22.35:693][  0]Cmd: MAP CHECKDEP NOCLEARLOG
[2018.12.19-16.22.35:693][  0]MapCheck: Map check complete: 0 Error(s), 0 Warning(s), took 0.099ms to complete.
[2018.12.19-16.22.35:693][  0]LogFileHelpers: Loading map 'Template_Default' took 0.184
[2018.12.19-16.22.35:813][  0]LogSlate: Updating window title bar state: overlay mode, drag disabled, window buttons hidden, title bar hidden
[2018.12.19-16.22.35:819][  0]LogSlate: Updating window title bar state: overlay mode, drag disabled, window buttons hidden, title bar hidden
[2018.12.19-16.22.35:824][  0]LogSlate: Updating window title bar state: overlay mode, drag disabled, window buttons hidden, title bar hidden
[2018.12.19-16.22.35:830][  0]LogSlate: Updating window title bar state: overlay mode, drag disabled, window buttons hidden, title bar hidden
[2018.12.19-16.22.35:842][  0]LogCollectionManager: Loaded 0 collections in 0.001209 seconds
[2018.12.19-16.22.35:887][  0]LogFileCache: Scanning file cache for directory 'D:/UnrealEngine/Games/MultiplayerGame/CoopGameMultiplayer/CoopGame/Saved/Collections/' took 0.01s
[2018.12.19-16.22.35:887][  0]LogFileCache: Scanning file cache for directory 'D:/UnrealEngine/Games/MultiplayerGame/CoopGameMultiplayer/CoopGame/Content/Developers/oibikunle/Collections/' took 0.01s
[2018.12.19-16.22.35:887][  0]LogFileCache: Scanning file cache for directory 'D:/UnrealEngine/Games/MultiplayerGame/CoopGameMultiplayer/CoopGame/Content/Collections/' took 0.01s
[2018.12.19-16.22.35:887][  0]LogCollectionManager: Rebuilt the GUID cache for 0 collections in 0.000000 seconds
[2018.12.19-16.22.35:894][  0]LogContentBrowser: Native class hierarchy populated in 0.0068 seconds. Added 2653 classes and 623 folders.
[2018.12.19-16.22.35:900][  0]LogContentBrowser: Native class hierarchy updated for 'WidgetCarousel' in 0.0004 seconds. Added 0 classes and 0 folders.
[2018.12.19-16.22.35:902][  0]LogPakFile: Registered encryption key '00000000000000000000000000000000': 0 pak files mounted, 0 remain pending
[2018.12.19-16.22.35:903][  0]LogPakFile: Registered encryption key '00000000000000000000000000000000': 0 pak files mounted, 0 remain pending
[2018.12.19-16.22.35:904][  0]LogPakFile: Registered encryption key '00000000000000000000000000000000': 0 pak files mounted, 0 remain pending
[2018.12.19-16.22.35:904][  0]LogPakFile: Registered encryption key '00000000000000000000000000000000': 0 pak files mounted, 0 remain pending
[2018.12.19-16.22.35:905][  0]LogPakFile: Registered encryption key '00000000000000000000000000000000': 0 pak files mounted, 0 remain pending
[2018.12.19-16.22.35:906][  0]LogPakFile: Registered encryption key '00000000000000000000000000000000': 0 pak files mounted, 0 remain pending
[2018.12.19-16.22.35:907][  0]LogPakFile: Registered encryption key '00000000000000000000000000000000': 0 pak files mounted, 0 remain pending
[2018.12.19-16.22.35:907][  0]LogPakFile: Registered encryption key '00000000000000000000000000000000': 0 pak files mounted, 0 remain pending
[2018.12.19-16.22.35:908][  0]LogPakFile: Registered encryption key '00000000000000000000000000000000': 0 pak files mounted, 0 remain pending
[2018.12.19-16.22.35:909][  0]LogPakFile: Registered encryption key '00000000000000000000000000000000': 0 pak files mounted, 0 remain pending
[2018.12.19-16.22.35:910][  0]LogPakFile: Registered encryption key '00000000000000000000000000000000': 0 pak files mounted, 0 remain pending
[2018.12.19-16.22.35:911][  0]LogPakFile: Registered encryption key '00000000000000000000000000000000': 0 pak files mounted, 0 remain pending
[2018.12.19-16.22.35:912][  0]LogPakFile: Registered encryption key '00000000000000000000000000000000': 0 pak files mounted, 0 remain pending
[2018.12.19-16.22.35:912][  0]LogPakFile: Registered encryption key '00000000000000000000000000000000': 0 pak files mounted, 0 remain pending
[2018.12.19-16.22.35:913][  0]LogPakFile: Registered encryption key '00000000000000000000000000000000': 0 pak files mounted, 0 remain pending
[2018.12.19-16.22.35:914][  0]LogPakFile: Registered encryption key '00000000000000000000000000000000': 0 pak files mounted, 0 remain pending
[2018.12.19-16.22.35:915][  0]LogPakFile: Registered encryption key '00000000000000000000000000000000': 0 pak files mounted, 0 remain pending
[2018.12.19-16.22.35:916][  0]LogPakFile: Registered encryption key '00000000000000000000000000000000': 0 pak files mounted, 0 remain pending
[2018.12.19-16.22.35:916][  0]LogPakFile: Registered encryption key '00000000000000000000000000000000': 0 pak files mounted, 0 remain pending
[2018.12.19-16.22.35:917][  0]LogPakFile: Registered encryption key '00000000000000000000000000000000': 0 pak files mounted, 0 remain pending
[2018.12.19-16.22.35:918][  0]LogPakFile: Registered encryption key '00000000000000000000000000000000': 0 pak files mounted, 0 remain pending
[2018.12.19-16.22.35:919][  0]LogPakFile: Registered encryption key '00000000000000000000000000000000': 0 pak files mounted, 0 remain pending
[2018.12.19-16.22.35:920][  0]LogPakFile: Registered encryption key '00000000000000000000000000000000': 0 pak files mounted, 0 remain pending
[2018.12.19-16.22.35:921][  0]LogPakFile: Registered encryption key '00000000000000000000000000000000': 0 pak files mounted, 0 remain pending
[2018.12.19-16.22.35:921][  0]LogPakFile: Registered encryption key '00000000000000000000000000000000': 0 pak files mounted, 0 remain pending
[2018.12.19-16.22.35:922][  0]LogPakFile: Registered encryption key '00000000000000000000000000000000': 0 pak files mounted, 0 remain pending
[2018.12.19-16.22.35:966][  0]LogContentBrowser: Native class hierarchy updated for 'AddContentDialog' in 0.0004 seconds. Added 0 classes and 0 folders.
[2018.12.19-16.22.35:973][  0]LogContentBrowser: Native class hierarchy updated for 'SceneOutliner' in 0.0005 seconds. Added 1 classes and 2 folders.
[2018.12.19-16.22.35:986][  0]LogSlate: Took 0.000288 seconds to synchronously load lazily loaded font '../../../Engine/Content/Slate/Fonts/Roboto-Regular.ttf' (155K)
[2018.12.19-16.22.35:989][  0]LogSlate: Took 0.000286 seconds to synchronously load lazily loaded font '../../../Engine/Content/Slate/Fonts/Roboto-Bold.ttf' (160K)
[2018.12.19-16.22.35:994][  0]LogSlate: Took 0.000328 seconds to synchronously load lazily loaded font '../../../Engine/Content/Editor/Slate/Fonts/FontAwesome.ttf' (139K)
[2018.12.19-16.22.36:063][  0]LogRenderer: Reallocating scene render targets to support 1208x576 Format 10 NumSamples 1 (Frame:1).
[2018.12.19-16.22.36:196][  0]LogContentBrowser: Native class hierarchy updated for 'HierarchicalLODOutliner' in 0.0004 seconds. Added 0 classes and 0 folders.
[2018.12.19-16.22.36:196][  0]LogLoad: (Engine Initialization) Total time: 9.94 seconds
[2018.12.19-16.22.36:196][  0]LogLoad: (Engine Initialization) Total Blueprint compile time: 0.00 seconds
[2018.12.19-16.22.36:209][  0]LogWindowsTextInputMethodSystem: Display: IME system now deactivated.
[2018.12.19-16.22.36:258][  0]LogContentStreaming: Texture pool size now 1000 MB
[2018.12.19-16.22.36:345][  0]LogSlate: Took 0.000243 seconds to synchronously load lazily loaded font '../../../Engine/Content/Slate/Fonts/Roboto-Light.ttf' (167K)
[2018.12.19-16.22.36:358][  1]LogAssetRegistry: Asset discovery search completed in 5.5556 seconds
[2018.12.19-16.22.36:360][  1]LogCollectionManager: Rebuilt the object cache for 0 collections in 0.000000 seconds (found 0 objects)
[2018.12.19-16.22.36:360][  1]LogCollectionManager: Fixed up redirectors for 0 collections in 0.000130 seconds (updated 0 objects)
[2018.12.19-16.22.38:621][270]LogSlate: FSceneViewport::OnFocusLost() reason 0
[2018.12.19-16.22.39:763][406]LogSlate: Took 0.000261 seconds to synchronously load lazily loaded font '../../../Engine/Content/Slate/Fonts/Roboto-Light.ttf' (167K)
[2018.12.19-16.22.39:789][406]LogAIModule: Creating AISystem for world P_TestMap
[2018.12.19-16.22.39:794][406]LogAssetEditorManager: Opening Asset editor for World /Game/Maps/P_TestMap.P_TestMap
[2018.12.19-16.22.39:822][406]Cmd: MAP LOAD FILE="../../../../../Games/MultiplayerGame/CoopGameMultiplayer/CoopGame/Content/Maps/P_TestMap.umap" TEMPLATE=0 SHOWPROGRESS=1 FEATURELEVEL=3
[2018.12.19-16.22.39:822][406]LightingResults: New page: Lighting Build
[2018.12.19-16.22.39:823][406]LoadErrors: New page: Loading map: P_TestMap.umap
[2018.12.19-16.22.39:823][406]MapCheck: New page: Map Check
[2018.12.19-16.22.39:823][406]LightingResults: New page: Lighting Build
[2018.12.19-16.22.39:845][406]LogEditorServer: Finished looking for orphan Actors (0.000 secs)
[2018.12.19-16.22.39:875][406]Cmd: MAP CHECKDEP NOCLEARLOG
[2018.12.19-16.22.39:876][406]MapCheck: Map check complete: 0 Error(s), 0 Warning(s), took 0.113ms to complete.
[2018.12.19-16.22.39:876][406]LogFileHelpers: Loading map 'P_TestMap' took 0.054
[2018.12.19-16.23.23:133][991]Cmd: OBJ SAVEPACKAGE PACKAGE="/Game/Maps/P_TestMap" FILE="../../../../../Games/MultiplayerGame/CoopGameMultiplayer/CoopGame/Content/Maps/P_TestMap.umap" SILENT=true AUTOSAVING=false KEEPDIRTY=false
[2018.12.19-16.23.23:231][991]LogSavePackage: Moving '../../../../../Games/MultiplayerGame/CoopGameMultiplayer/CoopGame/Saved/P_TestMap792604474316DAE9B2980EAFE8F21F7B.tmp' to '../../../../../Games/MultiplayerGame/CoopGameMultiplayer/CoopGame/Content/Maps/P_TestMap.umap'
[2018.12.19-16.23.23:246][991]Cmd: OBJ SAVEPACKAGE PACKAGE="/Game/Maps/P_TestMap_BuiltData" FILE="../../../../../Games/MultiplayerGame/CoopGameMultiplayer/CoopGame/Content/Maps/P_TestMap_BuiltData.uasset" SILENT=true
[2018.12.19-16.23.23:256][991]LogSavePackage: Moving '../../../../../Games/MultiplayerGame/CoopGameMultiplayer/CoopGame/Saved/P_TestMap_BuiltDataC0FC9B204D07262F2FF449AF2CC616EE.tmp' to '../../../../../Games/MultiplayerGame/CoopGameMultiplayer/CoopGame/Content/Maps/P_TestMap_BuiltData.uasset'
[2018.12.19-16.24.03:158][604]LogAssetEditorManager: Opening Asset editor for Blueprint /Game/BluePrints/PlayerPawn.PlayerPawn
[2018.12.19-16.24.03:467][604]LogContentBrowser: Native class hierarchy updated for 'BlueprintGraph' in 0.0006 seconds. Added 117 classes and 0 folders.
[2018.12.19-16.24.06:872][930]LogAssetEditorManager: Opening Asset editor for Blueprint /Game/BluePrints/PlayerPawn.PlayerPawn
[2018.12.19-16.24.07:074][930]LogSlate: Took 0.000223 seconds to synchronously load lazily loaded font '../../../Engine/Content/Slate/Fonts/Roboto-BoldCondensed.ttf' (158K)
[2018.12.19-16.24.07:284][950]LogSlate: Took 0.000242 seconds to synchronously load lazily loaded font '../../../Engine/Content/Slate/Fonts/Roboto-Italic.ttf' (157K)
[2018.12.19-16.24.18:157][184]LogTexture: Display: Building textures: UE4Man_Logo_N (BC5, 512X512)
[2018.12.19-16.24.18:157][184]LogTexture: Display: Building textures: UE4_Mannequin_MAT_MASKA (AutoDXT, 1024X1024)
[2018.12.19-16.24.18:157][184]LogTexture: Display: Building textures: T_ML_Rubber_Blue_01_N (BC5, 512X512)
[2018.12.19-16.24.18:157][184]LogTexture: Display: Building textures: UE4_Mannequin_occlusion_Mobile (DXT1, 512X512)
[2018.12.19-16.24.18:157][184]LogTexture: Display: Building textures: T_ML_Rubber_Blue_01_D (DXT1, 512X512)
[2018.12.19-16.24.18:157][184]LogTexture: Display: Building textures: T_ML_Aluminum01_N (BC5, 512X512)
[2018.12.19-16.24.18:157][184]LogTexture: Display: Building textures: T_ML_Aluminum01 (DXT1, 512X512)
[2018.12.19-16.24.18:158][184]LogTexture: Display: Building textures: UE4_Mannequin__normals (BC5, 2048X2048)
[2018.12.19-16.24.18:158][184]LogMaterial: Display: Missing cached shader map for material M_UE4Man_Body, compiling. 
[2018.12.19-16.24.18:373][184]LogShaderCompilers: Display: Shaders left to compile 128
[2018.12.19-16.24.18:373][184]LogShaderCompilers: Display: Shaders left to compile 118
[2018.12.19-16.24.18:373][184]LogShaderCompilers: Display: Shaders left to compile 108
[2018.12.19-16.24.18:373][184]LogShaderCompilers: Display: Shaders left to compile 98
[2018.12.19-16.24.18:373][184]LogShaderCompilers: Display: Shaders left to compile 88
[2018.12.19-16.24.18:373][184]LogShaderCompilers: Display: Shaders left to compile 78
[2018.12.19-16.24.18:373][184]LogShaderCompilers: Display: Shaders left to compile 68
[2018.12.19-16.24.18:374][184]LogShaderCompilers: Display: Shaders left to compile 58
[2018.12.19-16.24.18:374][184]LogSkeletalMesh: Building Skeletal Mesh SK_Mannequin...
[2018.12.19-16.24.18:478][184]LogSkeletalMesh: Built Skeletal Mesh [0.13s] /Game/AnimStarterPack/UE4_Mannequin/Mesh/SK_Mannequin.SK_Mannequin
[2018.12.19-16.24.18:494][184]LogMaterial: Display: Missing cached shader map for material M_UE4Man_Body, compiling. 
[2018.12.19-16.24.20:764][343]LogShaderCompilers: Display: Shaders left to compile 176
[2018.12.19-16.24.20:905][358]LogShaderCompilers: Display: Shaders left to compile 166
[2018.12.19-16.24.21:118][380]LogShaderCompilers: Display: Shaders left to compile 156
[2018.12.19-16.24.21:182][386]LogShaderCompilers: Display: Shaders left to compile 146
[2018.12.19-16.24.21:193][387]LogShaderCompilers: Display: Shaders left to compile 136
[2018.12.19-16.24.21:664][430]LogShaderCompilers: Display: Shaders left to compile 126
[2018.12.19-16.24.21:664][430]LogRenderer: Reallocating scene render targets to support 1208x712 Format 10 NumSamples 1 (Frame:1).
[2018.12.19-16.24.22:580][523]LogShaderCompilers: Display: Shaders left to compile 116
[2018.12.19-16.24.22:606][526]LogShaderCompilers: Display: Shaders left to compile 106
[2018.12.19-16.24.22:651][531]LogShaderCompilers: Display: Shaders left to compile 96
[2018.12.19-16.24.22:980][567]LogShaderCompilers: Display: Shaders left to compile 86
[2018.12.19-16.24.23:454][619]LogShaderCompilers: Display: Shaders left to compile 76
[2018.12.19-16.24.23:591][634]LogShaderCompilers: Display: Shaders left to compile 66
[2018.12.19-16.24.23:993][677]LogShaderCompilers: Display: Shaders left to compile 56
[2018.12.19-16.24.24:487][729]LogShaderCompilers: Display: Shaders left to compile 46
[2018.12.19-16.24.24:553][735]LogShaderCompilers: Display: Shaders left to compile 36
[2018.12.19-16.24.24:674][739]LogShaderCompilers: Display: Shaders left to compile 26
[2018.12.19-16.24.25:388][816]LogShaderCompilers: Display: Shaders left to compile 16
[2018.12.19-16.24.25:398][817]LogShaderCompilers: Display: Shaders left to compile 6
[2018.12.19-16.25.08:346][130]BlueprintLog: New page: Compile PlayerPawn
[2018.12.19-16.25.08:579][130]Cmd: OBJ SAVEPACKAGE PACKAGE="/Game/BluePrints/PlayerPawn" FILE="../../../../../Games/MultiplayerGame/CoopGameMultiplayer/CoopGame/Content/BluePrints/PlayerPawn.uasset" SILENT=true
[2018.12.19-16.25.08:594][130]LogSavePackage: Moving '../../../../../Games/MultiplayerGame/CoopGameMultiplayer/CoopGame/Saved/PlayerPawn14071EA748564F443988A282529C9E1B.tmp' to '../../../../../Games/MultiplayerGame/CoopGameMultiplayer/CoopGame/Content/BluePrints/PlayerPawn.uasset'
[2018.12.19-16.25.26:749][302]LogSlate: FSceneViewport::OnFocusLost() reason 0
[2018.12.19-16.25.26:832][312]BlueprintLog: New page: Compile PlayerPawn
[2018.12.19-16.25.29:591][627]Cmd: OBJ SAVEPACKAGE PACKAGE="/Game/Maps/P_TestMap" FILE="../../../../../Games/MultiplayerGame/CoopGameMultiplayer/CoopGame/Content/Maps/P_TestMap.umap" SILENT=true AUTOSAVING=false KEEPDIRTY=false
[2018.12.19-16.25.29:714][627]LogSavePackage: Moving '../../../../../Games/MultiplayerGame/CoopGameMultiplayer/CoopGame/Saved/P_TestMap179018194B871CA6EB2B299FE9FA9093.tmp' to '../../../../../Games/MultiplayerGame/CoopGameMultiplayer/CoopGame/Content/Maps/P_TestMap.umap'
[2018.12.19-16.25.29:730][627]Cmd: OBJ SAVEPACKAGE PACKAGE="/Game/Maps/P_TestMap_BuiltData" FILE="../../../../../Games/MultiplayerGame/CoopGameMultiplayer/CoopGame/Content/Maps/P_TestMap_BuiltData.uasset" SILENT=true
[2018.12.19-16.25.29:739][627]LogSavePackage: Moving '../../../../../Games/MultiplayerGame/CoopGameMultiplayer/CoopGame/Saved/P_TestMap_BuiltDataDD06F9BE43CA6BAE53A3C097A0BC2F22.tmp' to '../../../../../Games/MultiplayerGame/CoopGameMultiplayer/CoopGame/Content/Maps/P_TestMap_BuiltData.uasset'
[2018.12.19-16.25.42:709][  8]LogSlate: FSceneViewport::OnFocusLost() reason 0
[2018.12.19-16.25.42:817][ 21]LogTemp: Repeating last play command: Selected Viewport
[2018.12.19-16.25.42:828][ 21]LogBlueprintUserMessages: Early PlayInEditor Detection: Level '/Game/Maps/P_TestMap.P_TestMap:PersistentLevel' has LevelScriptBlueprint '/Game/Maps/P_TestMap.P_TestMap:PersistentLevel.P_TestMap' with GeneratedClass '/Game/Maps/P_TestMap.P_TestMap_C' with ClassGeneratedBy '/Game/Maps/P_TestMap.P_TestMap:PersistentLevel.P_TestMap'
[2018.12.19-16.25.42:829][ 21]LogPlayLevel: PlayLevel: No blueprints needed recompiling
[2018.12.19-16.25.42:829][ 21]PIE: New page: PIE session: P_TestMap (19 Dec 2018 18:25:42)
[2018.12.19-16.25.42:843][ 21]LogPlayLevel: Creating play world package: /Game/Maps/UEDPIE_0_P_TestMap
[2018.12.19-16.25.42:846][ 21]LogPlayLevel: PIE: StaticDuplicateObject took: (0.002061s)
[2018.12.19-16.25.42:846][ 21]LogAIModule: Creating AISystem for world P_TestMap
[2018.12.19-16.25.42:846][ 21]LogPlayLevel: PIE: World Init took: (0.000682s)
[2018.12.19-16.25.42:847][ 21]LogPlayLevel: PIE: Created PIE world by copying editor world from /Game/Maps/P_TestMap.P_TestMap to /Game/Maps/UEDPIE_0_P_TestMap.P_TestMap (0.003332s)
[2018.12.19-16.25.42:878][ 21]LogInit: XAudio2 using 'Speakers (2- USB Audio Device)' : 2 channels at 48 kHz using 16 bits per sample (channel mask 0x3)
[2018.12.19-16.25.42:887][ 21]LogInit: FAudioDevice initialized.
[2018.12.19-16.25.42:939][ 21]LogLoad: Game class is 'GameModeBase'
[2018.12.19-16.25.42:941][ 21]LogWorld: Bringing World /Game/Maps/UEDPIE_0_P_TestMap.P_TestMap up for play (max tick rate 0) at 2018.12.19-17.25.42
[2018.12.19-16.25.42:942][ 21]LogWorld: Bringing up level for play took: 0.001140
[2018.12.19-16.25.42:958][ 21]LogContentBrowser: Native class hierarchy updated for 'MovieSceneCapture' in 0.0004 seconds. Added 20 classes and 0 folders.
[2018.12.19-16.25.42:959][ 21]PIE: Play in editor start time for /Game/Maps/UEDPIE_0_P_TestMap -0.429
[2018.12.19-16.25.42:959][ 21]LogBlueprintUserMessages: Late PlayInEditor Detection: Level '/Game/Maps/P_TestMap.P_TestMap:PersistentLevel' has LevelScriptBlueprint '/Game/Maps/P_TestMap.P_TestMap:PersistentLevel.P_TestMap' with GeneratedClass '/Game/Maps/P_TestMap.P_TestMap_C' with ClassGeneratedBy '/Game/Maps/P_TestMap.P_TestMap:PersistentLevel.P_TestMap'
[2018.12.19-16.26.12:887][592]LogSlate: FSceneViewport::OnFocusLost() reason 0
[2018.12.19-16.26.12:972][602]LogBlueprintUserMessages: Early EndPlayMap Detection: Level '/Game/Maps/P_TestMap.P_TestMap:PersistentLevel' has LevelScriptBlueprint '/Game/Maps/P_TestMap.P_TestMap:PersistentLevel.P_TestMap' with GeneratedClass '/Game/Maps/P_TestMap.P_TestMap_C' with ClassGeneratedBy '/Game/Maps/P_TestMap.P_TestMap:PersistentLevel.P_TestMap'
[2018.12.19-16.26.12:973][602]LogSlate: Updating window title bar state: overlay mode, drag disabled, window buttons hidden, title bar hidden
[2018.12.19-16.26.13:009][602]LogPlayLevel: Display: Shutting down PIE online subsystems
[2018.12.19-16.26.13:009][602]LogBlueprintUserMessages: Late EndPlayMap Detection: Level '/Game/Maps/P_TestMap.P_TestMap:PersistentLevel' has LevelScriptBlueprint '/Game/Maps/P_TestMap.P_TestMap:PersistentLevel.P_TestMap' with GeneratedClass '/Game/Maps/P_TestMap.P_TestMap_C' with ClassGeneratedBy '/Game/Maps/P_TestMap.P_TestMap:PersistentLevel.P_TestMap'
[2018.12.19-16.26.13:032][602]LogSlate: Updating window title bar state: overlay mode, drag disabled, window buttons hidden, title bar hidden
[2018.12.19-16.26.13:071][606]LogPlayLevel: Display: Destroying online subsystem :Context_8
[2018.12.19-16.26.22:718][817]Cmd: OBJ SAVEPACKAGE PACKAGE="/Game/Maps/P_TestMap" FILE="../../../../../Games/MultiplayerGame/CoopGameMultiplayer/CoopGame/Content/Maps/P_TestMap.umap" SILENT=true AUTOSAVING=false KEEPDIRTY=false
[2018.12.19-16.26.22:846][817]LogSavePackage: Moving '../../../../../Games/MultiplayerGame/CoopGameMultiplayer/CoopGame/Saved/P_TestMapD681B6F444EE1C22DFF14B8A4B3AC5B1.tmp' to '../../../../../Games/MultiplayerGame/CoopGameMultiplayer/CoopGame/Content/Maps/P_TestMap.umap'
[2018.12.19-16.26.22:863][817]Cmd: OBJ SAVEPACKAGE PACKAGE="/Game/Maps/P_TestMap_BuiltData" FILE="../../../../../Games/MultiplayerGame/CoopGameMultiplayer/CoopGame/Content/Maps/P_TestMap_BuiltData.uasset" SILENT=true
[2018.12.19-16.26.22:871][817]LogSavePackage: Moving '../../../../../Games/MultiplayerGame/CoopGameMultiplayer/CoopGame/Saved/P_TestMap_BuiltData73918E2545F34C48D362FD987F9BD961.tmp' to '../../../../../Games/MultiplayerGame/CoopGameMultiplayer/CoopGame/Content/Maps/P_TestMap_BuiltData.uasset'
[2018.12.19-16.26.23:665][909]MapCheck: New page: Map Check
[2018.12.19-16.26.23:699][909]Cmd: MAP REBUILD ALLVISIBLE
[2018.12.19-16.26.23:702][909]LogEditorServer: Rebuildmap Clear paths rebuilt
[2018.12.19-16.26.23:794][909]LogMaterial: Display: Missing cached shader map for material FDebugViewModeMaterialProxy DefaultMaterial, compiling. 
[2018.12.19-16.26.23:801][909]LogShaderCompilers: Display: Shaders left to compile 1
[2018.12.19-16.26.23:801][909]LogMaterial: Display: Missing cached shader map for material FDebugViewModeMaterialProxy MaterialInstanceDynamic_0, compiling. 
[2018.12.19-16.26.23:808][909]LogShaderCompilers: Display: Shaders left to compile 1
[2018.12.19-16.26.23:809][909]LogMaterial: Display: Missing cached shader map for material FDebugViewModeMaterialProxy M_UE4Man_Body, compiling. 
[2018.12.19-16.26.23:816][909]LogShaderCompilers: Display: Shaders left to compile 1
[2018.12.19-16.26.23:817][909]LogMaterial: Display: Missing cached shader map for material FDebugViewModeMaterialProxy M_UE4Man_ChestLogo, compiling. 
[2018.12.19-16.26.23:825][909]LogShaderCompilers: Display: Shaders left to compile 1
[2018.12.19-16.26.23:825][909]LogMaterial: Display: Missing cached shader map for material FDebugViewModeMaterialProxy MatineeCam_mat, compiling. 
[2018.12.19-16.26.24:195][909]LogShaderCompilers: Display: Shaders left to compile 1
[2018.12.19-16.26.24:195][909]TextureStreamingBuild: Display: Compiling optional shaders took 0.407 seconds.
[2018.12.19-16.26.24:232][909]LogLevel: Display: Export Material TexCoord Scales took 0.036 seconds.
[2018.12.19-16.26.24:251][909]TextureStreamingBuild: Display: Build Texture Streaming took 0.006 seconds.
[2018.12.19-16.26.24:293][909]LightingResults: New page: Lighting Build - 19 Dec 2018 18:26:24
[2018.12.19-16.26.24:417][909]LogSwarmInterface: [OpenConnection] Registering TCP channel ...
[2018.12.19-16.26.24:519][909]LogSwarmInterface: [OpenConnection] Connecting to agent ...
[2018.12.19-16.26.24:533][909]LogSwarmInterface: [TryOpenConnection] Testing the Agent
[2018.12.19-16.26.25:055][909]LogSwarmInterface: [TryOpenConnection] Opening Connection to Agent
[2018.12.19-16.26.25:055][909]LogSwarmInterface: [TryOpenConnection] Local Process ID is 79452
[2018.12.19-16.26.26:616][909]LogStaticLightingSystem: Warning: No importance volume found, so the scene bounding box was used.  You can optimize your scene's quality and lighting build times by adding importance volumes.
[2018.12.19-16.26.26:616][909]LogStaticLightingSystem: Running Lightmass w/ ImmediateImport mode ENABLED
[2018.12.19-16.26.26:616][909]LogStaticLightingSystem: Running Lightmass w/ ImmediateProcess mode ENABLED
[2018.12.19-16.26.26:616][909]LogStaticLightingSystem: Running Lightmass w/ Sorting mode ENABLED
[2018.12.19-16.26.26:616][909]LogStaticLightingSystem: Running Lightmass w/ Mapping paddings ENABLED
[2018.12.19-16.26.26:617][909]LogStaticLightingSystem: Running Lightmass w/ Mapping debug paddings DISABLED
[2018.12.19-16.26.26:837][909]Cmd: MAP CHECK DONTDISPLAYDIALOG
[2018.12.19-16.26.26:838][909]MapCheck: New page: P_TestMap - 19 Dec 2018 18:26:26
[2018.12.19-16.26.26:863][909]MapCheck: Error: SkyLight_1 Multiple sky lights are active, only one can be enabled per world. 
[2018.12.19-16.26.26:863][909]MapCheck: Error: SkyLight2_3 Multiple sky lights are active, only one can be enabled per world. 
[2018.12.19-16.26.26:863][909]MapCheck: Map check complete: 2 Error(s), 0 Warning(s), took 25.732ms to complete.
[2018.12.19-16.26.26:889][909]LogEditorBuildUtils: Build time 0:03
[2018.12.19-16.26.26:930][909]LogMaterial: Display: Missing cached shader map for material FLightmassMaterialRenderer DefaultMaterial, compiling. 
[2018.12.19-16.26.26:937][909]LogMaterial: Display: Missing cached shader map for material FLightmassMaterialRenderer DefaultMaterial, compiling. 
[2018.12.19-16.26.26:976][909]LogShaderCompilers: Display: Shaders left to compile 4
[2018.12.19-16.26.26:992][910]LogMaterial: Display: Missing cached shader map for material FLightmassMaterialRenderer MaterialInstanceDynamic_0, compiling. 
[2018.12.19-16.26.26:998][910]LogShaderCompilers: Display: Shaders left to compile 2
[2018.12.19-16.26.26:998][910]LogMaterial: Display: Missing cached shader map for material FLightmassMaterialRenderer MaterialInstanceDynamic_0, compiling. 
[2018.12.19-16.26.27:014][910]LogShaderCompilers: Display: Shaders left to compile 2
[2018.12.19-16.26.29:455][ 26]Job is a success!
[2018.12.19-16.26.29:829][ 27]LogVolumetricLightmapImport: Imported Volumetric Lightmap in 0.011s
[2018.12.19-16.26.29:829][ 27]LogVolumetricLightmapImport:      Indirection Texture 16x16x16 = 0.0Mb
[2018.12.19-16.26.29:830][ 27]LogVolumetricLightmapImport:      BrickData 30x5x5 = 0.0Mb
[2018.12.19-16.26.29:830][ 27]LogVolumetricLightmapImport:      Bricks at Level
[2018.12.19-16.26.29:830][ 27]LogVolumetricLightmapImport:          0: 16.7% covering 100.0% of volume
[2018.12.19-16.26.29:830][ 27]LogVolumetricLightmapImport:          1: 16.7% covering 1.6% of volume
[2018.12.19-16.26.29:830][ 27]LogVolumetricLightmapImport:          2: 66.7% covering 0.1% of volume
[2018.12.19-16.26.29:876][ 27]LogTexture: Display: Building textures: SkyOcclusion0_1 (AutoDXT, 256X128)
[2018.12.19-16.26.29:876][ 27]LogTexture: Display: Building textures: LQ_Lightmap_0_1 (DXT1, 256X256)
[2018.12.19-16.26.29:876][ 27]LogTexture: Display: Building textures: HQ_Lightmap0_1 (AutoDXT, 256X256)
[2018.12.19-16.26.29:876][ 27]LogTexture: Display: Building textures: HQ_Lightmap0_2 (AutoDXT, 64X64)
[2018.12.19-16.26.29:876][ 27]LogTexture: Display: Building textures: SkyOcclusion0_2 (AutoDXT, 64X32)
[2018.12.19-16.26.29:877][ 27]LogTexture: Display: Building textures: LQ_Lightmap_0_2 (DXT1, 64X64)
[2018.12.19-16.26.29:877][ 27]LogTexture: Display: Building textures: ShadowMapTexture2D_1 (G8, 32X32)
[2018.12.19-16.26.29:877][ 27]LogTexture: Display: Building textures: ShadowMapTexture2D_0 (G8, 128X128)
[2018.12.19-16.26.29:904][ 27]Lightmass on GG00001: 1.86 sec total, 97 ms importing, 3 ms setup, 698 ms photons, 1.02 sec processing, 0 ms extra exporting [2/2 mappings]. Threads: 10.7 sec total, 104 ms processing.
[2018.12.19-16.26.29:942][ 27]LogStaticLightingSystem: Illumination: 5.31 sec (14 ms encoding lightmaps, 9 ms encoding shadowmaps)
[2018.12.19-16.26.29:943][ 27]LogStaticLightingSystem: Lightmap texture memory:  0.2 MB (0.2 MB streaming, 0.0 MB non-streaming), 4 textures
[2018.12.19-16.26.29:943][ 27]LogStaticLightingSystem: Shadowmap texture memory: 0.0 MB (0.0 MB streaming, 0.0 MB non-streaming), 2 textures
[2018.12.19-16.26.30:630][ 27]DumpUnbuiltLightIteractions
[2018.12.19-16.26.30:630][ 27]Lights with unbuilt interactions: 0
[2018.12.19-16.26.30:631][ 27]
[2018.12.19-16.26.30:631][ 27]Primitives with unbuilt interactions: 0
[2018.12.19-16.26.30:701][ 28]Cmd: MAP CHECK NOTIFYRESULTS
[2018.12.19-16.26.30:701][ 28]MapCheck: New page: P_TestMap - 19 Dec 2018 18:26:30
[2018.12.19-16.26.30:702][ 28]MapCheck: Error: SkyLight_1 Multiple sky lights are active, only one can be enabled per world. 
[2018.12.19-16.26.30:702][ 28]MapCheck: Error: SkyLight2_3 Multiple sky lights are active, only one can be enabled per world. 
[2018.12.19-16.26.30:702][ 28]MapCheck: Map check complete: 2 Error(s), 0 Warning(s), took 0.886ms to complete.
[2018.12.19-16.26.42:436][ 63]LogSlate: Window 'Message Log' being destroyed
[2018.12.19-16.26.42:444][ 63]LogSlate: Window 'Message Log' being destroyed
[2018.12.19-16.26.45:761][458]LogEditorViewport: Clicking on Actor (LMB): SkyLight (SkyLight2)
[2018.12.19-16.26.48:105][735]LogSlate: FSceneViewport::OnFocusLost() reason 0
[2018.12.19-16.26.57:266][787]LogEditorViewport: Clicking on Actor (LMB): BP_Sky_Sphere_C (Sky Sphere)
[2018.12.19-16.26.58:358][914]LogEditorViewport: Clicking on Actor (LMB): SkyLight (SkyLight2)
[2018.12.19-16.26.59:411][ 36]Cmd: DELETE
[2018.12.19-16.26.59:411][ 36]Cmd: ACTOR DELETE
[2018.12.19-16.26.59:413][ 36]LogEditorActor: Deleted Actor: SkyLight
[2018.12.19-16.26.59:438][ 36]LogEditorActor: Deleted 1 Actors (0.026 secs)
[2018.12.19-16.27.00:927][215]LogSlate: FSceneViewport::OnFocusLost() reason 0
[2018.12.19-16.27.00:985][222]MapCheck: New page: Map Check
[2018.12.19-16.27.00:999][222]Cmd: MAP REBUILD ALLVISIBLE
[2018.12.19-16.27.00:999][222]LogEditorServer: Rebuildmap Clear paths rebuilt
[2018.12.19-16.27.01:034][222]LogMaterial: Display: Missing cached shader map for material FDebugViewModeMaterialProxy DefaultMaterial, compiling. 
[2018.12.19-16.27.01:040][222]LogMaterial: Display: Missing cached shader map for material FDebugViewModeMaterialProxy MaterialInstanceDynamic_0, compiling. 
[2018.12.19-16.27.01:046][222]LogShaderCompilers: Display: Shaders left to compile 1
[2018.12.19-16.27.01:047][222]LogShaderCompilers: Display: Shaders left to compile 1
[2018.12.19-16.27.01:047][222]LogMaterial: Display: Missing cached shader map for material FDebugViewModeMaterialProxy M_UE4Man_Body, compiling. 
[2018.12.19-16.27.01:055][222]LogShaderCompilers: Display: Shaders left to compile 1
[2018.12.19-16.27.01:055][222]LogMaterial: Display: Missing cached shader map for material FDebugViewModeMaterialProxy M_UE4Man_ChestLogo, compiling. 
[2018.12.19-16.27.01:063][222]LogShaderCompilers: Display: Shaders left to compile 1
[2018.12.19-16.27.01:063][222]LogMaterial: Display: Missing cached shader map for material FDebugViewModeMaterialProxy MatineeCam_mat, compiling. 
[2018.12.19-16.27.01:411][222]LogShaderCompilers: Display: Shaders left to compile 1
[2018.12.19-16.27.01:411][222]TextureStreamingBuild: Display: Compiling optional shaders took 0.380 seconds.
[2018.12.19-16.27.01:416][222]LogLevel: Display: Export Material TexCoord Scales took 0.005 seconds.
[2018.12.19-16.27.01:423][222]TextureStreamingBuild: Display: Build Texture Streaming took 0.006 seconds.
[2018.12.19-16.27.01:447][222]LightingResults: New page: Lighting Build - 19 Dec 2018 18:27:01
[2018.12.19-16.27.01:453][222]LogSwarmInterface: [OpenConnection] Registering TCP channel ...
[2018.12.19-16.27.01:458][222]LogSwarmInterface: [OpenConnection] Connecting to agent ...
[2018.12.19-16.27.01:458][222]LogSwarmInterface: [TryOpenConnection] Testing the Agent
[2018.12.19-16.27.01:459][222]LogSwarmInterface: [TryOpenConnection] Opening Connection to Agent
[2018.12.19-16.27.01:459][222]LogSwarmInterface: [TryOpenConnection] Local Process ID is 79452
[2018.12.19-16.27.03:155][222]LogStaticLightingSystem: Warning: No importance volume found, so the scene bounding box was used.  You can optimize your scene's quality and lighting build times by adding importance volumes.
[2018.12.19-16.27.03:155][222]LogStaticLightingSystem: Running Lightmass w/ ImmediateImport mode ENABLED
[2018.12.19-16.27.03:156][222]LogStaticLightingSystem: Running Lightmass w/ ImmediateProcess mode ENABLED
[2018.12.19-16.27.03:156][222]LogStaticLightingSystem: Running Lightmass w/ Sorting mode ENABLED
[2018.12.19-16.27.03:156][222]LogStaticLightingSystem: Running Lightmass w/ Mapping paddings ENABLED
[2018.12.19-16.27.03:156][222]LogStaticLightingSystem: Running Lightmass w/ Mapping debug paddings DISABLED
[2018.12.19-16.27.03:262][222]Cmd: MAP CHECK DONTDISPLAYDIALOG
[2018.12.19-16.27.03:262][222]MapCheck: New page: P_TestMap - 19 Dec 2018 18:27:03
[2018.12.19-16.27.03:262][222]MapCheck: Map check complete: 0 Error(s), 0 Warning(s), took 0.478ms to complete.
[2018.12.19-16.27.03:288][222]LogEditorBuildUtils: Build time 0:02
[2018.12.19-16.27.04:744][328]Job is a success!
[2018.12.19-16.27.04:785][330]LogVolumetricLightmapImport: Imported Volumetric Lightmap in 0.009s
[2018.12.19-16.27.04:785][330]LogVolumetricLightmapImport:      Indirection Texture 16x16x16 = 0.0Mb
[2018.12.19-16.27.04:786][330]LogVolumetricLightmapImport:      BrickData 30x5x5 = 0.0Mb
[2018.12.19-16.27.04:786][330]LogVolumetricLightmapImport:      Bricks at Level
[2018.12.19-16.27.04:786][330]LogVolumetricLightmapImport:          0: 16.7% covering 100.0% of volume
[2018.12.19-16.27.04:786][330]LogVolumetricLightmapImport:          1: 16.7% covering 1.6% of volume
[2018.12.19-16.27.04:786][330]LogVolumetricLightmapImport:          2: 66.7% covering 0.1% of volume
[2018.12.19-16.27.04:810][330]LogTexture: Display: Building textures: HQ_Lightmap1_1 (AutoDXT, 256X256)
[2018.12.19-16.27.04:811][330]LogTexture: Display: Building textures: LQ_Lightmap_1_1 (DXT1, 256X256)
[2018.12.19-16.27.04:811][330]LogTexture: Display: Building textures: HQ_Lightmap1_2 (AutoDXT, 64X64)
[2018.12.19-16.27.04:811][330]LogTexture: Display: Building textures: LQ_Lightmap_1_2 (DXT1, 64X64)
[2018.12.19-16.27.04:811][330]LogTexture: Display: Building textures: ShadowMapTexture2D_3 (G8, 32X32)
[2018.12.19-16.27.04:811][330]LogTexture: Display: Building textures: ShadowMapTexture2D_2 (G8, 128X128)
[2018.12.19-16.27.04:844][330]Lightmass on GG00001: 1.14 sec total, 74 ms importing, 3 ms setup, 699 ms photons, 337 ms processing, 0 ms extra exporting [2/2 mappings]. Threads: 3.22 sec total, 97 ms processing.
[2018.12.19-16.27.04:853][330]LogStaticLightingSystem: Illumination: 3.39 sec (13 ms encoding lightmaps, 3 ms encoding shadowmaps)
[2018.12.19-16.27.04:854][330]LogStaticLightingSystem: Lightmap texture memory:  0.1 MB (0.1 MB streaming, 0.0 MB non-streaming), 4 textures
[2018.12.19-16.27.04:854][330]LogStaticLightingSystem: Shadowmap texture memory: 0.0 MB (0.0 MB streaming, 0.0 MB non-streaming), 2 textures
[2018.12.19-16.27.05:169][330]DumpUnbuiltLightIteractions
[2018.12.19-16.27.05:170][330]Lights with unbuilt interactions: 0
[2018.12.19-16.27.05:170][330]
[2018.12.19-16.27.05:170][330]Primitives with unbuilt interactions: 0
[2018.12.19-16.27.05:231][331]Cmd: MAP CHECK NOTIFYRESULTS
[2018.12.19-16.27.05:231][331]MapCheck: New page: P_TestMap - 19 Dec 2018 18:27:05
[2018.12.19-16.27.05:231][331]MapCheck: Map check complete: 0 Error(s), 0 Warning(s), took 0.482ms to complete.
[2018.12.19-16.27.14:461][436]Cmd: OBJ SAVEPACKAGE PACKAGE="/Game/Maps/P_TestMap" FILE="../../../../../Games/MultiplayerGame/CoopGameMultiplayer/CoopGame/Content/Maps/P_TestMap.umap" SILENT=true AUTOSAVING=false KEEPDIRTY=false
[2018.12.19-16.27.14:588][436]LogSavePackage: Moving '../../../../../Games/MultiplayerGame/CoopGameMultiplayer/CoopGame/Saved/P_TestMapFA33CE054A4031ED50CECA9A1F412E4A.tmp' to '../../../../../Games/MultiplayerGame/CoopGameMultiplayer/CoopGame/Content/Maps/P_TestMap.umap'
[2018.12.19-16.27.14:603][436]Cmd: OBJ SAVEPACKAGE PACKAGE="/Game/Maps/P_TestMap_BuiltData" FILE="../../../../../Games/MultiplayerGame/CoopGameMultiplayer/CoopGame/Content/Maps/P_TestMap_BuiltData.uasset" SILENT=true
[2018.12.19-16.27.14:611][436]LogSavePackage: Moving '../../../../../Games/MultiplayerGame/CoopGameMultiplayer/CoopGame/Saved/P_TestMap_BuiltData7A9DBC524C545FDC2332099CF2C448EF.tmp' to '../../../../../Games/MultiplayerGame/CoopGameMultiplayer/CoopGame/Content/Maps/P_TestMap_BuiltData.uasset'
[2018.12.19-16.27.28:766][598]Cmd: OBJ SAVEPACKAGE PACKAGE="/Game/Maps/P_TestMap" FILE="../../../../../Games/MultiplayerGame/CoopGameMultiplayer/CoopGame/Content/Maps/P_TestMap.umap" SILENT=true AUTOSAVING=false KEEPDIRTY=false
[2018.12.19-16.27.28:901][598]LogSavePackage: Moving '../../../../../Games/MultiplayerGame/CoopGameMultiplayer/CoopGame/Saved/P_TestMapDF50E5EE420B63066A7901AED2C17BDC.tmp' to '../../../../../Games/MultiplayerGame/CoopGameMultiplayer/CoopGame/Content/Maps/P_TestMap.umap'
[2018.12.19-16.27.28:916][598]Cmd: OBJ SAVEPACKAGE PACKAGE="/Game/Maps/P_TestMap_BuiltData" FILE="../../../../../Games/MultiplayerGame/CoopGameMultiplayer/CoopGame/Content/Maps/P_TestMap_BuiltData.uasset" SILENT=true
[2018.12.19-16.27.28:923][598]LogSavePackage: Moving '../../../../../Games/MultiplayerGame/CoopGameMultiplayer/CoopGame/Saved/P_TestMap_BuiltData469455A043B2AC2B0C7D8CB6492FD4C2.tmp' to '../../../../../Games/MultiplayerGame/CoopGameMultiplayer/CoopGame/Content/Maps/P_TestMap_BuiltData.uasset'
