Log file open, 01/07/19 16:54:32
LogWindows: Failed to load 'aqProf.dll' (GetLastError=126)
LogWindows: File 'aqProf.dll' does not exist
LogWindows: Failed to load 'VtuneApi.dll' (GetLastError=126)
LogWindows: File 'VtuneApi.dll' does not exist
LogWindows: Failed to load 'VtuneApi32e.dll' (GetLastError=126)
LogWindows: File 'VtuneApi32e.dll' does not exist
LogConsoleResponse: Display: Failed to find resolution value strings in scalability ini. Falling back to default.
LogInit: Display: Running engine for game: CoopGame
LogPakFile: Registered encryption key '00000000000000000000000000000000': 0 pak files mounted, 0 remain pending
LogPlatformFile: Not using cached read wrapper
LogTaskGraph: Started task graph with 5 named threads and 35 total threads with 3 sets of task threads.
LogStats: Stats thread started at 0.497902
LogD3D11RHI: Loaded GFSDK_Aftermath_Lib.x64.dll
LogICUInternationalization: ICU TimeZone Detection - Raw Offset: +1:00, Platform Override: ''
LogPluginManager: Mounting plugin Paper2D
LogPluginManager: Mounting plugin AISupport
LogPluginManager: Mounting plugin LightPropagationVolume
LogPluginManager: Mounting plugin ActorLayerUtilities
LogPluginManager: Mounting plugin CLionSourceCodeAccess
LogPluginManager: Mounting plugin CodeLiteSourceCodeAccess
LogPluginManager: Mounting plugin GitSourceControl
LogPluginManager: Mounting plugin KDevelopSourceCodeAccess
LogPluginManager: Mounting plugin NullSourceCodeAccess
LogPluginManager: Mounting plugin PerforceSourceControl
LogPluginManager: Mounting plugin SubversionSourceControl
LogPluginManager: Mounting plugin UObjectPlugin
LogPluginManager: Mounting plugin VisualStudioCodeSourceCodeAccess
LogPluginManager: Mounting plugin VisualStudioSourceCodeAccess
LogPluginManager: Mounting plugin XCodeSourceCodeAccess
LogPluginManager: Mounting plugin AssetManagerEditor
LogPluginManager: Mounting plugin CryptoKeys
LogPluginManager: Mounting plugin DataValidation
LogPluginManager: Mounting plugin FacialAnimation
LogPluginManager: Mounting plugin GameplayTagsEditor
LogPluginManager: Mounting plugin MacGraphicsSwitching
LogPluginManager: Mounting plugin MeshEditor
LogPluginManager: Mounting plugin MobileLauncherProfileWizard
LogPluginManager: Mounting plugin PluginBrowser
LogPluginManager: Mounting plugin SpeedTreeImporter
LogPluginManager: Mounting plugin DatasmithContent
LogPluginManager: Mounting plugin VariantManagerContent
LogPluginManager: Mounting plugin AlembicImporter
LogPluginManager: Mounting plugin AppleImageUtils
LogPluginManager: Mounting plugin AppleVision
LogPluginManager: Mounting plugin BackChannel
LogPluginManager: Mounting plugin CharacterAI
LogPluginManager: Mounting plugin GeometryCache
LogPluginManager: Mounting plugin HTML5Networking
LogPluginManager: Mounting plugin ProxyLODPlugin
LogPluginManager: Mounting plugin MagicLeap
LogPluginManager: Mounting plugin MagicLeapMedia
LogPluginManager: Mounting plugin AndroidMedia
LogPluginManager: Mounting plugin AvfMedia
LogPluginManager: Mounting plugin ImgMedia
LogPluginManager: Mounting plugin LinearTimecode
LogPluginManager: Mounting plugin MediaCompositing
LogPluginManager: Mounting plugin MediaPlayerEditor
LogPluginManager: Mounting plugin WebMMedia
LogPluginManager: Mounting plugin WmfMedia
LogPluginManager: Mounting plugin TcpMessaging
LogPluginManager: Mounting plugin UdpMessaging
LogPluginManager: Mounting plugin ActorSequence
LogPluginManager: Mounting plugin LevelSequenceEditor
LogPluginManager: Mounting plugin MatineeToLevelSequence
LogPluginManager: Mounting plugin NetcodeUnitTest
LogPluginManager: Mounting plugin NUTUnrealEngine4
LogPluginManager: Mounting plugin OnlineSubsystemGooglePlay
LogPluginManager: Mounting plugin OnlineSubsystemIOS
LogPluginManager: Mounting plugin OnlineSubsystem
LogPluginManager: Mounting plugin OnlineSubsystemNull
LogPluginManager: Mounting plugin OnlineSubsystemUtils
LogPluginManager: Mounting plugin LauncherChunkInstaller
LogPluginManager: Mounting plugin AndroidDeviceProfileSelector
LogPluginManager: Mounting plugin AndroidMoviePlayer
LogPluginManager: Mounting plugin AndroidPermission
LogPluginManager: Mounting plugin AppleMoviePlayer
LogPluginManager: Mounting plugin ArchVisCharacter
LogPluginManager: Mounting plugin AudioCapture
LogPluginManager: Mounting plugin CableComponent
LogPluginManager: Mounting plugin CustomMeshComponent
LogPluginManager: Mounting plugin EditableMesh
LogPluginManager: Mounting plugin ExampleDeviceProfileSelector
LogPluginManager: Mounting plugin Firebase
LogPluginManager: Mounting plugin GoogleCloudMessaging
LogPluginManager: Mounting plugin IOSDeviceProfileSelector
LogPluginManager: Mounting plugin LinuxDeviceProfileSelector
LogPluginManager: Mounting plugin LocationServicesBPLibrary
LogPluginManager: Mounting plugin MobilePatchingUtils
LogPluginManager: Mounting plugin OculusVR
LogPluginManager: Mounting plugin PhysXVehicles
LogPluginManager: Mounting plugin ProceduralMeshComponent
LogPluginManager: Mounting plugin RuntimePhysXCooking
LogPluginManager: Mounting plugin SteamVR
LogPluginManager: Mounting plugin WebMMoviePlayer
LogPluginManager: Mounting plugin WindowsMoviePlayer
LogStreaming: Display: Took  0.104s to configure plugins.
LogInit: Using libcurl 7.55.1-DEV
LogInit:  - built for x86_64-pc-win32
LogInit:  - supports SSL with OpenSSL/1.0.2h
LogInit:  - supports HTTP deflate (compression) using libz 1.2.8
LogInit:  - other features:
LogInit:      CURL_VERSION_SSL
LogInit:      CURL_VERSION_LIBZ
LogInit:      CURL_VERSION_IPV6
LogInit:      CURL_VERSION_ASYNCHDNS
LogInit:      CURL_VERSION_LARGEFILE
LogInit:      CURL_VERSION_IDN
LogInit:  CurlRequestOptions (configurable via config and command line):
LogInit:  - bVerifyPeer = true  - Libcurl will verify peer certificate
LogInit:  - bUseHttpProxy = false  - Libcurl will NOT use HTTP proxy
LogInit:  - bDontReuseConnections = false  - Libcurl will reuse connections
LogInit:  - MaxHostConnections = 16  - Libcurl will limit the number of connections to a host
LogInit:  - LocalHostAddr = Default
LogInit:  - BufferSize = 65536
LogInit: WinSock: version 1.1 (2.2), MaxSocks=32767, MaxUdp=65467
LogInit: Build: ++UE4+Release-4.21-CL-4613538
LogInit: Engine Version: 4.21.1-4613538+++UE4+Release-4.21
LogInit: Compatible Engine Version: 4.21.0-4541578+++UE4+Release-4.21
LogInit: Net CL: 4541578
LogInit: OS: Windows 10 (), CPU: Intel(R) Core(TM) i7-8700 CPU @ 3.20GHz, GPU: NVIDIA GeForce GTX 1050 Ti
LogInit: Compiled (64-bit): Nov 30 2018 04:13:25
LogInit: Compiled with Visual C++: 19.13.26129.00
LogInit: Build Configuration: Development
LogInit: Branch Name: ++UE4+Release-4.21
LogInit: Command Line:  -skipcompile
LogInit: Base Directory: D:/UnrealEngine/Engine/UE_4.21/Engine/Binaries/Win64/
LogInit: Installed Engine Build: 1
LogDevObjectVersion: Number of dev versions registered: 22
LogDevObjectVersion:   Dev-Blueprints (B0D832E4-1F89-4F0D-ACCF-7EB736FD4AA2): 10
LogDevObjectVersion:   Dev-Build (E1C64328-A22C-4D53-A36C-8E866417BD8C): 0
LogDevObjectVersion:   Dev-Core (375EC13C-06E4-48FB-B500-84F0262A717E): 2
LogDevObjectVersion:   Dev-Editor (E4B068ED-F494-42E9-A231-DA0B2E46BB41): 26
LogDevObjectVersion:   Dev-Framework (CFFC743F-43B0-4480-9391-14DF171D2073): 34
LogDevObjectVersion:   Dev-Mobile (B02B49B5-BB20-44E9-A304-32B752E40360): 2
LogDevObjectVersion:   Dev-Networking (A4E4105C-59A1-49B5-A7C5-40C4547EDFEE): 0
LogDevObjectVersion:   Dev-Online (39C831C9-5AE6-47DC-9A44-9C173E1C8E7C): 0
LogDevObjectVersion:   Dev-Physics (78F01B33-EBEA-4F98-B9B4-84EACCB95AA2): 0
LogDevObjectVersion:   Dev-Platform (6631380F-2D4D-43E0-8009-CF276956A95A): 0
LogDevObjectVersion:   Dev-Rendering (12F88B9F-8875-4AFC-A67C-D90C383ABD29): 27
LogDevObjectVersion:   Dev-Sequencer (7B5AE74C-D270-4C10-A958-57980B212A5A): 9
LogDevObjectVersion:   Dev-VR (D7296918-1DD6-4BDD-9DE2-64A83CC13884): 2
LogDevObjectVersion:   Dev-LoadTimes (C2A15278-BFE7-4AFE-6C17-90FF531DF755): 1
LogDevObjectVersion:   Private-Geometry (6EACA3D4-40EC-4CC1-B786-8BED09428FC5): 3
LogDevObjectVersion:   Dev-AnimPhys (29E575DD-E0A3-4627-9D10-D276232CDCEA): 17
LogDevObjectVersion:   Dev-Anim (AF43A65D-7FD3-4947-9873-3E8ED9C1BB05): 2
LogDevObjectVersion:   Dev-ReflectionCapture (6B266CEC-1EC7-4B8F-A30B-E4D90942FC07): 1
LogDevObjectVersion:   Dev-Automation (0DF73D61-A23F-47EA-B727-89E90C41499A): 1
LogDevObjectVersion:   FortniteMain (601D1886-AC64-4F84-AA16-D3DE0DEAC7D6): 17
LogDevObjectVersion:   Dev-Enterprise (9DFFBCD6-494F-0158-E221-12823C92A888): 4
LogDevObjectVersion:   Dev-Niagara (F2AED0AC-9AFE-416F-8664-AA7FFA26D6FC): 1
LogStreaming: Display: Took  0.001s to delete old logs.
LogInit: Presizing for max 8388607 objects, including 0 objects not considered by GC, pre-allocating 0 bytes for permanent pool.
LogInit: Object subsystem initialized
LogConfig: Setting CVar [[con.DebugEarlyDefault:1]]
LogConfig: Setting CVar [[r.setres:1280x720]]
[2019.01.07-15.54.33:233][  0]LogConfig: Setting CVar [[r.VSync:0]]
[2019.01.07-15.54.33:233][  0]LogConfig: Setting CVar [[r.RHICmdBypass:0]]
[2019.01.07-15.54.33:233][  0]LogConfig: Applying CVar settings from Section [/Script/Engine.RendererSettings] File [D:/UnrealEngine/Games/MultiplayerGame/CoopGameMultiplayer/CoopGame/Saved/Config/Windows/Engine.ini]
[2019.01.07-15.54.33:233][  0]LogConfig: Setting CVar [[r.GPUCrashDebugging:0]]
[2019.01.07-15.54.33:233][  0]LogConfig: Applying CVar settings from Section [/Script/Engine.RendererOverrideSettings] File [D:/UnrealEngine/Games/MultiplayerGame/CoopGameMultiplayer/CoopGame/Saved/Config/Windows/Engine.ini]
[2019.01.07-15.54.33:233][  0]LogConfig: Applying CVar settings from Section [/Script/Engine.StreamingSettings] File [D:/UnrealEngine/Games/MultiplayerGame/CoopGameMultiplayer/CoopGame/Saved/Config/Windows/Engine.ini]
[2019.01.07-15.54.33:233][  0]LogConfig: Setting CVar [[s.MinBulkDataSizeForAsyncLoading:131072]]
[2019.01.07-15.54.33:233][  0]LogConfig: Setting CVar [[s.AsyncLoadingThreadEnabled:0]]
[2019.01.07-15.54.33:233][  0]LogConfig: Setting CVar [[s.EventDrivenLoaderEnabled:1]]
[2019.01.07-15.54.33:233][  0]LogConfig: Setting CVar [[s.WarnIfTimeLimitExceeded:0]]
[2019.01.07-15.54.33:233][  0]LogConfig: Setting CVar [[s.TimeLimitExceededMultiplier:1.5]]
[2019.01.07-15.54.33:233][  0]LogConfig: Setting CVar [[s.TimeLimitExceededMinTime:0.005]]
[2019.01.07-15.54.33:233][  0]LogConfig: Setting CVar [[s.UseBackgroundLevelStreaming:1]]
[2019.01.07-15.54.33:234][  0]LogConfig: Setting CVar [[s.PriorityAsyncLoadingExtraTime:15.0]]
[2019.01.07-15.54.33:234][  0]LogConfig: Setting CVar [[s.LevelStreamingActorsUpdateTimeLimit:5.0]]
[2019.01.07-15.54.33:234][  0]LogConfig: Setting CVar [[s.PriorityLevelStreamingActorsUpdateExtraTime:5.0]]
[2019.01.07-15.54.33:234][  0]LogConfig: Setting CVar [[s.LevelStreamingComponentsRegistrationGranularity:10]]
[2019.01.07-15.54.33:234][  0]LogConfig: Setting CVar [[s.UnregisterComponentsTimeLimit:1.0]]
[2019.01.07-15.54.33:234][  0]LogConfig: Setting CVar [[s.LevelStreamingComponentsUnregistrationGranularity:5]]
[2019.01.07-15.54.33:234][  0]LogConfig: Applying CVar settings from Section [/Script/Engine.GarbageCollectionSettings] File [D:/UnrealEngine/Games/MultiplayerGame/CoopGameMultiplayer/CoopGame/Saved/Config/Windows/Engine.ini]
[2019.01.07-15.54.33:234][  0]LogConfig: Setting CVar [[gc.MaxObjectsNotConsideredByGC:1]]
[2019.01.07-15.54.33:234][  0]LogConfig: Setting CVar [[gc.SizeOfPermanentObjectPool:0]]
[2019.01.07-15.54.33:234][  0]LogConfig: Setting CVar [[gc.FlushStreamingOnGC:0]]
[2019.01.07-15.54.33:234][  0]LogConfig: Setting CVar [[gc.NumRetriesBeforeForcingGC:10]]
[2019.01.07-15.54.33:234][  0]LogConfig: Setting CVar [[gc.AllowParallelGC:1]]
[2019.01.07-15.54.33:234][  0]LogConfig: Setting CVar [[gc.TimeBetweenPurgingPendingKillObjects:61.1]]
[2019.01.07-15.54.33:235][  0]LogConfig: Setting CVar [[gc.MaxObjectsInEditor:8388607]]
[2019.01.07-15.54.33:235][  0]LogConfig: Setting CVar [[gc.IncrementalBeginDestroyEnabled:1]]
[2019.01.07-15.54.33:235][  0]LogConfig: Setting CVar [[gc.CreateGCClusters:1]]
[2019.01.07-15.54.33:235][  0]LogConfig: Setting CVar [[gc.MergeGCClusters:0]]
[2019.01.07-15.54.33:235][  0]LogConfig: Setting CVar [[gc.MinGCClusterSize:5]]
[2019.01.07-15.54.33:235][  0]LogConfig: Setting CVar [[gc.ActorClusteringEnabled:0]]
[2019.01.07-15.54.33:235][  0]LogConfig: Setting CVar [[gc.BlueprintClusteringEnabled:0]]
[2019.01.07-15.54.33:235][  0]LogConfig: Setting CVar [[gc.UseDisregardForGCOnDedicatedServers:0]]
[2019.01.07-15.54.33:235][  0]LogConfig: Applying CVar settings from Section [/Script/Engine.NetworkSettings] File [D:/UnrealEngine/Games/MultiplayerGame/CoopGameMultiplayer/CoopGame/Saved/Config/Windows/Engine.ini]
[2019.01.07-15.54.33:235][  0]LogConfig: Applying CVar settings from Section [/Script/UnrealEd.CookerSettings] File [D:/UnrealEngine/Games/MultiplayerGame/CoopGameMultiplayer/CoopGame/Saved/Config/Windows/Engine.ini]
[2019.01.07-15.54.33:253][  0]LogConfig: Applying CVar settings from Section [ViewDistanceQuality@3] File [D:/UnrealEngine/Games/MultiplayerGame/CoopGameMultiplayer/CoopGame/Saved/Config/Windows/Scalability.ini]
[2019.01.07-15.54.33:253][  0]LogConfig: Setting CVar [[r.SkeletalMeshLODBias:0]]
[2019.01.07-15.54.33:253][  0]LogConfig: Setting CVar [[r.ViewDistanceScale:1.0]]
[2019.01.07-15.54.33:253][  0]LogConfig: Applying CVar settings from Section [AntiAliasingQuality@3] File [D:/UnrealEngine/Games/MultiplayerGame/CoopGameMultiplayer/CoopGame/Saved/Config/Windows/Scalability.ini]
[2019.01.07-15.54.33:253][  0]LogConfig: Setting CVar [[r.PostProcessAAQuality:4]]
[2019.01.07-15.54.33:253][  0]LogConfig: Applying CVar settings from Section [ShadowQuality@3] File [D:/UnrealEngine/Games/MultiplayerGame/CoopGameMultiplayer/CoopGame/Saved/Config/Windows/Scalability.ini]
[2019.01.07-15.54.33:253][  0]LogConfig: Setting CVar [[r.LightFunctionQuality:1]]
[2019.01.07-15.54.33:253][  0]LogConfig: Setting CVar [[r.ShadowQuality:5]]
[2019.01.07-15.54.33:253][  0]LogConfig: Setting CVar [[r.Shadow.CSM.MaxCascades:10]]
[2019.01.07-15.54.33:254][  0]LogConfig: Setting CVar [[r.Shadow.MaxResolution:2048]]
[2019.01.07-15.54.33:254][  0]LogConfig: Setting CVar [[r.Shadow.MaxCSMResolution:2048]]
[2019.01.07-15.54.33:254][  0]LogConfig: Setting CVar [[r.Shadow.RadiusThreshold:0.01]]
[2019.01.07-15.54.33:254][  0]LogConfig: Setting CVar [[r.Shadow.DistanceScale:1.0]]
[2019.01.07-15.54.33:254][  0]LogConfig: Setting CVar [[r.Shadow.CSM.TransitionScale:1.0]]
[2019.01.07-15.54.33:254][  0]LogConfig: Setting CVar [[r.Shadow.PreShadowResolutionFactor:1.0]]
[2019.01.07-15.54.33:254][  0]LogConfig: Setting CVar [[r.DistanceFieldShadowing:1]]
[2019.01.07-15.54.33:254][  0]LogConfig: Setting CVar [[r.DistanceFieldAO:1]]
[2019.01.07-15.54.33:254][  0]LogConfig: Setting CVar [[r.AOQuality:2]]
[2019.01.07-15.54.33:254][  0]LogConfig: Setting CVar [[r.VolumetricFog:1]]
[2019.01.07-15.54.33:254][  0]LogConfig: Setting CVar [[r.VolumetricFog.GridPixelSize:8]]
[2019.01.07-15.54.33:254][  0]LogConfig: Setting CVar [[r.VolumetricFog.GridSizeZ:128]]
[2019.01.07-15.54.33:254][  0]LogConfig: Setting CVar [[r.VolumetricFog.HistoryMissSupersampleCount:4]]
[2019.01.07-15.54.33:254][  0]LogConfig: Setting CVar [[r.LightMaxDrawDistanceScale:1]]
[2019.01.07-15.54.33:254][  0]LogConfig: Setting CVar [[r.CapsuleShadows:1]]
[2019.01.07-15.54.33:255][  0]LogConfig: Applying CVar settings from Section [PostProcessQuality@3] File [D:/UnrealEngine/Games/MultiplayerGame/CoopGameMultiplayer/CoopGame/Saved/Config/Windows/Scalability.ini]
[2019.01.07-15.54.33:255][  0]LogConfig: Setting CVar [[r.MotionBlurQuality:4]]
[2019.01.07-15.54.33:255][  0]LogConfig: Setting CVar [[r.AmbientOcclusionMipLevelFactor:0.4]]
[2019.01.07-15.54.33:255][  0]LogConfig: Setting CVar [[r.AmbientOcclusionMaxQuality:100]]
[2019.01.07-15.54.33:255][  0]LogConfig: Setting CVar [[r.AmbientOcclusionLevels:-1]]
[2019.01.07-15.54.33:255][  0]LogConfig: Setting CVar [[r.AmbientOcclusionRadiusScale:1.0]]
[2019.01.07-15.54.33:255][  0]LogConfig: Setting CVar [[r.DepthOfFieldQuality:2]]
[2019.01.07-15.54.33:255][  0]LogConfig: Setting CVar [[r.RenderTargetPoolMin:400]]
[2019.01.07-15.54.33:255][  0]LogConfig: Setting CVar [[r.LensFlareQuality:2]]
[2019.01.07-15.54.33:255][  0]LogConfig: Setting CVar [[r.SceneColorFringeQuality:1]]
[2019.01.07-15.54.33:255][  0]LogConfig: Setting CVar [[r.EyeAdaptationQuality:2]]
[2019.01.07-15.54.33:255][  0]LogConfig: Setting CVar [[r.BloomQuality:5]]
[2019.01.07-15.54.33:255][  0]LogConfig: Setting CVar [[r.FastBlurThreshold:100]]
[2019.01.07-15.54.33:255][  0]LogConfig: Setting CVar [[r.Upscale.Quality:3]]
[2019.01.07-15.54.33:256][  0]LogConfig: Setting CVar [[r.Tonemapper.GrainQuantization:1]]
[2019.01.07-15.54.33:256][  0]LogConfig: Setting CVar [[r.LightShaftQuality:1]]
[2019.01.07-15.54.33:256][  0]LogConfig: Setting CVar [[r.Filter.SizeScale:1]]
[2019.01.07-15.54.33:256][  0]LogConfig: Setting CVar [[r.Tonemapper.Quality:5]]
[2019.01.07-15.54.33:256][  0]LogConfig: Setting CVar [[r.DOF.Gather.AccumulatorQuality:1        ; higher gathering accumulator quality]]
[2019.01.07-15.54.33:256][  0]LogConfig: Setting CVar [[r.DOF.Gather.PostfilterMethod:1          ; Median3x3 postfilering method]]
[2019.01.07-15.54.33:256][  0]LogConfig: Setting CVar [[r.DOF.Gather.EnableBokehSettings:0       ; no bokeh simulation when gathering]]
[2019.01.07-15.54.33:256][  0]LogConfig: Setting CVar [[r.DOF.Gather.RingCount:4                 ; medium number of samples when gathering]]
[2019.01.07-15.54.33:256][  0]LogConfig: Setting CVar [[r.DOF.Scatter.ForegroundCompositing:1    ; additive foreground scattering]]
[2019.01.07-15.54.33:256][  0]LogConfig: Setting CVar [[r.DOF.Scatter.BackgroundCompositing:2    ; additive background scattering]]
[2019.01.07-15.54.33:256][  0]LogConfig: Setting CVar [[r.DOF.Scatter.EnableBokehSettings:1      ; bokeh simulation when scattering]]
[2019.01.07-15.54.33:256][  0]LogConfig: Setting CVar [[r.DOF.Scatter.MaxSpriteRatio:0.1         ; only a maximum of 10% of scattered bokeh]]
[2019.01.07-15.54.33:256][  0]LogConfig: Setting CVar [[r.DOF.Recombine.Quality:1                ; cheap slight out of focus]]
[2019.01.07-15.54.33:256][  0]LogConfig: Setting CVar [[r.DOF.Recombine.EnableBokehSettings:0    ; no bokeh simulation on slight out of focus]]
[2019.01.07-15.54.33:257][  0]LogConfig: Setting CVar [[r.DOF.TemporalAAQuality:1                ; more stable temporal accumulation]]
[2019.01.07-15.54.33:257][  0]LogConfig: Setting CVar [[r.DOF.Kernel.MaxForegroundRadius:0.025]]
[2019.01.07-15.54.33:257][  0]LogConfig: Setting CVar [[r.DOF.Kernel.MaxBackgroundRadius:0.025]]
[2019.01.07-15.54.33:257][  0]LogConfig: Applying CVar settings from Section [TextureQuality@3] File [D:/UnrealEngine/Games/MultiplayerGame/CoopGameMultiplayer/CoopGame/Saved/Config/Windows/Scalability.ini]
[2019.01.07-15.54.33:257][  0]LogConfig: Setting CVar [[r.Streaming.MipBias:0]]
[2019.01.07-15.54.33:257][  0]LogConfig: Setting CVar [[r.Streaming.AmortizeCPUToGPUCopy:0]]
[2019.01.07-15.54.33:257][  0]LogConfig: Setting CVar [[r.Streaming.MaxNumTexturesToStreamPerFrame:0]]
[2019.01.07-15.54.33:257][  0]LogConfig: Setting CVar [[r.Streaming.Boost:1]]
[2019.01.07-15.54.33:257][  0]LogConfig: Setting CVar [[r.MaxAnisotropy:8]]
[2019.01.07-15.54.33:257][  0]LogConfig: Setting CVar [[r.Streaming.LimitPoolSizeToVRAM:0]]
[2019.01.07-15.54.33:257][  0]LogConfig: Setting CVar [[r.Streaming.PoolSize:1000]]
[2019.01.07-15.54.33:257][  0]LogConfig: Setting CVar [[r.Streaming.MaxEffectiveScreenSize:0]]
[2019.01.07-15.54.33:258][  0]LogConfig: Applying CVar settings from Section [EffectsQuality@3] File [D:/UnrealEngine/Games/MultiplayerGame/CoopGameMultiplayer/CoopGame/Saved/Config/Windows/Scalability.ini]
[2019.01.07-15.54.33:258][  0]LogConfig: Setting CVar [[r.TranslucencyLightingVolumeDim:64]]
[2019.01.07-15.54.33:258][  0]LogConfig: Setting CVar [[r.RefractionQuality:2]]
[2019.01.07-15.54.33:258][  0]LogConfig: Setting CVar [[r.SSR.Quality:3]]
[2019.01.07-15.54.33:258][  0]LogConfig: Setting CVar [[r.SceneColorFormat:4]]
[2019.01.07-15.54.33:258][  0]LogConfig: Setting CVar [[r.DetailMode:2]]
[2019.01.07-15.54.33:258][  0]LogConfig: Setting CVar [[r.TranslucencyVolumeBlur:1]]
[2019.01.07-15.54.33:258][  0]LogConfig: Setting CVar [[r.MaterialQualityLevel:1 ; High quality]]
[2019.01.07-15.54.33:258][  0]LogConfig: Setting CVar [[r.SSS.Scale:1]]
[2019.01.07-15.54.33:258][  0]LogConfig: Setting CVar [[r.SSS.SampleSet:2]]
[2019.01.07-15.54.33:258][  0]LogConfig: Setting CVar [[r.SSS.Quality:1]]
[2019.01.07-15.54.33:258][  0]LogConfig: Setting CVar [[r.SSS.HalfRes:1]]
[2019.01.07-15.54.33:258][  0]LogConfig: Setting CVar [[r.EmitterSpawnRateScale:1.0]]
[2019.01.07-15.54.33:259][  0]LogConfig: Setting CVar [[r.ParticleLightQuality:2]]
[2019.01.07-15.54.33:259][  0]LogConfig: Applying CVar settings from Section [FoliageQuality@3] File [D:/UnrealEngine/Games/MultiplayerGame/CoopGameMultiplayer/CoopGame/Saved/Config/Windows/Scalability.ini]
[2019.01.07-15.54.33:259][  0]LogConfig: Setting CVar [[foliage.DensityScale:1.0]]
[2019.01.07-15.54.33:259][  0]LogConfig: Setting CVar [[grass.DensityScale:1.0]]
[2019.01.07-15.54.33:259][  0]LogInit: Selected Device Profile: [Windows]
[2019.01.07-15.54.33:259][  0]LogInit: Applying CVar settings loaded from the selected device profile: [Windows]
[2019.01.07-15.54.33:266][  0]LogHAL: Display: Platform has ~ 16 GB [17112002560 / 17179869184 / 16], which maps to Larger [LargestMinGB=32, LargerMinGB=12, DefaultMinGB=8, SmallerMinGB=6, SmallestMinGB=0)
[2019.01.07-15.54.33:266][  0]LogConfig: Setting CVar [[r.Vulkan.UseRealUBs:1]]
[2019.01.07-15.54.33:266][  0]LogInit: Going up to parent DeviceProfile []
[2019.01.07-15.54.33:266][  0]LogConfig: Applying CVar settings from Section [ViewDistanceQuality@3] File [D:/UnrealEngine/Games/MultiplayerGame/CoopGameMultiplayer/CoopGame/Saved/Config/Windows/Scalability.ini]
[2019.01.07-15.54.33:266][  0]LogConfig: Setting CVar [[r.SkeletalMeshLODBias:0]]
[2019.01.07-15.54.33:266][  0]LogConfig: Setting CVar [[r.ViewDistanceScale:1.0]]
[2019.01.07-15.54.33:266][  0]LogConfig: Applying CVar settings from Section [AntiAliasingQuality@3] File [D:/UnrealEngine/Games/MultiplayerGame/CoopGameMultiplayer/CoopGame/Saved/Config/Windows/Scalability.ini]
[2019.01.07-15.54.33:266][  0]LogConfig: Setting CVar [[r.PostProcessAAQuality:4]]
[2019.01.07-15.54.33:266][  0]LogConfig: Applying CVar settings from Section [ShadowQuality@3] File [D:/UnrealEngine/Games/MultiplayerGame/CoopGameMultiplayer/CoopGame/Saved/Config/Windows/Scalability.ini]
[2019.01.07-15.54.33:267][  0]LogConfig: Setting CVar [[r.LightFunctionQuality:1]]
[2019.01.07-15.54.33:267][  0]LogConfig: Setting CVar [[r.ShadowQuality:5]]
[2019.01.07-15.54.33:267][  0]LogConfig: Setting CVar [[r.Shadow.CSM.MaxCascades:10]]
[2019.01.07-15.54.33:267][  0]LogConfig: Setting CVar [[r.Shadow.MaxResolution:2048]]
[2019.01.07-15.54.33:267][  0]LogConfig: Setting CVar [[r.Shadow.MaxCSMResolution:2048]]
[2019.01.07-15.54.33:267][  0]LogConfig: Setting CVar [[r.Shadow.RadiusThreshold:0.01]]
[2019.01.07-15.54.33:267][  0]LogConfig: Setting CVar [[r.Shadow.DistanceScale:1.0]]
[2019.01.07-15.54.33:267][  0]LogConfig: Setting CVar [[r.Shadow.CSM.TransitionScale:1.0]]
[2019.01.07-15.54.33:267][  0]LogConfig: Setting CVar [[r.Shadow.PreShadowResolutionFactor:1.0]]
[2019.01.07-15.54.33:267][  0]LogConfig: Setting CVar [[r.DistanceFieldShadowing:1]]
[2019.01.07-15.54.33:267][  0]LogConfig: Setting CVar [[r.DistanceFieldAO:1]]
[2019.01.07-15.54.33:268][  0]LogConfig: Setting CVar [[r.AOQuality:2]]
[2019.01.07-15.54.33:268][  0]LogConfig: Setting CVar [[r.VolumetricFog:1]]
[2019.01.07-15.54.33:268][  0]LogConfig: Setting CVar [[r.VolumetricFog.GridPixelSize:8]]
[2019.01.07-15.54.33:268][  0]LogConfig: Setting CVar [[r.VolumetricFog.GridSizeZ:128]]
[2019.01.07-15.54.33:268][  0]LogConfig: Setting CVar [[r.VolumetricFog.HistoryMissSupersampleCount:4]]
[2019.01.07-15.54.33:268][  0]LogConfig: Setting CVar [[r.LightMaxDrawDistanceScale:1]]
[2019.01.07-15.54.33:268][  0]LogConfig: Setting CVar [[r.CapsuleShadows:1]]
[2019.01.07-15.54.33:268][  0]LogConfig: Applying CVar settings from Section [PostProcessQuality@3] File [D:/UnrealEngine/Games/MultiplayerGame/CoopGameMultiplayer/CoopGame/Saved/Config/Windows/Scalability.ini]
[2019.01.07-15.54.33:268][  0]LogConfig: Setting CVar [[r.MotionBlurQuality:4]]
[2019.01.07-15.54.33:268][  0]LogConfig: Setting CVar [[r.AmbientOcclusionMipLevelFactor:0.4]]
[2019.01.07-15.54.33:268][  0]LogConfig: Setting CVar [[r.AmbientOcclusionMaxQuality:100]]
[2019.01.07-15.54.33:269][  0]LogConfig: Setting CVar [[r.AmbientOcclusionLevels:-1]]
[2019.01.07-15.54.33:269][  0]LogConfig: Setting CVar [[r.AmbientOcclusionRadiusScale:1.0]]
[2019.01.07-15.54.33:269][  0]LogConfig: Setting CVar [[r.DepthOfFieldQuality:2]]
[2019.01.07-15.54.33:269][  0]LogConfig: Setting CVar [[r.RenderTargetPoolMin:400]]
[2019.01.07-15.54.33:269][  0]LogConfig: Setting CVar [[r.LensFlareQuality:2]]
[2019.01.07-15.54.33:269][  0]LogConfig: Setting CVar [[r.SceneColorFringeQuality:1]]
[2019.01.07-15.54.33:269][  0]LogConfig: Setting CVar [[r.EyeAdaptationQuality:2]]
[2019.01.07-15.54.33:269][  0]LogConfig: Setting CVar [[r.BloomQuality:5]]
[2019.01.07-15.54.33:269][  0]LogConfig: Setting CVar [[r.FastBlurThreshold:100]]
[2019.01.07-15.54.33:269][  0]LogConfig: Setting CVar [[r.Upscale.Quality:3]]
[2019.01.07-15.54.33:269][  0]LogConfig: Setting CVar [[r.Tonemapper.GrainQuantization:1]]
[2019.01.07-15.54.33:269][  0]LogConfig: Setting CVar [[r.LightShaftQuality:1]]
[2019.01.07-15.54.33:269][  0]LogConfig: Setting CVar [[r.Filter.SizeScale:1]]
[2019.01.07-15.54.33:269][  0]LogConfig: Setting CVar [[r.Tonemapper.Quality:5]]
[2019.01.07-15.54.33:270][  0]LogConfig: Setting CVar [[r.DOF.Gather.AccumulatorQuality:1        ; higher gathering accumulator quality]]
[2019.01.07-15.54.33:270][  0]LogConfig: Setting CVar [[r.DOF.Gather.PostfilterMethod:1          ; Median3x3 postfilering method]]
[2019.01.07-15.54.33:270][  0]LogConfig: Setting CVar [[r.DOF.Gather.EnableBokehSettings:0       ; no bokeh simulation when gathering]]
[2019.01.07-15.54.33:270][  0]LogConfig: Setting CVar [[r.DOF.Gather.RingCount:4                 ; medium number of samples when gathering]]
[2019.01.07-15.54.33:270][  0]LogConfig: Setting CVar [[r.DOF.Scatter.ForegroundCompositing:1    ; additive foreground scattering]]
[2019.01.07-15.54.33:270][  0]LogConfig: Setting CVar [[r.DOF.Scatter.BackgroundCompositing:2    ; additive background scattering]]
[2019.01.07-15.54.33:270][  0]LogConfig: Setting CVar [[r.DOF.Scatter.EnableBokehSettings:1      ; bokeh simulation when scattering]]
[2019.01.07-15.54.33:270][  0]LogConfig: Setting CVar [[r.DOF.Scatter.MaxSpriteRatio:0.1         ; only a maximum of 10% of scattered bokeh]]
[2019.01.07-15.54.33:270][  0]LogConfig: Setting CVar [[r.DOF.Recombine.Quality:1                ; cheap slight out of focus]]
[2019.01.07-15.54.33:270][  0]LogConfig: Setting CVar [[r.DOF.Recombine.EnableBokehSettings:0    ; no bokeh simulation on slight out of focus]]
[2019.01.07-15.54.33:270][  0]LogConfig: Setting CVar [[r.DOF.TemporalAAQuality:1                ; more stable temporal accumulation]]
[2019.01.07-15.54.33:270][  0]LogConfig: Setting CVar [[r.DOF.Kernel.MaxForegroundRadius:0.025]]
[2019.01.07-15.54.33:270][  0]LogConfig: Setting CVar [[r.DOF.Kernel.MaxBackgroundRadius:0.025]]
[2019.01.07-15.54.33:270][  0]LogConfig: Applying CVar settings from Section [TextureQuality@3] File [D:/UnrealEngine/Games/MultiplayerGame/CoopGameMultiplayer/CoopGame/Saved/Config/Windows/Scalability.ini]
[2019.01.07-15.54.33:270][  0]LogConfig: Setting CVar [[r.Streaming.MipBias:0]]
[2019.01.07-15.54.33:271][  0]LogConfig: Setting CVar [[r.Streaming.AmortizeCPUToGPUCopy:0]]
[2019.01.07-15.54.33:271][  0]LogConfig: Setting CVar [[r.Streaming.MaxNumTexturesToStreamPerFrame:0]]
[2019.01.07-15.54.33:271][  0]LogConfig: Setting CVar [[r.Streaming.Boost:1]]
[2019.01.07-15.54.33:271][  0]LogConfig: Setting CVar [[r.MaxAnisotropy:8]]
[2019.01.07-15.54.33:271][  0]LogConfig: Setting CVar [[r.Streaming.LimitPoolSizeToVRAM:0]]
[2019.01.07-15.54.33:271][  0]LogConfig: Setting CVar [[r.Streaming.PoolSize:1000]]
[2019.01.07-15.54.33:271][  0]LogConfig: Setting CVar [[r.Streaming.MaxEffectiveScreenSize:0]]
[2019.01.07-15.54.33:271][  0]LogConfig: Applying CVar settings from Section [EffectsQuality@3] File [D:/UnrealEngine/Games/MultiplayerGame/CoopGameMultiplayer/CoopGame/Saved/Config/Windows/Scalability.ini]
[2019.01.07-15.54.33:271][  0]LogConfig: Setting CVar [[r.TranslucencyLightingVolumeDim:64]]
[2019.01.07-15.54.33:271][  0]LogConfig: Setting CVar [[r.RefractionQuality:2]]
[2019.01.07-15.54.33:271][  0]LogConfig: Setting CVar [[r.SSR.Quality:3]]
[2019.01.07-15.54.33:271][  0]LogConfig: Setting CVar [[r.SceneColorFormat:4]]
[2019.01.07-15.54.33:271][  0]LogConfig: Setting CVar [[r.DetailMode:2]]
[2019.01.07-15.54.33:271][  0]LogConfig: Setting CVar [[r.TranslucencyVolumeBlur:1]]
[2019.01.07-15.54.33:271][  0]LogConfig: Setting CVar [[r.MaterialQualityLevel:1 ; High quality]]
[2019.01.07-15.54.33:272][  0]LogConfig: Setting CVar [[r.SSS.Scale:1]]
[2019.01.07-15.54.33:272][  0]LogConfig: Setting CVar [[r.SSS.SampleSet:2]]
[2019.01.07-15.54.33:272][  0]LogConfig: Setting CVar [[r.SSS.Quality:1]]
[2019.01.07-15.54.33:272][  0]LogConfig: Setting CVar [[r.SSS.HalfRes:1]]
[2019.01.07-15.54.33:272][  0]LogConfig: Setting CVar [[r.EmitterSpawnRateScale:1.0]]
[2019.01.07-15.54.33:272][  0]LogConfig: Setting CVar [[r.ParticleLightQuality:2]]
[2019.01.07-15.54.33:272][  0]LogConfig: Applying CVar settings from Section [FoliageQuality@3] File [D:/UnrealEngine/Games/MultiplayerGame/CoopGameMultiplayer/CoopGame/Saved/Config/Windows/Scalability.ini]
[2019.01.07-15.54.33:272][  0]LogConfig: Setting CVar [[foliage.DensityScale:1.0]]
[2019.01.07-15.54.33:272][  0]LogConfig: Setting CVar [[grass.DensityScale:1.0]]
[2019.01.07-15.54.33:272][  0]LogConfig: Applying CVar settings from Section [Startup] File [../../../Engine/Config/ConsoleVariables.ini]
[2019.01.07-15.54.33:272][  0]LogConfig: Setting CVar [[net.UseAdaptiveNetUpdateFrequency:0]]
[2019.01.07-15.54.33:273][  0]LogConfig: Applying CVar settings from Section [ConsoleVariables] File [D:/UnrealEngine/Games/MultiplayerGame/CoopGameMultiplayer/CoopGame/Saved/Config/Windows/Engine.ini]
[2019.01.07-15.54.33:273][  0]LogInit: Computer: GG00001
[2019.01.07-15.54.33:273][  0]LogInit: User: oibikunle
[2019.01.07-15.54.33:273][  0]LogInit: CPU Page size=4096, Cores=6
[2019.01.07-15.54.33:273][  0]LogInit: High frequency timer resolution =10.000000 MHz
[2019.01.07-15.54.33:273][  0]LogMemory: Memory total: Physical=15.9GB (16GB approx)
[2019.01.07-15.54.33:273][  0]LogMemory: Platform Memory Stats for Windows
[2019.01.07-15.54.33:273][  0]LogMemory: Process Physical Memory: 104.90 MB used, 104.90 MB peak
[2019.01.07-15.54.33:273][  0]LogMemory: Process Virtual Memory: 92.82 MB used, 92.82 MB peak
[2019.01.07-15.54.33:273][  0]LogMemory: Physical Memory: 11824.04 MB used,  4495.24 MB free, 16319.28 MB total
[2019.01.07-15.54.33:273][  0]LogMemory: Virtual Memory: 4666.54 MB used,  134213064.00 MB free, 134217728.00 MB total
[2019.01.07-15.54.33:387][  0]LogInit: Using OS detected language (en-GB).
[2019.01.07-15.54.33:387][  0]LogInit: Using OS detected locale (en-GB).
[2019.01.07-15.54.33:388][  0]LogTextLocalizationManager: No specific localization for 'en-GB' exists, so the 'en' localization will be used.
[2019.01.07-15.54.33:669][  0]LogStreaming: Display: Took  0.282s to InitEngineTextLocalization.
[2019.01.07-15.54.33:669][  0]LogInit: Setting process to per monitor DPI aware
[2019.01.07-15.54.33:722][  0]LogSlate: New Slate User Created.  User Index 0, Is Virtual User: 0
[2019.01.07-15.54.33:722][  0]LogSlate: Slate User Registered.  User Index 0, Is Virtual User: 0
[2019.01.07-15.54.34:118][  0]LogHMD: Failed to initialize OpenVR with code 110
[2019.01.07-15.54.34:118][  0]LogD3D11RHI: D3D11 adapters:
[2019.01.07-15.54.34:188][  0]LogD3D11RHI:    0. 'NVIDIA GeForce GTX 1050 Ti' (Feature Level 11_0)
[2019.01.07-15.54.34:188][  0]LogD3D11RHI:       4018/0/8159 MB DedicatedVideo/DedicatedSystem/SharedSystem, Outputs:3, VendorId:0x10de
[2019.01.07-15.54.34:193][  0]LogD3D11RHI:    1. 'Microsoft Basic Render Driver' (Feature Level 11_0)
[2019.01.07-15.54.34:193][  0]LogD3D11RHI:       0/0/8159 MB DedicatedVideo/DedicatedSystem/SharedSystem, Outputs:0, VendorId:0x1414
[2019.01.07-15.54.34:193][  0]LogD3D11RHI: Chosen D3D11 Adapter: 0
[2019.01.07-15.54.34:206][  0]LogD3D11RHI: Creating new Direct3DDevice
[2019.01.07-15.54.34:206][  0]LogD3D11RHI:     GPU DeviceId: 0x1c82 (for the marketing name, search the web for "GPU Device Id")
[2019.01.07-15.54.34:207][  0]LogWindows: EnumDisplayDevices:
[2019.01.07-15.54.34:207][  0]LogWindows:    0. 'NVIDIA GeForce GTX 1050 Ti' (P:0 D:1)
[2019.01.07-15.54.34:207][  0]LogWindows:    1. 'NVIDIA GeForce GTX 1050 Ti' (P:0 D:1)
[2019.01.07-15.54.34:207][  0]LogWindows:    2. 'NVIDIA GeForce GTX 1050 Ti' (P:1 D:1)
[2019.01.07-15.54.34:208][  0]LogWindows:    3. 'NVIDIA GeForce GTX 1050 Ti' (P:0 D:0)
[2019.01.07-15.54.34:208][  0]LogWindows: DebugString: FoundDriverCount:4 
[2019.01.07-15.54.34:208][  0]LogD3D11RHI:     Adapter Name: NVIDIA GeForce GTX 1050 Ti
[2019.01.07-15.54.34:208][  0]LogD3D11RHI:   Driver Version: 417.22 (internal:25.21.14.1722, unified:417.22)
[2019.01.07-15.54.34:208][  0]LogD3D11RHI:      Driver Date: 11-29-2018
[2019.01.07-15.54.34:208][  0]LogRHI: Texture pool is 2812 MB (70% of 4018 MB)
[2019.01.07-15.54.34:248][  0]LogD3D11RHI: Async texture creation enabled
[2019.01.07-15.54.34:265][  0]LogD3D11RHI: GPU Timing Frequency: 1000.000000 (Debug: 2 2)
[2019.01.07-15.54.34:535][  0]LogTemp: Display: Loaded TP AllDesktopTargetPlatform
[2019.01.07-15.54.34:547][  0]LogTemp: Display: Loaded TP MacClientTargetPlatform
[2019.01.07-15.54.34:559][  0]LogTemp: Display: Loaded TP MacNoEditorTargetPlatform
[2019.01.07-15.54.34:571][  0]LogTemp: Display: Loaded TP MacServerTargetPlatform
[2019.01.07-15.54.34:583][  0]LogTemp: Display: Loaded TP MacTargetPlatform
[2019.01.07-15.54.34:595][  0]LogTemp: Display: Loaded TP WindowsClientTargetPlatform
[2019.01.07-15.54.34:607][  0]LogTemp: Display: Loaded TP WindowsNoEditorTargetPlatform
[2019.01.07-15.54.34:619][  0]LogTemp: Display: Loaded TP WindowsServerTargetPlatform
[2019.01.07-15.54.34:625][  0]LogTemp: Display: Loaded TP WindowsTargetPlatform
[2019.01.07-15.54.34:682][  0]LogTemp: Display: Loaded TP AndroidTargetPlatform
[2019.01.07-15.54.34:682][  0]LogTemp: Display: Loaded TP AndroidTargetPlatform
[2019.01.07-15.54.34:682][  0]LogTemp: Display: Loaded TP AndroidTargetPlatform
[2019.01.07-15.54.34:682][  0]LogTemp: Display: Loaded TP AndroidTargetPlatform
[2019.01.07-15.54.34:682][  0]LogTemp: Display: Loaded TP AndroidTargetPlatform
[2019.01.07-15.54.34:682][  0]LogTemp: Display: Loaded TP AndroidTargetPlatform
[2019.01.07-15.54.34:682][  0]LogTemp: Display: Loaded TP AndroidTargetPlatform
[2019.01.07-15.54.34:683][  0]LogTemp: Display: Loaded TP AndroidTargetPlatform
[2019.01.07-15.54.34:683][  0]LogTemp: Display: Loaded TP AndroidTargetPlatform
[2019.01.07-15.54.34:683][  0]LogTemp: Display: Loaded TP AndroidTargetPlatform
[2019.01.07-15.54.34:683][  0]LogTemp: Display: Loaded TP AndroidTargetPlatform
[2019.01.07-15.54.34:683][  0]LogTemp: Display: Loaded TP AndroidTargetPlatform
[2019.01.07-15.54.34:683][  0]LogTemp: Display: Loaded TP AndroidTargetPlatform
[2019.01.07-15.54.34:683][  0]LogTemp: Display: Loaded TP AndroidTargetPlatform
[2019.01.07-15.54.34:683][  0]LogTemp: Display: Loaded TP AndroidTargetPlatform
[2019.01.07-15.54.34:683][  0]LogTemp: Display: Loaded TP AndroidTargetPlatform
[2019.01.07-15.54.34:683][  0]LogTemp: Display: Loaded TP AndroidTargetPlatform
[2019.01.07-15.54.34:684][  0]LogTemp: Display: Loaded TP AndroidTargetPlatform
[2019.01.07-15.54.34:687][  0]LogTemp: Display: Loaded TP HTML5TargetPlatform
[2019.01.07-15.54.34:751][  0]LogTemp: Display: Loaded TP IOSTargetPlatform
[2019.01.07-15.54.34:751][  0]LogTemp: Display: Loaded TP IOSTargetPlatform
[2019.01.07-15.54.34:774][  0]LogTemp: Display: Loaded TP TVOSTargetPlatform
[2019.01.07-15.54.34:774][  0]LogTemp: Display: Loaded TP TVOSTargetPlatform
[2019.01.07-15.54.34:786][  0]LogTemp: Display: Loaded TP LinuxClientTargetPlatform
[2019.01.07-15.54.34:798][  0]LogTemp: Display: Loaded TP LinuxNoEditorTargetPlatform
[2019.01.07-15.54.34:810][  0]LogTemp: Display: Loaded TP LinuxServerTargetPlatform
[2019.01.07-15.54.34:823][  0]LogTemp: Display: Loaded TP LinuxTargetPlatform
[2019.01.07-15.54.34:860][  0]LogTemp: Display: Loaded TP LuminTargetPlatform
[2019.01.07-15.54.34:860][  0]LogTemp: Display: Loaded TP LuminTargetPlatform
[2019.01.07-15.54.34:860][  0]LogTargetPlatformManager: Display: Building Assets For Windows
[2019.01.07-15.54.34:954][  0]LogShaderCompilers: Guid format shader working directory is -16 characters bigger than the processId version (../../../../../Games/MultiplayerGame/CoopGameMultiplayer/CoopGame/Intermediate/Shaders/WorkingDirectory/91704/).
[2019.01.07-15.54.34:955][  0]LogShaderCompilers: Cleaned the shader compiler working directory 'C:/Users/oibikunle/AppData/Local/Temp/UnrealShaderWorkingDir/06690A954C3BAB75E2899080473E4316/'.
[2019.01.07-15.54.34:956][  0]LogXGEController: Cleaning working directory: C:/Users/oibikunle/AppData/Local/Temp/UnrealXGEWorkingDir/
[2019.01.07-15.54.34:956][  0]LogXGEController: Cannot use XGE Controller as Incredibuild is not installed on this machine.
[2019.01.07-15.54.34:956][  0]LogShaderCompilers: Cannot use XGE Shader Compiler as Incredibuild is not installed on this machine.
[2019.01.07-15.54.34:956][  0]LogShaderCompilers: Display: Using Local Shader Compiler.
[2019.01.07-15.54.35:382][  0]LogDerivedDataCache: Display: Max Cache Size: 512 MB
[2019.01.07-15.54.35:419][  0]LogDerivedDataCache: Loaded boot cache 0.04s 71MB C:/Users/oibikunle/AppData/Local/UnrealEngine/4.21/DerivedDataCache/Boot.ddc.
[2019.01.07-15.54.35:420][  0]LogDerivedDataCache: Display: Loaded Boot cache: C:/Users/oibikunle/AppData/Local/UnrealEngine/4.21/DerivedDataCache/Boot.ddc
[2019.01.07-15.54.35:420][  0]LogDerivedDataCache: FDerivedDataBackendGraph:  Pak pak cache file ../../../../../Games/MultiplayerGame/CoopGameMultiplayer/CoopGame/DerivedDataCache/DDC.ddp not found, will not use a pak cache.
[2019.01.07-15.54.35:420][  0]LogDerivedDataCache: Unable to find inner node Pak for hierarchical cache Hierarchy.
[2019.01.07-15.54.35:420][  0]LogDerivedDataCache: FDerivedDataBackendGraph:  CompressedPak pak cache file ../../../../../Games/MultiplayerGame/CoopGameMultiplayer/CoopGame/DerivedDataCache/Compressed.ddp not found, will not use a pak cache.
[2019.01.07-15.54.35:420][  0]LogDerivedDataCache: Unable to find inner node CompressedPak for hierarchical cache Hierarchy.
[2019.01.07-15.54.35:430][  0]LogDerivedDataCache: Display: Pak cache opened for reading ../../../Engine/DerivedDataCache/Compressed.ddp.
[2019.01.07-15.54.35:430][  0]LogDerivedDataCache: FDerivedDataBackendGraph:  EnterprisePak pak cache file ../../../Enterprise/DerivedDataCache/Compressed.ddp not found, will not use a pak cache.
[2019.01.07-15.54.35:430][  0]LogDerivedDataCache: Unable to find inner node EnterprisePak for hierarchical cache Hierarchy.
[2019.01.07-15.54.35:443][  0]LogDerivedDataCache: Using Local data cache path C:/Users/oibikunle/AppData/Local/UnrealEngine/Common/DerivedDataCache: Writable
[2019.01.07-15.54.35:443][  0]LogDerivedDataCache: Shared data cache path not found in *engine.ini, will not use an Shared cache.
[2019.01.07-15.54.35:443][  0]LogDerivedDataCache: Unable to find inner node Shared for hierarchical cache Hierarchy.
[2019.01.07-15.54.35:460][  0]LogMaterial: Verifying Global Shaders for PCD3D_SM5
[2019.01.07-15.54.35:461][  0]LogSlate: Using FreeType 2.6.0
[2019.01.07-15.54.35:462][  0]LogSlate: SlateFontServices - WITH_FREETYPE: 1, WITH_HARFBUZZ: 1
[2019.01.07-15.54.35:567][  0]LogAssetRegistry: FAssetRegistry took 0.0392 seconds to start up
[2019.01.07-15.54.35:839][  0]LogInit: Selected Device Profile: [Windows]
[2019.01.07-15.54.35:930][  0]LogSimplygon: Simplygon DLL not present - disabling.
[2019.01.07-15.54.35:939][  0]LogMeshReduction: Using SimplygonSwarm for distributed automatic mesh merging
[2019.01.07-15.54.35:939][  0]LogMeshReduction: Using ProxyLODMeshReduction for automatic mesh merging
[2019.01.07-15.54.35:939][  0]LogMeshReduction: Using QuadricMeshReduction for automatic static mesh reduction
[2019.01.07-15.54.35:939][  0]LogMeshReduction: No automatic skeletal mesh reduction module available
[2019.01.07-15.54.36:020][  0]LogNetVersion: CoopGame 1.0.0, NetCL: 4541578, EngineNetVer: 5, GameNetVer: 0 (Checksum: 2565775016)
[2019.01.07-15.54.36:525][  0]LogPackageLocalizationCache: Processed 11 localized package path(s) for 2 prioritized culture(s) in 0.081258 seconds
[2019.01.07-15.54.36:530][  0]LogUObjectArray: 39775 objects as part of root set at end of initial load.
[2019.01.07-15.54.36:531][  0]LogUObjectAllocator: 6914664 out of 0 bytes used by permanent object pool.
[2019.01.07-15.54.36:531][  0]LogUObjectArray: CloseDisregardForGC: 0/0 objects in disregard for GC pool
[2019.01.07-15.54.37:621][  0]LogTcpMessaging: Initializing TcpMessaging bridge
[2019.01.07-15.54.37:638][  0]LogUdpMessaging: Initializing bridge on interface 0.0.0.0:0 to multicast group 230.0.0.1:6666.
[2019.01.07-15.54.38:532][  0]SourceControl: Source control is disabled
[2019.01.07-15.54.38:532][  0]SourceControl: Source control is disabled
[2019.01.07-15.54.38:536][  0]SourceControl: Source control is disabled
[2019.01.07-15.54.38:540][  0]SourceControl: Source control is disabled
[2019.01.07-15.54.38:802][  0]LogAndroidPermission: UAndroidPermissionCallbackProxy::GetInstance
[2019.01.07-15.54.38:904][  0]LogOcInput: OculusInput pre-init called
[2019.01.07-15.54.39:047][  0]LogEngine: Initializing Engine...
[2019.01.07-15.54.39:048][  0]LogHMD: Failed to initialize OpenVR with code 110
[2019.01.07-15.54.39:049][  0]LogStats: UGameplayTagsManager::ConstructGameplayTagTree: ImportINI prefixes -  0.000 s
[2019.01.07-15.54.39:049][  0]LogStats: UGameplayTagsManager::ConstructGameplayTagTree: Construct from data asset -  0.000 s
[2019.01.07-15.54.39:050][  0]LogStats: UGameplayTagsManager::ConstructGameplayTagTree: ImportINI -  0.000 s
[2019.01.07-15.54.39:050][  0]LogStats: UGameplayTagsManager::ConstructGameplayTagTree: GameplayTagTreeChangedEvent.Broadcast -  0.000 s
[2019.01.07-15.54.39:242][  0]LogInit: Initializing FReadOnlyCVARCache
[2019.01.07-15.54.39:253][  0]LogAIModule: Creating AISystem for world Untitled
[2019.01.07-15.54.39:280][  0]LogInit: XAudio2 using 'Speakers (2- USB Audio Device)' : 2 channels at 48 kHz using 16 bits per sample (channel mask 0x3)
[2019.01.07-15.54.39:301][  0]LogInit: FAudioDevice initialized.
[2019.01.07-15.54.39:301][  0]LogNetVersion: Set ProjectVersion to 1.0.0.0. Version Checksum will be recalculated on next use.
[2019.01.07-15.54.39:342][  0]LogDerivedDataCache: Saved boot cache 0.04s 71MB C:/Users/oibikunle/AppData/Local/UnrealEngine/4.21/DerivedDataCache/Boot.ddc.
[2019.01.07-15.54.39:347][  0]LogInit: Texture streaming: Enabled
[2019.01.07-15.54.39:369][  0]LogEngineSessionManager: EngineSessionManager initialized
[2019.01.07-15.54.39:370][  0]LogEngineSessionManager: EngineSessionManager sent abnormal shutdown report. Type=Debugger, SessionId={644940E3-4038-9232-78CB-01909EF30100}
[2019.01.07-15.54.39:370][  0]LogEngineSessionManager: EngineSessionManager sent abnormal shutdown report. Type=Debugger, SessionId={1B456058-4AC8-19B9-61F0-97A6BC978A9D}
[2019.01.07-15.54.39:379][  0]LogInit: Transaction tracking system initialized
[2019.01.07-15.54.39:406][  0]BlueprintLog: New page: Editor Load
[2019.01.07-15.54.39:513][  0]LocalizationService: Localization service is disabled
[2019.01.07-15.54.39:979][  0]LogFileCache: Scanning file cache for directory 'D:/UnrealEngine/Games/MultiplayerGame/CoopGameMultiplayer/CoopGame/Content/' took 0.02s
[2019.01.07-15.54.39:980][  0]LogCook: Display: Max memory allowance for cook 16384mb min free memory 0mb
[2019.01.07-15.54.39:980][  0]LogCook: Display: Mobile HDR setting 1
[2019.01.07-15.54.39:980][  0]LogGameplayTags: Display: UGameplayTagsManager::DoneAddingNativeTags. DelegateIsBound: 0
[2019.01.07-15.54.39:980][  0]LogStats: UGameplayTagsManager::ConstructGameplayTagTree: ImportINI prefixes -  0.000 s
[2019.01.07-15.54.39:980][  0]LogStats: UGameplayTagsManager::ConstructGameplayTagTree: Construct from data asset -  0.000 s
[2019.01.07-15.54.39:980][  0]LogStats: UGameplayTagsManager::ConstructGameplayTagTree: ImportINI -  0.000 s
[2019.01.07-15.54.39:981][  0]LogStats: UGameplayTagsManager::ConstructGameplayTagTree: GameplayTagTreeChangedEvent.Broadcast -  0.000 s
[2019.01.07-15.54.40:170][  0]SourceControl: Source control is disabled
[2019.01.07-15.54.40:171][  0]Cmd: MAP LOAD FILE="../../../Engine/Content/Maps/Templates/Template_Default.umap" TEMPLATE=1 SHOWPROGRESS=1 FEATURELEVEL=3
[2019.01.07-15.54.40:171][  0]LightingResults: New page: Lighting Build
[2019.01.07-15.54.40:173][  0]MapCheck: New page: Map Check
[2019.01.07-15.54.40:173][  0]LightingResults: New page: Lighting Build
[2019.01.07-15.54.40:310][  0]LogAIModule: Creating AISystem for world Untitled_1
[2019.01.07-15.54.40:319][  0]LogEditorServer: Finished looking for orphan Actors (0.000 secs)
[2019.01.07-15.54.40:338][  0]Cmd: MAP CHECKDEP NOCLEARLOG
[2019.01.07-15.54.40:338][  0]MapCheck: Map check complete: 0 Error(s), 0 Warning(s), took 0.112ms to complete.
[2019.01.07-15.54.40:339][  0]LogFileHelpers: Loading map 'Template_Default' took 0.168
[2019.01.07-15.54.40:445][  0]LogSlate: Updating window title bar state: overlay mode, drag disabled, window buttons hidden, title bar hidden
[2019.01.07-15.54.40:451][  0]LogSlate: Updating window title bar state: overlay mode, drag disabled, window buttons hidden, title bar hidden
[2019.01.07-15.54.40:456][  0]LogSlate: Updating window title bar state: overlay mode, drag disabled, window buttons hidden, title bar hidden
[2019.01.07-15.54.40:462][  0]LogSlate: Updating window title bar state: overlay mode, drag disabled, window buttons hidden, title bar hidden
[2019.01.07-15.54.40:468][  0]LogCollectionManager: Loaded 0 collections in 0.000842 seconds
[2019.01.07-15.54.40:511][  0]LogFileCache: Scanning file cache for directory 'D:/UnrealEngine/Games/MultiplayerGame/CoopGameMultiplayer/CoopGame/Saved/Collections/' took 0.01s
[2019.01.07-15.54.40:512][  0]LogFileCache: Scanning file cache for directory 'D:/UnrealEngine/Games/MultiplayerGame/CoopGameMultiplayer/CoopGame/Content/Developers/oibikunle/Collections/' took 0.01s
[2019.01.07-15.54.40:512][  0]LogFileCache: Scanning file cache for directory 'D:/UnrealEngine/Games/MultiplayerGame/CoopGameMultiplayer/CoopGame/Content/Collections/' took 0.01s
[2019.01.07-15.54.40:512][  0]LogCollectionManager: Rebuilt the GUID cache for 0 collections in 0.000001 seconds
[2019.01.07-15.54.40:520][  0]LogContentBrowser: Native class hierarchy populated in 0.0076 seconds. Added 2657 classes and 625 folders.
[2019.01.07-15.54.40:525][  0]LogContentBrowser: Native class hierarchy updated for 'WidgetCarousel' in 0.0003 seconds. Added 0 classes and 0 folders.
[2019.01.07-15.54.40:527][  0]LogPakFile: Registered encryption key '00000000000000000000000000000000': 0 pak files mounted, 0 remain pending
[2019.01.07-15.54.40:528][  0]LogPakFile: Registered encryption key '00000000000000000000000000000000': 0 pak files mounted, 0 remain pending
[2019.01.07-15.54.40:529][  0]LogPakFile: Registered encryption key '00000000000000000000000000000000': 0 pak files mounted, 0 remain pending
[2019.01.07-15.54.40:530][  0]LogPakFile: Registered encryption key '00000000000000000000000000000000': 0 pak files mounted, 0 remain pending
[2019.01.07-15.54.40:531][  0]LogPakFile: Registered encryption key '00000000000000000000000000000000': 0 pak files mounted, 0 remain pending
[2019.01.07-15.54.40:532][  0]LogPakFile: Registered encryption key '00000000000000000000000000000000': 0 pak files mounted, 0 remain pending
[2019.01.07-15.54.40:532][  0]LogPakFile: Registered encryption key '00000000000000000000000000000000': 0 pak files mounted, 0 remain pending
[2019.01.07-15.54.40:533][  0]LogPakFile: Registered encryption key '00000000000000000000000000000000': 0 pak files mounted, 0 remain pending
[2019.01.07-15.54.40:534][  0]LogPakFile: Registered encryption key '00000000000000000000000000000000': 0 pak files mounted, 0 remain pending
[2019.01.07-15.54.40:535][  0]LogPakFile: Registered encryption key '00000000000000000000000000000000': 0 pak files mounted, 0 remain pending
[2019.01.07-15.54.40:536][  0]LogPakFile: Registered encryption key '00000000000000000000000000000000': 0 pak files mounted, 0 remain pending
[2019.01.07-15.54.40:536][  0]LogPakFile: Registered encryption key '00000000000000000000000000000000': 0 pak files mounted, 0 remain pending
[2019.01.07-15.54.40:537][  0]LogPakFile: Registered encryption key '00000000000000000000000000000000': 0 pak files mounted, 0 remain pending
[2019.01.07-15.54.40:538][  0]LogPakFile: Registered encryption key '00000000000000000000000000000000': 0 pak files mounted, 0 remain pending
[2019.01.07-15.54.40:539][  0]LogPakFile: Registered encryption key '00000000000000000000000000000000': 0 pak files mounted, 0 remain pending
[2019.01.07-15.54.40:540][  0]LogPakFile: Registered encryption key '00000000000000000000000000000000': 0 pak files mounted, 0 remain pending
[2019.01.07-15.54.40:540][  0]LogPakFile: Registered encryption key '00000000000000000000000000000000': 0 pak files mounted, 0 remain pending
[2019.01.07-15.54.40:541][  0]LogPakFile: Registered encryption key '00000000000000000000000000000000': 0 pak files mounted, 0 remain pending
[2019.01.07-15.54.40:542][  0]LogPakFile: Registered encryption key '00000000000000000000000000000000': 0 pak files mounted, 0 remain pending
[2019.01.07-15.54.40:543][  0]LogPakFile: Registered encryption key '00000000000000000000000000000000': 0 pak files mounted, 0 remain pending
[2019.01.07-15.54.40:544][  0]LogPakFile: Registered encryption key '00000000000000000000000000000000': 0 pak files mounted, 0 remain pending
[2019.01.07-15.54.40:545][  0]LogPakFile: Registered encryption key '00000000000000000000000000000000': 0 pak files mounted, 0 remain pending
[2019.01.07-15.54.40:545][  0]LogPakFile: Registered encryption key '00000000000000000000000000000000': 0 pak files mounted, 0 remain pending
[2019.01.07-15.54.40:546][  0]LogPakFile: Registered encryption key '00000000000000000000000000000000': 0 pak files mounted, 0 remain pending
[2019.01.07-15.54.40:547][  0]LogPakFile: Registered encryption key '00000000000000000000000000000000': 0 pak files mounted, 0 remain pending
[2019.01.07-15.54.40:548][  0]LogPakFile: Registered encryption key '00000000000000000000000000000000': 0 pak files mounted, 0 remain pending
[2019.01.07-15.54.40:597][  0]LogContentBrowser: Native class hierarchy updated for 'AddContentDialog' in 0.0004 seconds. Added 0 classes and 0 folders.
[2019.01.07-15.54.40:603][  0]LogContentBrowser: Native class hierarchy updated for 'SceneOutliner' in 0.0004 seconds. Added 1 classes and 2 folders.
[2019.01.07-15.54.40:654][  0]LogSlate: Took 0.000693 seconds to synchronously load lazily loaded font '../../../Engine/Content/Slate/Fonts/Roboto-Regular.ttf' (155K)
[2019.01.07-15.54.40:656][  0]LogSlate: Took 0.000236 seconds to synchronously load lazily loaded font '../../../Engine/Content/Slate/Fonts/Roboto-Bold.ttf' (160K)
[2019.01.07-15.54.40:663][  0]LogSlate: Took 0.000239 seconds to synchronously load lazily loaded font '../../../Engine/Content/Editor/Slate/Fonts/FontAwesome.ttf' (139K)
[2019.01.07-15.54.40:729][  0]LogRenderer: Reallocating scene render targets to support 1208x576 Format 10 NumSamples 1 (Frame:1).
[2019.01.07-15.54.40:853][  0]LogContentBrowser: Native class hierarchy updated for 'HierarchicalLODOutliner' in 0.0005 seconds. Added 0 classes and 0 folders.
[2019.01.07-15.54.40:853][  0]LogLoad: (Engine Initialization) Total time: 9.78 seconds
[2019.01.07-15.54.40:853][  0]LogLoad: (Engine Initialization) Total Blueprint compile time: 0.00 seconds
[2019.01.07-15.54.40:865][  0]LogWindowsTextInputMethodSystem: Display: IME system now deactivated.
[2019.01.07-15.54.40:910][  0]LogContentStreaming: Texture pool size now 1000 MB
[2019.01.07-15.54.41:015][  1]LogAssetRegistry: Asset discovery search completed in 5.4732 seconds
[2019.01.07-15.54.41:017][  1]LogCollectionManager: Rebuilt the object cache for 0 collections in 0.000000 seconds (found 0 objects)
[2019.01.07-15.54.41:017][  1]LogCollectionManager: Fixed up redirectors for 0 collections in 0.000246 seconds (updated 0 objects)
[2019.01.07-15.54.45:000][477]LogSlate: Took 0.000191 seconds to synchronously load lazily loaded font '../../../Engine/Content/Slate/Fonts/Roboto-Light.ttf' (167K)
[2019.01.07-15.54.48:682][918]LogSlate: FSceneViewport::OnFocusLost() reason 0
[2019.01.07-15.54.50:882][180]LogSlate: Took 0.000319 seconds to synchronously load lazily loaded font '../../../Engine/Content/Slate/Fonts/Roboto-Light.ttf' (167K)
[2019.01.07-15.54.51:327][180]LogAIModule: Creating AISystem for world P_TestMap
[2019.01.07-15.54.51:335][180]LogAssetEditorManager: Opening Asset editor for World /Game/Maps/P_TestMap.P_TestMap
[2019.01.07-15.54.51:359][180]Cmd: MAP LOAD FILE="../../../../../Games/MultiplayerGame/CoopGameMultiplayer/CoopGame/Content/Maps/P_TestMap.umap" TEMPLATE=0 SHOWPROGRESS=1 FEATURELEVEL=3
[2019.01.07-15.54.51:359][180]LightingResults: New page: Lighting Build
[2019.01.07-15.54.51:360][180]LoadErrors: New page: Loading map: P_TestMap.umap
[2019.01.07-15.54.51:360][180]MapCheck: New page: Map Check
[2019.01.07-15.54.51:360][180]LightingResults: New page: Lighting Build
[2019.01.07-15.54.51:442][180]LogEditorServer: Finished looking for orphan Actors (0.000 secs)
[2019.01.07-15.54.51:469][180]Cmd: MAP CHECKDEP NOCLEARLOG
[2019.01.07-15.54.51:469][180]MapCheck: Map check complete: 0 Error(s), 0 Warning(s), took 0.093ms to complete.
[2019.01.07-15.54.51:470][180]LogFileHelpers: Loading map 'P_TestMap' took 0.111
[2019.01.07-15.56.16:440][  5]LogTemp: Repeating last play command: New Editor Window (PIE)
[2019.01.07-15.56.16:444][  5]LogBlueprintUserMessages: Early PlayInEditor Detection: Level '/Game/Maps/P_TestMap.P_TestMap:PersistentLevel' has LevelScriptBlueprint '/Game/Maps/P_TestMap.P_TestMap:PersistentLevel.P_TestMap' with GeneratedClass '/Game/Maps/P_TestMap.P_TestMap_C' with ClassGeneratedBy '/Game/Maps/P_TestMap.P_TestMap:PersistentLevel.P_TestMap'
[2019.01.07-15.56.16:445][  5]LogPlayLevel: PlayLevel: No blueprints needed recompiling
[2019.01.07-15.56.16:445][  5]PIE: New page: PIE session: P_TestMap (7 Jan 2019 17:56:16)
[2019.01.07-15.56.16:458][  5]LogPlayLevel: Creating play world package: /Game/Maps/UEDPIE_1_P_TestMap
[2019.01.07-15.56.16:461][  5]LogPlayLevel: PIE: StaticDuplicateObject took: (0.002603s)
[2019.01.07-15.56.16:462][  5]LogAIModule: Creating AISystem for world P_TestMap
[2019.01.07-15.56.16:462][  5]LogPlayLevel: PIE: World Init took: (0.000605s)
[2019.01.07-15.56.16:462][  5]LogPlayLevel: PIE: Created PIE world by copying editor world from /Game/Maps/P_TestMap.P_TestMap to /Game/Maps/UEDPIE_1_P_TestMap.P_TestMap (0.003761s)
[2019.01.07-15.56.16:492][  5]LogInit: XAudio2 using 'Speakers (2- USB Audio Device)' : 2 channels at 48 kHz using 16 bits per sample (channel mask 0x3)
[2019.01.07-15.56.16:504][  5]LogInit: FAudioDevice initialized.
[2019.01.07-15.56.16:511][  5]LogSlate: Updating window title bar state: overlay mode, drag disabled, window buttons hidden, title bar hidden
[2019.01.07-15.56.16:562][  5]LogLoad: Game class is 'BP_GameMode_C'
[2019.01.07-15.56.16:565][  5]LogWorld: Bringing World /Game/Maps/UEDPIE_1_P_TestMap.P_TestMap up for play (max tick rate 0) at 2019.01.07-16.56.16
[2019.01.07-15.56.16:566][  5]LogWorld: Bringing up level for play took: 0.001793
[2019.01.07-15.56.16:583][  5]LogContentBrowser: Native class hierarchy updated for 'MovieSceneCapture' in 0.0004 seconds. Added 20 classes and 0 folders.
[2019.01.07-15.56.16:585][  5]LogTemp: Display: ParseSettings for GameNetDriver
[2019.01.07-15.56.16:585][  5]LogTemp: Display: ParseSettings for IpNetDriver_0
[2019.01.07-15.56.16:585][  5]LogTemp: Display: ParseSettings for GameNetDriver
[2019.01.07-15.56.16:585][  5]LogNet: ReplicationDriverClass is null! Not using ReplicationDriver.
[2019.01.07-15.56.16:586][  5]PacketHandlerLog: DDoS detection status: detection enabled: 0 analytics enabled: 0
[2019.01.07-15.56.16:586][  5]LogInit: WinSock: Socket queue 131072 / 131072
[2019.01.07-15.56.16:586][  5]LogInit: WinSock: I am GG00001 (172.27.1.164:0)
[2019.01.07-15.56.16:586][  5]PacketHandlerLog: Loaded PacketHandler component: Engine.EngineHandlerComponentFactory (StatelessConnectHandlerComponent)
[2019.01.07-15.56.16:587][  5]LogNet: GameNetDriver IpNetDriver_0 IpNetDriver listening on port 17777
[2019.01.07-15.56.16:590][  5]PIE: Play in editor start time for /Game/Maps/UEDPIE_1_P_TestMap 0.157
[2019.01.07-15.56.16:595][  5]LogSlate: FSceneViewport::OnFocusLost() reason 2
[2019.01.07-15.56.16:600][  5]LogSlate: Updating window title bar state: overlay mode, drag disabled, window buttons hidden, title bar hidden
[2019.01.07-15.56.16:634][  5]LogNet: Browse: 127.0.0.1:17777//Engine/Maps/Entry
[2019.01.07-15.56.16:634][  5]LogTemp: Display: ParseSettings for GameNetDriver
[2019.01.07-15.56.16:635][  5]LogTemp: Display: ParseSettings for IpNetDriver_1
[2019.01.07-15.56.16:635][  5]LogTemp: Display: ParseSettings for PendingNetDriver
[2019.01.07-15.56.16:635][  5]LogInit: WinSock: Socket queue 32768 / 32768
[2019.01.07-15.56.16:635][  5]PacketHandlerLog: Loaded PacketHandler component: Engine.EngineHandlerComponentFactory (StatelessConnectHandlerComponent)
[2019.01.07-15.56.16:636][  5]LogNet: Game client on port 17777, rate 10000
[2019.01.07-15.56.16:638][  5]PIE: Play in editor start time for /Engine/Maps/Entry 0.205
[2019.01.07-15.56.16:646][  5]LogBlueprintUserMessages: Late PlayInEditor Detection: Level '/Game/Maps/P_TestMap.P_TestMap:PersistentLevel' has LevelScriptBlueprint '/Game/Maps/P_TestMap.P_TestMap:PersistentLevel.P_TestMap' with GeneratedClass '/Game/Maps/P_TestMap.P_TestMap_C' with ClassGeneratedBy '/Game/Maps/P_TestMap.P_TestMap:PersistentLevel.P_TestMap'
[2019.01.07-15.56.16:646][  5]LogNet: NotifyAcceptingConnection accepted from: 127.0.0.1:52122
[2019.01.07-15.56.16:646][  5]LogHandshake: SendConnectChallenge. Timestamp: 0.008334, Cookie: 058244018085057080130178251190183025148035248143184248046210
[2019.01.07-15.56.16:650][  5]LogHandshake: SendChallengeResponse. Timestamp: 0.008334, Cookie: 058244018085057080130178251190183025148035248143184248046210
[2019.01.07-15.56.16:681][  5]LogRenderer: Reallocating scene render targets to support 1292x756 Format 10 NumSamples 1 (Frame:1).
[2019.01.07-15.56.16:748][  6]LogNet: NotifyAcceptingConnection accepted from: 127.0.0.1:52122
[2019.01.07-15.56.16:748][  6]LogHandshake: SendChallengeAck. InCookie: 058244018085057080130178251190183025148035248143184248046210
[2019.01.07-15.56.16:748][  6]LogNet: Server accepting post-challenge connection from: 127.0.0.1:52122
[2019.01.07-15.56.16:749][  6]PacketHandlerLog: Loaded PacketHandler component: Engine.EngineHandlerComponentFactory (StatelessConnectHandlerComponent)
[2019.01.07-15.56.16:749][  6]LogNet: NotifyAcceptedConnection: Name: P_TestMap, TimeStamp: 01/07/19 16:56:16, [UNetConnection] RemoteAddr: 127.0.0.1:52122, Name: IpConnection_1, Driver: GameNetDriver IpNetDriver_0, IsServer: YES, PC: NULL, Owner: NULL, UniqueId: INVALID
[2019.01.07-15.56.16:749][  6]LogNet: AddClientConnection: Added client connection: [UNetConnection] RemoteAddr: 127.0.0.1:52122, Name: IpConnection_1, Driver: GameNetDriver IpNetDriver_0, IsServer: YES, PC: NULL, Owner: NULL, UniqueId: INVALID
[2019.01.07-15.56.16:750][  6]LogNetVersion: CoopGame 1.0.0.0, NetCL: 4541578, EngineNetVer: 5, GameNetVer: 0 (Checksum: 1767615691)
[2019.01.07-15.56.16:750][  6]LogNet: UPendingNetGame::SendInitialJoin: Sending hello. [UNetConnection] RemoteAddr: 127.0.0.1:17777, Name: IpConnection_0, Driver: PendingNetDriver IpNetDriver_1, IsServer: NO, PC: NULL, Owner: NULL, UniqueId: INVALID
[2019.01.07-15.56.16:764][  7]LogNet: NotifyAcceptingChannel Control 0 server World /Game/Maps/UEDPIE_1_P_TestMap.P_TestMap: Accepted
[2019.01.07-15.56.16:764][  7]LogNet: Remote platform little endian=1
[2019.01.07-15.56.16:764][  7]LogNet: This platform little endian=1
[2019.01.07-15.56.16:788][  8]LogNet: Login request: /Engine/Maps/Entry?Name=GG00001-E9551A7F4872735CCF459280FE97AC44 userId: NULL:GG00001-E9551A7F4872735CCF459280FE97AC44 platform: NULL
[2019.01.07-15.56.16:789][  8]LogNet: Welcomed by server (Level: /Game/Maps/UEDPIE_1_P_TestMap, Game: /Game/BluePrints/BP_GameMode.BP_GameMode_C)
[2019.01.07-15.56.16:789][  8]LogLoad: LoadMap: 127.0.0.1:17777//Game/Maps/UEDPIE_1_P_TestMap?game=/Game/BluePrints/BP_GameMode.BP_GameMode_C
[2019.01.07-15.56.16:813][  8]LogAIModule: Creating AISystem for world P_TestMap
[2019.01.07-15.56.16:814][  8]LogTemp: Display: ParseSettings for GameNetDriver
[2019.01.07-15.56.16:816][  8]LogWorld: Bringing World /Game/Maps/UEDPIE_2_P_TestMap.P_TestMap up for play (max tick rate 0) at 2019.01.07-16.56.16
[2019.01.07-15.56.16:816][  8]LogWorld: Bringing up level for play took: 0.001349
[2019.01.07-15.56.16:817][  8]LogLoad: Took 0.027121 seconds to LoadMap(/Game/Maps/UEDPIE_1_P_TestMap)
[2019.01.07-15.56.16:831][  9]LogNet: Client netspeed is 10000
[2019.01.07-15.56.16:831][  9]LogNet: Join request: /Engine/Maps/Entry?Name=GG00001-E9551A7F4872735CCF459280FE97AC44?SplitscreenCount=1
[2019.01.07-15.56.16:831][  9]LogOnlineSession: Warning: OSS: No game present to join for session (GameSession)
[2019.01.07-15.56.16:833][  9]LogNet: Join succeeded: GG00001-E9551A7F4872
[2019.01.07-15.56.16:924][ 16]LogOnlineSession: Warning: OSS: No game present to join for session (GameSession)
[2019.01.07-15.56.16:958][ 19]LogOnlineSession: Warning: OSS: No game present to join for session (GameSession)
[2019.01.07-15.56.18:923][239]LogTemp: Ammo: 24.0
[2019.01.07-15.56.18:923][239]LogTemp: Ammo Reserve: 1000.0
[2019.01.07-15.56.19:017][249]LogTemp: Ammo: 23.0
[2019.01.07-15.56.19:017][249]LogTemp: Ammo Reserve: 1000.0
[2019.01.07-15.56.21:645][545]LogTemp: Ammo: 22.0
[2019.01.07-15.56.21:645][545]LogTemp: Ammo Reserve: 1000.0
[2019.01.07-15.56.21:645][545]LogTemp: Health Changed: 0.0
[2019.01.07-15.56.33:155][883]LogNet: World NetDriver shutdown IpNetDriver_0 [GameNetDriver]
[2019.01.07-15.56.33:155][883]LogNet: DestroyNamedNetDriver IpNetDriver_0 [GameNetDriver]
[2019.01.07-15.56.33:155][883]LogNet: UNetConnection::Cleanup: Closing open connection. [UNetConnection] RemoteAddr: 127.0.0.1:52122, Name: IpConnection_1, Driver: GameNetDriver IpNetDriver_0, IsServer: YES, PC: PlayerController_1, Owner: PlayerController_1, UniqueId: NULL:GG00001-E9551A7F4872735CCF459280FE97AC44
[2019.01.07-15.56.33:155][883]LogNet: UNetConnection::Close: [UNetConnection] RemoteAddr: 127.0.0.1:52122, Name: IpConnection_1, Driver: GameNetDriver IpNetDriver_0, IsServer: YES, PC: PlayerController_1, Owner: PlayerController_1, UniqueId: NULL:GG00001-E9551A7F4872735CCF459280FE97AC44, Channels: 12, Time: 2019.01.07-15.56.33
[2019.01.07-15.56.33:155][883]LogNet: UChannel::Close: Sending CloseBunch. ChIndex == 0. Name: [UChannel] ChIndex: 0, Closing: 0 [UNetConnection] RemoteAddr: 127.0.0.1:52122, Name: IpConnection_1, Driver: GameNetDriver IpNetDriver_0, IsServer: YES, PC: PlayerController_1, Owner: PlayerController_1, UniqueId: NULL:GG00001-E9551A7F4872735CCF459280FE97AC44
[2019.01.07-15.56.33:156][883]LogExit: GameNetDriver IpNetDriver_0 shut down
[2019.01.07-15.56.33:156][883]LogBlueprintUserMessages: Early EndPlayMap Detection: Level '/Game/Maps/P_TestMap.P_TestMap:PersistentLevel' has LevelScriptBlueprint '/Game/Maps/P_TestMap.P_TestMap:PersistentLevel.P_TestMap' with GeneratedClass '/Game/Maps/P_TestMap.P_TestMap_C' with ClassGeneratedBy '/Game/Maps/P_TestMap.P_TestMap:PersistentLevel.P_TestMap'
[2019.01.07-15.56.33:156][883]LogSlate: Updating window title bar state: overlay mode, drag disabled, window buttons hidden, title bar hidden
[2019.01.07-15.56.33:163][883]LogSlate: Window 'CoopGame Game Preview Client 1 (64-bit/PCD3D_SM5)' being destroyed
[2019.01.07-15.56.33:206][883]LogSlate: Updating window title bar state: overlay mode, drag disabled, window buttons hidden, title bar hidden
[2019.01.07-15.56.33:209][883]LogSlate: Window 'CoopGame Game Preview Server (64-bit/PCD3D_SM5)' being destroyed
[2019.01.07-15.56.33:250][883]LogPlayLevel: Display: Shutting down PIE online subsystems
[2019.01.07-15.56.33:250][883]LogBlueprintUserMessages: Late EndPlayMap Detection: Level '/Game/Maps/P_TestMap.P_TestMap:PersistentLevel' has LevelScriptBlueprint '/Game/Maps/P_TestMap.P_TestMap:PersistentLevel.P_TestMap' with GeneratedClass '/Game/Maps/P_TestMap.P_TestMap_C' with ClassGeneratedBy '/Game/Maps/P_TestMap.P_TestMap:PersistentLevel.P_TestMap'
[2019.01.07-15.56.33:273][883]LogNet: UChannel::CleanUp: ChIndex == 0. Closing connection. [UChannel] ChIndex: 0, Closing: 0 [UNetConnection] RemoteAddr: 127.0.0.1:17777, Name: IpConnection_0, Driver: GameNetDriver IpNetDriver_1, IsServer: NO, PC: None, Owner: None, UniqueId: NULL:GG00001-E9551A7F4872735CCF459280FE97AC44
[2019.01.07-15.56.33:273][883]LogNet: UNetConnection::Close: [UNetConnection] RemoteAddr: 127.0.0.1:17777, Name: IpConnection_0, Driver: GameNetDriver IpNetDriver_1, IsServer: NO, PC: None, Owner: None, UniqueId: NULL:GG00001-E9551A7F4872735CCF459280FE97AC44, Channels: 2, Time: 2019.01.07-15.56.33
[2019.01.07-15.56.33:273][883]LogNet: UChannel::Close: Sending CloseBunch. ChIndex == 0. Name: [UChannel] ChIndex: 0, Closing: 0 [UNetConnection] RemoteAddr: 127.0.0.1:17777, Name: IpConnection_0, Driver: GameNetDriver IpNetDriver_1, IsServer: NO, PC: None, Owner: None, UniqueId: NULL:GG00001-E9551A7F4872735CCF459280FE97AC44
[2019.01.07-15.56.33:274][883]LogExit: GameNetDriver None shut down
[2019.01.07-15.56.33:294][884]LogPlayLevel: Display: Destroying online subsystem :Context_2
[2019.01.07-15.56.33:294][884]LogPlayLevel: Display: Destroying online subsystem :Context_1
[2019.01.07-15.56.34:428][ 19]LogTemp: Repeating last play command: New Editor Window (PIE)
[2019.01.07-15.56.34:433][ 19]LogBlueprintUserMessages: Early PlayInEditor Detection: Level '/Game/Maps/P_TestMap.P_TestMap:PersistentLevel' has LevelScriptBlueprint '/Game/Maps/P_TestMap.P_TestMap:PersistentLevel.P_TestMap' with GeneratedClass '/Game/Maps/P_TestMap.P_TestMap_C' with ClassGeneratedBy '/Game/Maps/P_TestMap.P_TestMap:PersistentLevel.P_TestMap'
[2019.01.07-15.56.34:434][ 19]LogPlayLevel: PlayLevel: No blueprints needed recompiling
[2019.01.07-15.56.34:434][ 19]PIE: New page: PIE session: P_TestMap (7 Jan 2019 17:56:34)
[2019.01.07-15.56.34:434][ 19]LogPlayLevel: Creating play world package: /Game/Maps/UEDPIE_1_P_TestMap
[2019.01.07-15.56.34:437][ 19]LogPlayLevel: PIE: StaticDuplicateObject took: (0.002400s)
[2019.01.07-15.56.34:437][ 19]LogAIModule: Creating AISystem for world P_TestMap
[2019.01.07-15.56.34:438][ 19]LogPlayLevel: PIE: World Init took: (0.000879s)
[2019.01.07-15.56.34:438][ 19]LogPlayLevel: PIE: Created PIE world by copying editor world from /Game/Maps/P_TestMap.P_TestMap to /Game/Maps/UEDPIE_1_P_TestMap.P_TestMap (0.003810s)
[2019.01.07-15.56.34:471][ 19]LogInit: XAudio2 using 'Speakers (2- USB Audio Device)' : 2 channels at 48 kHz using 16 bits per sample (channel mask 0x3)
[2019.01.07-15.56.34:482][ 19]LogInit: FAudioDevice initialized.
[2019.01.07-15.56.34:490][ 19]LogSlate: Updating window title bar state: overlay mode, drag disabled, window buttons hidden, title bar hidden
[2019.01.07-15.56.34:528][ 19]LogLoad: Game class is 'BP_GameMode_C'
[2019.01.07-15.56.34:530][ 19]LogWorld: Bringing World /Game/Maps/UEDPIE_1_P_TestMap.P_TestMap up for play (max tick rate 0) at 2019.01.07-16.56.34
[2019.01.07-15.56.34:530][ 19]LogWorld: Bringing up level for play took: 0.001197
[2019.01.07-15.56.34:545][ 19]LogTemp: Display: ParseSettings for GameNetDriver
[2019.01.07-15.56.34:545][ 19]LogTemp: Display: ParseSettings for IpNetDriver_2
[2019.01.07-15.56.34:545][ 19]LogTemp: Display: ParseSettings for GameNetDriver
[2019.01.07-15.56.34:545][ 19]LogNet: ReplicationDriverClass is null! Not using ReplicationDriver.
[2019.01.07-15.56.34:545][ 19]PacketHandlerLog: DDoS detection status: detection enabled: 0 analytics enabled: 0
[2019.01.07-15.56.34:545][ 19]LogInit: WinSock: Socket queue 131072 / 131072
[2019.01.07-15.56.34:546][ 19]PacketHandlerLog: Loaded PacketHandler component: Engine.EngineHandlerComponentFactory (StatelessConnectHandlerComponent)
[2019.01.07-15.56.34:546][ 19]LogNet: GameNetDriver IpNetDriver_2 IpNetDriver listening on port 17777
[2019.01.07-15.56.34:549][ 19]PIE: Play in editor start time for /Game/Maps/UEDPIE_1_P_TestMap 0.117
[2019.01.07-15.56.34:554][ 19]LogSlate: FSceneViewport::OnFocusLost() reason 2
[2019.01.07-15.56.34:557][ 19]LogSlate: Updating window title bar state: overlay mode, drag disabled, window buttons hidden, title bar hidden
[2019.01.07-15.56.34:597][ 19]LogNet: Browse: 127.0.0.1:17777//Engine/Maps/Entry
[2019.01.07-15.56.34:597][ 19]LogTemp: Display: ParseSettings for GameNetDriver
[2019.01.07-15.56.34:598][ 19]LogTemp: Display: ParseSettings for IpNetDriver_3
[2019.01.07-15.56.34:598][ 19]LogTemp: Display: ParseSettings for PendingNetDriver
[2019.01.07-15.56.34:598][ 19]LogInit: WinSock: Socket queue 32768 / 32768
[2019.01.07-15.56.34:598][ 19]PacketHandlerLog: Loaded PacketHandler component: Engine.EngineHandlerComponentFactory (StatelessConnectHandlerComponent)
[2019.01.07-15.56.34:599][ 19]LogNet: Game client on port 17777, rate 10000
[2019.01.07-15.56.34:601][ 19]PIE: Play in editor start time for /Engine/Maps/Entry 0.169
[2019.01.07-15.56.34:608][ 19]LogBlueprintUserMessages: Late PlayInEditor Detection: Level '/Game/Maps/P_TestMap.P_TestMap:PersistentLevel' has LevelScriptBlueprint '/Game/Maps/P_TestMap.P_TestMap:PersistentLevel.P_TestMap' with GeneratedClass '/Game/Maps/P_TestMap.P_TestMap_C' with ClassGeneratedBy '/Game/Maps/P_TestMap.P_TestMap:PersistentLevel.P_TestMap'
[2019.01.07-15.56.34:608][ 19]LogNet: NotifyAcceptingConnection accepted from: 127.0.0.1:52124
[2019.01.07-15.56.34:608][ 19]LogHandshake: SendConnectChallenge. Timestamp: 0.008334, Cookie: 025060006105176108015209255100055075236139163127062105187179
[2019.01.07-15.56.34:609][ 19]LogHandshake: SendChallengeResponse. Timestamp: 0.008334, Cookie: 025060006105176108015209255100055075236139163127062105187179
[2019.01.07-15.56.34:698][ 20]LogNet: NotifyAcceptingConnection accepted from: 127.0.0.1:52124
[2019.01.07-15.56.34:698][ 20]LogHandshake: SendChallengeAck. InCookie: 025060006105176108015209255100055075236139163127062105187179
[2019.01.07-15.56.34:698][ 20]LogNet: Server accepting post-challenge connection from: 127.0.0.1:52124
[2019.01.07-15.56.34:699][ 20]PacketHandlerLog: Loaded PacketHandler component: Engine.EngineHandlerComponentFactory (StatelessConnectHandlerComponent)
[2019.01.07-15.56.34:699][ 20]LogNet: NotifyAcceptedConnection: Name: P_TestMap, TimeStamp: 01/07/19 16:56:34, [UNetConnection] RemoteAddr: 127.0.0.1:52124, Name: IpConnection_3, Driver: GameNetDriver IpNetDriver_2, IsServer: YES, PC: NULL, Owner: NULL, UniqueId: INVALID
[2019.01.07-15.56.34:699][ 20]LogNet: AddClientConnection: Added client connection: [UNetConnection] RemoteAddr: 127.0.0.1:52124, Name: IpConnection_3, Driver: GameNetDriver IpNetDriver_2, IsServer: YES, PC: NULL, Owner: NULL, UniqueId: INVALID
[2019.01.07-15.56.34:700][ 20]LogNet: UPendingNetGame::SendInitialJoin: Sending hello. [UNetConnection] RemoteAddr: 127.0.0.1:17777, Name: IpConnection_2, Driver: PendingNetDriver IpNetDriver_3, IsServer: NO, PC: NULL, Owner: NULL, UniqueId: INVALID
[2019.01.07-15.56.34:708][ 21]LogNet: NotifyAcceptingChannel Control 0 server World /Game/Maps/UEDPIE_1_P_TestMap.P_TestMap: Accepted
[2019.01.07-15.56.34:708][ 21]LogNet: Remote platform little endian=1
[2019.01.07-15.56.34:708][ 21]LogNet: This platform little endian=1
[2019.01.07-15.56.34:727][ 22]LogNet: Login request: /Engine/Maps/Entry?Name=GG00001-AB05E297493D9123C9593CBE9448DA05 userId: NULL:GG00001-AB05E297493D9123C9593CBE9448DA05 platform: NULL
[2019.01.07-15.56.34:728][ 22]LogNet: Welcomed by server (Level: /Game/Maps/UEDPIE_1_P_TestMap, Game: /Game/BluePrints/BP_GameMode.BP_GameMode_C)
[2019.01.07-15.56.34:729][ 22]LogLoad: LoadMap: 127.0.0.1:17777//Game/Maps/UEDPIE_1_P_TestMap?game=/Game/BluePrints/BP_GameMode.BP_GameMode_C
[2019.01.07-15.56.34:751][ 22]LogAIModule: Creating AISystem for world P_TestMap
[2019.01.07-15.56.34:751][ 22]LogTemp: Display: ParseSettings for GameNetDriver
[2019.01.07-15.56.34:753][ 22]LogWorld: Bringing World /Game/Maps/UEDPIE_2_P_TestMap.P_TestMap up for play (max tick rate 0) at 2019.01.07-16.56.34
[2019.01.07-15.56.34:754][ 22]LogWorld: Bringing up level for play took: 0.001268
[2019.01.07-15.56.34:754][ 22]LogLoad: Took 0.025439 seconds to LoadMap(/Game/Maps/UEDPIE_1_P_TestMap)
[2019.01.07-15.56.34:765][ 23]LogNet: Client netspeed is 10000
[2019.01.07-15.56.34:765][ 23]LogNet: Join request: /Engine/Maps/Entry?Name=GG00001-AB05E297493D9123C9593CBE9448DA05?SplitscreenCount=1
[2019.01.07-15.56.34:765][ 23]LogOnlineSession: Warning: OSS: No game present to join for session (GameSession)
[2019.01.07-15.56.34:767][ 23]LogNet: Join succeeded: GG00001-AB05E297493D
[2019.01.07-15.56.34:865][ 32]LogOnlineSession: Warning: OSS: No game present to join for session (GameSession)
[2019.01.07-15.56.34:880][ 34]LogOnlineSession: Warning: OSS: No game present to join for session (GameSession)
[2019.01.07-15.56.36:061][172]LogSlate: FSceneViewport::OnFocusLost() reason 2
[2019.01.07-15.56.36:071][173]LogTemp: Ammo: 24.0
[2019.01.07-15.56.36:071][173]LogTemp: Ammo Reserve: 1000.0
[2019.01.07-15.56.36:078][174]LogTemp: Ammo: 24.0
[2019.01.07-15.56.36:078][174]LogTemp: Ammo Reserve: 1000.0
[2019.01.07-15.56.36:161][183]LogTemp: Ammo: 23.0
[2019.01.07-15.56.36:161][183]LogTemp: Ammo Reserve: 1000.0
[2019.01.07-15.56.36:170][184]LogTemp: Ammo: 23.0
[2019.01.07-15.56.36:171][184]LogTemp: Ammo Reserve: 1000.0
[2019.01.07-15.56.40:564][680]LogTemp: Ammo: 22.0
[2019.01.07-15.56.40:564][680]LogTemp: Ammo Reserve: 1000.0
[2019.01.07-15.56.40:572][681]LogTemp: Ammo: 22.0
[2019.01.07-15.56.40:572][681]LogTemp: Ammo Reserve: 1000.0
[2019.01.07-15.56.40:572][681]LogTemp: Health Changed: 0.0
[2019.01.07-15.56.44:686][149]LogNet: World NetDriver shutdown IpNetDriver_2 [GameNetDriver]
[2019.01.07-15.56.44:686][149]LogNet: DestroyNamedNetDriver IpNetDriver_2 [GameNetDriver]
[2019.01.07-15.56.44:687][149]LogNet: UNetConnection::Cleanup: Closing open connection. [UNetConnection] RemoteAddr: 127.0.0.1:52124, Name: IpConnection_3, Driver: GameNetDriver IpNetDriver_2, IsServer: YES, PC: PlayerController_1, Owner: PlayerController_1, UniqueId: NULL:GG00001-AB05E297493D9123C9593CBE9448DA05
[2019.01.07-15.56.44:687][149]LogNet: UNetConnection::Close: [UNetConnection] RemoteAddr: 127.0.0.1:52124, Name: IpConnection_3, Driver: GameNetDriver IpNetDriver_2, IsServer: YES, PC: PlayerController_1, Owner: PlayerController_1, UniqueId: NULL:GG00001-AB05E297493D9123C9593CBE9448DA05, Channels: 13, Time: 2019.01.07-15.56.44
[2019.01.07-15.56.44:687][149]LogNet: UChannel::Close: Sending CloseBunch. ChIndex == 0. Name: [UChannel] ChIndex: 0, Closing: 0 [UNetConnection] RemoteAddr: 127.0.0.1:52124, Name: IpConnection_3, Driver: GameNetDriver IpNetDriver_2, IsServer: YES, PC: PlayerController_1, Owner: PlayerController_1, UniqueId: NULL:GG00001-AB05E297493D9123C9593CBE9448DA05
[2019.01.07-15.56.44:687][149]LogExit: GameNetDriver IpNetDriver_2 shut down
[2019.01.07-15.56.44:687][149]LogBlueprintUserMessages: Early EndPlayMap Detection: Level '/Game/Maps/P_TestMap.P_TestMap:PersistentLevel' has LevelScriptBlueprint '/Game/Maps/P_TestMap.P_TestMap:PersistentLevel.P_TestMap' with GeneratedClass '/Game/Maps/P_TestMap.P_TestMap_C' with ClassGeneratedBy '/Game/Maps/P_TestMap.P_TestMap:PersistentLevel.P_TestMap'
[2019.01.07-15.56.44:688][149]LogSlate: Updating window title bar state: overlay mode, drag disabled, window buttons hidden, title bar hidden
[2019.01.07-15.56.44:694][149]LogSlate: Window 'CoopGame Game Preview Client 1 (64-bit/PCD3D_SM5)' being destroyed
[2019.01.07-15.56.44:740][149]LogSlate: Updating window title bar state: overlay mode, drag disabled, window buttons hidden, title bar hidden
[2019.01.07-15.56.44:744][149]LogSlate: Window 'CoopGame Game Preview Server (64-bit/PCD3D_SM5)' being destroyed
[2019.01.07-15.56.44:784][149]LogPlayLevel: Display: Shutting down PIE online subsystems
[2019.01.07-15.56.44:785][149]LogBlueprintUserMessages: Late EndPlayMap Detection: Level '/Game/Maps/P_TestMap.P_TestMap:PersistentLevel' has LevelScriptBlueprint '/Game/Maps/P_TestMap.P_TestMap:PersistentLevel.P_TestMap' with GeneratedClass '/Game/Maps/P_TestMap.P_TestMap_C' with ClassGeneratedBy '/Game/Maps/P_TestMap.P_TestMap:PersistentLevel.P_TestMap'
[2019.01.07-15.56.44:804][149]LogNet: UChannel::CleanUp: ChIndex == 0. Closing connection. [UChannel] ChIndex: 0, Closing: 0 [UNetConnection] RemoteAddr: 127.0.0.1:17777, Name: IpConnection_2, Driver: GameNetDriver IpNetDriver_3, IsServer: NO, PC: None, Owner: None, UniqueId: NULL:GG00001-AB05E297493D9123C9593CBE9448DA05
[2019.01.07-15.56.44:804][149]LogNet: UNetConnection::Close: [UNetConnection] RemoteAddr: 127.0.0.1:17777, Name: IpConnection_2, Driver: GameNetDriver IpNetDriver_3, IsServer: NO, PC: None, Owner: None, UniqueId: NULL:GG00001-AB05E297493D9123C9593CBE9448DA05, Channels: 2, Time: 2019.01.07-15.56.44
[2019.01.07-15.56.44:804][149]LogNet: UChannel::Close: Sending CloseBunch. ChIndex == 0. Name: [UChannel] ChIndex: 0, Closing: 0 [UNetConnection] RemoteAddr: 127.0.0.1:17777, Name: IpConnection_2, Driver: GameNetDriver IpNetDriver_3, IsServer: NO, PC: None, Owner: None, UniqueId: NULL:GG00001-AB05E297493D9123C9593CBE9448DA05
[2019.01.07-15.56.44:808][149]LogExit: GameNetDriver None shut down
[2019.01.07-15.56.44:827][150]LogPlayLevel: Display: Destroying online subsystem :Context_4
[2019.01.07-15.56.44:827][150]LogPlayLevel: Display: Destroying online subsystem :Context_3
